{"uid":"794c9f1873a06690","name":"shouldPublishWhenAuthenticated(Topic) [2] Topic(TopicBuilderGroup241.TopicBuilderTopic242)","fullName":"pl.allegro.tech.hermes.integrationtests.TopicAuthorizationTest.shouldPublishWhenAuthenticated","historyId":"f010ab9ead22e750caa9958f5aca8850","time":{"start":1736506944507,"stop":1736506954796,"duration":10289},"description":"","status":"broken","statusMessage":"Assertion condition defined as a Lambda expression in pl.allegro.tech.hermes.integrationtests.TopicAuthorizationTest Status expected:<201 CREATED> but was:<404 NOT_FOUND> within 10 seconds.","statusTrace":"org.awaitility.core.ConditionTimeoutException: Assertion condition defined as a Lambda expression in pl.allegro.tech.hermes.integrationtests.TopicAuthorizationTest Status expected:<201 CREATED> but was:<404 NOT_FOUND> within 10 seconds.\n\tat org.awaitility.core.ConditionAwaiter.await(ConditionAwaiter.java:167)\n\tat org.awaitility.core.AssertionCondition.await(AssertionCondition.java:119)\n\tat org.awaitility.core.AssertionCondition.await(AssertionCondition.java:31)\n\tat org.awaitility.core.ConditionFactory.until(ConditionFactory.java:1006)\n\tat org.awaitility.core.ConditionFactory.untilAsserted(ConditionFactory.java:790)\n\tat pl.allegro.tech.hermes.integrationtests.TopicAuthorizationTest.shouldPublishWhenAuthenticated(TopicAuthorizationTest.java:50)\n\tat java.base/java.lang.reflect.Method.invoke(Method.java:580)\n\tat java.base/java.util.stream.ForEachOps$ForEachOp$OfRef.accept(ForEachOps.java:184)\n\tat java.base/java.util.stream.ReferencePipeline$3$1.accept(ReferencePipeline.java:197)\n\tat java.base/java.util.stream.ReferencePipeline$2$1.accept(ReferencePipeline.java:179)\n\tat java.base/java.util.stream.ReferencePipeline$3$1.accept(ReferencePipeline.java:197)\n\tat java.base/java.util.stream.ForEachOps$ForEachOp$OfRef.accept(ForEachOps.java:184)\n\tat java.base/java.util.stream.ReferencePipeline$3$1.accept(ReferencePipeline.java:197)\n\tat java.base/java.util.stream.ReferencePipeline$3$1.accept(ReferencePipeline.java:197)\n\tat java.base/java.util.stream.ReferencePipeline$3$1.accept(ReferencePipeline.java:197)\n\tat java.base/java.util.stream.ForEachOps$ForEachOp$OfRef.accept(ForEachOps.java:184)\n\tat java.base/java.util.stream.ReferencePipeline$3$1.accept(ReferencePipeline.java:197)\n\tat java.base/java.util.Spliterators$ArraySpliterator.forEachRemaining(Spliterators.java:1024)\n\tat java.base/java.util.stream.ReferencePipeline$Head.forEach(ReferencePipeline.java:762)\n\tat java.base/java.util.stream.ReferencePipeline$7$1.accept(ReferencePipeline.java:276)\n\tat java.base/java.util.stream.ReferencePipeline$3$1.accept(ReferencePipeline.java:197)\n\tat java.base/java.util.stream.ReferencePipeline$3$1.accept(ReferencePipeline.java:197)\n\tat java.base/java.util.stream.ReferencePipeline$3$1.accept(ReferencePipeline.java:197)\n\tat java.base/java.util.Spliterators$ArraySpliterator.forEachRemaining(Spliterators.java:1024)\n\tat java.base/java.util.stream.AbstractPipeline.copyInto(AbstractPipeline.java:509)\n\tat java.base/java.util.stream.AbstractPipeline.wrapAndCopyInto(AbstractPipeline.java:499)\n\tat java.base/java.util.stream.ForEachOps$ForEachOp.evaluateSequential(ForEachOps.java:151)\n\tat java.base/java.util.stream.ForEachOps$ForEachOp$OfRef.evaluateSequential(ForEachOps.java:174)\n\tat java.base/java.util.stream.AbstractPipeline.evaluate(AbstractPipeline.java:234)\n\tat java.base/java.util.stream.ReferencePipeline.forEach(ReferencePipeline.java:596)\n\tat java.base/java.util.stream.ReferencePipeline$7$1.accept(ReferencePipeline.java:276)\n\tat java.base/java.util.stream.ReferencePipeline$3$1.accept(ReferencePipeline.java:197)\n\tat java.base/java.util.stream.ReferencePipeline$3$1.accept(ReferencePipeline.java:197)\n\tat java.base/java.util.stream.ReferencePipeline$3$1.accept(ReferencePipeline.java:197)\n\tat java.base/java.util.ArrayList$ArrayListSpliterator.forEachRemaining(ArrayList.java:1708)\n\tat java.base/java.util.stream.AbstractPipeline.copyInto(AbstractPipeline.java:509)\n\tat java.base/java.util.stream.AbstractPipeline.wrapAndCopyInto(AbstractPipeline.java:499)\n\tat java.base/java.util.stream.ForEachOps$ForEachOp.evaluateSequential(ForEachOps.java:151)\n\tat java.base/java.util.stream.ForEachOps$ForEachOp$OfRef.evaluateSequential(ForEachOps.java:174)\n\tat java.base/java.util.stream.AbstractPipeline.evaluate(AbstractPipeline.java:234)\n\tat java.base/java.util.stream.ReferencePipeline.forEach(ReferencePipeline.java:596)\n\tat java.base/java.util.stream.ReferencePipeline$7$1.accept(ReferencePipeline.java:276)\n\tat java.base/java.util.ArrayList$ArrayListSpliterator.forEachRemaining(ArrayList.java:1708)\n\tat java.base/java.util.stream.AbstractPipeline.copyInto(AbstractPipeline.java:509)\n\tat java.base/java.util.stream.AbstractPipeline.wrapAndCopyInto(AbstractPipeline.java:499)\n\tat java.base/java.util.stream.ForEachOps$ForEachOp.evaluateSequential(ForEachOps.java:151)\n\tat java.base/java.util.stream.ForEachOps$ForEachOp$OfRef.evaluateSequential(ForEachOps.java:174)\n\tat java.base/java.util.stream.AbstractPipeline.evaluate(AbstractPipeline.java:234)\n\tat java.base/java.util.stream.ReferencePipeline.forEach(ReferencePipeline.java:596)\n\tat java.base/java.util.ArrayList.forEach(ArrayList.java:1596)\n\tat java.base/java.util.ArrayList.forEach(ArrayList.java:1596)\nCaused by: java.lang.AssertionError: Status expected:<201 CREATED> but was:<404 NOT_FOUND>\n\tat org.springframework.test.util.AssertionErrors.fail(AssertionErrors.java:59)\n\tat org.springframework.test.util.AssertionErrors.assertEquals(AssertionErrors.java:122)\n\tat org.springframework.test.web.reactive.server.StatusAssertions.lambda$assertStatusAndReturn$4(StatusAssertions.java:236)\n\tat org.springframework.test.web.reactive.server.ExchangeResult.assertWithDiagnostics(ExchangeResult.java:222)\n\tat org.springframework.test.web.reactive.server.StatusAssertions.assertStatusAndReturn(StatusAssertions.java:236)\n\tat org.springframework.test.web.reactive.server.StatusAssertions.isCreated(StatusAssertions.java:75)\n\tat pl.allegro.tech.hermes.integrationtests.TopicAuthorizationTest.lambda$shouldPublishWhenAuthenticated$0(TopicAuthorizationTest.java:62)\n\tat org.awaitility.core.AssertionCondition.lambda$new$0(AssertionCondition.java:53)\n\tat org.awaitility.core.ConditionAwaiter$ConditionPoller.call(ConditionAwaiter.java:248)\n\tat org.awaitility.core.ConditionAwaiter$ConditionPoller.call(ConditionAwaiter.java:235)\n\tat java.base/java.util.concurrent.FutureTask.run(FutureTask.java:317)\n\tat java.base/java.util.concurrent.ThreadPoolExecutor.runWorker(ThreadPoolExecutor.java:1144)\n\tat java.base/java.util.concurrent.ThreadPoolExecutor$Worker.run(ThreadPoolExecutor.java:642)\n\tat java.base/java.lang.Thread.run(Thread.java:1583)\n","flaky":false,"newFailed":false,"newBroken":true,"newPassed":false,"retriesCount":0,"retriesStatusChange":false,"beforeStages":[],"afterStages":[],"labels":[{"name":"junit.platform.uniqueid","value":"[engine:junit-jupiter]/[class:pl.allegro.tech.hermes.integrationtests.TopicAuthorizationTest]/[test-template:shouldPublishWhenAuthenticated(pl.allegro.tech.hermes.api.Topic)]/[test-template-invocation:#2]"},{"name":"host","value":"fv-az1377-631"},{"name":"thread","value":"2811@fv-az1377-631.Test worker(1)"},{"name":"framework","value":"junit-platform"},{"name":"language","value":"java"},{"name":"package","value":"pl.allegro.tech.hermes.integrationtests.TopicAuthorizationTest"},{"name":"testClass","value":"pl.allegro.tech.hermes.integrationtests.TopicAuthorizationTest"},{"name":"testMethod","value":"shouldPublishWhenAuthenticated"},{"name":"suite","value":"pl.allegro.tech.hermes.integrationtests.TopicAuthorizationTest"},{"name":"resultFormat","value":"allure2"}],"parameters":[],"links":[],"hidden":false,"retry":false,"extra":{"severity":"normal","retries":[],"categories":[{"name":"Test defects","matchedStatuses":[],"flaky":false}],"history":{"statistic":{"failed":0,"broken":7,"skipped":0,"passed":25,"unknown":0,"total":32},"items":[{"uid":"f4a5b80838e7e656","reportUrl":"https://allegro.github.io/hermes/2407//#testresult/f4a5b80838e7e656","status":"passed","time":{"start":1736498800037,"stop":1736498800383,"duration":346}},{"uid":"44158056c77f4ff3","reportUrl":"https://allegro.github.io/hermes/2398//#testresult/44158056c77f4ff3","status":"broken","statusDetails":"Assertion condition defined as a Lambda expression in pl.allegro.tech.hermes.integrationtests.TopicAuthorizationTest Status expected:<201 CREATED> but was:<404 NOT_FOUND> within 10 seconds.","time":{"start":1736351695171,"stop":1736351705418,"duration":10247}},{"uid":"5ef34f322e82cdc8","reportUrl":"https://allegro.github.io/hermes/2394//#testresult/5ef34f322e82cdc8","status":"passed","time":{"start":1736342835309,"stop":1736342835665,"duration":356}},{"uid":"44c1c96efcca008","reportUrl":"https://allegro.github.io/hermes/2388//#testresult/44c1c96efcca008","status":"broken","statusDetails":"Assertion condition defined as a Lambda expression in pl.allegro.tech.hermes.integrationtests.TopicAuthorizationTest Status expected:<201 CREATED> but was:<404 NOT_FOUND> within 10 seconds.","time":{"start":1736329605243,"stop":1736329615547,"duration":10304}},{"uid":"9e7c456aad040084","reportUrl":"https://allegro.github.io/hermes/2375//#testresult/9e7c456aad040084","status":"passed","time":{"start":1734958466603,"stop":1734958466947,"duration":344}},{"uid":"688904bc206f9374","reportUrl":"https://allegro.github.io/hermes/2367//#testresult/688904bc206f9374","status":"passed","time":{"start":1734699925527,"stop":1734699925876,"duration":349}},{"uid":"a8b95e486f1f65","reportUrl":"https://allegro.github.io/hermes/2363//#testresult/a8b95e486f1f65","status":"passed","time":{"start":1734682804671,"stop":1734682805042,"duration":371}},{"uid":"55f841c8afab350c","reportUrl":"https://allegro.github.io/hermes/2353//#testresult/55f841c8afab350c","status":"passed","time":{"start":1734606976256,"stop":1734606976612,"duration":356}},{"uid":"4e93157e9c2ad8c4","reportUrl":"https://allegro.github.io/hermes/2324//#testresult/4e93157e9c2ad8c4","status":"passed","time":{"start":1732788557866,"stop":1732788558215,"duration":349}},{"uid":"877676236177a7d","reportUrl":"https://allegro.github.io/hermes/2272//#testresult/877676236177a7d","status":"passed","time":{"start":1732533771358,"stop":1732533771702,"duration":344}},{"uid":"f9f08dde5a6d2b9f","reportUrl":"https://allegro.github.io/hermes/2272//#testresult/f9f08dde5a6d2b9f","status":"passed","time":{"start":1732179543174,"stop":1732179543521,"duration":347}},{"uid":"5d5304d2ce68c039","reportUrl":"https://allegro.github.io/hermes/2270//#testresult/5d5304d2ce68c039","status":"passed","time":{"start":1732177543139,"stop":1732177543483,"duration":344}},{"uid":"f56eb687ae96db2b","reportUrl":"https://allegro.github.io/hermes/2238//#testresult/f56eb687ae96db2b","status":"passed","time":{"start":1732119584576,"stop":1732119584931,"duration":355}},{"uid":"c7de780a6807a5c5","reportUrl":"https://allegro.github.io/hermes/2238//#testresult/c7de780a6807a5c5","status":"broken","statusDetails":"Assertion condition defined as a Lambda expression in pl.allegro.tech.hermes.integrationtests.TopicAuthorizationTest Status expected:<201 CREATED> but was:<404 NOT_FOUND> within 10 seconds.","time":{"start":1732013313896,"stop":1732013324139,"duration":10243}},{"uid":"4b0e660a422e9a25","reportUrl":"https://allegro.github.io/hermes/2236//#testresult/4b0e660a422e9a25","status":"passed","time":{"start":1731948207347,"stop":1731948207695,"duration":348}},{"uid":"de61f1155e494d89","reportUrl":"https://allegro.github.io/hermes/2207//#testresult/de61f1155e494d89","status":"passed","time":{"start":1731080333368,"stop":1731080333715,"duration":347}},{"uid":"89d3d819ca7c1415","reportUrl":"https://allegro.github.io/hermes/2201//#testresult/89d3d819ca7c1415","status":"passed","time":{"start":1731068850024,"stop":1731068850368,"duration":344}},{"uid":"b851e3fbd7fac3f6","reportUrl":"https://allegro.github.io/hermes/2198//#testresult/b851e3fbd7fac3f6","status":"broken","statusDetails":"Assertion condition defined as a Lambda expression in pl.allegro.tech.hermes.integrationtests.TopicAuthorizationTest Status expected:<201 CREATED> but was:<404 NOT_FOUND> within 10 seconds.","time":{"start":1730979548870,"stop":1730979559186,"duration":10316}},{"uid":"3f745641f7bb70e","reportUrl":"https://allegro.github.io/hermes/2150//#testresult/3f745641f7bb70e","status":"broken","statusDetails":"Assertion condition defined as a Lambda expression in pl.allegro.tech.hermes.integrationtests.TopicAuthorizationTest Status expected:<201 CREATED> but was:<404 NOT_FOUND> within 10 seconds.","time":{"start":1728893731026,"stop":1728893741360,"duration":10334}},{"uid":"9f93a2b00e60e6c1","reportUrl":"https://allegro.github.io/hermes/2146//#testresult/9f93a2b00e60e6c1","status":"passed","time":{"start":1728464597602,"stop":1728464597943,"duration":341}}]},"tags":[]},"source":"794c9f1873a06690.json","parameterValues":[]}