{"uid":"c1c3c0d6c751cfdd","name":"shouldNotPublishWithoutPermissionWhenAuthenticated(Topic) [4] Topic(TopicBuilderGroup237.TopicBuilderTopic238)","fullName":"pl.allegro.tech.hermes.integrationtests.TopicAuthorizationTest.shouldNotPublishWithoutPermissionWhenAuthenticated","historyId":"6d2e7d0edfbebbbd21667d786e6dadfb","time":{"start":1736506923941,"stop":1736506934226,"duration":10285},"description":"","status":"broken","statusMessage":"Assertion condition defined as a Lambda expression in pl.allegro.tech.hermes.integrationtests.TopicAuthorizationTest Status expected:<403 FORBIDDEN> but was:<404 NOT_FOUND> within 10 seconds.","statusTrace":"org.awaitility.core.ConditionTimeoutException: Assertion condition defined as a Lambda expression in pl.allegro.tech.hermes.integrationtests.TopicAuthorizationTest Status expected:<403 FORBIDDEN> but was:<404 NOT_FOUND> within 10 seconds.\n\tat org.awaitility.core.ConditionAwaiter.await(ConditionAwaiter.java:167)\n\tat org.awaitility.core.AssertionCondition.await(AssertionCondition.java:119)\n\tat org.awaitility.core.AssertionCondition.await(AssertionCondition.java:31)\n\tat org.awaitility.core.ConditionFactory.until(ConditionFactory.java:1006)\n\tat org.awaitility.core.ConditionFactory.untilAsserted(ConditionFactory.java:790)\n\tat pl.allegro.tech.hermes.integrationtests.TopicAuthorizationTest.shouldNotPublishWithoutPermissionWhenAuthenticated(TopicAuthorizationTest.java:151)\n\tat java.base/java.lang.reflect.Method.invoke(Method.java:580)\n\tat java.base/java.util.stream.ForEachOps$ForEachOp$OfRef.accept(ForEachOps.java:184)\n\tat java.base/java.util.stream.ReferencePipeline$3$1.accept(ReferencePipeline.java:197)\n\tat java.base/java.util.stream.ReferencePipeline$2$1.accept(ReferencePipeline.java:179)\n\tat java.base/java.util.stream.ReferencePipeline$3$1.accept(ReferencePipeline.java:197)\n\tat java.base/java.util.stream.ForEachOps$ForEachOp$OfRef.accept(ForEachOps.java:184)\n\tat java.base/java.util.stream.ReferencePipeline$3$1.accept(ReferencePipeline.java:197)\n\tat java.base/java.util.stream.ReferencePipeline$3$1.accept(ReferencePipeline.java:197)\n\tat java.base/java.util.stream.ReferencePipeline$3$1.accept(ReferencePipeline.java:197)\n\tat java.base/java.util.stream.ForEachOps$ForEachOp$OfRef.accept(ForEachOps.java:184)\n\tat java.base/java.util.stream.ReferencePipeline$3$1.accept(ReferencePipeline.java:197)\n\tat java.base/java.util.Spliterators$ArraySpliterator.forEachRemaining(Spliterators.java:1024)\n\tat java.base/java.util.stream.ReferencePipeline$Head.forEach(ReferencePipeline.java:762)\n\tat java.base/java.util.stream.ReferencePipeline$7$1.accept(ReferencePipeline.java:276)\n\tat java.base/java.util.stream.ReferencePipeline$3$1.accept(ReferencePipeline.java:197)\n\tat java.base/java.util.stream.ReferencePipeline$3$1.accept(ReferencePipeline.java:197)\n\tat java.base/java.util.stream.ReferencePipeline$3$1.accept(ReferencePipeline.java:197)\n\tat java.base/java.util.Spliterators$ArraySpliterator.forEachRemaining(Spliterators.java:1024)\n\tat java.base/java.util.stream.AbstractPipeline.copyInto(AbstractPipeline.java:509)\n\tat java.base/java.util.stream.AbstractPipeline.wrapAndCopyInto(AbstractPipeline.java:499)\n\tat java.base/java.util.stream.ForEachOps$ForEachOp.evaluateSequential(ForEachOps.java:151)\n\tat java.base/java.util.stream.ForEachOps$ForEachOp$OfRef.evaluateSequential(ForEachOps.java:174)\n\tat java.base/java.util.stream.AbstractPipeline.evaluate(AbstractPipeline.java:234)\n\tat java.base/java.util.stream.ReferencePipeline.forEach(ReferencePipeline.java:596)\n\tat java.base/java.util.stream.ReferencePipeline$7$1.accept(ReferencePipeline.java:276)\n\tat java.base/java.util.stream.ReferencePipeline$3$1.accept(ReferencePipeline.java:197)\n\tat java.base/java.util.stream.ReferencePipeline$3$1.accept(ReferencePipeline.java:197)\n\tat java.base/java.util.stream.ReferencePipeline$3$1.accept(ReferencePipeline.java:197)\n\tat java.base/java.util.ArrayList$ArrayListSpliterator.forEachRemaining(ArrayList.java:1708)\n\tat java.base/java.util.stream.AbstractPipeline.copyInto(AbstractPipeline.java:509)\n\tat java.base/java.util.stream.AbstractPipeline.wrapAndCopyInto(AbstractPipeline.java:499)\n\tat java.base/java.util.stream.ForEachOps$ForEachOp.evaluateSequential(ForEachOps.java:151)\n\tat java.base/java.util.stream.ForEachOps$ForEachOp$OfRef.evaluateSequential(ForEachOps.java:174)\n\tat java.base/java.util.stream.AbstractPipeline.evaluate(AbstractPipeline.java:234)\n\tat java.base/java.util.stream.ReferencePipeline.forEach(ReferencePipeline.java:596)\n\tat java.base/java.util.stream.ReferencePipeline$7$1.accept(ReferencePipeline.java:276)\n\tat java.base/java.util.ArrayList$ArrayListSpliterator.forEachRemaining(ArrayList.java:1708)\n\tat java.base/java.util.stream.AbstractPipeline.copyInto(AbstractPipeline.java:509)\n\tat java.base/java.util.stream.AbstractPipeline.wrapAndCopyInto(AbstractPipeline.java:499)\n\tat java.base/java.util.stream.ForEachOps$ForEachOp.evaluateSequential(ForEachOps.java:151)\n\tat java.base/java.util.stream.ForEachOps$ForEachOp$OfRef.evaluateSequential(ForEachOps.java:174)\n\tat java.base/java.util.stream.AbstractPipeline.evaluate(AbstractPipeline.java:234)\n\tat java.base/java.util.stream.ReferencePipeline.forEach(ReferencePipeline.java:596)\n\tat java.base/java.util.ArrayList.forEach(ArrayList.java:1596)\n\tat java.base/java.util.ArrayList.forEach(ArrayList.java:1596)\nCaused by: java.lang.AssertionError: Status expected:<403 FORBIDDEN> but was:<404 NOT_FOUND>\n\tat org.springframework.test.util.AssertionErrors.fail(AssertionErrors.java:59)\n\tat org.springframework.test.util.AssertionErrors.assertEquals(AssertionErrors.java:122)\n\tat org.springframework.test.web.reactive.server.StatusAssertions.lambda$assertStatusAndReturn$4(StatusAssertions.java:236)\n\tat org.springframework.test.web.reactive.server.ExchangeResult.assertWithDiagnostics(ExchangeResult.java:222)\n\tat org.springframework.test.web.reactive.server.StatusAssertions.assertStatusAndReturn(StatusAssertions.java:236)\n\tat org.springframework.test.web.reactive.server.StatusAssertions.isForbidden(StatusAssertions.java:146)\n\tat pl.allegro.tech.hermes.integrationtests.TopicAuthorizationTest.lambda$shouldNotPublishWithoutPermissionWhenAuthenticated$3(TopicAuthorizationTest.java:163)\n\tat org.awaitility.core.AssertionCondition.lambda$new$0(AssertionCondition.java:53)\n\tat org.awaitility.core.ConditionAwaiter$ConditionPoller.call(ConditionAwaiter.java:248)\n\tat org.awaitility.core.ConditionAwaiter$ConditionPoller.call(ConditionAwaiter.java:235)\n\tat java.base/java.util.concurrent.FutureTask.run(FutureTask.java:317)\n\tat java.base/java.util.concurrent.ThreadPoolExecutor.runWorker(ThreadPoolExecutor.java:1144)\n\tat java.base/java.util.concurrent.ThreadPoolExecutor$Worker.run(ThreadPoolExecutor.java:642)\n\tat java.base/java.lang.Thread.run(Thread.java:1583)\n","flaky":false,"newFailed":false,"newBroken":true,"newPassed":false,"retriesCount":0,"retriesStatusChange":false,"beforeStages":[],"afterStages":[],"labels":[{"name":"junit.platform.uniqueid","value":"[engine:junit-jupiter]/[class:pl.allegro.tech.hermes.integrationtests.TopicAuthorizationTest]/[test-template:shouldNotPublishWithoutPermissionWhenAuthenticated(pl.allegro.tech.hermes.api.Topic)]/[test-template-invocation:#4]"},{"name":"host","value":"fv-az1377-631"},{"name":"thread","value":"2811@fv-az1377-631.Test worker(1)"},{"name":"framework","value":"junit-platform"},{"name":"language","value":"java"},{"name":"package","value":"pl.allegro.tech.hermes.integrationtests.TopicAuthorizationTest"},{"name":"testClass","value":"pl.allegro.tech.hermes.integrationtests.TopicAuthorizationTest"},{"name":"testMethod","value":"shouldNotPublishWithoutPermissionWhenAuthenticated"},{"name":"suite","value":"pl.allegro.tech.hermes.integrationtests.TopicAuthorizationTest"},{"name":"resultFormat","value":"allure2"}],"parameters":[],"links":[],"hidden":false,"retry":false,"extra":{"severity":"normal","retries":[],"categories":[{"name":"Test defects","matchedStatuses":[],"flaky":false}],"history":{"statistic":{"failed":0,"broken":7,"skipped":0,"passed":25,"unknown":0,"total":32},"items":[{"uid":"84765f3476664e56","reportUrl":"https://allegro.github.io/hermes/2407//#testresult/84765f3476664e56","status":"passed","time":{"start":1736498799345,"stop":1736498799685,"duration":340}},{"uid":"eaf5b340d685f5f9","reportUrl":"https://allegro.github.io/hermes/2398//#testresult/eaf5b340d685f5f9","status":"broken","statusDetails":"Assertion condition defined as a Lambda expression in pl.allegro.tech.hermes.integrationtests.TopicAuthorizationTest Status expected:<403 FORBIDDEN> but was:<404 NOT_FOUND> within 10 seconds.","time":{"start":1736351674679,"stop":1736351684916,"duration":10237}},{"uid":"1eb55dcc0b55a136","reportUrl":"https://allegro.github.io/hermes/2394//#testresult/1eb55dcc0b55a136","status":"passed","time":{"start":1736342834615,"stop":1736342834959,"duration":344}},{"uid":"17a60e5578b0bd86","reportUrl":"https://allegro.github.io/hermes/2388//#testresult/17a60e5578b0bd86","status":"broken","statusDetails":"Assertion condition defined as a Lambda expression in pl.allegro.tech.hermes.integrationtests.TopicAuthorizationTest Status expected:<403 FORBIDDEN> but was:<404 NOT_FOUND> within 10 seconds.","time":{"start":1736329584642,"stop":1736329594942,"duration":10300}},{"uid":"34fd5b28fd1002a3","reportUrl":"https://allegro.github.io/hermes/2375//#testresult/34fd5b28fd1002a3","status":"passed","time":{"start":1734958465916,"stop":1734958466256,"duration":340}},{"uid":"cbeba6fb099221b4","reportUrl":"https://allegro.github.io/hermes/2367//#testresult/cbeba6fb099221b4","status":"passed","time":{"start":1734699924831,"stop":1734699925176,"duration":345}},{"uid":"42558320a4da5a54","reportUrl":"https://allegro.github.io/hermes/2363//#testresult/42558320a4da5a54","status":"passed","time":{"start":1734682803986,"stop":1734682804328,"duration":342}},{"uid":"f4617363f67590e4","reportUrl":"https://allegro.github.io/hermes/2353//#testresult/f4617363f67590e4","status":"passed","time":{"start":1734606975560,"stop":1734606975909,"duration":349}},{"uid":"439dded9026ead7d","reportUrl":"https://allegro.github.io/hermes/2324//#testresult/439dded9026ead7d","status":"passed","time":{"start":1732788557183,"stop":1732788557522,"duration":339}},{"uid":"b80c5586e9dab61e","reportUrl":"https://allegro.github.io/hermes/2272//#testresult/b80c5586e9dab61e","status":"passed","time":{"start":1732533770665,"stop":1732533771007,"duration":342}},{"uid":"aa874852c7a81349","reportUrl":"https://allegro.github.io/hermes/2272//#testresult/aa874852c7a81349","status":"passed","time":{"start":1732179542475,"stop":1732179542818,"duration":343}},{"uid":"3da1dc1a71db2c7a","reportUrl":"https://allegro.github.io/hermes/2270//#testresult/3da1dc1a71db2c7a","status":"passed","time":{"start":1732177542426,"stop":1732177542782,"duration":356}},{"uid":"d4e200893fc707e3","reportUrl":"https://allegro.github.io/hermes/2238//#testresult/d4e200893fc707e3","status":"passed","time":{"start":1732119583872,"stop":1732119584222,"duration":350}},{"uid":"60142af431f04352","reportUrl":"https://allegro.github.io/hermes/2238//#testresult/60142af431f04352","status":"broken","statusDetails":"Assertion condition defined as a Lambda expression in pl.allegro.tech.hermes.integrationtests.TopicAuthorizationTest Status expected:<403 FORBIDDEN> but was:<404 NOT_FOUND> within 10 seconds.","time":{"start":1732013293393,"stop":1732013303645,"duration":10252}},{"uid":"9a3ccf942f10a0d","reportUrl":"https://allegro.github.io/hermes/2236//#testresult/9a3ccf942f10a0d","status":"passed","time":{"start":1731948206658,"stop":1731948207000,"duration":342}},{"uid":"14d460e736301ceb","reportUrl":"https://allegro.github.io/hermes/2207//#testresult/14d460e736301ceb","status":"passed","time":{"start":1731080332683,"stop":1731080333022,"duration":339}},{"uid":"bdce40cf9286ca0c","reportUrl":"https://allegro.github.io/hermes/2201//#testresult/bdce40cf9286ca0c","status":"passed","time":{"start":1731068849335,"stop":1731068849676,"duration":341}},{"uid":"3cc4ccc7e4e929e8","reportUrl":"https://allegro.github.io/hermes/2198//#testresult/3cc4ccc7e4e929e8","status":"broken","statusDetails":"Assertion condition defined as a Lambda expression in pl.allegro.tech.hermes.integrationtests.TopicAuthorizationTest Status expected:<403 FORBIDDEN> but was:<404 NOT_FOUND> within 10 seconds.","time":{"start":1730979528223,"stop":1730979538541,"duration":10318}},{"uid":"4b0e7264a03c29ef","reportUrl":"https://allegro.github.io/hermes/2150//#testresult/4b0e7264a03c29ef","status":"broken","statusDetails":"Assertion condition defined as a Lambda expression in pl.allegro.tech.hermes.integrationtests.TopicAuthorizationTest Status expected:<403 FORBIDDEN> but was:<404 NOT_FOUND> within 10 seconds.","time":{"start":1728893710364,"stop":1728893720679,"duration":10315}},{"uid":"8f3aee984d50ab80","reportUrl":"https://allegro.github.io/hermes/2146//#testresult/8f3aee984d50ab80","status":"passed","time":{"start":1728464596902,"stop":1728464597253,"duration":351}}]},"tags":[]},"source":"c1c3c0d6c751cfdd.json","parameterValues":[]}