{"uid":"318716e6ba13ea5c","name":"shouldConsumeMessageOnJMSEndpoint()","fullName":"pl.allegro.tech.hermes.integrationtests.JmsConsumingTest.shouldConsumeMessageOnJMSEndpoint","historyId":"1b9a13265bf4ce4685e8701dcca89745","time":{"start":1727093849541,"stop":1727093860690,"duration":11149},"description":"","status":"broken","statusMessage":"Assertion condition defined as a Lambda expression in pl.allegro.tech.hermes.integrationtests.subscriber.TestJmsSubscriber \nExpecting Optional to contain a value but it was empty within 10 seconds.","statusTrace":"org.awaitility.core.ConditionTimeoutException: Assertion condition defined as a Lambda expression in pl.allegro.tech.hermes.integrationtests.subscriber.TestJmsSubscriber \nExpecting Optional to contain a value but it was empty within 10 seconds.\n\tat org.awaitility.core.ConditionAwaiter.await(ConditionAwaiter.java:167)\n\tat org.awaitility.core.AssertionCondition.await(AssertionCondition.java:119)\n\tat org.awaitility.core.AssertionCondition.await(AssertionCondition.java:31)\n\tat org.awaitility.core.ConditionFactory.until(ConditionFactory.java:1006)\n\tat org.awaitility.core.ConditionFactory.untilAsserted(ConditionFactory.java:790)\n\tat pl.allegro.tech.hermes.integrationtests.subscriber.TestJmsSubscriber.awaitWithSyncRequests(TestJmsSubscriber.java:82)\n\tat pl.allegro.tech.hermes.integrationtests.subscriber.TestJmsSubscriber.waitUntilReceived(TestJmsSubscriber.java:51)\n\tat pl.allegro.tech.hermes.integrationtests.JmsConsumingTest.shouldConsumeMessageOnJMSEndpoint(JmsConsumingTest.java:50)\n\tat java.base/java.lang.reflect.Method.invoke(Method.java:569)\n\tat java.base/java.util.ArrayList.forEach(ArrayList.java:1511)\n\tat java.base/java.util.ArrayList.forEach(ArrayList.java:1511)\nCaused by: java.lang.AssertionError: \nExpecting Optional to contain a value but it was empty.\n\tat pl.allegro.tech.hermes.integrationtests.subscriber.TestJmsSubscriber.lambda$waitUntilReceived$1(TestJmsSubscriber.java:63)\n\tat pl.allegro.tech.hermes.integrationtests.subscriber.TestJmsSubscriber.lambda$awaitWithSyncRequests$4(TestJmsSubscriber.java:84)\n\tat org.awaitility.core.AssertionCondition.lambda$new$0(AssertionCondition.java:53)\n\tat org.awaitility.core.ConditionAwaiter$ConditionPoller.call(ConditionAwaiter.java:248)\n\tat org.awaitility.core.ConditionAwaiter$ConditionPoller.call(ConditionAwaiter.java:235)\n\tat java.base/java.util.concurrent.FutureTask.run(FutureTask.java:264)\n\tat java.base/java.util.concurrent.ThreadPoolExecutor.runWorker(ThreadPoolExecutor.java:1136)\n\tat java.base/java.util.concurrent.ThreadPoolExecutor$Worker.run(ThreadPoolExecutor.java:635)\n\tat java.base/java.lang.Thread.run(Thread.java:840)\n","flaky":false,"newFailed":false,"newBroken":false,"newPassed":false,"retriesCount":0,"retriesStatusChange":false,"beforeStages":[],"afterStages":[],"labels":[{"name":"junit.platform.uniqueid","value":"[engine:junit-jupiter]/[class:pl.allegro.tech.hermes.integrationtests.JmsConsumingTest]/[method:shouldConsumeMessageOnJMSEndpoint()]"},{"name":"host","value":"fv-az984-424"},{"name":"thread","value":"2749@fv-az984-424.Test worker(1)"},{"name":"framework","value":"junit-platform"},{"name":"language","value":"java"},{"name":"package","value":"pl.allegro.tech.hermes.integrationtests.JmsConsumingTest"},{"name":"testClass","value":"pl.allegro.tech.hermes.integrationtests.JmsConsumingTest"},{"name":"testMethod","value":"shouldConsumeMessageOnJMSEndpoint"},{"name":"suite","value":"pl.allegro.tech.hermes.integrationtests.JmsConsumingTest"},{"name":"resultFormat","value":"allure2"}],"parameters":[],"links":[],"hidden":false,"retry":false,"extra":{"severity":"normal","retries":[],"categories":[{"name":"Test defects","matchedStatuses":[],"flaky":false}],"history":{"statistic":{"failed":0,"broken":3,"skipped":0,"passed":5,"unknown":0,"total":8},"items":[{"uid":"40015db93bad9358","reportUrl":"https://allegro.github.io/hermes/2125//#testresult/40015db93bad9358","status":"broken","statusDetails":"Assertion condition defined as a Lambda expression in pl.allegro.tech.hermes.test.helper.client.integration.HermesInitHelper \nexpected: ACTIVE\n but was: PENDING within 10 seconds.","time":{"start":1726730696516,"stop":1726730706926,"duration":10410}},{"uid":"3d38adad33f17b4d","reportUrl":"https://allegro.github.io/hermes/2094//#testresult/3d38adad33f17b4d","status":"passed","time":{"start":1724940615941,"stop":1724940617003,"duration":1062}},{"uid":"9d17e8f97ed50b9a","reportUrl":"https://allegro.github.io/hermes/2095//#testresult/9d17e8f97ed50b9a","status":"passed","time":{"start":1724941005416,"stop":1724941006640,"duration":1224}},{"uid":"2b117377eaade271","reportUrl":"https://allegro.github.io/hermes/2093//#testresult/2b117377eaade271","status":"passed","time":{"start":1724940338953,"stop":1724940339861,"duration":908}},{"uid":"1f4451627a270e9e","reportUrl":"https://allegro.github.io/hermes/2091//#testresult/1f4451627a270e9e","status":"broken","statusDetails":"Assertion condition defined as a Lambda expression in pl.allegro.tech.hermes.test.helper.client.integration.HermesInitHelper \nexpected: ACTIVE\n but was: PENDING within 10 seconds.","time":{"start":1724938445622,"stop":1724938456064,"duration":10442}},{"uid":"3e91f4f24e7f719d","reportUrl":"https://allegro.github.io/hermes/2092//#testresult/3e91f4f24e7f719d","status":"passed","time":{"start":1724938441165,"stop":1724938442131,"duration":966}},{"uid":"333437d7a20a7f4b","reportUrl":"https://allegro.github.io/hermes/2090//#testresult/333437d7a20a7f4b","status":"passed","time":{"start":1724856302064,"stop":1724856303084,"duration":1020}}]},"tags":[]},"source":"318716e6ba13ea5c.json","parameterValues":[]}