{"uid":"31aafd56f39fe80b","name":"shouldFetchSingleAvroMessage()","fullName":"pl.allegro.tech.hermes.integrationtests.KafkaSingleMessageReaderTest.shouldFetchSingleAvroMessage","historyId":"3a22b69296bef8a791447a08466c1b8d","time":{"start":1727093987128,"stop":1727093998189,"duration":11061},"description":"","status":"broken","statusMessage":"Assertion condition defined as a Lambda expression in pl.allegro.tech.hermes.integrationtests.subscriber.TestSubscriber \nExpecting actual:\n  0\nto be greater than:\n  0\n within 10 seconds.","statusTrace":"org.awaitility.core.ConditionTimeoutException: Assertion condition defined as a Lambda expression in pl.allegro.tech.hermes.integrationtests.subscriber.TestSubscriber \nExpecting actual:\n  0\nto be greater than:\n  0\n within 10 seconds.\n\tat org.awaitility.core.ConditionAwaiter.await(ConditionAwaiter.java:167)\n\tat org.awaitility.core.AssertionCondition.await(AssertionCondition.java:119)\n\tat org.awaitility.core.AssertionCondition.await(AssertionCondition.java:31)\n\tat org.awaitility.core.ConditionFactory.until(ConditionFactory.java:1006)\n\tat org.awaitility.core.ConditionFactory.untilAsserted(ConditionFactory.java:790)\n\tat pl.allegro.tech.hermes.integrationtests.subscriber.TestSubscriber.waitUntilAnyMessageReceived(TestSubscriber.java:61)\n\tat pl.allegro.tech.hermes.integrationtests.KafkaSingleMessageReaderTest.shouldFetchSingleAvroMessage(KafkaSingleMessageReaderTest.java:67)\n\tat java.base/java.lang.reflect.Method.invoke(Method.java:569)\n\tat java.base/java.util.ArrayList.forEach(ArrayList.java:1511)\n\tat java.base/java.util.ArrayList.forEach(ArrayList.java:1511)\nCaused by: java.lang.AssertionError: \nExpecting actual:\n  0\nto be greater than:\n  0\n\n\tat pl.allegro.tech.hermes.integrationtests.subscriber.TestSubscriber.lambda$waitUntilAnyMessageReceived$3(TestSubscriber.java:62)\n\tat org.awaitility.core.AssertionCondition.lambda$new$0(AssertionCondition.java:53)\n\tat org.awaitility.core.ConditionAwaiter$ConditionPoller.call(ConditionAwaiter.java:248)\n\tat org.awaitility.core.ConditionAwaiter$ConditionPoller.call(ConditionAwaiter.java:235)\n\tat java.base/java.util.concurrent.FutureTask.run(FutureTask.java:264)\n\tat java.base/java.util.concurrent.ThreadPoolExecutor.runWorker(ThreadPoolExecutor.java:1136)\n\tat java.base/java.util.concurrent.ThreadPoolExecutor$Worker.run(ThreadPoolExecutor.java:635)\n\tat java.base/java.lang.Thread.run(Thread.java:840)\n","flaky":false,"newFailed":false,"newBroken":false,"newPassed":false,"retriesCount":0,"retriesStatusChange":false,"beforeStages":[],"afterStages":[],"labels":[{"name":"junit.platform.uniqueid","value":"[engine:junit-jupiter]/[class:pl.allegro.tech.hermes.integrationtests.KafkaSingleMessageReaderTest]/[method:shouldFetchSingleAvroMessage()]"},{"name":"host","value":"fv-az984-424"},{"name":"thread","value":"2749@fv-az984-424.Test worker(1)"},{"name":"framework","value":"junit-platform"},{"name":"language","value":"java"},{"name":"package","value":"pl.allegro.tech.hermes.integrationtests.KafkaSingleMessageReaderTest"},{"name":"testClass","value":"pl.allegro.tech.hermes.integrationtests.KafkaSingleMessageReaderTest"},{"name":"testMethod","value":"shouldFetchSingleAvroMessage"},{"name":"suite","value":"pl.allegro.tech.hermes.integrationtests.KafkaSingleMessageReaderTest"},{"name":"resultFormat","value":"allure2"}],"parameters":[],"links":[],"hidden":false,"retry":false,"extra":{"severity":"normal","retries":[],"categories":[{"name":"Test defects","matchedStatuses":[],"flaky":false}],"history":{"statistic":{"failed":0,"broken":3,"skipped":0,"passed":5,"unknown":0,"total":8},"items":[{"uid":"9429584ab48c65ee","reportUrl":"https://allegro.github.io/hermes/2125//#testresult/9429584ab48c65ee","status":"broken","statusDetails":"Assertion condition defined as a Lambda expression in pl.allegro.tech.hermes.test.helper.client.integration.HermesInitHelper \nexpected: ACTIVE\n but was: PENDING within 10 seconds.","time":{"start":1726730779403,"stop":1726730789787,"duration":10384}},{"uid":"3ffb89b829e370f9","reportUrl":"https://allegro.github.io/hermes/2094//#testresult/3ffb89b829e370f9","status":"passed","time":{"start":1724940659693,"stop":1724940662295,"duration":2602}},{"uid":"335377da89a807a8","reportUrl":"https://allegro.github.io/hermes/2095//#testresult/335377da89a807a8","status":"passed","time":{"start":1724941049298,"stop":1724941050990,"duration":1692}},{"uid":"cc85f48f75b27d5f","reportUrl":"https://allegro.github.io/hermes/2093//#testresult/cc85f48f75b27d5f","status":"passed","time":{"start":1724940382523,"stop":1724940384195,"duration":1672}},{"uid":"937fdebf256345e2","reportUrl":"https://allegro.github.io/hermes/2091//#testresult/937fdebf256345e2","status":"broken","statusDetails":"Assertion condition defined as a Lambda expression in pl.allegro.tech.hermes.test.helper.client.integration.HermesInitHelper \nexpected: ACTIVE\n but was: PENDING within 10 seconds.","time":{"start":1724938528407,"stop":1724938538762,"duration":10355}},{"uid":"95adbff87da2ccc4","reportUrl":"https://allegro.github.io/hermes/2092//#testresult/95adbff87da2ccc4","status":"passed","time":{"start":1724938484753,"stop":1724938486453,"duration":1700}},{"uid":"fbcad057e6696663","reportUrl":"https://allegro.github.io/hermes/2090//#testresult/fbcad057e6696663","status":"passed","time":{"start":1724856345824,"stop":1724856348414,"duration":2590}}]},"tags":[]},"source":"31aafd56f39fe80b.json","parameterValues":[]}