{"uid":"80c4bc054d32eed5","name":"shouldMoveOffsetInDryRunModeForTopicsMigratedToAvro()","fullName":"pl.allegro.tech.hermes.integrationtests.KafkaRetransmissionServiceTest.shouldMoveOffsetInDryRunModeForTopicsMigratedToAvro","historyId":"7c50937febe96a1c5bc2c18119dafe03","time":{"start":1727093903838,"stop":1727093965067,"duration":61229},"description":"","status":"broken","statusMessage":"Assertion condition defined as a Lambda expression in pl.allegro.tech.hermes.test.helper.client.integration.HermesTestClient \nExpecting actual:\n  0L\nto be greater than:\n  0L\n within 1 minutes.","statusTrace":"org.awaitility.core.ConditionTimeoutException: Assertion condition defined as a Lambda expression in pl.allegro.tech.hermes.test.helper.client.integration.HermesTestClient \nExpecting actual:\n  0L\nto be greater than:\n  0L\n within 1 minutes.\n\tat org.awaitility.core.ConditionAwaiter.await(ConditionAwaiter.java:167)\n\tat org.awaitility.core.AssertionCondition.await(AssertionCondition.java:119)\n\tat org.awaitility.core.AssertionCondition.await(AssertionCondition.java:31)\n\tat org.awaitility.core.ConditionFactory.until(ConditionFactory.java:1006)\n\tat org.awaitility.core.ConditionFactory.untilAsserted(ConditionFactory.java:790)\n\tat pl.allegro.tech.hermes.test.helper.client.integration.HermesTestClient.waitUntilConsumerCommitsOffset(HermesTestClient.java:149)\n\tat pl.allegro.tech.hermes.integrationtests.KafkaRetransmissionServiceTest.shouldMoveOffsetInDryRunModeForTopicsMigratedToAvro(KafkaRetransmissionServiceTest.java:109)\n\tat java.base/java.lang.reflect.Method.invoke(Method.java:569)\n\tat java.base/java.util.ArrayList.forEach(ArrayList.java:1511)\n\tat java.base/java.util.ArrayList.forEach(ArrayList.java:1511)\nCaused by: java.lang.AssertionError: \nExpecting actual:\n  0L\nto be greater than:\n  0L\n\n\tat pl.allegro.tech.hermes.test.helper.client.integration.HermesTestClient.lambda$waitUntilConsumerCommitsOffset$3(HermesTestClient.java:151)\n\tat org.awaitility.core.AssertionCondition.lambda$new$0(AssertionCondition.java:53)\n\tat org.awaitility.core.ConditionAwaiter$ConditionPoller.call(ConditionAwaiter.java:248)\n\tat org.awaitility.core.ConditionAwaiter$ConditionPoller.call(ConditionAwaiter.java:235)\n\tat java.base/java.util.concurrent.FutureTask.run(FutureTask.java:264)\n\tat java.base/java.util.concurrent.ThreadPoolExecutor.runWorker(ThreadPoolExecutor.java:1136)\n\tat java.base/java.util.concurrent.ThreadPoolExecutor$Worker.run(ThreadPoolExecutor.java:635)\n\tat java.base/java.lang.Thread.run(Thread.java:840)\n","flaky":false,"newFailed":false,"newBroken":false,"newPassed":false,"retriesCount":0,"retriesStatusChange":false,"beforeStages":[],"afterStages":[],"labels":[{"name":"junit.platform.uniqueid","value":"[engine:junit-jupiter]/[class:pl.allegro.tech.hermes.integrationtests.KafkaRetransmissionServiceTest]/[method:shouldMoveOffsetInDryRunModeForTopicsMigratedToAvro()]"},{"name":"host","value":"fv-az984-424"},{"name":"thread","value":"2749@fv-az984-424.Test worker(1)"},{"name":"framework","value":"junit-platform"},{"name":"language","value":"java"},{"name":"package","value":"pl.allegro.tech.hermes.integrationtests.KafkaRetransmissionServiceTest"},{"name":"testClass","value":"pl.allegro.tech.hermes.integrationtests.KafkaRetransmissionServiceTest"},{"name":"testMethod","value":"shouldMoveOffsetInDryRunModeForTopicsMigratedToAvro"},{"name":"suite","value":"pl.allegro.tech.hermes.integrationtests.KafkaRetransmissionServiceTest"},{"name":"resultFormat","value":"allure2"}],"parameters":[],"links":[],"hidden":false,"retry":false,"extra":{"severity":"normal","retries":[],"categories":[{"name":"Test defects","matchedStatuses":[],"flaky":false}],"history":{"statistic":{"failed":0,"broken":3,"skipped":0,"passed":5,"unknown":0,"total":8},"items":[{"uid":"c2939bfd7c791582","reportUrl":"https://allegro.github.io/hermes/2125//#testresult/c2939bfd7c791582","status":"broken","statusDetails":"Assertion condition defined as a Lambda expression in pl.allegro.tech.hermes.test.helper.client.integration.HermesInitHelper \nexpected: ACTIVE\n but was: PENDING within 10 seconds.","time":{"start":1726730748289,"stop":1726730758656,"duration":10367}},{"uid":"e1d7aec86d0fc192","reportUrl":"https://allegro.github.io/hermes/2094//#testresult/e1d7aec86d0fc192","status":"passed","time":{"start":1724940632312,"stop":1724940640096,"duration":7784}},{"uid":"5792d0c17494aea","reportUrl":"https://allegro.github.io/hermes/2095//#testresult/5792d0c17494aea","status":"passed","time":{"start":1724941021948,"stop":1724941028857,"duration":6909}},{"uid":"933d2bd7440a35bf","reportUrl":"https://allegro.github.io/hermes/2093//#testresult/933d2bd7440a35bf","status":"passed","time":{"start":1724940355232,"stop":1724940363124,"duration":7892}},{"uid":"89932ca4fcea8b0","reportUrl":"https://allegro.github.io/hermes/2091//#testresult/89932ca4fcea8b0","status":"broken","statusDetails":"Assertion condition defined as a Lambda expression in pl.allegro.tech.hermes.test.helper.client.integration.HermesInitHelper \nexpected: ACTIVE\n but was: PENDING within 10 seconds.","time":{"start":1724938497356,"stop":1724938507710,"duration":10354}},{"uid":"931e3715b614b771","reportUrl":"https://allegro.github.io/hermes/2092//#testresult/931e3715b614b771","status":"passed","time":{"start":1724938457342,"stop":1724938464259,"duration":6917}},{"uid":"8eccad5047dfd04a","reportUrl":"https://allegro.github.io/hermes/2090//#testresult/8eccad5047dfd04a","status":"passed","time":{"start":1724856318427,"stop":1724856326248,"duration":7821}}]},"tags":[]},"source":"80c4bc054d32eed5.json","parameterValues":[]}