{"uid":"e5143592b8755fca","name":"shouldDeliverAvroMessagesAsJsonBatch()","fullName":"pl.allegro.tech.hermes.integrationtests.BatchDeliveryTest.shouldDeliverAvroMessagesAsJsonBatch","historyId":"44d3a35633886e3bc96dcfd21e43e61d","time":{"start":1727093517799,"stop":1727093528807,"duration":11008},"description":"","status":"broken","statusMessage":"Assertion condition defined as a Lambda expression in pl.allegro.tech.hermes.test.helper.client.integration.FrontendTestClient Status expected:<201 CREATED> but was:<404 NOT_FOUND> within 10 seconds.","statusTrace":"org.awaitility.core.ConditionTimeoutException: Assertion condition defined as a Lambda expression in pl.allegro.tech.hermes.test.helper.client.integration.FrontendTestClient Status expected:<201 CREATED> but was:<404 NOT_FOUND> within 10 seconds.\n\tat org.awaitility.core.ConditionAwaiter.await(ConditionAwaiter.java:167)\n\tat org.awaitility.core.AssertionCondition.await(AssertionCondition.java:119)\n\tat org.awaitility.core.AssertionCondition.await(AssertionCondition.java:31)\n\tat org.awaitility.core.ConditionFactory.until(ConditionFactory.java:1006)\n\tat org.awaitility.core.ConditionFactory.untilAsserted(ConditionFactory.java:790)\n\tat pl.allegro.tech.hermes.test.helper.client.integration.FrontendTestClient.publishUntilSuccess(FrontendTestClient.java:54)\n\tat pl.allegro.tech.hermes.test.helper.client.integration.HermesTestClient.publishUntilSuccess(HermesTestClient.java:170)\n\tat pl.allegro.tech.hermes.integrationtests.BatchDeliveryTest.lambda$publishAll$6(BatchDeliveryTest.java:356)\n\tat java.base/java.util.Spliterators$ArraySpliterator.forEachRemaining(Spliterators.java:992)\n\tat java.base/java.util.stream.ReferencePipeline$Head.forEach(ReferencePipeline.java:762)\n\tat pl.allegro.tech.hermes.integrationtests.BatchDeliveryTest.publishAll(BatchDeliveryTest.java:356)\n\tat pl.allegro.tech.hermes.integrationtests.BatchDeliveryTest.shouldDeliverAvroMessagesAsJsonBatch(BatchDeliveryTest.java:197)\n\tat java.base/java.lang.reflect.Method.invoke(Method.java:569)\n\tat java.base/java.util.ArrayList.forEach(ArrayList.java:1511)\n\tat java.base/java.util.ArrayList.forEach(ArrayList.java:1511)\nCaused by: java.lang.AssertionError: Status expected:<201 CREATED> but was:<404 NOT_FOUND>\n\tat org.springframework.test.util.AssertionErrors.fail(AssertionErrors.java:59)\n\tat org.springframework.test.util.AssertionErrors.assertEquals(AssertionErrors.java:122)\n\tat org.springframework.test.web.reactive.server.StatusAssertions.lambda$assertStatusAndReturn$4(StatusAssertions.java:236)\n\tat org.springframework.test.web.reactive.server.ExchangeResult.assertWithDiagnostics(ExchangeResult.java:222)\n\tat org.springframework.test.web.reactive.server.StatusAssertions.assertStatusAndReturn(StatusAssertions.java:236)\n\tat org.springframework.test.web.reactive.server.StatusAssertions.isCreated(StatusAssertions.java:75)\n\tat pl.allegro.tech.hermes.test.helper.client.integration.FrontendTestClient.lambda$publishUntilSuccess$1(FrontendTestClient.java:56)\n\tat org.awaitility.core.AssertionCondition.lambda$new$0(AssertionCondition.java:53)\n\tat org.awaitility.core.ConditionAwaiter$ConditionPoller.call(ConditionAwaiter.java:248)\n\tat org.awaitility.core.ConditionAwaiter$ConditionPoller.call(ConditionAwaiter.java:235)\n\tat java.base/java.util.concurrent.FutureTask.run(FutureTask.java:264)\n\tat java.base/java.util.concurrent.ThreadPoolExecutor.runWorker(ThreadPoolExecutor.java:1136)\n\tat java.base/java.util.concurrent.ThreadPoolExecutor$Worker.run(ThreadPoolExecutor.java:635)\n\tat java.base/java.lang.Thread.run(Thread.java:840)\n","flaky":false,"newFailed":false,"newBroken":false,"newPassed":false,"retriesCount":0,"retriesStatusChange":false,"beforeStages":[],"afterStages":[],"labels":[{"name":"junit.platform.uniqueid","value":"[engine:junit-jupiter]/[class:pl.allegro.tech.hermes.integrationtests.BatchDeliveryTest]/[method:shouldDeliverAvroMessagesAsJsonBatch()]"},{"name":"host","value":"fv-az984-424"},{"name":"thread","value":"2749@fv-az984-424.Test worker(1)"},{"name":"framework","value":"junit-platform"},{"name":"language","value":"java"},{"name":"package","value":"pl.allegro.tech.hermes.integrationtests.BatchDeliveryTest"},{"name":"testClass","value":"pl.allegro.tech.hermes.integrationtests.BatchDeliveryTest"},{"name":"testMethod","value":"shouldDeliverAvroMessagesAsJsonBatch"},{"name":"suite","value":"pl.allegro.tech.hermes.integrationtests.BatchDeliveryTest"},{"name":"resultFormat","value":"allure2"}],"parameters":[],"links":[],"hidden":false,"retry":false,"extra":{"severity":"normal","retries":[],"categories":[{"name":"Test defects","matchedStatuses":[],"flaky":false}],"history":{"statistic":{"failed":0,"broken":3,"skipped":0,"passed":5,"unknown":0,"total":8},"items":[{"uid":"20a556ede388fe1a","reportUrl":"https://allegro.github.io/hermes/2125//#testresult/20a556ede388fe1a","status":"broken","statusDetails":"Assertion condition defined as a Lambda expression in pl.allegro.tech.hermes.test.helper.client.integration.HermesInitHelper \nexpected: ACTIVE\n but was: PENDING within 10 seconds.","time":{"start":1726730362950,"stop":1726730373274,"duration":10324}},{"uid":"3a55b615b3db812","reportUrl":"https://allegro.github.io/hermes/2094//#testresult/3a55b615b3db812","status":"passed","time":{"start":1724940549553,"stop":1724940550655,"duration":1102}},{"uid":"c01db521d701c154","reportUrl":"https://allegro.github.io/hermes/2095//#testresult/c01db521d701c154","status":"passed","time":{"start":1724940937514,"stop":1724940938635,"duration":1121}},{"uid":"5591dcbb224e0ea5","reportUrl":"https://allegro.github.io/hermes/2093//#testresult/5591dcbb224e0ea5","status":"passed","time":{"start":1724940273683,"stop":1724940274802,"duration":1119}},{"uid":"87b906693ee75b3e","reportUrl":"https://allegro.github.io/hermes/2091//#testresult/87b906693ee75b3e","status":"broken","statusDetails":"Assertion condition defined as a Lambda expression in pl.allegro.tech.hermes.test.helper.client.integration.FrontendTestClient Status expected:<201 CREATED> but was:<404 NOT_FOUND> within 10 seconds.","time":{"start":1724938111486,"stop":1724938122531,"duration":11045}},{"uid":"6d14e3a2d662735f","reportUrl":"https://allegro.github.io/hermes/2092//#testresult/6d14e3a2d662735f","status":"passed","time":{"start":1724938375863,"stop":1724938376975,"duration":1112}},{"uid":"751a0c01c118634f","reportUrl":"https://allegro.github.io/hermes/2090//#testresult/751a0c01c118634f","status":"passed","time":{"start":1724856236832,"stop":1724856237932,"duration":1100}}]},"tags":[]},"source":"e5143592b8755fca.json","parameterValues":[]}