{"uid":"68522e484490bd98","name":"shouldAttachSubscriptionIdentityHeadersWhenItIsEnabled()","fullName":"pl.allegro.tech.hermes.integrationtests.BatchDeliveryTest.shouldAttachSubscriptionIdentityHeadersWhenItIsEnabled","historyId":"9c1f60f09ef15b699a182ff65eb262ba","time":{"start":1741268566056,"stop":1741268577076,"duration":11020},"description":"","status":"broken","statusMessage":"Assertion condition defined as a Lambda expression in pl.allegro.tech.hermes.test.helper.client.integration.FrontendTestClient Status expected:<201 CREATED> but was:<404 NOT_FOUND> within 10 seconds.","statusTrace":"org.awaitility.core.ConditionTimeoutException: Assertion condition defined as a Lambda expression in pl.allegro.tech.hermes.test.helper.client.integration.FrontendTestClient Status expected:<201 CREATED> but was:<404 NOT_FOUND> within 10 seconds.\n\tat org.awaitility.core.ConditionAwaiter.await(ConditionAwaiter.java:167)\n\tat org.awaitility.core.AssertionCondition.await(AssertionCondition.java:119)\n\tat org.awaitility.core.AssertionCondition.await(AssertionCondition.java:31)\n\tat org.awaitility.core.ConditionFactory.until(ConditionFactory.java:1006)\n\tat org.awaitility.core.ConditionFactory.untilAsserted(ConditionFactory.java:790)\n\tat pl.allegro.tech.hermes.test.helper.client.integration.FrontendTestClient.publishUntilSuccess(FrontendTestClient.java:51)\n\tat pl.allegro.tech.hermes.test.helper.client.integration.HermesTestClient.publishUntilSuccess(HermesTestClient.java:216)\n\tat pl.allegro.tech.hermes.integrationtests.BatchDeliveryTest.shouldAttachSubscriptionIdentityHeadersWhenItIsEnabled(BatchDeliveryTest.java:312)\n\tat java.base/java.lang.reflect.Method.invoke(Method.java:580)\n\tat java.base/java.util.ArrayList.forEach(ArrayList.java:1596)\n\tat java.base/java.util.ArrayList.forEach(ArrayList.java:1596)\nCaused by: java.lang.AssertionError: Status expected:<201 CREATED> but was:<404 NOT_FOUND>\n\tat org.springframework.test.util.AssertionErrors.fail(AssertionErrors.java:59)\n\tat org.springframework.test.util.AssertionErrors.assertEquals(AssertionErrors.java:122)\n\tat org.springframework.test.web.reactive.server.StatusAssertions.lambda$assertStatusAndReturn$4(StatusAssertions.java:236)\n\tat org.springframework.test.web.reactive.server.ExchangeResult.assertWithDiagnostics(ExchangeResult.java:222)\n\tat org.springframework.test.web.reactive.server.StatusAssertions.assertStatusAndReturn(StatusAssertions.java:236)\n\tat org.springframework.test.web.reactive.server.StatusAssertions.isCreated(StatusAssertions.java:75)\n\tat pl.allegro.tech.hermes.test.helper.client.integration.FrontendTestClient.lambda$publishUntilSuccess$1(FrontendTestClient.java:54)\n\tat org.awaitility.core.AssertionCondition.lambda$new$0(AssertionCondition.java:53)\n\tat org.awaitility.core.ConditionAwaiter$ConditionPoller.call(ConditionAwaiter.java:248)\n\tat org.awaitility.core.ConditionAwaiter$ConditionPoller.call(ConditionAwaiter.java:235)\n\tat java.base/java.util.concurrent.FutureTask.run(FutureTask.java:317)\n\tat java.base/java.util.concurrent.ThreadPoolExecutor.runWorker(ThreadPoolExecutor.java:1144)\n\tat java.base/java.util.concurrent.ThreadPoolExecutor$Worker.run(ThreadPoolExecutor.java:642)\n\tat java.base/java.lang.Thread.run(Thread.java:1583)\n","flaky":false,"newFailed":false,"newBroken":true,"newPassed":false,"retriesCount":0,"retriesStatusChange":false,"beforeStages":[],"afterStages":[],"labels":[{"name":"junit.platform.uniqueid","value":"[engine:junit-jupiter]/[class:pl.allegro.tech.hermes.integrationtests.BatchDeliveryTest]/[method:shouldAttachSubscriptionIdentityHeadersWhenItIsEnabled()]"},{"name":"host","value":"fv-az1939-493"},{"name":"thread","value":"2963@fv-az1939-493.Test worker(1)"},{"name":"framework","value":"junit-platform"},{"name":"language","value":"java"},{"name":"package","value":"pl.allegro.tech.hermes.integrationtests.BatchDeliveryTest"},{"name":"testClass","value":"pl.allegro.tech.hermes.integrationtests.BatchDeliveryTest"},{"name":"testMethod","value":"shouldAttachSubscriptionIdentityHeadersWhenItIsEnabled"},{"name":"suite","value":"pl.allegro.tech.hermes.integrationtests.BatchDeliveryTest"},{"name":"resultFormat","value":"allure2"}],"parameters":[],"links":[],"hidden":false,"retry":false,"extra":{"severity":"normal","retries":[],"categories":[{"name":"Test defects","matchedStatuses":[],"flaky":false}],"history":{"statistic":{"failed":0,"broken":14,"skipped":0,"passed":26,"unknown":0,"total":40},"items":[{"uid":"e3d398b6003ca010","reportUrl":"https://allegro.github.io/hermes/2459//#testresult/e3d398b6003ca010","status":"passed","time":{"start":1741005752051,"stop":1741005752980,"duration":929}},{"uid":"4e5e82f411c9c0f1","reportUrl":"https://allegro.github.io/hermes/2457//#testresult/4e5e82f411c9c0f1","status":"broken","statusDetails":"Assertion condition defined as a Lambda expression in pl.allegro.tech.hermes.test.helper.client.integration.HermesInitHelper \nexpected: ACTIVE\n but was: PENDING within 10 seconds.","time":{"start":1740655281673,"stop":1740655292010,"duration":10337}},{"uid":"66df95cb105dc65e","reportUrl":"https://allegro.github.io/hermes/2452//#testresult/66df95cb105dc65e","status":"passed","time":{"start":1739977504026,"stop":1739977505057,"duration":1031}},{"uid":"b0ecd4f2737fc65d","reportUrl":"https://allegro.github.io/hermes/2444//#testresult/b0ecd4f2737fc65d","status":"passed","time":{"start":1738761651197,"stop":1738761652229,"duration":1032}},{"uid":"4fca4752e40fb9de","reportUrl":"https://allegro.github.io/hermes/2428//#testresult/4fca4752e40fb9de","status":"passed","time":{"start":1738239336988,"stop":1738239338039,"duration":1051}},{"uid":"232ea1762460b0a7","reportUrl":"https://allegro.github.io/hermes/2420//#testresult/232ea1762460b0a7","status":"passed","time":{"start":1737644828384,"stop":1737644829422,"duration":1038}},{"uid":"deee13d5798b12ff","reportUrl":"https://allegro.github.io/hermes/2410//#testresult/deee13d5798b12ff","status":"broken","statusDetails":"Assertion condition defined as a Lambda expression in pl.allegro.tech.hermes.test.helper.client.integration.HermesInitHelper \nexpected: ACTIVE\n but was: PENDING within 10 seconds.","time":{"start":1736506204554,"stop":1736506214949,"duration":10395}},{"uid":"85ef59031fde6063","reportUrl":"https://allegro.github.io/hermes/2407//#testresult/85ef59031fde6063","status":"passed","time":{"start":1736498566109,"stop":1736498567161,"duration":1052}},{"uid":"13f5bcd8e1afa94d","reportUrl":"https://allegro.github.io/hermes/2398//#testresult/13f5bcd8e1afa94d","status":"broken","statusDetails":"Assertion condition defined as a Lambda expression in pl.allegro.tech.hermes.test.helper.client.integration.FrontendTestClient Status expected:<201 CREATED> but was:<404 NOT_FOUND> within 10 seconds.","time":{"start":1736350734633,"stop":1736350745732,"duration":11099}},{"uid":"e60bb6fc15c1bb1e","reportUrl":"https://allegro.github.io/hermes/2394//#testresult/e60bb6fc15c1bb1e","status":"passed","time":{"start":1736342621430,"stop":1736342622461,"duration":1031}},{"uid":"4c0cffa11a88179","reportUrl":"https://allegro.github.io/hermes/2388//#testresult/4c0cffa11a88179","status":"broken","statusDetails":"Assertion condition defined as a Lambda expression in pl.allegro.tech.hermes.test.helper.client.integration.HermesInitHelper \nexpected: ACTIVE\n but was: PENDING within 10 seconds.","time":{"start":1736328815393,"stop":1736328825783,"duration":10390}},{"uid":"abd7b358d8e4dfd7","reportUrl":"https://allegro.github.io/hermes/2375//#testresult/abd7b358d8e4dfd7","status":"broken","statusDetails":"Assertion condition defined as a Lambda expression in pl.allegro.tech.hermes.test.helper.client.integration.HermesInitHelper \nexpected: ACTIVE\n but was: PENDING within 10 seconds.","time":{"start":1734957724115,"stop":1734957734428,"duration":10313}},{"uid":"c1de9b3f1769c659","reportUrl":"https://allegro.github.io/hermes/2367//#testresult/c1de9b3f1769c659","status":"passed","time":{"start":1734699704027,"stop":1734699704960,"duration":933}},{"uid":"64899ff5e9d7373d","reportUrl":"https://allegro.github.io/hermes/2363//#testresult/64899ff5e9d7373d","status":"passed","time":{"start":1734682586583,"stop":1734682587622,"duration":1039}},{"uid":"910c395245e752c2","reportUrl":"https://allegro.github.io/hermes/2353//#testresult/910c395245e752c2","status":"passed","time":{"start":1734606756910,"stop":1734606757944,"duration":1034}},{"uid":"d7a037d4d650ff33","reportUrl":"https://allegro.github.io/hermes/2324//#testresult/d7a037d4d650ff33","status":"passed","time":{"start":1732788334684,"stop":1732788335705,"duration":1021}},{"uid":"54f20e88573ce229","reportUrl":"https://allegro.github.io/hermes/2272//#testresult/54f20e88573ce229","status":"passed","time":{"start":1732533551448,"stop":1732533552486,"duration":1038}},{"uid":"64cabf3180fc2c94","reportUrl":"https://allegro.github.io/hermes/2272//#testresult/64cabf3180fc2c94","status":"broken","statusDetails":"Assertion condition defined as a Lambda expression in pl.allegro.tech.hermes.test.helper.client.integration.HermesInitHelper \nexpected: ACTIVE\n but was: PENDING within 10 seconds.","time":{"start":1732178979855,"stop":1732178990170,"duration":10315}},{"uid":"2cf9829d1bad310c","reportUrl":"https://allegro.github.io/hermes/2270//#testresult/2cf9829d1bad310c","status":"passed","time":{"start":1732177321973,"stop":1732177322913,"duration":940}},{"uid":"d49a4745eafc3fde","reportUrl":"https://allegro.github.io/hermes/2238//#testresult/d49a4745eafc3fde","status":"passed","time":{"start":1732119364530,"stop":1732119365461,"duration":931}}]},"tags":[]},"source":"68522e484490bd98.json","parameterValues":[]}