{"uid":"bd5a0178c1f2d1e3","name":"shouldPublishJsonIncompatibleWithSchemaWhileJsonToAvroDryRunModeIsEnabled()","fullName":"pl.allegro.tech.hermes.integrationtests.PublishingAvroTest.shouldPublishJsonIncompatibleWithSchemaWhileJsonToAvroDryRunModeIsEnabled","historyId":"42d661d1d4029ea9f160818b381cb9f5","time":{"start":1732013158131,"stop":1732013169139,"duration":11008},"description":"","status":"broken","statusMessage":"Assertion condition defined as a Lambda expression in pl.allegro.tech.hermes.test.helper.client.integration.FrontendTestClient Status expected:<201 CREATED> but was:<404 NOT_FOUND> within 10 seconds.","statusTrace":"org.awaitility.core.ConditionTimeoutException: Assertion condition defined as a Lambda expression in pl.allegro.tech.hermes.test.helper.client.integration.FrontendTestClient Status expected:<201 CREATED> but was:<404 NOT_FOUND> within 10 seconds.\n\tat org.awaitility.core.ConditionAwaiter.await(ConditionAwaiter.java:167)\n\tat org.awaitility.core.AssertionCondition.await(AssertionCondition.java:119)\n\tat org.awaitility.core.AssertionCondition.await(AssertionCondition.java:31)\n\tat org.awaitility.core.ConditionFactory.until(ConditionFactory.java:1006)\n\tat org.awaitility.core.ConditionFactory.untilAsserted(ConditionFactory.java:790)\n\tat pl.allegro.tech.hermes.test.helper.client.integration.FrontendTestClient.publishJSONUntilSuccess(FrontendTestClient.java:82)\n\tat pl.allegro.tech.hermes.test.helper.client.integration.HermesTestClient.publishJSONUntilSuccess(HermesTestClient.java:222)\n\tat pl.allegro.tech.hermes.integrationtests.PublishingAvroTest.shouldPublishJsonIncompatibleWithSchemaWhileJsonToAvroDryRunModeIsEnabled(PublishingAvroTest.java:358)\n\tat java.base/java.lang.reflect.Method.invoke(Method.java:569)\n\tat java.base/java.util.ArrayList.forEach(ArrayList.java:1511)\n\tat java.base/java.util.ArrayList.forEach(ArrayList.java:1511)\nCaused by: java.lang.AssertionError: Status expected:<201 CREATED> but was:<404 NOT_FOUND>\n\tat org.springframework.test.util.AssertionErrors.fail(AssertionErrors.java:59)\n\tat org.springframework.test.util.AssertionErrors.assertEquals(AssertionErrors.java:122)\n\tat org.springframework.test.web.reactive.server.StatusAssertions.lambda$assertStatusAndReturn$4(StatusAssertions.java:236)\n\tat org.springframework.test.web.reactive.server.ExchangeResult.assertWithDiagnostics(ExchangeResult.java:222)\n\tat org.springframework.test.web.reactive.server.StatusAssertions.assertStatusAndReturn(StatusAssertions.java:236)\n\tat org.springframework.test.web.reactive.server.StatusAssertions.isCreated(StatusAssertions.java:75)\n\tat pl.allegro.tech.hermes.test.helper.client.integration.FrontendTestClient.lambda$publishJSONUntilSuccess$3(FrontendTestClient.java:85)\n\tat org.awaitility.core.AssertionCondition.lambda$new$0(AssertionCondition.java:53)\n\tat org.awaitility.core.ConditionAwaiter$ConditionPoller.call(ConditionAwaiter.java:248)\n\tat org.awaitility.core.ConditionAwaiter$ConditionPoller.call(ConditionAwaiter.java:235)\n\tat java.base/java.util.concurrent.FutureTask.run(FutureTask.java:264)\n\tat java.base/java.util.concurrent.ThreadPoolExecutor.runWorker(ThreadPoolExecutor.java:1136)\n\tat java.base/java.util.concurrent.ThreadPoolExecutor$Worker.run(ThreadPoolExecutor.java:635)\n\tat java.base/java.lang.Thread.run(Thread.java:840)\n","flaky":false,"newFailed":false,"newBroken":true,"newPassed":false,"retriesCount":0,"retriesStatusChange":false,"beforeStages":[],"afterStages":[],"labels":[{"name":"junit.platform.uniqueid","value":"[engine:junit-jupiter]/[class:pl.allegro.tech.hermes.integrationtests.PublishingAvroTest]/[method:shouldPublishJsonIncompatibleWithSchemaWhileJsonToAvroDryRunModeIsEnabled()]"},{"name":"host","value":"fv-az585-466"},{"name":"thread","value":"2668@fv-az585-466.Test worker(1)"},{"name":"framework","value":"junit-platform"},{"name":"language","value":"java"},{"name":"package","value":"pl.allegro.tech.hermes.integrationtests.PublishingAvroTest"},{"name":"testClass","value":"pl.allegro.tech.hermes.integrationtests.PublishingAvroTest"},{"name":"testMethod","value":"shouldPublishJsonIncompatibleWithSchemaWhileJsonToAvroDryRunModeIsEnabled"},{"name":"suite","value":"pl.allegro.tech.hermes.integrationtests.PublishingAvroTest"},{"name":"resultFormat","value":"allure2"}],"parameters":[],"links":[],"hidden":false,"retry":false,"extra":{"severity":"normal","retries":[],"categories":[{"name":"Test defects","matchedStatuses":[],"flaky":false}],"history":{"statistic":{"failed":0,"broken":8,"skipped":0,"passed":11,"unknown":0,"total":19},"items":[{"uid":"e4bc7ad68a9d4ba6","reportUrl":"https://allegro.github.io/hermes/2236//#testresult/e4bc7ad68a9d4ba6","status":"passed","time":{"start":1731948183258,"stop":1731948184251,"duration":993}},{"uid":"edee4a56ca5bea2c","reportUrl":"https://allegro.github.io/hermes/2225//#testresult/edee4a56ca5bea2c","status":"passed","time":{"start":1731829078403,"stop":1731829079410,"duration":1007}},{"uid":"6457a6c4f81f86a3","reportUrl":"https://allegro.github.io/hermes/2207//#testresult/6457a6c4f81f86a3","status":"passed","time":{"start":1731080309194,"stop":1731080310188,"duration":994}},{"uid":"faf68d84f0422e08","reportUrl":"https://allegro.github.io/hermes/2201//#testresult/faf68d84f0422e08","status":"passed","time":{"start":1731068825470,"stop":1731068826463,"duration":993}},{"uid":"259fd86c3203e99a","reportUrl":"https://allegro.github.io/hermes/2198//#testresult/259fd86c3203e99a","status":"broken","statusDetails":"Assertion condition defined as a Lambda expression in pl.allegro.tech.hermes.test.helper.client.integration.HermesInitHelper \nexpected: ACTIVE\n but was: PENDING within 10 seconds.","time":{"start":1730979398782,"stop":1730979409189,"duration":10407}},{"uid":"f6a4611706cd0551","reportUrl":"https://allegro.github.io/hermes/2150//#testresult/f6a4611706cd0551","status":"broken","statusDetails":"Assertion condition defined as a Lambda expression in pl.allegro.tech.hermes.test.helper.client.integration.FrontendTestClient Status expected:<201 CREATED> but was:<404 NOT_FOUND> within 10 seconds.","time":{"start":1728893575104,"stop":1728893586188,"duration":11084}},{"uid":"94725faa62294219","reportUrl":"https://allegro.github.io/hermes/2146//#testresult/94725faa62294219","status":"passed","time":{"start":1728464573557,"stop":1728464574551,"duration":994}},{"uid":"ac3da1aeab747979","reportUrl":"https://allegro.github.io/hermes/2144//#testresult/ac3da1aeab747979","status":"passed","time":{"start":1728127034026,"stop":1728127035018,"duration":992}},{"uid":"2fef9854669061ae","reportUrl":"https://allegro.github.io/hermes/2140//#testresult/2fef9854669061ae","status":"broken","statusDetails":"Assertion condition defined as a Lambda expression in pl.allegro.tech.hermes.test.helper.client.integration.HermesInitHelper \nexpected: ACTIVE\n but was: PENDING within 10 seconds.","time":{"start":1728041532672,"stop":1728041543064,"duration":10392}},{"uid":"4c5e5bb4f13723d1","reportUrl":"https://allegro.github.io/hermes/2136//#testresult/4c5e5bb4f13723d1","status":"passed","time":{"start":1728030946983,"stop":1728030947973,"duration":990}},{"uid":"ee448f0610bbac0a","reportUrl":"https://allegro.github.io/hermes/2128//#testresult/ee448f0610bbac0a","status":"broken","statusDetails":"Assertion condition defined as a Lambda expression in pl.allegro.tech.hermes.test.helper.client.integration.HermesInitHelper \nexpected: ACTIVE\n but was: PENDING within 10 seconds.","time":{"start":1727094431744,"stop":1727094442160,"duration":10416}},{"uid":"385d7dcd92c6499","reportUrl":"https://allegro.github.io/hermes/2125//#testresult/385d7dcd92c6499","status":"broken","statusDetails":"Assertion condition defined as a Lambda expression in pl.allegro.tech.hermes.test.helper.client.integration.FrontendTestClient Status expected:<201 CREATED> but was:<404 NOT_FOUND> within 10 seconds.","time":{"start":1726731009722,"stop":1726731020744,"duration":11022}},{"uid":"3e202878d3a04b54","reportUrl":"https://allegro.github.io/hermes/2094//#testresult/3e202878d3a04b54","status":"broken","statusDetails":"Assertion condition defined as a Lambda expression in pl.allegro.tech.hermes.test.helper.client.integration.FrontendTestClient Status expected:<201 CREATED> but was:<404 NOT_FOUND> within 10 seconds.","time":{"start":1724940953902,"stop":1724940965013,"duration":11111}},{"uid":"e3ee6f658b9b5f68","reportUrl":"https://allegro.github.io/hermes/2095//#testresult/e3ee6f658b9b5f68","status":"passed","time":{"start":1724941145246,"stop":1724941146245,"duration":999}},{"uid":"1fc17c2350db9eaf","reportUrl":"https://allegro.github.io/hermes/2093//#testresult/1fc17c2350db9eaf","status":"passed","time":{"start":1724940479579,"stop":1724940480577,"duration":998}},{"uid":"dffee3f74c9fc107","reportUrl":"https://allegro.github.io/hermes/2091//#testresult/dffee3f74c9fc107","status":"broken","statusDetails":"Assertion condition defined as a Lambda expression in pl.allegro.tech.hermes.test.helper.client.integration.FrontendTestClient Status expected:<201 CREATED> but was:<404 NOT_FOUND> within 10 seconds.","time":{"start":1724938758621,"stop":1724938769628,"duration":11007}},{"uid":"edc6543a255d8360","reportUrl":"https://allegro.github.io/hermes/2092//#testresult/edc6543a255d8360","status":"passed","time":{"start":1724938580725,"stop":1724938581726,"duration":1001}},{"uid":"e884133e71efce0b","reportUrl":"https://allegro.github.io/hermes/2090//#testresult/e884133e71efce0b","status":"passed","time":{"start":1724856441660,"stop":1724856442659,"duration":999}}]},"tags":[]},"source":"bd5a0178c1f2d1e3.json","parameterValues":[]}