{"uid":"d2612aee5ab8ed5d","name":"shouldQueryTopicsMetrics(String, String, String, List) [4] testTopic7, testTopic8, {\"query\": {\"published\": {\"lt\": \"3\"}}}, [testTopic7]","fullName":"pl.allegro.tech.hermes.integrationtests.management.QueryEndpointTest.shouldQueryTopicsMetrics","historyId":"e4451ba489d23f52f66c1a00b3956b7e","time":{"start":1732013504387,"stop":1732013514847,"duration":10460},"description":"","status":"broken","statusMessage":"Assertion condition defined as a Lambda expression in pl.allegro.tech.hermes.test.helper.client.integration.FrontendTestClient Status expected:<201 CREATED> but was:<404 NOT_FOUND> within 10 seconds.","statusTrace":"org.awaitility.core.ConditionTimeoutException: Assertion condition defined as a Lambda expression in pl.allegro.tech.hermes.test.helper.client.integration.FrontendTestClient Status expected:<201 CREATED> but was:<404 NOT_FOUND> within 10 seconds.\n\tat org.awaitility.core.ConditionAwaiter.await(ConditionAwaiter.java:167)\n\tat org.awaitility.core.AssertionCondition.await(AssertionCondition.java:119)\n\tat org.awaitility.core.AssertionCondition.await(AssertionCondition.java:31)\n\tat org.awaitility.core.ConditionFactory.until(ConditionFactory.java:1006)\n\tat org.awaitility.core.ConditionFactory.untilAsserted(ConditionFactory.java:790)\n\tat pl.allegro.tech.hermes.test.helper.client.integration.FrontendTestClient.publishUntilSuccess(FrontendTestClient.java:51)\n\tat pl.allegro.tech.hermes.test.helper.client.integration.HermesTestClient.publishUntilSuccess(HermesTestClient.java:209)\n\tat pl.allegro.tech.hermes.integrationtests.management.QueryEndpointTest.shouldQueryTopicsMetrics(QueryEndpointTest.java:553)\n\tat java.base/java.lang.reflect.Method.invoke(Method.java:569)\n\tat java.base/java.util.stream.ForEachOps$ForEachOp$OfRef.accept(ForEachOps.java:183)\n\tat java.base/java.util.stream.ReferencePipeline$3$1.accept(ReferencePipeline.java:197)\n\tat java.base/java.util.stream.ReferencePipeline$2$1.accept(ReferencePipeline.java:179)\n\tat java.base/java.util.stream.ReferencePipeline$3$1.accept(ReferencePipeline.java:197)\n\tat java.base/java.util.stream.ForEachOps$ForEachOp$OfRef.accept(ForEachOps.java:183)\n\tat java.base/java.util.stream.ReferencePipeline$3$1.accept(ReferencePipeline.java:197)\n\tat java.base/java.util.stream.ReferencePipeline$3$1.accept(ReferencePipeline.java:197)\n\tat java.base/java.util.stream.ReferencePipeline$3$1.accept(ReferencePipeline.java:197)\n\tat java.base/java.util.stream.ForEachOps$ForEachOp$OfRef.accept(ForEachOps.java:183)\n\tat java.base/java.util.stream.ReferencePipeline$3$1.accept(ReferencePipeline.java:197)\n\tat java.base/java.util.Spliterators$ArraySpliterator.forEachRemaining(Spliterators.java:992)\n\tat java.base/java.util.stream.ReferencePipeline$Head.forEach(ReferencePipeline.java:762)\n\tat java.base/java.util.stream.ReferencePipeline$7$1.accept(ReferencePipeline.java:276)\n\tat java.base/java.util.stream.ReferencePipeline$3$1.accept(ReferencePipeline.java:197)\n\tat java.base/java.util.stream.ReferencePipeline$3$1.accept(ReferencePipeline.java:197)\n\tat java.base/java.util.stream.ReferencePipeline$3$1.accept(ReferencePipeline.java:197)\n\tat java.base/java.util.Spliterators$ArraySpliterator.forEachRemaining(Spliterators.java:992)\n\tat java.base/java.util.stream.AbstractPipeline.copyInto(AbstractPipeline.java:509)\n\tat java.base/java.util.stream.AbstractPipeline.wrapAndCopyInto(AbstractPipeline.java:499)\n\tat java.base/java.util.stream.ForEachOps$ForEachOp.evaluateSequential(ForEachOps.java:150)\n\tat java.base/java.util.stream.ForEachOps$ForEachOp$OfRef.evaluateSequential(ForEachOps.java:173)\n\tat java.base/java.util.stream.AbstractPipeline.evaluate(AbstractPipeline.java:234)\n\tat java.base/java.util.stream.ReferencePipeline.forEach(ReferencePipeline.java:596)\n\tat java.base/java.util.stream.ReferencePipeline$7$1.accept(ReferencePipeline.java:276)\n\tat java.base/java.util.stream.ReferencePipeline$3$1.accept(ReferencePipeline.java:197)\n\tat java.base/java.util.stream.ReferencePipeline$3$1.accept(ReferencePipeline.java:197)\n\tat java.base/java.util.stream.ReferencePipeline$3$1.accept(ReferencePipeline.java:197)\n\tat java.base/java.util.ArrayList$ArrayListSpliterator.forEachRemaining(ArrayList.java:1625)\n\tat java.base/java.util.stream.AbstractPipeline.copyInto(AbstractPipeline.java:509)\n\tat java.base/java.util.stream.AbstractPipeline.wrapAndCopyInto(AbstractPipeline.java:499)\n\tat java.base/java.util.stream.ForEachOps$ForEachOp.evaluateSequential(ForEachOps.java:150)\n\tat java.base/java.util.stream.ForEachOps$ForEachOp$OfRef.evaluateSequential(ForEachOps.java:173)\n\tat java.base/java.util.stream.AbstractPipeline.evaluate(AbstractPipeline.java:234)\n\tat java.base/java.util.stream.ReferencePipeline.forEach(ReferencePipeline.java:596)\n\tat java.base/java.util.stream.ReferencePipeline$7$1.accept(ReferencePipeline.java:276)\n\tat java.base/java.util.ArrayList$ArrayListSpliterator.forEachRemaining(ArrayList.java:1625)\n\tat java.base/java.util.stream.AbstractPipeline.copyInto(AbstractPipeline.java:509)\n\tat java.base/java.util.stream.AbstractPipeline.wrapAndCopyInto(AbstractPipeline.java:499)\n\tat java.base/java.util.stream.ForEachOps$ForEachOp.evaluateSequential(ForEachOps.java:150)\n\tat java.base/java.util.stream.ForEachOps$ForEachOp$OfRef.evaluateSequential(ForEachOps.java:173)\n\tat java.base/java.util.stream.AbstractPipeline.evaluate(AbstractPipeline.java:234)\n\tat java.base/java.util.stream.ReferencePipeline.forEach(ReferencePipeline.java:596)\n\tat java.base/java.util.ArrayList.forEach(ArrayList.java:1511)\n\tat java.base/java.util.ArrayList.forEach(ArrayList.java:1511)\nCaused by: java.lang.AssertionError: Status expected:<201 CREATED> but was:<404 NOT_FOUND>\n\tat org.springframework.test.util.AssertionErrors.fail(AssertionErrors.java:59)\n\tat org.springframework.test.util.AssertionErrors.assertEquals(AssertionErrors.java:122)\n\tat org.springframework.test.web.reactive.server.StatusAssertions.lambda$assertStatusAndReturn$4(StatusAssertions.java:236)\n\tat org.springframework.test.web.reactive.server.ExchangeResult.assertWithDiagnostics(ExchangeResult.java:222)\n\tat org.springframework.test.web.reactive.server.StatusAssertions.assertStatusAndReturn(StatusAssertions.java:236)\n\tat org.springframework.test.web.reactive.server.StatusAssertions.isCreated(StatusAssertions.java:75)\n\tat pl.allegro.tech.hermes.test.helper.client.integration.FrontendTestClient.lambda$publishUntilSuccess$1(FrontendTestClient.java:54)\n\tat org.awaitility.core.AssertionCondition.lambda$new$0(AssertionCondition.java:53)\n\tat org.awaitility.core.ConditionAwaiter$ConditionPoller.call(ConditionAwaiter.java:248)\n\tat org.awaitility.core.ConditionAwaiter$ConditionPoller.call(ConditionAwaiter.java:235)\n\tat java.base/java.util.concurrent.FutureTask.run(FutureTask.java:264)\n\tat java.base/java.util.concurrent.ThreadPoolExecutor.runWorker(ThreadPoolExecutor.java:1136)\n\tat java.base/java.util.concurrent.ThreadPoolExecutor$Worker.run(ThreadPoolExecutor.java:635)\n\tat java.base/java.lang.Thread.run(Thread.java:840)\n","flaky":false,"newFailed":false,"newBroken":true,"newPassed":false,"retriesCount":0,"retriesStatusChange":false,"beforeStages":[],"afterStages":[],"labels":[{"name":"junit.platform.uniqueid","value":"[engine:junit-jupiter]/[class:pl.allegro.tech.hermes.integrationtests.management.QueryEndpointTest]/[test-template:shouldQueryTopicsMetrics(java.lang.String, java.lang.String, java.lang.String, java.util.List)]/[test-template-invocation:#4]"},{"name":"host","value":"fv-az585-466"},{"name":"thread","value":"2668@fv-az585-466.Test worker(1)"},{"name":"framework","value":"junit-platform"},{"name":"language","value":"java"},{"name":"package","value":"pl.allegro.tech.hermes.integrationtests.management.QueryEndpointTest"},{"name":"testClass","value":"pl.allegro.tech.hermes.integrationtests.management.QueryEndpointTest"},{"name":"testMethod","value":"shouldQueryTopicsMetrics"},{"name":"suite","value":"pl.allegro.tech.hermes.integrationtests.management.QueryEndpointTest"},{"name":"resultFormat","value":"allure2"}],"parameters":[],"links":[],"hidden":false,"retry":false,"extra":{"severity":"normal","retries":[],"categories":[{"name":"Test defects","matchedStatuses":[],"flaky":false}],"history":{"statistic":{"failed":0,"broken":7,"skipped":0,"passed":11,"unknown":0,"total":18},"items":[{"uid":"621a429b844d7724","reportUrl":"https://allegro.github.io/hermes/2236//#testresult/621a429b844d7724","status":"passed","time":{"start":1731948273290,"stop":1731948274380,"duration":1090}},{"uid":"d5aa3a57233a5a0a","reportUrl":"https://allegro.github.io/hermes/2207//#testresult/d5aa3a57233a5a0a","status":"passed","time":{"start":1731080389367,"stop":1731080390457,"duration":1090}},{"uid":"60f4056a09adf928","reportUrl":"https://allegro.github.io/hermes/2201//#testresult/60f4056a09adf928","status":"passed","time":{"start":1731068916059,"stop":1731068917170,"duration":1111}},{"uid":"219e276e4e5d6ca7","reportUrl":"https://allegro.github.io/hermes/2198//#testresult/219e276e4e5d6ca7","status":"broken","statusDetails":"Assertion condition defined as a Lambda expression in pl.allegro.tech.hermes.test.helper.client.integration.FrontendTestClient Status expected:<201 CREATED> but was:<404 NOT_FOUND> within 10 seconds.","time":{"start":1730979724928,"stop":1730979735364,"duration":10436}},{"uid":"e3a5bdb3908da03","reportUrl":"https://allegro.github.io/hermes/2150//#testresult/e3a5bdb3908da03","status":"broken","statusDetails":"Assertion condition defined as a Lambda expression in pl.allegro.tech.hermes.test.helper.client.integration.FrontendTestClient Status expected:<201 CREATED> but was:<404 NOT_FOUND> within 10 seconds.","time":{"start":1728893929342,"stop":1728893939710,"duration":10368}},{"uid":"7cbfdc8035716866","reportUrl":"https://allegro.github.io/hermes/2146//#testresult/7cbfdc8035716866","status":"passed","time":{"start":1728464653742,"stop":1728464654826,"duration":1084}},{"uid":"bd3764d6103ab162","reportUrl":"https://allegro.github.io/hermes/2144//#testresult/bd3764d6103ab162","status":"passed","time":{"start":1728127114170,"stop":1728127115268,"duration":1098}},{"uid":"58892c19629043c6","reportUrl":"https://allegro.github.io/hermes/2140//#testresult/58892c19629043c6","status":"broken","statusDetails":"Assertion condition defined as a Lambda expression in pl.allegro.tech.hermes.test.helper.client.integration.FrontendTestClient Status expected:<201 CREATED> but was:<404 NOT_FOUND> within 10 seconds.","time":{"start":1728041872682,"stop":1728041883049,"duration":10367}},{"uid":"331f2f832ede5048","reportUrl":"https://allegro.github.io/hermes/2136//#testresult/331f2f832ede5048","status":"passed","time":{"start":1728031027241,"stop":1728031028352,"duration":1111}},{"uid":"991757aebd9df907","reportUrl":"https://allegro.github.io/hermes/2128//#testresult/991757aebd9df907","status":"passed","time":{"start":1727094683509,"stop":1727094684820,"duration":1311}},{"uid":"a1eb3670cf2daf34","reportUrl":"https://allegro.github.io/hermes/2125//#testresult/a1eb3670cf2daf34","status":"broken","statusDetails":"Assertion condition defined as a Lambda expression in pl.allegro.tech.hermes.test.helper.client.integration.FrontendTestClient Status expected:<201 CREATED> but was:<404 NOT_FOUND> within 10 seconds.","time":{"start":1726731225066,"stop":1726731235465,"duration":10399}},{"uid":"38b9c54d6b517d76","reportUrl":"https://allegro.github.io/hermes/2094//#testresult/38b9c54d6b517d76","status":"broken","statusDetails":"Assertion condition defined as a Lambda expression in pl.allegro.tech.hermes.test.helper.client.integration.FrontendTestClient Status expected:<201 CREATED> but was:<404 NOT_FOUND> within 10 seconds.","time":{"start":1724941158883,"stop":1724941169339,"duration":10456}},{"uid":"1857c701045fb0dd","reportUrl":"https://allegro.github.io/hermes/2095//#testresult/1857c701045fb0dd","status":"passed","time":{"start":1724941235497,"stop":1724941236591,"duration":1094}},{"uid":"5052faf5a5f9baed","reportUrl":"https://allegro.github.io/hermes/2093//#testresult/5052faf5a5f9baed","status":"passed","time":{"start":1724940569807,"stop":1724940570937,"duration":1130}},{"uid":"9c9ecd3400dc23ea","reportUrl":"https://allegro.github.io/hermes/2091//#testresult/9c9ecd3400dc23ea","status":"broken","statusDetails":"Assertion condition defined as a Lambda expression in pl.allegro.tech.hermes.test.helper.client.integration.FrontendTestClient Status expected:<201 CREATED> but was:<404 NOT_FOUND> within 10 seconds.","time":{"start":1724938917327,"stop":1724938927710,"duration":10383}},{"uid":"d644961c2f41f66b","reportUrl":"https://allegro.github.io/hermes/2092//#testresult/d644961c2f41f66b","status":"passed","time":{"start":1724938661708,"stop":1724938662886,"duration":1178}},{"uid":"9304e43eeab15f90","reportUrl":"https://allegro.github.io/hermes/2090//#testresult/9304e43eeab15f90","status":"passed","time":{"start":1724856521807,"stop":1724856522909,"duration":1102}}]},"tags":[]},"source":"d2612aee5ab8ed5d.json","parameterValues":[]}