{"uid":"d37871103f80743","name":"shouldQueryTopicsMetrics(String, String, String, List) [2] testTopic3, testTopic4, {\"query\": {\"published\": {\"gt\": \"20\"}}}, []","fullName":"pl.allegro.tech.hermes.integrationtests.management.QueryEndpointTest.shouldQueryTopicsMetrics","historyId":"13635573d21eb10726baf56183772d90","time":{"start":1732013483443,"stop":1732013493922,"duration":10479},"description":"","status":"broken","statusMessage":"Assertion condition defined as a Lambda expression in pl.allegro.tech.hermes.test.helper.client.integration.FrontendTestClient Status expected:<201 CREATED> but was:<404 NOT_FOUND> within 10 seconds.","statusTrace":"org.awaitility.core.ConditionTimeoutException: Assertion condition defined as a Lambda expression in pl.allegro.tech.hermes.test.helper.client.integration.FrontendTestClient Status expected:<201 CREATED> but was:<404 NOT_FOUND> within 10 seconds.\n\tat org.awaitility.core.ConditionAwaiter.await(ConditionAwaiter.java:167)\n\tat org.awaitility.core.AssertionCondition.await(AssertionCondition.java:119)\n\tat org.awaitility.core.AssertionCondition.await(AssertionCondition.java:31)\n\tat org.awaitility.core.ConditionFactory.until(ConditionFactory.java:1006)\n\tat org.awaitility.core.ConditionFactory.untilAsserted(ConditionFactory.java:790)\n\tat pl.allegro.tech.hermes.test.helper.client.integration.FrontendTestClient.publishUntilSuccess(FrontendTestClient.java:51)\n\tat pl.allegro.tech.hermes.test.helper.client.integration.HermesTestClient.publishUntilSuccess(HermesTestClient.java:209)\n\tat pl.allegro.tech.hermes.integrationtests.management.QueryEndpointTest.shouldQueryTopicsMetrics(QueryEndpointTest.java:553)\n\tat java.base/java.lang.reflect.Method.invoke(Method.java:569)\n\tat java.base/java.util.stream.ForEachOps$ForEachOp$OfRef.accept(ForEachOps.java:183)\n\tat java.base/java.util.stream.ReferencePipeline$3$1.accept(ReferencePipeline.java:197)\n\tat java.base/java.util.stream.ReferencePipeline$2$1.accept(ReferencePipeline.java:179)\n\tat java.base/java.util.stream.ReferencePipeline$3$1.accept(ReferencePipeline.java:197)\n\tat java.base/java.util.stream.ForEachOps$ForEachOp$OfRef.accept(ForEachOps.java:183)\n\tat java.base/java.util.stream.ReferencePipeline$3$1.accept(ReferencePipeline.java:197)\n\tat java.base/java.util.stream.ReferencePipeline$3$1.accept(ReferencePipeline.java:197)\n\tat java.base/java.util.stream.ReferencePipeline$3$1.accept(ReferencePipeline.java:197)\n\tat java.base/java.util.stream.ForEachOps$ForEachOp$OfRef.accept(ForEachOps.java:183)\n\tat java.base/java.util.stream.ReferencePipeline$3$1.accept(ReferencePipeline.java:197)\n\tat java.base/java.util.Spliterators$ArraySpliterator.forEachRemaining(Spliterators.java:992)\n\tat java.base/java.util.stream.ReferencePipeline$Head.forEach(ReferencePipeline.java:762)\n\tat java.base/java.util.stream.ReferencePipeline$7$1.accept(ReferencePipeline.java:276)\n\tat java.base/java.util.stream.ReferencePipeline$3$1.accept(ReferencePipeline.java:197)\n\tat java.base/java.util.stream.ReferencePipeline$3$1.accept(ReferencePipeline.java:197)\n\tat java.base/java.util.stream.ReferencePipeline$3$1.accept(ReferencePipeline.java:197)\n\tat java.base/java.util.Spliterators$ArraySpliterator.forEachRemaining(Spliterators.java:992)\n\tat java.base/java.util.stream.AbstractPipeline.copyInto(AbstractPipeline.java:509)\n\tat java.base/java.util.stream.AbstractPipeline.wrapAndCopyInto(AbstractPipeline.java:499)\n\tat java.base/java.util.stream.ForEachOps$ForEachOp.evaluateSequential(ForEachOps.java:150)\n\tat java.base/java.util.stream.ForEachOps$ForEachOp$OfRef.evaluateSequential(ForEachOps.java:173)\n\tat java.base/java.util.stream.AbstractPipeline.evaluate(AbstractPipeline.java:234)\n\tat java.base/java.util.stream.ReferencePipeline.forEach(ReferencePipeline.java:596)\n\tat java.base/java.util.stream.ReferencePipeline$7$1.accept(ReferencePipeline.java:276)\n\tat java.base/java.util.stream.ReferencePipeline$3$1.accept(ReferencePipeline.java:197)\n\tat java.base/java.util.stream.ReferencePipeline$3$1.accept(ReferencePipeline.java:197)\n\tat java.base/java.util.stream.ReferencePipeline$3$1.accept(ReferencePipeline.java:197)\n\tat java.base/java.util.ArrayList$ArrayListSpliterator.forEachRemaining(ArrayList.java:1625)\n\tat java.base/java.util.stream.AbstractPipeline.copyInto(AbstractPipeline.java:509)\n\tat java.base/java.util.stream.AbstractPipeline.wrapAndCopyInto(AbstractPipeline.java:499)\n\tat java.base/java.util.stream.ForEachOps$ForEachOp.evaluateSequential(ForEachOps.java:150)\n\tat java.base/java.util.stream.ForEachOps$ForEachOp$OfRef.evaluateSequential(ForEachOps.java:173)\n\tat java.base/java.util.stream.AbstractPipeline.evaluate(AbstractPipeline.java:234)\n\tat java.base/java.util.stream.ReferencePipeline.forEach(ReferencePipeline.java:596)\n\tat java.base/java.util.stream.ReferencePipeline$7$1.accept(ReferencePipeline.java:276)\n\tat java.base/java.util.ArrayList$ArrayListSpliterator.forEachRemaining(ArrayList.java:1625)\n\tat java.base/java.util.stream.AbstractPipeline.copyInto(AbstractPipeline.java:509)\n\tat java.base/java.util.stream.AbstractPipeline.wrapAndCopyInto(AbstractPipeline.java:499)\n\tat java.base/java.util.stream.ForEachOps$ForEachOp.evaluateSequential(ForEachOps.java:150)\n\tat java.base/java.util.stream.ForEachOps$ForEachOp$OfRef.evaluateSequential(ForEachOps.java:173)\n\tat java.base/java.util.stream.AbstractPipeline.evaluate(AbstractPipeline.java:234)\n\tat java.base/java.util.stream.ReferencePipeline.forEach(ReferencePipeline.java:596)\n\tat java.base/java.util.ArrayList.forEach(ArrayList.java:1511)\n\tat java.base/java.util.ArrayList.forEach(ArrayList.java:1511)\nCaused by: java.lang.AssertionError: Status expected:<201 CREATED> but was:<404 NOT_FOUND>\n\tat org.springframework.test.util.AssertionErrors.fail(AssertionErrors.java:59)\n\tat org.springframework.test.util.AssertionErrors.assertEquals(AssertionErrors.java:122)\n\tat org.springframework.test.web.reactive.server.StatusAssertions.lambda$assertStatusAndReturn$4(StatusAssertions.java:236)\n\tat org.springframework.test.web.reactive.server.ExchangeResult.assertWithDiagnostics(ExchangeResult.java:222)\n\tat org.springframework.test.web.reactive.server.StatusAssertions.assertStatusAndReturn(StatusAssertions.java:236)\n\tat org.springframework.test.web.reactive.server.StatusAssertions.isCreated(StatusAssertions.java:75)\n\tat pl.allegro.tech.hermes.test.helper.client.integration.FrontendTestClient.lambda$publishUntilSuccess$1(FrontendTestClient.java:54)\n\tat org.awaitility.core.AssertionCondition.lambda$new$0(AssertionCondition.java:53)\n\tat org.awaitility.core.ConditionAwaiter$ConditionPoller.call(ConditionAwaiter.java:248)\n\tat org.awaitility.core.ConditionAwaiter$ConditionPoller.call(ConditionAwaiter.java:235)\n\tat java.base/java.util.concurrent.FutureTask.run(FutureTask.java:264)\n\tat java.base/java.util.concurrent.ThreadPoolExecutor.runWorker(ThreadPoolExecutor.java:1136)\n\tat java.base/java.util.concurrent.ThreadPoolExecutor$Worker.run(ThreadPoolExecutor.java:635)\n\tat java.base/java.lang.Thread.run(Thread.java:840)\n","flaky":false,"newFailed":false,"newBroken":true,"newPassed":false,"retriesCount":0,"retriesStatusChange":false,"beforeStages":[],"afterStages":[],"labels":[{"name":"junit.platform.uniqueid","value":"[engine:junit-jupiter]/[class:pl.allegro.tech.hermes.integrationtests.management.QueryEndpointTest]/[test-template:shouldQueryTopicsMetrics(java.lang.String, java.lang.String, java.lang.String, java.util.List)]/[test-template-invocation:#2]"},{"name":"host","value":"fv-az585-466"},{"name":"thread","value":"2668@fv-az585-466.Test worker(1)"},{"name":"framework","value":"junit-platform"},{"name":"language","value":"java"},{"name":"package","value":"pl.allegro.tech.hermes.integrationtests.management.QueryEndpointTest"},{"name":"testClass","value":"pl.allegro.tech.hermes.integrationtests.management.QueryEndpointTest"},{"name":"testMethod","value":"shouldQueryTopicsMetrics"},{"name":"suite","value":"pl.allegro.tech.hermes.integrationtests.management.QueryEndpointTest"},{"name":"resultFormat","value":"allure2"}],"parameters":[],"links":[],"hidden":false,"retry":false,"extra":{"severity":"normal","retries":[],"categories":[{"name":"Test defects","matchedStatuses":[],"flaky":false}],"history":{"statistic":{"failed":0,"broken":7,"skipped":0,"passed":11,"unknown":0,"total":18},"items":[{"uid":"4610dcfb1cafce1d","reportUrl":"https://allegro.github.io/hermes/2236//#testresult/4610dcfb1cafce1d","status":"passed","time":{"start":1731948270669,"stop":1731948271761,"duration":1092}},{"uid":"b3403fbefc20dcf9","reportUrl":"https://allegro.github.io/hermes/2207//#testresult/b3403fbefc20dcf9","status":"passed","time":{"start":1731080386578,"stop":1731080387667,"duration":1089}},{"uid":"777bb1592b280111","reportUrl":"https://allegro.github.io/hermes/2201//#testresult/777bb1592b280111","status":"passed","time":{"start":1731068913643,"stop":1731068914740,"duration":1097}},{"uid":"8b100b017a89bab8","reportUrl":"https://allegro.github.io/hermes/2198//#testresult/8b100b017a89bab8","status":"broken","statusDetails":"Assertion condition defined as a Lambda expression in pl.allegro.tech.hermes.test.helper.client.integration.FrontendTestClient Status expected:<201 CREATED> but was:<404 NOT_FOUND> within 10 seconds.","time":{"start":1730979704039,"stop":1730979714485,"duration":10446}},{"uid":"b3c768df0074d0b5","reportUrl":"https://allegro.github.io/hermes/2150//#testresult/b3c768df0074d0b5","status":"broken","statusDetails":"Assertion condition defined as a Lambda expression in pl.allegro.tech.hermes.test.helper.client.integration.FrontendTestClient Status expected:<201 CREATED> but was:<404 NOT_FOUND> within 10 seconds.","time":{"start":1728893908500,"stop":1728893918868,"duration":10368}},{"uid":"50be5fb5eb6ab1aa","reportUrl":"https://allegro.github.io/hermes/2146//#testresult/50be5fb5eb6ab1aa","status":"passed","time":{"start":1728464650725,"stop":1728464651806,"duration":1081}},{"uid":"46455bab20dd7134","reportUrl":"https://allegro.github.io/hermes/2144//#testresult/46455bab20dd7134","status":"passed","time":{"start":1728127111326,"stop":1728127112408,"duration":1082}},{"uid":"a5d95a15a9f5fc11","reportUrl":"https://allegro.github.io/hermes/2140//#testresult/a5d95a15a9f5fc11","status":"broken","statusDetails":"Assertion condition defined as a Lambda expression in pl.allegro.tech.hermes.test.helper.client.integration.FrontendTestClient Status expected:<201 CREATED> but was:<404 NOT_FOUND> within 10 seconds.","time":{"start":1728041851838,"stop":1728041862297,"duration":10459}},{"uid":"35e755ecfc6bac11","reportUrl":"https://allegro.github.io/hermes/2136//#testresult/35e755ecfc6bac11","status":"passed","time":{"start":1728031024594,"stop":1728031025700,"duration":1106}},{"uid":"280bb53993971a30","reportUrl":"https://allegro.github.io/hermes/2128//#testresult/280bb53993971a30","status":"passed","time":{"start":1727094681001,"stop":1727094682287,"duration":1286}},{"uid":"b41965a9a4bac43d","reportUrl":"https://allegro.github.io/hermes/2125//#testresult/b41965a9a4bac43d","status":"broken","statusDetails":"Assertion condition defined as a Lambda expression in pl.allegro.tech.hermes.test.helper.client.integration.FrontendTestClient Status expected:<201 CREATED> but was:<404 NOT_FOUND> within 10 seconds.","time":{"start":1726731204266,"stop":1726731214662,"duration":10396}},{"uid":"940ab5ba898adc56","reportUrl":"https://allegro.github.io/hermes/2094//#testresult/940ab5ba898adc56","status":"broken","statusDetails":"Assertion condition defined as a Lambda expression in pl.allegro.tech.hermes.test.helper.client.integration.FrontendTestClient Status expected:<201 CREATED> but was:<404 NOT_FOUND> within 10 seconds.","time":{"start":1724941137961,"stop":1724941148422,"duration":10461}},{"uid":"f934734e94d47923","reportUrl":"https://allegro.github.io/hermes/2095//#testresult/f934734e94d47923","status":"passed","time":{"start":1724941232690,"stop":1724941233795,"duration":1105}},{"uid":"2dc4b89e15c13517","reportUrl":"https://allegro.github.io/hermes/2093//#testresult/2dc4b89e15c13517","status":"passed","time":{"start":1724940566995,"stop":1724940568093,"duration":1098}},{"uid":"2d6d2db135bc0355","reportUrl":"https://allegro.github.io/hermes/2091//#testresult/2d6d2db135bc0355","status":"broken","statusDetails":"Assertion condition defined as a Lambda expression in pl.allegro.tech.hermes.test.helper.client.integration.FrontendTestClient Status expected:<201 CREATED> but was:<404 NOT_FOUND> within 10 seconds.","time":{"start":1724938896557,"stop":1724938906936,"duration":10379}},{"uid":"a409aa97145375a7","reportUrl":"https://allegro.github.io/hermes/2092//#testresult/a409aa97145375a7","status":"passed","time":{"start":1724938659246,"stop":1724938660363,"duration":1117}},{"uid":"8ac0fb713ae62af3","reportUrl":"https://allegro.github.io/hermes/2090//#testresult/8ac0fb713ae62af3","status":"passed","time":{"start":1724856518963,"stop":1724856520055,"duration":1092}}]},"tags":[]},"source":"d37871103f80743.json","parameterValues":[]}