{"uid":"2bed50c616d76169","name":"shouldMoveOffsetsToTheEnd()","fullName":"pl.allegro.tech.hermes.integrationtests.management.SubscriptionManagementTest.shouldMoveOffsetsToTheEnd","historyId":"d82c7151bd7a1b6500845315136f95eb","time":{"start":1732179851683,"stop":1732179862659,"duration":10976},"description":"","status":"broken","statusMessage":"Assertion condition defined as a Lambda expression in pl.allegro.tech.hermes.test.helper.client.integration.FrontendTestClient Status expected:<201 CREATED> but was:<404 NOT_FOUND> within 10 seconds.","statusTrace":"org.awaitility.core.ConditionTimeoutException: Assertion condition defined as a Lambda expression in pl.allegro.tech.hermes.test.helper.client.integration.FrontendTestClient Status expected:<201 CREATED> but was:<404 NOT_FOUND> within 10 seconds.\n\tat org.awaitility.core.ConditionAwaiter.await(ConditionAwaiter.java:167)\n\tat org.awaitility.core.AssertionCondition.await(AssertionCondition.java:119)\n\tat org.awaitility.core.AssertionCondition.await(AssertionCondition.java:31)\n\tat org.awaitility.core.ConditionFactory.until(ConditionFactory.java:1006)\n\tat org.awaitility.core.ConditionFactory.untilAsserted(ConditionFactory.java:790)\n\tat pl.allegro.tech.hermes.test.helper.client.integration.FrontendTestClient.publishUntilSuccess(FrontendTestClient.java:51)\n\tat pl.allegro.tech.hermes.test.helper.client.integration.HermesTestClient.publishUntilSuccess(HermesTestClient.java:209)\n\tat pl.allegro.tech.hermes.integrationtests.management.SubscriptionManagementTest.lambda$shouldMoveOffsetsToTheEnd$2(SubscriptionManagementTest.java:781)\n\tat java.base/java.lang.Iterable.forEach(Iterable.java:75)\n\tat pl.allegro.tech.hermes.integrationtests.management.SubscriptionManagementTest.shouldMoveOffsetsToTheEnd(SubscriptionManagementTest.java:779)\n\tat java.base/java.lang.reflect.Method.invoke(Method.java:580)\n\tat java.base/java.util.ArrayList.forEach(ArrayList.java:1596)\n\tat java.base/java.util.ArrayList.forEach(ArrayList.java:1596)\nCaused by: java.lang.AssertionError: Status expected:<201 CREATED> but was:<404 NOT_FOUND>\n\tat org.springframework.test.util.AssertionErrors.fail(AssertionErrors.java:59)\n\tat org.springframework.test.util.AssertionErrors.assertEquals(AssertionErrors.java:122)\n\tat org.springframework.test.web.reactive.server.StatusAssertions.lambda$assertStatusAndReturn$4(StatusAssertions.java:236)\n\tat org.springframework.test.web.reactive.server.ExchangeResult.assertWithDiagnostics(ExchangeResult.java:222)\n\tat org.springframework.test.web.reactive.server.StatusAssertions.assertStatusAndReturn(StatusAssertions.java:236)\n\tat org.springframework.test.web.reactive.server.StatusAssertions.isCreated(StatusAssertions.java:75)\n\tat pl.allegro.tech.hermes.test.helper.client.integration.FrontendTestClient.lambda$publishUntilSuccess$1(FrontendTestClient.java:54)\n\tat org.awaitility.core.AssertionCondition.lambda$new$0(AssertionCondition.java:53)\n\tat org.awaitility.core.ConditionAwaiter$ConditionPoller.call(ConditionAwaiter.java:248)\n\tat org.awaitility.core.ConditionAwaiter$ConditionPoller.call(ConditionAwaiter.java:235)\n\tat java.base/java.util.concurrent.FutureTask.run(FutureTask.java:317)\n\tat java.base/java.util.concurrent.ThreadPoolExecutor.runWorker(ThreadPoolExecutor.java:1144)\n\tat java.base/java.util.concurrent.ThreadPoolExecutor$Worker.run(ThreadPoolExecutor.java:642)\n\tat java.base/java.lang.Thread.run(Thread.java:1583)\n","flaky":false,"newFailed":false,"newBroken":true,"newPassed":false,"retriesCount":0,"retriesStatusChange":false,"beforeStages":[],"afterStages":[],"labels":[{"name":"junit.platform.uniqueid","value":"[engine:junit-jupiter]/[class:pl.allegro.tech.hermes.integrationtests.management.SubscriptionManagementTest]/[method:shouldMoveOffsetsToTheEnd()]"},{"name":"host","value":"fv-az1980-820"},{"name":"thread","value":"2722@fv-az1980-820.Test worker(1)"},{"name":"framework","value":"junit-platform"},{"name":"language","value":"java"},{"name":"package","value":"pl.allegro.tech.hermes.integrationtests.management.SubscriptionManagementTest"},{"name":"testClass","value":"pl.allegro.tech.hermes.integrationtests.management.SubscriptionManagementTest"},{"name":"testMethod","value":"shouldMoveOffsetsToTheEnd"},{"name":"suite","value":"pl.allegro.tech.hermes.integrationtests.management.SubscriptionManagementTest"},{"name":"resultFormat","value":"allure2"}],"parameters":[],"links":[],"hidden":false,"retry":false,"extra":{"severity":"normal","retries":[],"categories":[{"name":"Test defects","matchedStatuses":[],"flaky":false}],"history":{"statistic":{"failed":0,"broken":6,"skipped":0,"passed":15,"unknown":0,"total":21},"items":[{"uid":"4dc516bf7a499363","reportUrl":"https://allegro.github.io/hermes/2270//#testresult/4dc516bf7a499363","status":"passed","time":{"start":1732177690214,"stop":1732177692934,"duration":2720}},{"uid":"d28e93b9efbd0727","reportUrl":"https://allegro.github.io/hermes/2238//#testresult/d28e93b9efbd0727","status":"passed","time":{"start":1732119731895,"stop":1732119734616,"duration":2721}},{"uid":"23235b470583e109","reportUrl":"https://allegro.github.io/hermes/2238//#testresult/23235b470583e109","status":"broken","statusDetails":"Assertion condition defined as a Lambda expression in pl.allegro.tech.hermes.test.helper.client.integration.HermesInitHelper \nexpected: ACTIVE\n but was: PENDING within 10 seconds.","time":{"start":1732013818288,"stop":1732013828614,"duration":10326}},{"uid":"3f682da7088675a3","reportUrl":"https://allegro.github.io/hermes/2236//#testresult/3f682da7088675a3","status":"passed","time":{"start":1731948352782,"stop":1731948355471,"duration":2689}},{"uid":"bb8f3ef2006d49f7","reportUrl":"https://allegro.github.io/hermes/2207//#testresult/bb8f3ef2006d49f7","status":"passed","time":{"start":1731080467657,"stop":1731080470372,"duration":2715}},{"uid":"9781ce11034fe72","reportUrl":"https://allegro.github.io/hermes/2201//#testresult/9781ce11034fe72","status":"passed","time":{"start":1731068994990,"stop":1731068997321,"duration":2331}},{"uid":"f787f04d66595c7a","reportUrl":"https://allegro.github.io/hermes/2198//#testresult/f787f04d66595c7a","status":"broken","statusDetails":"Assertion condition defined as a Lambda expression in pl.allegro.tech.hermes.test.helper.client.integration.HermesInitHelper \nexpected: ACTIVE\n but was: PENDING within 10 seconds.","time":{"start":1730979958206,"stop":1730979968544,"duration":10338}},{"uid":"282916513ec55b3a","reportUrl":"https://allegro.github.io/hermes/2150//#testresult/282916513ec55b3a","status":"broken","statusDetails":"Assertion condition defined as a Lambda expression in pl.allegro.tech.hermes.test.helper.client.integration.HermesInitHelper \nexpected: ACTIVE\n but was: PENDING within 10 seconds.","time":{"start":1728894241775,"stop":1728894252059,"duration":10284}},{"uid":"7f12d64fd7321743","reportUrl":"https://allegro.github.io/hermes/2146//#testresult/7f12d64fd7321743","status":"passed","time":{"start":1728464732110,"stop":1728464734481,"duration":2371}},{"uid":"68bd5e4ad8f51877","reportUrl":"https://allegro.github.io/hermes/2144//#testresult/68bd5e4ad8f51877","status":"passed","time":{"start":1728127193493,"stop":1728127196271,"duration":2778}},{"uid":"a2a78e3c3673a9c0","reportUrl":"https://allegro.github.io/hermes/2140//#testresult/a2a78e3c3673a9c0","status":"broken","statusDetails":"Assertion condition defined as a Lambda expression in pl.allegro.tech.hermes.test.helper.client.integration.HermesInitHelper \nexpected: ACTIVE\n but was: PENDING within 10 seconds.","time":{"start":1728042115953,"stop":1728042126229,"duration":10276}},{"uid":"17d00d01b63d5310","reportUrl":"https://allegro.github.io/hermes/2136//#testresult/17d00d01b63d5310","status":"passed","time":{"start":1728031106515,"stop":1728031109000,"duration":2485}},{"uid":"35a81ea9d771b447","reportUrl":"https://allegro.github.io/hermes/2128//#testresult/35a81ea9d771b447","status":"passed","time":{"start":1727094782731,"stop":1727094785480,"duration":2749}},{"uid":"dbf2df0103a54b06","reportUrl":"https://allegro.github.io/hermes/2125//#testresult/dbf2df0103a54b06","status":"passed","time":{"start":1726731391041,"stop":1726731393773,"duration":2732}},{"uid":"2435ee244bc468f2","reportUrl":"https://allegro.github.io/hermes/2094//#testresult/2435ee244bc468f2","status":"broken","statusDetails":"Assertion condition defined as a Lambda expression in pl.allegro.tech.hermes.test.helper.client.integration.HermesInitHelper \nexpected: ACTIVE\n but was: PENDING within 10 seconds.","time":{"start":1724941470495,"stop":1724941480755,"duration":10260}},{"uid":"ca3cd168665bcf37","reportUrl":"https://allegro.github.io/hermes/2095//#testresult/ca3cd168665bcf37","status":"passed","time":{"start":1724941314852,"stop":1724941317547,"duration":2695}},{"uid":"ab522f9afef392de","reportUrl":"https://allegro.github.io/hermes/2093//#testresult/ab522f9afef392de","status":"passed","time":{"start":1724940648094,"stop":1724940650798,"duration":2704}},{"uid":"6d5ecf1cdcf73358","reportUrl":"https://allegro.github.io/hermes/2091//#testresult/6d5ecf1cdcf73358","status":"passed","time":{"start":1724939090718,"stop":1724939093401,"duration":2683}},{"uid":"2bc2a1de45ea833a","reportUrl":"https://allegro.github.io/hermes/2092//#testresult/2bc2a1de45ea833a","status":"passed","time":{"start":1724938741335,"stop":1724938743782,"duration":2447}},{"uid":"b413af223abd42c0","reportUrl":"https://allegro.github.io/hermes/2090//#testresult/b413af223abd42c0","status":"passed","time":{"start":1724856601110,"stop":1724856603904,"duration":2794}}]},"tags":[]},"source":"2bed50c616d76169.json","parameterValues":[]}