{"uid":"28a57256fd6ae123","name":"shouldReturn429ForQuotaViolation()","fullName":"pl.allegro.tech.hermes.integrationtests.PublishingTest.shouldReturn429ForQuotaViolation","historyId":"e386e41db5008f2905d87e1128723c94","time":{"start":1724938780727,"stop":1724938791077,"duration":10350},"description":"","status":"broken","statusMessage":"Assertion condition defined as a Lambda expression in pl.allegro.tech.hermes.test.helper.client.integration.FrontendTestClient Status expected:<429 TOO_MANY_REQUESTS> but was:<404 NOT_FOUND> within 10 seconds.","statusTrace":"org.awaitility.core.ConditionTimeoutException: Assertion condition defined as a Lambda expression in pl.allegro.tech.hermes.test.helper.client.integration.FrontendTestClient Status expected:<429 TOO_MANY_REQUESTS> but was:<404 NOT_FOUND> within 10 seconds.\n\tat org.awaitility.core.ConditionAwaiter.await(ConditionAwaiter.java:167)\n\tat org.awaitility.core.AssertionCondition.await(AssertionCondition.java:119)\n\tat org.awaitility.core.AssertionCondition.await(AssertionCondition.java:31)\n\tat org.awaitility.core.ConditionFactory.until(ConditionFactory.java:1006)\n\tat org.awaitility.core.ConditionFactory.untilAsserted(ConditionFactory.java:790)\n\tat pl.allegro.tech.hermes.test.helper.client.integration.FrontendTestClient.publishUntilStatus(FrontendTestClient.java:107)\n\tat pl.allegro.tech.hermes.test.helper.client.integration.HermesTestClient.publishUntilStatus(HermesTestClient.java:174)\n\tat pl.allegro.tech.hermes.integrationtests.PublishingTest.shouldReturn429ForQuotaViolation(PublishingTest.java:26)\n\tat java.base/java.lang.reflect.Method.invoke(Method.java:569)\n\tat java.base/java.util.ArrayList.forEach(ArrayList.java:1511)\n\tat java.base/java.util.ArrayList.forEach(ArrayList.java:1511)\nCaused by: java.lang.AssertionError: Status expected:<429 TOO_MANY_REQUESTS> but was:<404 NOT_FOUND>\n\tat org.springframework.test.util.AssertionErrors.fail(AssertionErrors.java:59)\n\tat org.springframework.test.util.AssertionErrors.assertEquals(AssertionErrors.java:122)\n\tat org.springframework.test.web.reactive.server.StatusAssertions.lambda$isEqualTo$0(StatusAssertions.java:53)\n\tat org.springframework.test.web.reactive.server.ExchangeResult.assertWithDiagnostics(ExchangeResult.java:222)\n\tat org.springframework.test.web.reactive.server.StatusAssertions.isEqualTo(StatusAssertions.java:53)\n\tat org.springframework.test.web.reactive.server.StatusAssertions.isEqualTo(StatusAssertions.java:61)\n\tat pl.allegro.tech.hermes.test.helper.client.integration.FrontendTestClient.lambda$publishUntilStatus$5(FrontendTestClient.java:109)\n\tat org.awaitility.core.AssertionCondition.lambda$new$0(AssertionCondition.java:53)\n\tat org.awaitility.core.ConditionAwaiter$ConditionPoller.call(ConditionAwaiter.java:248)\n\tat org.awaitility.core.ConditionAwaiter$ConditionPoller.call(ConditionAwaiter.java:235)\n\tat java.base/java.util.concurrent.FutureTask.run(FutureTask.java:264)\n\tat java.base/java.util.concurrent.ThreadPoolExecutor.runWorker(ThreadPoolExecutor.java:1136)\n\tat java.base/java.util.concurrent.ThreadPoolExecutor$Worker.run(ThreadPoolExecutor.java:635)\n\tat java.base/java.lang.Thread.run(Thread.java:840)\n","flaky":false,"newFailed":false,"newBroken":true,"newPassed":false,"retriesCount":0,"retriesStatusChange":false,"beforeStages":[],"afterStages":[],"labels":[{"name":"junit.platform.uniqueid","value":"[engine:junit-jupiter]/[class:pl.allegro.tech.hermes.integrationtests.PublishingTest]/[method:shouldReturn429ForQuotaViolation()]"},{"name":"host","value":"fv-az1118-508"},{"name":"thread","value":"2776@fv-az1118-508.Test worker(1)"},{"name":"framework","value":"junit-platform"},{"name":"language","value":"java"},{"name":"package","value":"pl.allegro.tech.hermes.integrationtests.PublishingTest"},{"name":"testClass","value":"pl.allegro.tech.hermes.integrationtests.PublishingTest"},{"name":"testMethod","value":"shouldReturn429ForQuotaViolation"},{"name":"suite","value":"pl.allegro.tech.hermes.integrationtests.PublishingTest"},{"name":"resultFormat","value":"allure2"}],"parameters":[],"links":[],"hidden":false,"retry":false,"extra":{"severity":"normal","retries":[],"categories":[{"name":"Test defects","matchedStatuses":[],"flaky":false}],"history":{"statistic":{"failed":0,"broken":1,"skipped":0,"passed":2,"unknown":0,"total":3},"items":[{"uid":"eb3c948cfb964c3b","reportUrl":"https://allegro.github.io/hermes/2092//#testresult/eb3c948cfb964c3b","status":"passed","time":{"start":1724938582839,"stop":1724938588048,"duration":5209}},{"uid":"f945380d4203d070","reportUrl":"https://allegro.github.io/hermes/2090//#testresult/f945380d4203d070","status":"passed","time":{"start":1724856443834,"stop":1724856449016,"duration":5182}}]},"tags":[]},"source":"28a57256fd6ae123.json","parameterValues":[]}