{"uid":"1ee151bd1bd55bca","name":"shouldUseExplicitSchemaVersionWhenPublishingAndConsumingWithLowercaseHeader()","fullName":"pl.allegro.tech.hermes.integrationtests.PublishingAvroTest.shouldUseExplicitSchemaVersionWhenPublishingAndConsumingWithLowercaseHeader","historyId":"147b0ead6b39f0300fed8d75a221102b","time":{"start":1724940909788,"stop":1724940920938,"duration":11150},"description":"","status":"broken","statusMessage":"Assertion condition defined as a Lambda expression in pl.allegro.tech.hermes.test.helper.client.integration.FrontendTestClient Status expected:<201 CREATED> but was:<404 NOT_FOUND> within 10 seconds.","statusTrace":"org.awaitility.core.ConditionTimeoutException: Assertion condition defined as a Lambda expression in pl.allegro.tech.hermes.test.helper.client.integration.FrontendTestClient Status expected:<201 CREATED> but was:<404 NOT_FOUND> within 10 seconds.\n\tat org.awaitility.core.ConditionAwaiter.await(ConditionAwaiter.java:167)\n\tat org.awaitility.core.AssertionCondition.await(AssertionCondition.java:119)\n\tat org.awaitility.core.AssertionCondition.await(AssertionCondition.java:31)\n\tat org.awaitility.core.ConditionFactory.until(ConditionFactory.java:1006)\n\tat org.awaitility.core.ConditionFactory.untilAsserted(ConditionFactory.java:790)\n\tat pl.allegro.tech.hermes.test.helper.client.integration.FrontendTestClient.publishAvroUntilSuccess(FrontendTestClient.java:97)\n\tat pl.allegro.tech.hermes.test.helper.client.integration.HermesTestClient.publishAvroUntilSuccess(HermesTestClient.java:190)\n\tat pl.allegro.tech.hermes.integrationtests.PublishingAvroTest.shouldUseExplicitSchemaVersionWhenPublishingAndConsumingWithLowercaseHeader(PublishingAvroTest.java:422)\n\tat java.base/java.lang.reflect.Method.invoke(Method.java:569)\n\tat java.base/java.util.ArrayList.forEach(ArrayList.java:1511)\n\tat java.base/java.util.ArrayList.forEach(ArrayList.java:1511)\nCaused by: java.lang.AssertionError: Status expected:<201 CREATED> but was:<404 NOT_FOUND>\n\tat org.springframework.test.util.AssertionErrors.fail(AssertionErrors.java:59)\n\tat org.springframework.test.util.AssertionErrors.assertEquals(AssertionErrors.java:122)\n\tat org.springframework.test.web.reactive.server.StatusAssertions.lambda$assertStatusAndReturn$4(StatusAssertions.java:236)\n\tat org.springframework.test.web.reactive.server.ExchangeResult.assertWithDiagnostics(ExchangeResult.java:222)\n\tat org.springframework.test.web.reactive.server.StatusAssertions.assertStatusAndReturn(StatusAssertions.java:236)\n\tat org.springframework.test.web.reactive.server.StatusAssertions.isCreated(StatusAssertions.java:75)\n\tat pl.allegro.tech.hermes.test.helper.client.integration.FrontendTestClient.lambda$publishAvroUntilSuccess$4(FrontendTestClient.java:99)\n\tat org.awaitility.core.AssertionCondition.lambda$new$0(AssertionCondition.java:53)\n\tat org.awaitility.core.ConditionAwaiter$ConditionPoller.call(ConditionAwaiter.java:248)\n\tat org.awaitility.core.ConditionAwaiter$ConditionPoller.call(ConditionAwaiter.java:235)\n\tat java.base/java.util.concurrent.FutureTask.run(FutureTask.java:264)\n\tat java.base/java.util.concurrent.ThreadPoolExecutor.runWorker(ThreadPoolExecutor.java:1136)\n\tat java.base/java.util.concurrent.ThreadPoolExecutor$Worker.run(ThreadPoolExecutor.java:635)\n\tat java.base/java.lang.Thread.run(Thread.java:840)\n","flaky":false,"newFailed":false,"newBroken":true,"newPassed":false,"retriesCount":0,"retriesStatusChange":false,"beforeStages":[],"afterStages":[],"labels":[{"name":"junit.platform.uniqueid","value":"[engine:junit-jupiter]/[class:pl.allegro.tech.hermes.integrationtests.PublishingAvroTest]/[method:shouldUseExplicitSchemaVersionWhenPublishingAndConsumingWithLowercaseHeader()]"},{"name":"host","value":"fv-az1424-965"},{"name":"thread","value":"2746@fv-az1424-965.Test worker(1)"},{"name":"framework","value":"junit-platform"},{"name":"language","value":"java"},{"name":"package","value":"pl.allegro.tech.hermes.integrationtests.PublishingAvroTest"},{"name":"testClass","value":"pl.allegro.tech.hermes.integrationtests.PublishingAvroTest"},{"name":"testMethod","value":"shouldUseExplicitSchemaVersionWhenPublishingAndConsumingWithLowercaseHeader"},{"name":"suite","value":"pl.allegro.tech.hermes.integrationtests.PublishingAvroTest"},{"name":"resultFormat","value":"allure2"}],"parameters":[],"links":[],"hidden":false,"retry":false,"extra":{"severity":"normal","retries":[],"categories":[{"name":"Test defects","matchedStatuses":[],"flaky":false}],"history":{"statistic":{"failed":0,"broken":2,"skipped":0,"passed":4,"unknown":0,"total":6},"items":[{"uid":"597224d0276910d1","reportUrl":"https://allegro.github.io/hermes/2095//#testresult/597224d0276910d1","status":"passed","time":{"start":1724941141261,"stop":1724941142385,"duration":1124}},{"uid":"a5236f4e84b2e7eb","reportUrl":"https://allegro.github.io/hermes/2093//#testresult/a5236f4e84b2e7eb","status":"passed","time":{"start":1724940475600,"stop":1724940476820,"duration":1220}},{"uid":"93acfcb836f37168","reportUrl":"https://allegro.github.io/hermes/2091//#testresult/93acfcb836f37168","status":"broken","statusDetails":"Assertion condition defined as a Lambda expression in pl.allegro.tech.hermes.test.helper.client.integration.FrontendTestClient Status expected:<201 CREATED> but was:<404 NOT_FOUND> within 10 seconds.","time":{"start":1724938714385,"stop":1724938725549,"duration":11164}},{"uid":"294a53c362065647","reportUrl":"https://allegro.github.io/hermes/2092//#testresult/294a53c362065647","status":"passed","time":{"start":1724938576716,"stop":1724938577849,"duration":1133}},{"uid":"e0dc16c0d88995eb","reportUrl":"https://allegro.github.io/hermes/2090//#testresult/e0dc16c0d88995eb","status":"passed","time":{"start":1724856437724,"stop":1724856438844,"duration":1120}}]},"tags":[]},"source":"1ee151bd1bd55bca.json","parameterValues":[]}