{"uid":"3e202878d3a04b54","name":"shouldPublishJsonIncompatibleWithSchemaWhileJsonToAvroDryRunModeIsEnabled()","fullName":"pl.allegro.tech.hermes.integrationtests.PublishingAvroTest.shouldPublishJsonIncompatibleWithSchemaWhileJsonToAvroDryRunModeIsEnabled","historyId":"42d661d1d4029ea9f160818b381cb9f5","time":{"start":1724940953902,"stop":1724940965013,"duration":11111},"description":"","status":"broken","statusMessage":"Assertion condition defined as a Lambda expression in pl.allegro.tech.hermes.test.helper.client.integration.FrontendTestClient Status expected:<201 CREATED> but was:<404 NOT_FOUND> within 10 seconds.","statusTrace":"org.awaitility.core.ConditionTimeoutException: Assertion condition defined as a Lambda expression in pl.allegro.tech.hermes.test.helper.client.integration.FrontendTestClient Status expected:<201 CREATED> but was:<404 NOT_FOUND> within 10 seconds.\n\tat org.awaitility.core.ConditionAwaiter.await(ConditionAwaiter.java:167)\n\tat org.awaitility.core.AssertionCondition.await(AssertionCondition.java:119)\n\tat org.awaitility.core.AssertionCondition.await(AssertionCondition.java:31)\n\tat org.awaitility.core.ConditionFactory.until(ConditionFactory.java:1006)\n\tat org.awaitility.core.ConditionFactory.untilAsserted(ConditionFactory.java:790)\n\tat pl.allegro.tech.hermes.test.helper.client.integration.FrontendTestClient.publishJSONUntilSuccess(FrontendTestClient.java:83)\n\tat pl.allegro.tech.hermes.test.helper.client.integration.HermesTestClient.publishJSONUntilSuccess(HermesTestClient.java:182)\n\tat pl.allegro.tech.hermes.integrationtests.PublishingAvroTest.shouldPublishJsonIncompatibleWithSchemaWhileJsonToAvroDryRunModeIsEnabled(PublishingAvroTest.java:312)\n\tat java.base/java.lang.reflect.Method.invoke(Method.java:569)\n\tat java.base/java.util.ArrayList.forEach(ArrayList.java:1511)\n\tat java.base/java.util.ArrayList.forEach(ArrayList.java:1511)\nCaused by: java.lang.AssertionError: Status expected:<201 CREATED> but was:<404 NOT_FOUND>\n\tat org.springframework.test.util.AssertionErrors.fail(AssertionErrors.java:59)\n\tat org.springframework.test.util.AssertionErrors.assertEquals(AssertionErrors.java:122)\n\tat org.springframework.test.web.reactive.server.StatusAssertions.lambda$assertStatusAndReturn$4(StatusAssertions.java:236)\n\tat org.springframework.test.web.reactive.server.ExchangeResult.assertWithDiagnostics(ExchangeResult.java:222)\n\tat org.springframework.test.web.reactive.server.StatusAssertions.assertStatusAndReturn(StatusAssertions.java:236)\n\tat org.springframework.test.web.reactive.server.StatusAssertions.isCreated(StatusAssertions.java:75)\n\tat pl.allegro.tech.hermes.test.helper.client.integration.FrontendTestClient.lambda$publishJSONUntilSuccess$3(FrontendTestClient.java:85)\n\tat org.awaitility.core.AssertionCondition.lambda$new$0(AssertionCondition.java:53)\n\tat org.awaitility.core.ConditionAwaiter$ConditionPoller.call(ConditionAwaiter.java:248)\n\tat org.awaitility.core.ConditionAwaiter$ConditionPoller.call(ConditionAwaiter.java:235)\n\tat java.base/java.util.concurrent.FutureTask.run(FutureTask.java:264)\n\tat java.base/java.util.concurrent.ThreadPoolExecutor.runWorker(ThreadPoolExecutor.java:1136)\n\tat java.base/java.util.concurrent.ThreadPoolExecutor$Worker.run(ThreadPoolExecutor.java:635)\n\tat java.base/java.lang.Thread.run(Thread.java:840)\n","flaky":false,"newFailed":false,"newBroken":true,"newPassed":false,"retriesCount":0,"retriesStatusChange":false,"beforeStages":[],"afterStages":[],"labels":[{"name":"junit.platform.uniqueid","value":"[engine:junit-jupiter]/[class:pl.allegro.tech.hermes.integrationtests.PublishingAvroTest]/[method:shouldPublishJsonIncompatibleWithSchemaWhileJsonToAvroDryRunModeIsEnabled()]"},{"name":"host","value":"fv-az1424-965"},{"name":"thread","value":"2746@fv-az1424-965.Test worker(1)"},{"name":"framework","value":"junit-platform"},{"name":"language","value":"java"},{"name":"package","value":"pl.allegro.tech.hermes.integrationtests.PublishingAvroTest"},{"name":"testClass","value":"pl.allegro.tech.hermes.integrationtests.PublishingAvroTest"},{"name":"testMethod","value":"shouldPublishJsonIncompatibleWithSchemaWhileJsonToAvroDryRunModeIsEnabled"},{"name":"suite","value":"pl.allegro.tech.hermes.integrationtests.PublishingAvroTest"},{"name":"resultFormat","value":"allure2"}],"parameters":[],"links":[],"hidden":false,"retry":false,"extra":{"severity":"normal","retries":[],"categories":[{"name":"Test defects","matchedStatuses":[],"flaky":false}],"history":{"statistic":{"failed":0,"broken":2,"skipped":0,"passed":4,"unknown":0,"total":6},"items":[{"uid":"e3ee6f658b9b5f68","reportUrl":"https://allegro.github.io/hermes/2095//#testresult/e3ee6f658b9b5f68","status":"passed","time":{"start":1724941145246,"stop":1724941146245,"duration":999}},{"uid":"1fc17c2350db9eaf","reportUrl":"https://allegro.github.io/hermes/2093//#testresult/1fc17c2350db9eaf","status":"passed","time":{"start":1724940479579,"stop":1724940480577,"duration":998}},{"uid":"dffee3f74c9fc107","reportUrl":"https://allegro.github.io/hermes/2091//#testresult/dffee3f74c9fc107","status":"broken","statusDetails":"Assertion condition defined as a Lambda expression in pl.allegro.tech.hermes.test.helper.client.integration.FrontendTestClient Status expected:<201 CREATED> but was:<404 NOT_FOUND> within 10 seconds.","time":{"start":1724938758621,"stop":1724938769628,"duration":11007}},{"uid":"edc6543a255d8360","reportUrl":"https://allegro.github.io/hermes/2092//#testresult/edc6543a255d8360","status":"passed","time":{"start":1724938580725,"stop":1724938581726,"duration":1001}},{"uid":"e884133e71efce0b","reportUrl":"https://allegro.github.io/hermes/2090//#testresult/e884133e71efce0b","status":"passed","time":{"start":1724856441660,"stop":1724856442659,"duration":999}}]},"tags":[]},"source":"3e202878d3a04b54.json","parameterValues":[]}