{"uid":"40280aaec9ed7cb1","name":"shouldRespectReadinessStatusSetByAdmin()","fullName":"pl.allegro.tech.hermes.integrationtests.ReadinessCheckTest.shouldRespectReadinessStatusSetByAdmin","historyId":"1f3af919ccea6e0d6c0ed4f05a2155c6","time":{"start":1724941001099,"stop":1724941006162,"duration":5063},"description":"","status":"broken","statusMessage":"Assertion condition defined as a Lambda expression in pl.allegro.tech.hermes.integrationtests.ReadinessCheckTest Range for response status value 200 OK expected:<SERVER_ERROR> but was:<SUCCESSFUL> within 5 seconds.","statusTrace":"org.awaitility.core.ConditionTimeoutException: Assertion condition defined as a Lambda expression in pl.allegro.tech.hermes.integrationtests.ReadinessCheckTest Range for response status value 200 OK expected:<SERVER_ERROR> but was:<SUCCESSFUL> within 5 seconds.\n\tat org.awaitility.core.ConditionAwaiter.await(ConditionAwaiter.java:167)\n\tat org.awaitility.core.AssertionCondition.await(AssertionCondition.java:119)\n\tat org.awaitility.core.AssertionCondition.await(AssertionCondition.java:31)\n\tat org.awaitility.core.ConditionFactory.until(ConditionFactory.java:1006)\n\tat org.awaitility.core.ConditionFactory.untilAsserted(ConditionFactory.java:790)\n\tat pl.allegro.tech.hermes.integrationtests.ReadinessCheckTest.shouldRespectReadinessStatusSetByAdmin(ReadinessCheckTest.java:23)\n\tat java.base/java.lang.reflect.Method.invoke(Method.java:569)\n\tat java.base/java.util.ArrayList.forEach(ArrayList.java:1511)\n\tat java.base/java.util.ArrayList.forEach(ArrayList.java:1511)\nCaused by: java.lang.AssertionError: Range for response status value 200 OK expected:<SERVER_ERROR> but was:<SUCCESSFUL>\n\tat org.springframework.test.util.AssertionErrors.fail(AssertionErrors.java:59)\n\tat org.springframework.test.util.AssertionErrors.assertEquals(AssertionErrors.java:122)\n\tat org.springframework.test.web.reactive.server.StatusAssertions.lambda$assertSeriesAndReturn$5(StatusAssertions.java:244)\n\tat org.springframework.test.web.reactive.server.ExchangeResult.assertWithDiagnostics(ExchangeResult.java:222)\n\tat org.springframework.test.web.reactive.server.StatusAssertions.assertSeriesAndReturn(StatusAssertions.java:243)\n\tat org.springframework.test.web.reactive.server.StatusAssertions.is5xxServerError(StatusAssertions.java:208)\n\tat pl.allegro.tech.hermes.integrationtests.ReadinessCheckTest.lambda$shouldRespectReadinessStatusSetByAdmin$0(ReadinessCheckTest.java:26)\n\tat org.awaitility.core.AssertionCondition.lambda$new$0(AssertionCondition.java:53)\n\tat org.awaitility.core.ConditionAwaiter$ConditionPoller.call(ConditionAwaiter.java:248)\n\tat org.awaitility.core.ConditionAwaiter$ConditionPoller.call(ConditionAwaiter.java:235)\n\tat java.base/java.util.concurrent.FutureTask.run(FutureTask.java:264)\n\tat java.base/java.util.concurrent.ThreadPoolExecutor.runWorker(ThreadPoolExecutor.java:1136)\n\tat java.base/java.util.concurrent.ThreadPoolExecutor$Worker.run(ThreadPoolExecutor.java:635)\n\tat java.base/java.lang.Thread.run(Thread.java:840)\n","flaky":false,"newFailed":false,"newBroken":true,"newPassed":false,"retriesCount":0,"retriesStatusChange":false,"beforeStages":[],"afterStages":[],"labels":[{"name":"junit.platform.uniqueid","value":"[engine:junit-jupiter]/[class:pl.allegro.tech.hermes.integrationtests.ReadinessCheckTest]/[method:shouldRespectReadinessStatusSetByAdmin()]"},{"name":"host","value":"fv-az1424-965"},{"name":"thread","value":"2746@fv-az1424-965.Test worker(1)"},{"name":"framework","value":"junit-platform"},{"name":"language","value":"java"},{"name":"package","value":"pl.allegro.tech.hermes.integrationtests.ReadinessCheckTest"},{"name":"testClass","value":"pl.allegro.tech.hermes.integrationtests.ReadinessCheckTest"},{"name":"testMethod","value":"shouldRespectReadinessStatusSetByAdmin"},{"name":"suite","value":"pl.allegro.tech.hermes.integrationtests.ReadinessCheckTest"},{"name":"resultFormat","value":"allure2"}],"parameters":[],"links":[],"hidden":false,"retry":false,"extra":{"severity":"normal","retries":[],"categories":[{"name":"Test defects","matchedStatuses":[],"flaky":false}],"history":{"statistic":{"failed":0,"broken":2,"skipped":0,"passed":4,"unknown":0,"total":6},"items":[{"uid":"2337f28b234144e0","reportUrl":"https://allegro.github.io/hermes/2095//#testresult/2337f28b234144e0","status":"passed","time":{"start":1724941163405,"stop":1724941164654,"duration":1249}},{"uid":"4e8fce23a80f4d8e","reportUrl":"https://allegro.github.io/hermes/2093//#testresult/4e8fce23a80f4d8e","status":"passed","time":{"start":1724940497769,"stop":1724940498919,"duration":1150}},{"uid":"2be79b901aef8c47","reportUrl":"https://allegro.github.io/hermes/2091//#testresult/2be79b901aef8c47","status":"broken","statusDetails":"Assertion condition defined as a Lambda expression in pl.allegro.tech.hermes.integrationtests.ReadinessCheckTest Range for response status value 200 OK expected:<SERVER_ERROR> but was:<SUCCESSFUL> within 5 seconds.","time":{"start":1724938805761,"stop":1724938810842,"duration":5081}},{"uid":"5c5d2e1d3a2114f1","reportUrl":"https://allegro.github.io/hermes/2092//#testresult/5c5d2e1d3a2114f1","status":"passed","time":{"start":1724938598974,"stop":1724938600531,"duration":1557}},{"uid":"a3f78cec6216a329","reportUrl":"https://allegro.github.io/hermes/2090//#testresult/a3f78cec6216a329","status":"passed","time":{"start":1724856459954,"stop":1724856461092,"duration":1138}}]},"tags":[]},"source":"40280aaec9ed7cb1.json","parameterValues":[]}