{"uid":"577d0e3cd8e4f5e3","name":"shouldPublishAvroEncodedJsonMessageConvertedToAvroForAvroTopics()","fullName":"pl.allegro.tech.hermes.integrationtests.PublishingAvroTest.shouldPublishAvroEncodedJsonMessageConvertedToAvroForAvroTopics","historyId":"9804e036ce9584e98bb4be1170668e93","time":{"start":1724940888755,"stop":1724940899033,"duration":10278},"description":"","status":"broken","statusMessage":"Assertion condition defined as a Lambda expression in pl.allegro.tech.hermes.test.helper.client.integration.FrontendTestClient Status expected:<201 CREATED> but was:<404 NOT_FOUND> within 10 seconds.","statusTrace":"org.awaitility.core.ConditionTimeoutException: Assertion condition defined as a Lambda expression in pl.allegro.tech.hermes.test.helper.client.integration.FrontendTestClient Status expected:<201 CREATED> but was:<404 NOT_FOUND> within 10 seconds.\n\tat org.awaitility.core.ConditionAwaiter.await(ConditionAwaiter.java:167)\n\tat org.awaitility.core.AssertionCondition.await(AssertionCondition.java:119)\n\tat org.awaitility.core.AssertionCondition.await(AssertionCondition.java:31)\n\tat org.awaitility.core.ConditionFactory.until(ConditionFactory.java:1006)\n\tat org.awaitility.core.ConditionFactory.untilAsserted(ConditionFactory.java:790)\n\tat pl.allegro.tech.hermes.test.helper.client.integration.FrontendTestClient.publishUntilSuccess(FrontendTestClient.java:73)\n\tat pl.allegro.tech.hermes.test.helper.client.integration.HermesTestClient.publishUntilSuccess(HermesTestClient.java:178)\n\tat pl.allegro.tech.hermes.integrationtests.PublishingAvroTest.shouldPublishAvroEncodedJsonMessageConvertedToAvroForAvroTopics(PublishingAvroTest.java:216)\n\tat java.base/java.lang.reflect.Method.invoke(Method.java:569)\n\tat java.base/java.util.ArrayList.forEach(ArrayList.java:1511)\n\tat java.base/java.util.ArrayList.forEach(ArrayList.java:1511)\nCaused by: java.lang.AssertionError: Status expected:<201 CREATED> but was:<404 NOT_FOUND>\n\tat org.springframework.test.util.AssertionErrors.fail(AssertionErrors.java:59)\n\tat org.springframework.test.util.AssertionErrors.assertEquals(AssertionErrors.java:122)\n\tat org.springframework.test.web.reactive.server.StatusAssertions.lambda$assertStatusAndReturn$4(StatusAssertions.java:236)\n\tat org.springframework.test.web.reactive.server.ExchangeResult.assertWithDiagnostics(ExchangeResult.java:222)\n\tat org.springframework.test.web.reactive.server.StatusAssertions.assertStatusAndReturn(StatusAssertions.java:236)\n\tat org.springframework.test.web.reactive.server.StatusAssertions.isCreated(StatusAssertions.java:75)\n\tat pl.allegro.tech.hermes.test.helper.client.integration.FrontendTestClient.lambda$publishUntilSuccess$2(FrontendTestClient.java:75)\n\tat org.awaitility.core.AssertionCondition.lambda$new$0(AssertionCondition.java:53)\n\tat org.awaitility.core.ConditionAwaiter$ConditionPoller.call(ConditionAwaiter.java:248)\n\tat org.awaitility.core.ConditionAwaiter$ConditionPoller.call(ConditionAwaiter.java:235)\n\tat java.base/java.util.concurrent.FutureTask.run(FutureTask.java:264)\n\tat java.base/java.util.concurrent.ThreadPoolExecutor.runWorker(ThreadPoolExecutor.java:1136)\n\tat java.base/java.util.concurrent.ThreadPoolExecutor$Worker.run(ThreadPoolExecutor.java:635)\n\tat java.base/java.lang.Thread.run(Thread.java:840)\n","flaky":false,"newFailed":false,"newBroken":true,"newPassed":false,"retriesCount":0,"retriesStatusChange":false,"beforeStages":[],"afterStages":[],"labels":[{"name":"junit.platform.uniqueid","value":"[engine:junit-jupiter]/[class:pl.allegro.tech.hermes.integrationtests.PublishingAvroTest]/[method:shouldPublishAvroEncodedJsonMessageConvertedToAvroForAvroTopics()]"},{"name":"host","value":"fv-az1424-965"},{"name":"thread","value":"2746@fv-az1424-965.Test worker(1)"},{"name":"framework","value":"junit-platform"},{"name":"language","value":"java"},{"name":"package","value":"pl.allegro.tech.hermes.integrationtests.PublishingAvroTest"},{"name":"testClass","value":"pl.allegro.tech.hermes.integrationtests.PublishingAvroTest"},{"name":"testMethod","value":"shouldPublishAvroEncodedJsonMessageConvertedToAvroForAvroTopics"},{"name":"suite","value":"pl.allegro.tech.hermes.integrationtests.PublishingAvroTest"},{"name":"resultFormat","value":"allure2"}],"parameters":[],"links":[],"hidden":false,"retry":false,"extra":{"severity":"normal","retries":[],"categories":[{"name":"Test defects","matchedStatuses":[],"flaky":false}],"history":{"statistic":{"failed":0,"broken":2,"skipped":0,"passed":4,"unknown":0,"total":6},"items":[{"uid":"2252f82d9ff650","reportUrl":"https://allegro.github.io/hermes/2095//#testresult/2252f82d9ff650","status":"passed","time":{"start":1724941139202,"stop":1724941139567,"duration":365}},{"uid":"4f01dfb6e65455f6","reportUrl":"https://allegro.github.io/hermes/2093//#testresult/4f01dfb6e65455f6","status":"passed","time":{"start":1724940473542,"stop":1724940473912,"duration":370}},{"uid":"61a67bbffaaf59e8","reportUrl":"https://allegro.github.io/hermes/2091//#testresult/61a67bbffaaf59e8","status":"broken","statusDetails":"Assertion condition defined as a Lambda expression in pl.allegro.tech.hermes.test.helper.client.integration.FrontendTestClient Status expected:<201 CREATED> but was:<404 NOT_FOUND> within 10 seconds.","time":{"start":1724938693413,"stop":1724938703703,"duration":10290}},{"uid":"b39ffe2dc05ad99e","reportUrl":"https://allegro.github.io/hermes/2092//#testresult/b39ffe2dc05ad99e","status":"passed","time":{"start":1724938574753,"stop":1724938575131,"duration":378}},{"uid":"27505b83259ac4a7","reportUrl":"https://allegro.github.io/hermes/2090//#testresult/27505b83259ac4a7","status":"passed","time":{"start":1724856435688,"stop":1724856436051,"duration":363}}]},"tags":[]},"source":"577d0e3cd8e4f5e3.json","parameterValues":[]}