{"uid":"8dc8b78a1f8e0f95","name":"shouldGetBadRequestForJsonNotMatchingWithAvroSchemaAndAvroContentType()","fullName":"pl.allegro.tech.hermes.integrationtests.PublishingAvroTest.shouldGetBadRequestForJsonNotMatchingWithAvroSchemaAndAvroContentType","historyId":"13f112add3984e9e1d887ca7b9f00fca","time":{"start":1724940822967,"stop":1724940833353,"duration":10386},"description":"","status":"broken","statusMessage":"Assertion condition defined as a Lambda expression in pl.allegro.tech.hermes.integrationtests.PublishingAvroTest Status expected:<400 BAD_REQUEST> but was:<404 NOT_FOUND> within 10 seconds.","statusTrace":"org.awaitility.core.ConditionTimeoutException: Assertion condition defined as a Lambda expression in pl.allegro.tech.hermes.integrationtests.PublishingAvroTest Status expected:<400 BAD_REQUEST> but was:<404 NOT_FOUND> within 10 seconds.\n\tat org.awaitility.core.ConditionAwaiter.await(ConditionAwaiter.java:167)\n\tat org.awaitility.core.AssertionCondition.await(AssertionCondition.java:119)\n\tat org.awaitility.core.AssertionCondition.await(AssertionCondition.java:31)\n\tat org.awaitility.core.ConditionFactory.until(ConditionFactory.java:1006)\n\tat org.awaitility.core.ConditionFactory.untilAsserted(ConditionFactory.java:790)\n\tat pl.allegro.tech.hermes.integrationtests.PublishingAvroTest.shouldGetBadRequestForJsonNotMatchingWithAvroSchemaAndAvroContentType(PublishingAvroTest.java:229)\n\tat java.base/java.lang.reflect.Method.invoke(Method.java:569)\n\tat java.base/java.util.ArrayList.forEach(ArrayList.java:1511)\n\tat java.base/java.util.ArrayList.forEach(ArrayList.java:1511)\nCaused by: java.lang.AssertionError: Status expected:<400 BAD_REQUEST> but was:<404 NOT_FOUND>\n\tat org.springframework.test.util.AssertionErrors.fail(AssertionErrors.java:59)\n\tat org.springframework.test.util.AssertionErrors.assertEquals(AssertionErrors.java:122)\n\tat org.springframework.test.web.reactive.server.StatusAssertions.lambda$assertStatusAndReturn$4(StatusAssertions.java:236)\n\tat org.springframework.test.web.reactive.server.ExchangeResult.assertWithDiagnostics(ExchangeResult.java:222)\n\tat org.springframework.test.web.reactive.server.StatusAssertions.assertStatusAndReturn(StatusAssertions.java:236)\n\tat org.springframework.test.web.reactive.server.StatusAssertions.isBadRequest(StatusAssertions.java:131)\n\tat pl.allegro.tech.hermes.integrationtests.PublishingAvroTest.lambda$shouldGetBadRequestForJsonNotMatchingWithAvroSchemaAndAvroContentType$3(PublishingAvroTest.java:231)\n\tat org.awaitility.core.AssertionCondition.lambda$new$0(AssertionCondition.java:53)\n\tat org.awaitility.core.ConditionAwaiter$ConditionPoller.call(ConditionAwaiter.java:248)\n\tat org.awaitility.core.ConditionAwaiter$ConditionPoller.call(ConditionAwaiter.java:235)\n\tat java.base/java.util.concurrent.FutureTask.run(FutureTask.java:264)\n\tat java.base/java.util.concurrent.ThreadPoolExecutor.runWorker(ThreadPoolExecutor.java:1136)\n\tat java.base/java.util.concurrent.ThreadPoolExecutor$Worker.run(ThreadPoolExecutor.java:635)\n\tat java.base/java.lang.Thread.run(Thread.java:840)\n","flaky":false,"newFailed":false,"newBroken":true,"newPassed":false,"retriesCount":0,"retriesStatusChange":false,"beforeStages":[],"afterStages":[],"labels":[{"name":"junit.platform.uniqueid","value":"[engine:junit-jupiter]/[class:pl.allegro.tech.hermes.integrationtests.PublishingAvroTest]/[method:shouldGetBadRequestForJsonNotMatchingWithAvroSchemaAndAvroContentType()]"},{"name":"host","value":"fv-az1424-965"},{"name":"thread","value":"2746@fv-az1424-965.Test worker(1)"},{"name":"framework","value":"junit-platform"},{"name":"language","value":"java"},{"name":"package","value":"pl.allegro.tech.hermes.integrationtests.PublishingAvroTest"},{"name":"testClass","value":"pl.allegro.tech.hermes.integrationtests.PublishingAvroTest"},{"name":"testMethod","value":"shouldGetBadRequestForJsonNotMatchingWithAvroSchemaAndAvroContentType"},{"name":"suite","value":"pl.allegro.tech.hermes.integrationtests.PublishingAvroTest"},{"name":"resultFormat","value":"allure2"}],"parameters":[],"links":[],"hidden":false,"retry":false,"extra":{"severity":"normal","retries":[],"categories":[{"name":"Test defects","matchedStatuses":[],"flaky":false}],"history":{"statistic":{"failed":0,"broken":2,"skipped":0,"passed":4,"unknown":0,"total":6},"items":[{"uid":"c3c11e2492d531f3","reportUrl":"https://allegro.github.io/hermes/2095//#testresult/c3c11e2492d531f3","status":"passed","time":{"start":1724941123865,"stop":1724941124325,"duration":460}},{"uid":"ac0ca502dce2dd75","reportUrl":"https://allegro.github.io/hermes/2093//#testresult/ac0ca502dce2dd75","status":"passed","time":{"start":1724940457143,"stop":1724940457575,"duration":432}},{"uid":"52bc485ec0656481","reportUrl":"https://allegro.github.io/hermes/2091//#testresult/52bc485ec0656481","status":"broken","statusDetails":"Assertion condition defined as a Lambda expression in pl.allegro.tech.hermes.integrationtests.PublishingAvroTest Status expected:<400 BAD_REQUEST> but was:<404 NOT_FOUND> within 10 seconds.","time":{"start":1724938627987,"stop":1724938638309,"duration":10322}},{"uid":"e5d8de0dcc295aaa","reportUrl":"https://allegro.github.io/hermes/2092//#testresult/e5d8de0dcc295aaa","status":"passed","time":{"start":1724938559702,"stop":1724938560110,"duration":408}},{"uid":"90883e76b1638d79","reportUrl":"https://allegro.github.io/hermes/2090//#testresult/90883e76b1638d79","status":"passed","time":{"start":1724856420288,"stop":1724856420717,"duration":429}}]},"tags":[]},"source":"8dc8b78a1f8e0f95.json","parameterValues":[]}