{"uid":"9c18b5b97d067bc","name":"shouldSendMessageIdHeaderToSubscriber()","fullName":"pl.allegro.tech.hermes.integrationtests.PublishingAvroTest.shouldSendMessageIdHeaderToSubscriber","historyId":"8eecb866d681b019ce49cf1f42e30e9a","time":{"start":1724940920941,"stop":1724940931839,"duration":10898},"description":"","status":"broken","statusMessage":"Assertion condition defined as a Lambda expression in pl.allegro.tech.hermes.test.helper.client.integration.FrontendTestClient Status expected:<201 CREATED> but was:<404 NOT_FOUND> within 10 seconds.","statusTrace":"org.awaitility.core.ConditionTimeoutException: Assertion condition defined as a Lambda expression in pl.allegro.tech.hermes.test.helper.client.integration.FrontendTestClient Status expected:<201 CREATED> but was:<404 NOT_FOUND> within 10 seconds.\n\tat org.awaitility.core.ConditionAwaiter.await(ConditionAwaiter.java:167)\n\tat org.awaitility.core.AssertionCondition.await(AssertionCondition.java:119)\n\tat org.awaitility.core.AssertionCondition.await(AssertionCondition.java:31)\n\tat org.awaitility.core.ConditionFactory.until(ConditionFactory.java:1006)\n\tat org.awaitility.core.ConditionFactory.untilAsserted(ConditionFactory.java:790)\n\tat pl.allegro.tech.hermes.test.helper.client.integration.FrontendTestClient.publishAvroUntilSuccess(FrontendTestClient.java:97)\n\tat pl.allegro.tech.hermes.test.helper.client.integration.HermesTestClient.publishAvroUntilSuccess(HermesTestClient.java:190)\n\tat pl.allegro.tech.hermes.integrationtests.PublishingAvroTest.shouldSendMessageIdHeaderToSubscriber(PublishingAvroTest.java:522)\n\tat java.base/java.lang.reflect.Method.invoke(Method.java:569)\n\tat java.base/java.util.ArrayList.forEach(ArrayList.java:1511)\n\tat java.base/java.util.ArrayList.forEach(ArrayList.java:1511)\nCaused by: java.lang.AssertionError: Status expected:<201 CREATED> but was:<404 NOT_FOUND>\n\tat org.springframework.test.util.AssertionErrors.fail(AssertionErrors.java:59)\n\tat org.springframework.test.util.AssertionErrors.assertEquals(AssertionErrors.java:122)\n\tat org.springframework.test.web.reactive.server.StatusAssertions.lambda$assertStatusAndReturn$4(StatusAssertions.java:236)\n\tat org.springframework.test.web.reactive.server.ExchangeResult.assertWithDiagnostics(ExchangeResult.java:222)\n\tat org.springframework.test.web.reactive.server.StatusAssertions.assertStatusAndReturn(StatusAssertions.java:236)\n\tat org.springframework.test.web.reactive.server.StatusAssertions.isCreated(StatusAssertions.java:75)\n\tat pl.allegro.tech.hermes.test.helper.client.integration.FrontendTestClient.lambda$publishAvroUntilSuccess$4(FrontendTestClient.java:99)\n\tat org.awaitility.core.AssertionCondition.lambda$new$0(AssertionCondition.java:53)\n\tat org.awaitility.core.ConditionAwaiter$ConditionPoller.call(ConditionAwaiter.java:248)\n\tat org.awaitility.core.ConditionAwaiter$ConditionPoller.call(ConditionAwaiter.java:235)\n\tat java.base/java.util.concurrent.FutureTask.run(FutureTask.java:264)\n\tat java.base/java.util.concurrent.ThreadPoolExecutor.runWorker(ThreadPoolExecutor.java:1136)\n\tat java.base/java.util.concurrent.ThreadPoolExecutor$Worker.run(ThreadPoolExecutor.java:635)\n\tat java.base/java.lang.Thread.run(Thread.java:840)\n","flaky":false,"newFailed":false,"newBroken":true,"newPassed":false,"retriesCount":0,"retriesStatusChange":false,"beforeStages":[],"afterStages":[],"labels":[{"name":"junit.platform.uniqueid","value":"[engine:junit-jupiter]/[class:pl.allegro.tech.hermes.integrationtests.PublishingAvroTest]/[method:shouldSendMessageIdHeaderToSubscriber()]"},{"name":"host","value":"fv-az1424-965"},{"name":"thread","value":"2746@fv-az1424-965.Test worker(1)"},{"name":"framework","value":"junit-platform"},{"name":"language","value":"java"},{"name":"package","value":"pl.allegro.tech.hermes.integrationtests.PublishingAvroTest"},{"name":"testClass","value":"pl.allegro.tech.hermes.integrationtests.PublishingAvroTest"},{"name":"testMethod","value":"shouldSendMessageIdHeaderToSubscriber"},{"name":"suite","value":"pl.allegro.tech.hermes.integrationtests.PublishingAvroTest"},{"name":"resultFormat","value":"allure2"}],"parameters":[],"links":[],"hidden":false,"retry":false,"extra":{"severity":"normal","retries":[],"categories":[{"name":"Test defects","matchedStatuses":[],"flaky":false}],"history":{"statistic":{"failed":0,"broken":2,"skipped":0,"passed":4,"unknown":0,"total":6},"items":[{"uid":"666d2d8c2f547ed1","reportUrl":"https://allegro.github.io/hermes/2095//#testresult/666d2d8c2f547ed1","status":"passed","time":{"start":1724941142386,"stop":1724941143288,"duration":902}},{"uid":"455f30b83415016b","reportUrl":"https://allegro.github.io/hermes/2093//#testresult/455f30b83415016b","status":"passed","time":{"start":1724940476822,"stop":1724940477523,"duration":701}},{"uid":"8f0b7c1a32923fe9","reportUrl":"https://allegro.github.io/hermes/2091//#testresult/8f0b7c1a32923fe9","status":"broken","statusDetails":"Assertion condition defined as a Lambda expression in pl.allegro.tech.hermes.test.helper.client.integration.FrontendTestClient Status expected:<201 CREATED> but was:<404 NOT_FOUND> within 10 seconds.","time":{"start":1724938725551,"stop":1724938736486,"duration":10935}},{"uid":"790dec84655984b6","reportUrl":"https://allegro.github.io/hermes/2092//#testresult/790dec84655984b6","status":"passed","time":{"start":1724938577851,"stop":1724938578755,"duration":904}},{"uid":"c3b5eca9ed876f25","reportUrl":"https://allegro.github.io/hermes/2090//#testresult/c3b5eca9ed876f25","status":"passed","time":{"start":1724856438845,"stop":1724856439729,"duration":884}}]},"tags":[]},"source":"9c18b5b97d067bc.json","parameterValues":[]}