{"uid":"153db52004350138","name":"shouldPublishAsGuestWhenAuthIsNotRequired(Topic) [3] Topic(TopicBuilderGroup227.TopicBuilderTopic228)","fullName":"pl.allegro.tech.hermes.integrationtests.TopicAuthorizationTest.shouldPublishAsGuestWhenAuthIsNotRequired","historyId":"70c8530717425628956230a95855adc5","time":{"start":1736329543361,"stop":1736329553679,"duration":10318},"description":"","status":"broken","statusMessage":"Assertion condition defined as a Lambda expression in pl.allegro.tech.hermes.integrationtests.TopicAuthorizationTest Status expected:<201 CREATED> but was:<404 NOT_FOUND> within 10 seconds.","statusTrace":"org.awaitility.core.ConditionTimeoutException: Assertion condition defined as a Lambda expression in pl.allegro.tech.hermes.integrationtests.TopicAuthorizationTest Status expected:<201 CREATED> but was:<404 NOT_FOUND> within 10 seconds.\n\tat org.awaitility.core.ConditionAwaiter.await(ConditionAwaiter.java:167)\n\tat org.awaitility.core.AssertionCondition.await(AssertionCondition.java:119)\n\tat org.awaitility.core.AssertionCondition.await(AssertionCondition.java:31)\n\tat org.awaitility.core.ConditionFactory.until(ConditionFactory.java:1006)\n\tat org.awaitility.core.ConditionFactory.untilAsserted(ConditionFactory.java:790)\n\tat pl.allegro.tech.hermes.integrationtests.TopicAuthorizationTest.shouldPublishAsGuestWhenAuthIsNotRequired(TopicAuthorizationTest.java:95)\n\tat java.base/java.lang.reflect.Method.invoke(Method.java:580)\n\tat java.base/java.util.stream.ForEachOps$ForEachOp$OfRef.accept(ForEachOps.java:184)\n\tat java.base/java.util.stream.ReferencePipeline$3$1.accept(ReferencePipeline.java:197)\n\tat java.base/java.util.stream.ReferencePipeline$2$1.accept(ReferencePipeline.java:179)\n\tat java.base/java.util.stream.ReferencePipeline$3$1.accept(ReferencePipeline.java:197)\n\tat java.base/java.util.stream.ForEachOps$ForEachOp$OfRef.accept(ForEachOps.java:184)\n\tat java.base/java.util.stream.ReferencePipeline$3$1.accept(ReferencePipeline.java:197)\n\tat java.base/java.util.stream.ReferencePipeline$3$1.accept(ReferencePipeline.java:197)\n\tat java.base/java.util.stream.ReferencePipeline$3$1.accept(ReferencePipeline.java:197)\n\tat java.base/java.util.stream.ForEachOps$ForEachOp$OfRef.accept(ForEachOps.java:184)\n\tat java.base/java.util.stream.ReferencePipeline$3$1.accept(ReferencePipeline.java:197)\n\tat java.base/java.util.Spliterators$ArraySpliterator.forEachRemaining(Spliterators.java:1024)\n\tat java.base/java.util.stream.ReferencePipeline$Head.forEach(ReferencePipeline.java:762)\n\tat java.base/java.util.stream.ReferencePipeline$7$1.accept(ReferencePipeline.java:276)\n\tat java.base/java.util.stream.ReferencePipeline$3$1.accept(ReferencePipeline.java:197)\n\tat java.base/java.util.stream.ReferencePipeline$3$1.accept(ReferencePipeline.java:197)\n\tat java.base/java.util.stream.ReferencePipeline$3$1.accept(ReferencePipeline.java:197)\n\tat java.base/java.util.Spliterators$ArraySpliterator.forEachRemaining(Spliterators.java:1024)\n\tat java.base/java.util.stream.AbstractPipeline.copyInto(AbstractPipeline.java:509)\n\tat java.base/java.util.stream.AbstractPipeline.wrapAndCopyInto(AbstractPipeline.java:499)\n\tat java.base/java.util.stream.ForEachOps$ForEachOp.evaluateSequential(ForEachOps.java:151)\n\tat java.base/java.util.stream.ForEachOps$ForEachOp$OfRef.evaluateSequential(ForEachOps.java:174)\n\tat java.base/java.util.stream.AbstractPipeline.evaluate(AbstractPipeline.java:234)\n\tat java.base/java.util.stream.ReferencePipeline.forEach(ReferencePipeline.java:596)\n\tat java.base/java.util.stream.ReferencePipeline$7$1.accept(ReferencePipeline.java:276)\n\tat java.base/java.util.stream.ReferencePipeline$3$1.accept(ReferencePipeline.java:197)\n\tat java.base/java.util.stream.ReferencePipeline$3$1.accept(ReferencePipeline.java:197)\n\tat java.base/java.util.stream.ReferencePipeline$3$1.accept(ReferencePipeline.java:197)\n\tat java.base/java.util.ArrayList$ArrayListSpliterator.forEachRemaining(ArrayList.java:1708)\n\tat java.base/java.util.stream.AbstractPipeline.copyInto(AbstractPipeline.java:509)\n\tat java.base/java.util.stream.AbstractPipeline.wrapAndCopyInto(AbstractPipeline.java:499)\n\tat java.base/java.util.stream.ForEachOps$ForEachOp.evaluateSequential(ForEachOps.java:151)\n\tat java.base/java.util.stream.ForEachOps$ForEachOp$OfRef.evaluateSequential(ForEachOps.java:174)\n\tat java.base/java.util.stream.AbstractPipeline.evaluate(AbstractPipeline.java:234)\n\tat java.base/java.util.stream.ReferencePipeline.forEach(ReferencePipeline.java:596)\n\tat java.base/java.util.stream.ReferencePipeline$7$1.accept(ReferencePipeline.java:276)\n\tat java.base/java.util.ArrayList$ArrayListSpliterator.forEachRemaining(ArrayList.java:1708)\n\tat java.base/java.util.stream.AbstractPipeline.copyInto(AbstractPipeline.java:509)\n\tat java.base/java.util.stream.AbstractPipeline.wrapAndCopyInto(AbstractPipeline.java:499)\n\tat java.base/java.util.stream.ForEachOps$ForEachOp.evaluateSequential(ForEachOps.java:151)\n\tat java.base/java.util.stream.ForEachOps$ForEachOp$OfRef.evaluateSequential(ForEachOps.java:174)\n\tat java.base/java.util.stream.AbstractPipeline.evaluate(AbstractPipeline.java:234)\n\tat java.base/java.util.stream.ReferencePipeline.forEach(ReferencePipeline.java:596)\n\tat java.base/java.util.ArrayList.forEach(ArrayList.java:1596)\n\tat java.base/java.util.ArrayList.forEach(ArrayList.java:1596)\nCaused by: java.lang.AssertionError: Status expected:<201 CREATED> but was:<404 NOT_FOUND>\n\tat org.springframework.test.util.AssertionErrors.fail(AssertionErrors.java:59)\n\tat org.springframework.test.util.AssertionErrors.assertEquals(AssertionErrors.java:122)\n\tat org.springframework.test.web.reactive.server.StatusAssertions.lambda$assertStatusAndReturn$4(StatusAssertions.java:236)\n\tat org.springframework.test.web.reactive.server.ExchangeResult.assertWithDiagnostics(ExchangeResult.java:222)\n\tat org.springframework.test.web.reactive.server.StatusAssertions.assertStatusAndReturn(StatusAssertions.java:236)\n\tat org.springframework.test.web.reactive.server.StatusAssertions.isCreated(StatusAssertions.java:75)\n\tat pl.allegro.tech.hermes.integrationtests.TopicAuthorizationTest.lambda$shouldPublishAsGuestWhenAuthIsNotRequired$1(TopicAuthorizationTest.java:102)\n\tat org.awaitility.core.AssertionCondition.lambda$new$0(AssertionCondition.java:53)\n\tat org.awaitility.core.ConditionAwaiter$ConditionPoller.call(ConditionAwaiter.java:248)\n\tat org.awaitility.core.ConditionAwaiter$ConditionPoller.call(ConditionAwaiter.java:235)\n\tat java.base/java.util.concurrent.FutureTask.run(FutureTask.java:317)\n\tat java.base/java.util.concurrent.ThreadPoolExecutor.runWorker(ThreadPoolExecutor.java:1144)\n\tat java.base/java.util.concurrent.ThreadPoolExecutor$Worker.run(ThreadPoolExecutor.java:642)\n\tat java.base/java.lang.Thread.run(Thread.java:1583)\n","flaky":false,"newFailed":false,"newBroken":true,"newPassed":false,"retriesCount":0,"retriesStatusChange":false,"beforeStages":[],"afterStages":[],"labels":[{"name":"junit.platform.uniqueid","value":"[engine:junit-jupiter]/[class:pl.allegro.tech.hermes.integrationtests.TopicAuthorizationTest]/[test-template:shouldPublishAsGuestWhenAuthIsNotRequired(pl.allegro.tech.hermes.api.Topic)]/[test-template-invocation:#3]"},{"name":"host","value":"fv-az789-101"},{"name":"thread","value":"2853@fv-az789-101.Test worker(1)"},{"name":"framework","value":"junit-platform"},{"name":"language","value":"java"},{"name":"package","value":"pl.allegro.tech.hermes.integrationtests.TopicAuthorizationTest"},{"name":"testClass","value":"pl.allegro.tech.hermes.integrationtests.TopicAuthorizationTest"},{"name":"testMethod","value":"shouldPublishAsGuestWhenAuthIsNotRequired"},{"name":"suite","value":"pl.allegro.tech.hermes.integrationtests.TopicAuthorizationTest"},{"name":"resultFormat","value":"allure2"}],"parameters":[],"links":[],"hidden":false,"retry":false,"extra":{"severity":"normal","retries":[],"categories":[{"name":"Test defects","matchedStatuses":[],"flaky":false}],"history":{"statistic":{"failed":0,"broken":5,"skipped":0,"passed":23,"unknown":0,"total":28},"items":[{"uid":"861d63467543965d","reportUrl":"https://allegro.github.io/hermes/2375//#testresult/861d63467543965d","status":"passed","time":{"start":1734958464555,"stop":1734958464898,"duration":343}},{"uid":"fee9513180224ea1","reportUrl":"https://allegro.github.io/hermes/2367//#testresult/fee9513180224ea1","status":"passed","time":{"start":1734699923433,"stop":1734699923784,"duration":351}},{"uid":"d941a5b3b5055a12","reportUrl":"https://allegro.github.io/hermes/2363//#testresult/d941a5b3b5055a12","status":"passed","time":{"start":1734682802579,"stop":1734682802955,"duration":376}},{"uid":"91628777dcd8ccc","reportUrl":"https://allegro.github.io/hermes/2353//#testresult/91628777dcd8ccc","status":"passed","time":{"start":1734606974175,"stop":1734606974521,"duration":346}},{"uid":"13bdee0d928cd0be","reportUrl":"https://allegro.github.io/hermes/2324//#testresult/13bdee0d928cd0be","status":"passed","time":{"start":1732788555794,"stop":1732788556137,"duration":343}},{"uid":"8e25a88682460dd1","reportUrl":"https://allegro.github.io/hermes/2272//#testresult/8e25a88682460dd1","status":"passed","time":{"start":1732533769281,"stop":1732533769624,"duration":343}},{"uid":"f3a20cec58e9df86","reportUrl":"https://allegro.github.io/hermes/2272//#testresult/f3a20cec58e9df86","status":"passed","time":{"start":1732179541106,"stop":1732179541453,"duration":347}},{"uid":"a97c2c5058094e99","reportUrl":"https://allegro.github.io/hermes/2270//#testresult/a97c2c5058094e99","status":"passed","time":{"start":1732177541022,"stop":1732177541371,"duration":349}},{"uid":"43a450a2a20a3550","reportUrl":"https://allegro.github.io/hermes/2238//#testresult/43a450a2a20a3550","status":"passed","time":{"start":1732119582474,"stop":1732119582825,"duration":351}},{"uid":"7776ace56503067b","reportUrl":"https://allegro.github.io/hermes/2238//#testresult/7776ace56503067b","status":"broken","statusDetails":"Assertion condition defined as a Lambda expression in pl.allegro.tech.hermes.integrationtests.TopicAuthorizationTest Status expected:<201 CREATED> but was:<404 NOT_FOUND> within 10 seconds.","time":{"start":1732013252345,"stop":1732013262597,"duration":10252}},{"uid":"7074c207dfb15699","reportUrl":"https://allegro.github.io/hermes/2236//#testresult/7074c207dfb15699","status":"passed","time":{"start":1731948205279,"stop":1731948205627,"duration":348}},{"uid":"9718b16ee4f29c8d","reportUrl":"https://allegro.github.io/hermes/2207//#testresult/9718b16ee4f29c8d","status":"passed","time":{"start":1731080331311,"stop":1731080331652,"duration":341}},{"uid":"385260790f370744","reportUrl":"https://allegro.github.io/hermes/2201//#testresult/385260790f370744","status":"passed","time":{"start":1731068847933,"stop":1731068848281,"duration":348}},{"uid":"101ed248955fc722","reportUrl":"https://allegro.github.io/hermes/2198//#testresult/101ed248955fc722","status":"broken","statusDetails":"Assertion condition defined as a Lambda expression in pl.allegro.tech.hermes.integrationtests.TopicAuthorizationTest Status expected:<201 CREATED> but was:<404 NOT_FOUND> within 10 seconds.","time":{"start":1730979486986,"stop":1730979497226,"duration":10240}},{"uid":"f89c60a0f55ae160","reportUrl":"https://allegro.github.io/hermes/2150//#testresult/f89c60a0f55ae160","status":"broken","statusDetails":"Assertion condition defined as a Lambda expression in pl.allegro.tech.hermes.integrationtests.TopicAuthorizationTest Status expected:<201 CREATED> but was:<404 NOT_FOUND> within 10 seconds.","time":{"start":1728893669163,"stop":1728893679414,"duration":10251}},{"uid":"744d8701a1e1a06b","reportUrl":"https://allegro.github.io/hermes/2146//#testresult/744d8701a1e1a06b","status":"passed","time":{"start":1728464595530,"stop":1728464595871,"duration":341}},{"uid":"594d572756415841","reportUrl":"https://allegro.github.io/hermes/2144//#testresult/594d572756415841","status":"passed","time":{"start":1728127056192,"stop":1728127056536,"duration":344}},{"uid":"b208cf3ddc814f63","reportUrl":"https://allegro.github.io/hermes/2140//#testresult/b208cf3ddc814f63","status":"broken","statusDetails":"Assertion condition defined as a Lambda expression in pl.allegro.tech.hermes.integrationtests.TopicAuthorizationTest Status expected:<201 CREATED> but was:<404 NOT_FOUND> within 10 seconds.","time":{"start":1728041625068,"stop":1728041635328,"duration":10260}},{"uid":"c20b5fde9004be7e","reportUrl":"https://allegro.github.io/hermes/2136//#testresult/c20b5fde9004be7e","status":"passed","time":{"start":1728030969077,"stop":1728030969421,"duration":344}},{"uid":"a3aa9e434a3b841f","reportUrl":"https://allegro.github.io/hermes/2128//#testresult/a3aa9e434a3b841f","status":"passed","time":{"start":1727094480419,"stop":1727094480764,"duration":345}}]},"tags":[]},"source":"153db52004350138.json","parameterValues":[]}