{"uid":"1a4701ee0c5c5b04","name":"shouldNotPublishAsGuestWhenAuthIsRequired(Topic) [2] Topic(TopicBuilderGroup221.TopicBuilderTopic222)","fullName":"pl.allegro.tech.hermes.integrationtests.TopicAuthorizationTest.shouldNotPublishAsGuestWhenAuthIsRequired","historyId":"810827abb1dc10da3fc99667f9fdbc14","time":{"start":1736329512368,"stop":1736329522701,"duration":10333},"description":"","status":"broken","statusMessage":"Assertion condition defined as a Lambda expression in pl.allegro.tech.hermes.integrationtests.TopicAuthorizationTest Status expected:<403 FORBIDDEN> but was:<404 NOT_FOUND> within 10 seconds.","statusTrace":"org.awaitility.core.ConditionTimeoutException: Assertion condition defined as a Lambda expression in pl.allegro.tech.hermes.integrationtests.TopicAuthorizationTest Status expected:<403 FORBIDDEN> but was:<404 NOT_FOUND> within 10 seconds.\n\tat org.awaitility.core.ConditionAwaiter.await(ConditionAwaiter.java:167)\n\tat org.awaitility.core.AssertionCondition.await(AssertionCondition.java:119)\n\tat org.awaitility.core.AssertionCondition.await(AssertionCondition.java:31)\n\tat org.awaitility.core.ConditionFactory.until(ConditionFactory.java:1006)\n\tat org.awaitility.core.ConditionFactory.untilAsserted(ConditionFactory.java:790)\n\tat pl.allegro.tech.hermes.integrationtests.TopicAuthorizationTest.shouldNotPublishAsGuestWhenAuthIsRequired(TopicAuthorizationTest.java:120)\n\tat java.base/java.lang.reflect.Method.invoke(Method.java:580)\n\tat java.base/java.util.stream.ForEachOps$ForEachOp$OfRef.accept(ForEachOps.java:184)\n\tat java.base/java.util.stream.ReferencePipeline$3$1.accept(ReferencePipeline.java:197)\n\tat java.base/java.util.stream.ReferencePipeline$2$1.accept(ReferencePipeline.java:179)\n\tat java.base/java.util.stream.ReferencePipeline$3$1.accept(ReferencePipeline.java:197)\n\tat java.base/java.util.stream.ForEachOps$ForEachOp$OfRef.accept(ForEachOps.java:184)\n\tat java.base/java.util.stream.ReferencePipeline$3$1.accept(ReferencePipeline.java:197)\n\tat java.base/java.util.stream.ReferencePipeline$3$1.accept(ReferencePipeline.java:197)\n\tat java.base/java.util.stream.ReferencePipeline$3$1.accept(ReferencePipeline.java:197)\n\tat java.base/java.util.stream.ForEachOps$ForEachOp$OfRef.accept(ForEachOps.java:184)\n\tat java.base/java.util.stream.ReferencePipeline$3$1.accept(ReferencePipeline.java:197)\n\tat java.base/java.util.Spliterators$ArraySpliterator.forEachRemaining(Spliterators.java:1024)\n\tat java.base/java.util.stream.ReferencePipeline$Head.forEach(ReferencePipeline.java:762)\n\tat java.base/java.util.stream.ReferencePipeline$7$1.accept(ReferencePipeline.java:276)\n\tat java.base/java.util.stream.ReferencePipeline$3$1.accept(ReferencePipeline.java:197)\n\tat java.base/java.util.stream.ReferencePipeline$3$1.accept(ReferencePipeline.java:197)\n\tat java.base/java.util.stream.ReferencePipeline$3$1.accept(ReferencePipeline.java:197)\n\tat java.base/java.util.Spliterators$ArraySpliterator.forEachRemaining(Spliterators.java:1024)\n\tat java.base/java.util.stream.AbstractPipeline.copyInto(AbstractPipeline.java:509)\n\tat java.base/java.util.stream.AbstractPipeline.wrapAndCopyInto(AbstractPipeline.java:499)\n\tat java.base/java.util.stream.ForEachOps$ForEachOp.evaluateSequential(ForEachOps.java:151)\n\tat java.base/java.util.stream.ForEachOps$ForEachOp$OfRef.evaluateSequential(ForEachOps.java:174)\n\tat java.base/java.util.stream.AbstractPipeline.evaluate(AbstractPipeline.java:234)\n\tat java.base/java.util.stream.ReferencePipeline.forEach(ReferencePipeline.java:596)\n\tat java.base/java.util.stream.ReferencePipeline$7$1.accept(ReferencePipeline.java:276)\n\tat java.base/java.util.stream.ReferencePipeline$3$1.accept(ReferencePipeline.java:197)\n\tat java.base/java.util.stream.ReferencePipeline$3$1.accept(ReferencePipeline.java:197)\n\tat java.base/java.util.stream.ReferencePipeline$3$1.accept(ReferencePipeline.java:197)\n\tat java.base/java.util.ArrayList$ArrayListSpliterator.forEachRemaining(ArrayList.java:1708)\n\tat java.base/java.util.stream.AbstractPipeline.copyInto(AbstractPipeline.java:509)\n\tat java.base/java.util.stream.AbstractPipeline.wrapAndCopyInto(AbstractPipeline.java:499)\n\tat java.base/java.util.stream.ForEachOps$ForEachOp.evaluateSequential(ForEachOps.java:151)\n\tat java.base/java.util.stream.ForEachOps$ForEachOp$OfRef.evaluateSequential(ForEachOps.java:174)\n\tat java.base/java.util.stream.AbstractPipeline.evaluate(AbstractPipeline.java:234)\n\tat java.base/java.util.stream.ReferencePipeline.forEach(ReferencePipeline.java:596)\n\tat java.base/java.util.stream.ReferencePipeline$7$1.accept(ReferencePipeline.java:276)\n\tat java.base/java.util.ArrayList$ArrayListSpliterator.forEachRemaining(ArrayList.java:1708)\n\tat java.base/java.util.stream.AbstractPipeline.copyInto(AbstractPipeline.java:509)\n\tat java.base/java.util.stream.AbstractPipeline.wrapAndCopyInto(AbstractPipeline.java:499)\n\tat java.base/java.util.stream.ForEachOps$ForEachOp.evaluateSequential(ForEachOps.java:151)\n\tat java.base/java.util.stream.ForEachOps$ForEachOp$OfRef.evaluateSequential(ForEachOps.java:174)\n\tat java.base/java.util.stream.AbstractPipeline.evaluate(AbstractPipeline.java:234)\n\tat java.base/java.util.stream.ReferencePipeline.forEach(ReferencePipeline.java:596)\n\tat java.base/java.util.ArrayList.forEach(ArrayList.java:1596)\n\tat java.base/java.util.ArrayList.forEach(ArrayList.java:1596)\nCaused by: java.lang.AssertionError: Status expected:<403 FORBIDDEN> but was:<404 NOT_FOUND>\n\tat org.springframework.test.util.AssertionErrors.fail(AssertionErrors.java:59)\n\tat org.springframework.test.util.AssertionErrors.assertEquals(AssertionErrors.java:122)\n\tat org.springframework.test.web.reactive.server.StatusAssertions.lambda$assertStatusAndReturn$4(StatusAssertions.java:236)\n\tat org.springframework.test.web.reactive.server.ExchangeResult.assertWithDiagnostics(ExchangeResult.java:222)\n\tat org.springframework.test.web.reactive.server.StatusAssertions.assertStatusAndReturn(StatusAssertions.java:236)\n\tat org.springframework.test.web.reactive.server.StatusAssertions.isForbidden(StatusAssertions.java:146)\n\tat pl.allegro.tech.hermes.integrationtests.TopicAuthorizationTest.lambda$shouldNotPublishAsGuestWhenAuthIsRequired$2(TopicAuthorizationTest.java:127)\n\tat org.awaitility.core.AssertionCondition.lambda$new$0(AssertionCondition.java:53)\n\tat org.awaitility.core.ConditionAwaiter$ConditionPoller.call(ConditionAwaiter.java:248)\n\tat org.awaitility.core.ConditionAwaiter$ConditionPoller.call(ConditionAwaiter.java:235)\n\tat java.base/java.util.concurrent.FutureTask.run(FutureTask.java:317)\n\tat java.base/java.util.concurrent.ThreadPoolExecutor.runWorker(ThreadPoolExecutor.java:1144)\n\tat java.base/java.util.concurrent.ThreadPoolExecutor$Worker.run(ThreadPoolExecutor.java:642)\n\tat java.base/java.lang.Thread.run(Thread.java:1583)\n","flaky":false,"newFailed":false,"newBroken":true,"newPassed":false,"retriesCount":0,"retriesStatusChange":false,"beforeStages":[],"afterStages":[],"labels":[{"name":"junit.platform.uniqueid","value":"[engine:junit-jupiter]/[class:pl.allegro.tech.hermes.integrationtests.TopicAuthorizationTest]/[test-template:shouldNotPublishAsGuestWhenAuthIsRequired(pl.allegro.tech.hermes.api.Topic)]/[test-template-invocation:#2]"},{"name":"host","value":"fv-az789-101"},{"name":"thread","value":"2853@fv-az789-101.Test worker(1)"},{"name":"framework","value":"junit-platform"},{"name":"language","value":"java"},{"name":"package","value":"pl.allegro.tech.hermes.integrationtests.TopicAuthorizationTest"},{"name":"testClass","value":"pl.allegro.tech.hermes.integrationtests.TopicAuthorizationTest"},{"name":"testMethod","value":"shouldNotPublishAsGuestWhenAuthIsRequired"},{"name":"suite","value":"pl.allegro.tech.hermes.integrationtests.TopicAuthorizationTest"},{"name":"resultFormat","value":"allure2"}],"parameters":[],"links":[],"hidden":false,"retry":false,"extra":{"severity":"normal","retries":[],"categories":[{"name":"Test defects","matchedStatuses":[],"flaky":false}],"history":{"statistic":{"failed":0,"broken":5,"skipped":0,"passed":23,"unknown":0,"total":28},"items":[{"uid":"970b4143845472c","reportUrl":"https://allegro.github.io/hermes/2375//#testresult/970b4143845472c","status":"passed","time":{"start":1734958463515,"stop":1734958463851,"duration":336}},{"uid":"785f066aeb72f713","reportUrl":"https://allegro.github.io/hermes/2367//#testresult/785f066aeb72f713","status":"passed","time":{"start":1734699922358,"stop":1734699922707,"duration":349}},{"uid":"3ea3a2b8a8dfcf5c","reportUrl":"https://allegro.github.io/hermes/2363//#testresult/3ea3a2b8a8dfcf5c","status":"passed","time":{"start":1734682801530,"stop":1734682801875,"duration":345}},{"uid":"e8ea75232b0a429f","reportUrl":"https://allegro.github.io/hermes/2353//#testresult/e8ea75232b0a429f","status":"passed","time":{"start":1734606973106,"stop":1734606973463,"duration":357}},{"uid":"8369b2283492894e","reportUrl":"https://allegro.github.io/hermes/2324//#testresult/8369b2283492894e","status":"passed","time":{"start":1732788554746,"stop":1732788555092,"duration":346}},{"uid":"65b7f5a114370af6","reportUrl":"https://allegro.github.io/hermes/2272//#testresult/65b7f5a114370af6","status":"passed","time":{"start":1732533768219,"stop":1732533768573,"duration":354}},{"uid":"4f17a747aa3861ac","reportUrl":"https://allegro.github.io/hermes/2272//#testresult/4f17a747aa3861ac","status":"passed","time":{"start":1732179540071,"stop":1732179540417,"duration":346}},{"uid":"bb81a5e9e1ad7956","reportUrl":"https://allegro.github.io/hermes/2270//#testresult/bb81a5e9e1ad7956","status":"passed","time":{"start":1732177539955,"stop":1732177540298,"duration":343}},{"uid":"6c2df7354349921","reportUrl":"https://allegro.github.io/hermes/2238//#testresult/6c2df7354349921","status":"passed","time":{"start":1732119581408,"stop":1732119581759,"duration":351}},{"uid":"5364bf80f049a0d9","reportUrl":"https://allegro.github.io/hermes/2238//#testresult/5364bf80f049a0d9","status":"broken","statusDetails":"Assertion condition defined as a Lambda expression in pl.allegro.tech.hermes.integrationtests.TopicAuthorizationTest Status expected:<403 FORBIDDEN> but was:<404 NOT_FOUND> within 10 seconds.","time":{"start":1732013221559,"stop":1732013231819,"duration":10260}},{"uid":"471effdbd1145932","reportUrl":"https://allegro.github.io/hermes/2236//#testresult/471effdbd1145932","status":"passed","time":{"start":1731948204223,"stop":1731948204575,"duration":352}},{"uid":"8cd3a04875c51112","reportUrl":"https://allegro.github.io/hermes/2207//#testresult/8cd3a04875c51112","status":"passed","time":{"start":1731080330244,"stop":1731080330598,"duration":354}},{"uid":"523fffe0b6821cd7","reportUrl":"https://allegro.github.io/hermes/2201//#testresult/523fffe0b6821cd7","status":"passed","time":{"start":1731068846873,"stop":1731068847218,"duration":345}},{"uid":"84dfa9a8d94ab331","reportUrl":"https://allegro.github.io/hermes/2198//#testresult/84dfa9a8d94ab331","status":"broken","statusDetails":"Assertion condition defined as a Lambda expression in pl.allegro.tech.hermes.integrationtests.TopicAuthorizationTest Status expected:<403 FORBIDDEN> but was:<404 NOT_FOUND> within 10 seconds.","time":{"start":1730979456154,"stop":1730979466414,"duration":10260}},{"uid":"f8f71b7e89a5a91d","reportUrl":"https://allegro.github.io/hermes/2150//#testresult/f8f71b7e89a5a91d","status":"broken","statusDetails":"Assertion condition defined as a Lambda expression in pl.allegro.tech.hermes.integrationtests.TopicAuthorizationTest Status expected:<403 FORBIDDEN> but was:<404 NOT_FOUND> within 10 seconds.","time":{"start":1728893638314,"stop":1728893648652,"duration":10338}},{"uid":"773a619fe2a4cab0","reportUrl":"https://allegro.github.io/hermes/2146//#testresult/773a619fe2a4cab0","status":"passed","time":{"start":1728464594488,"stop":1728464594829,"duration":341}},{"uid":"a0fa89ebf8690228","reportUrl":"https://allegro.github.io/hermes/2144//#testresult/a0fa89ebf8690228","status":"passed","time":{"start":1728127055121,"stop":1728127055472,"duration":351}},{"uid":"99fbfca6bdab0f14","reportUrl":"https://allegro.github.io/hermes/2140//#testresult/99fbfca6bdab0f14","status":"broken","statusDetails":"Assertion condition defined as a Lambda expression in pl.allegro.tech.hermes.integrationtests.TopicAuthorizationTest Status expected:<403 FORBIDDEN> but was:<404 NOT_FOUND> within 10 seconds.","time":{"start":1728041594283,"stop":1728041604543,"duration":10260}},{"uid":"cf1618f6f71f5554","reportUrl":"https://allegro.github.io/hermes/2136//#testresult/cf1618f6f71f5554","status":"passed","time":{"start":1728030968041,"stop":1728030968382,"duration":341}},{"uid":"90281f2b28f83368","reportUrl":"https://allegro.github.io/hermes/2128//#testresult/90281f2b28f83368","status":"passed","time":{"start":1727094479388,"stop":1727094479726,"duration":338}}]},"tags":[]},"source":"1a4701ee0c5c5b04.json","parameterValues":[]}