{"uid":"552b0044148b3c7f","name":"shouldPublishAsGuestWhenAuthIsNotRequired(Topic) [2] Topic(TopicBuilderGroup225.TopicBuilderTopic226)","fullName":"pl.allegro.tech.hermes.integrationtests.TopicAuthorizationTest.shouldPublishAsGuestWhenAuthIsNotRequired","historyId":"19fb738dce8dbcb92c6b5b781d18881f","time":{"start":1736329533036,"stop":1736329543359,"duration":10323},"description":"","status":"broken","statusMessage":"Assertion condition defined as a Lambda expression in pl.allegro.tech.hermes.integrationtests.TopicAuthorizationTest Status expected:<201 CREATED> but was:<404 NOT_FOUND> within 10 seconds.","statusTrace":"org.awaitility.core.ConditionTimeoutException: Assertion condition defined as a Lambda expression in pl.allegro.tech.hermes.integrationtests.TopicAuthorizationTest Status expected:<201 CREATED> but was:<404 NOT_FOUND> within 10 seconds.\n\tat org.awaitility.core.ConditionAwaiter.await(ConditionAwaiter.java:167)\n\tat org.awaitility.core.AssertionCondition.await(AssertionCondition.java:119)\n\tat org.awaitility.core.AssertionCondition.await(AssertionCondition.java:31)\n\tat org.awaitility.core.ConditionFactory.until(ConditionFactory.java:1006)\n\tat org.awaitility.core.ConditionFactory.untilAsserted(ConditionFactory.java:790)\n\tat pl.allegro.tech.hermes.integrationtests.TopicAuthorizationTest.shouldPublishAsGuestWhenAuthIsNotRequired(TopicAuthorizationTest.java:95)\n\tat java.base/java.lang.reflect.Method.invoke(Method.java:580)\n\tat java.base/java.util.stream.ForEachOps$ForEachOp$OfRef.accept(ForEachOps.java:184)\n\tat java.base/java.util.stream.ReferencePipeline$3$1.accept(ReferencePipeline.java:197)\n\tat java.base/java.util.stream.ReferencePipeline$2$1.accept(ReferencePipeline.java:179)\n\tat java.base/java.util.stream.ReferencePipeline$3$1.accept(ReferencePipeline.java:197)\n\tat java.base/java.util.stream.ForEachOps$ForEachOp$OfRef.accept(ForEachOps.java:184)\n\tat java.base/java.util.stream.ReferencePipeline$3$1.accept(ReferencePipeline.java:197)\n\tat java.base/java.util.stream.ReferencePipeline$3$1.accept(ReferencePipeline.java:197)\n\tat java.base/java.util.stream.ReferencePipeline$3$1.accept(ReferencePipeline.java:197)\n\tat java.base/java.util.stream.ForEachOps$ForEachOp$OfRef.accept(ForEachOps.java:184)\n\tat java.base/java.util.stream.ReferencePipeline$3$1.accept(ReferencePipeline.java:197)\n\tat java.base/java.util.Spliterators$ArraySpliterator.forEachRemaining(Spliterators.java:1024)\n\tat java.base/java.util.stream.ReferencePipeline$Head.forEach(ReferencePipeline.java:762)\n\tat java.base/java.util.stream.ReferencePipeline$7$1.accept(ReferencePipeline.java:276)\n\tat java.base/java.util.stream.ReferencePipeline$3$1.accept(ReferencePipeline.java:197)\n\tat java.base/java.util.stream.ReferencePipeline$3$1.accept(ReferencePipeline.java:197)\n\tat java.base/java.util.stream.ReferencePipeline$3$1.accept(ReferencePipeline.java:197)\n\tat java.base/java.util.Spliterators$ArraySpliterator.forEachRemaining(Spliterators.java:1024)\n\tat java.base/java.util.stream.AbstractPipeline.copyInto(AbstractPipeline.java:509)\n\tat java.base/java.util.stream.AbstractPipeline.wrapAndCopyInto(AbstractPipeline.java:499)\n\tat java.base/java.util.stream.ForEachOps$ForEachOp.evaluateSequential(ForEachOps.java:151)\n\tat java.base/java.util.stream.ForEachOps$ForEachOp$OfRef.evaluateSequential(ForEachOps.java:174)\n\tat java.base/java.util.stream.AbstractPipeline.evaluate(AbstractPipeline.java:234)\n\tat java.base/java.util.stream.ReferencePipeline.forEach(ReferencePipeline.java:596)\n\tat java.base/java.util.stream.ReferencePipeline$7$1.accept(ReferencePipeline.java:276)\n\tat java.base/java.util.stream.ReferencePipeline$3$1.accept(ReferencePipeline.java:197)\n\tat java.base/java.util.stream.ReferencePipeline$3$1.accept(ReferencePipeline.java:197)\n\tat java.base/java.util.stream.ReferencePipeline$3$1.accept(ReferencePipeline.java:197)\n\tat java.base/java.util.ArrayList$ArrayListSpliterator.forEachRemaining(ArrayList.java:1708)\n\tat java.base/java.util.stream.AbstractPipeline.copyInto(AbstractPipeline.java:509)\n\tat java.base/java.util.stream.AbstractPipeline.wrapAndCopyInto(AbstractPipeline.java:499)\n\tat java.base/java.util.stream.ForEachOps$ForEachOp.evaluateSequential(ForEachOps.java:151)\n\tat java.base/java.util.stream.ForEachOps$ForEachOp$OfRef.evaluateSequential(ForEachOps.java:174)\n\tat java.base/java.util.stream.AbstractPipeline.evaluate(AbstractPipeline.java:234)\n\tat java.base/java.util.stream.ReferencePipeline.forEach(ReferencePipeline.java:596)\n\tat java.base/java.util.stream.ReferencePipeline$7$1.accept(ReferencePipeline.java:276)\n\tat java.base/java.util.ArrayList$ArrayListSpliterator.forEachRemaining(ArrayList.java:1708)\n\tat java.base/java.util.stream.AbstractPipeline.copyInto(AbstractPipeline.java:509)\n\tat java.base/java.util.stream.AbstractPipeline.wrapAndCopyInto(AbstractPipeline.java:499)\n\tat java.base/java.util.stream.ForEachOps$ForEachOp.evaluateSequential(ForEachOps.java:151)\n\tat java.base/java.util.stream.ForEachOps$ForEachOp$OfRef.evaluateSequential(ForEachOps.java:174)\n\tat java.base/java.util.stream.AbstractPipeline.evaluate(AbstractPipeline.java:234)\n\tat java.base/java.util.stream.ReferencePipeline.forEach(ReferencePipeline.java:596)\n\tat java.base/java.util.ArrayList.forEach(ArrayList.java:1596)\n\tat java.base/java.util.ArrayList.forEach(ArrayList.java:1596)\nCaused by: java.lang.AssertionError: Status expected:<201 CREATED> but was:<404 NOT_FOUND>\n\tat org.springframework.test.util.AssertionErrors.fail(AssertionErrors.java:59)\n\tat org.springframework.test.util.AssertionErrors.assertEquals(AssertionErrors.java:122)\n\tat org.springframework.test.web.reactive.server.StatusAssertions.lambda$assertStatusAndReturn$4(StatusAssertions.java:236)\n\tat org.springframework.test.web.reactive.server.ExchangeResult.assertWithDiagnostics(ExchangeResult.java:222)\n\tat org.springframework.test.web.reactive.server.StatusAssertions.assertStatusAndReturn(StatusAssertions.java:236)\n\tat org.springframework.test.web.reactive.server.StatusAssertions.isCreated(StatusAssertions.java:75)\n\tat pl.allegro.tech.hermes.integrationtests.TopicAuthorizationTest.lambda$shouldPublishAsGuestWhenAuthIsNotRequired$1(TopicAuthorizationTest.java:102)\n\tat org.awaitility.core.AssertionCondition.lambda$new$0(AssertionCondition.java:53)\n\tat org.awaitility.core.ConditionAwaiter$ConditionPoller.call(ConditionAwaiter.java:248)\n\tat org.awaitility.core.ConditionAwaiter$ConditionPoller.call(ConditionAwaiter.java:235)\n\tat java.base/java.util.concurrent.FutureTask.run(FutureTask.java:317)\n\tat java.base/java.util.concurrent.ThreadPoolExecutor.runWorker(ThreadPoolExecutor.java:1144)\n\tat java.base/java.util.concurrent.ThreadPoolExecutor$Worker.run(ThreadPoolExecutor.java:642)\n\tat java.base/java.lang.Thread.run(Thread.java:1583)\n","flaky":false,"newFailed":false,"newBroken":true,"newPassed":false,"retriesCount":0,"retriesStatusChange":false,"beforeStages":[],"afterStages":[],"labels":[{"name":"junit.platform.uniqueid","value":"[engine:junit-jupiter]/[class:pl.allegro.tech.hermes.integrationtests.TopicAuthorizationTest]/[test-template:shouldPublishAsGuestWhenAuthIsNotRequired(pl.allegro.tech.hermes.api.Topic)]/[test-template-invocation:#2]"},{"name":"host","value":"fv-az789-101"},{"name":"thread","value":"2853@fv-az789-101.Test worker(1)"},{"name":"framework","value":"junit-platform"},{"name":"language","value":"java"},{"name":"package","value":"pl.allegro.tech.hermes.integrationtests.TopicAuthorizationTest"},{"name":"testClass","value":"pl.allegro.tech.hermes.integrationtests.TopicAuthorizationTest"},{"name":"testMethod","value":"shouldPublishAsGuestWhenAuthIsNotRequired"},{"name":"suite","value":"pl.allegro.tech.hermes.integrationtests.TopicAuthorizationTest"},{"name":"resultFormat","value":"allure2"}],"parameters":[],"links":[],"hidden":false,"retry":false,"extra":{"severity":"normal","retries":[],"categories":[{"name":"Test defects","matchedStatuses":[],"flaky":false}],"history":{"statistic":{"failed":0,"broken":5,"skipped":0,"passed":23,"unknown":0,"total":28},"items":[{"uid":"e5d4705037210580","reportUrl":"https://allegro.github.io/hermes/2375//#testresult/e5d4705037210580","status":"passed","time":{"start":1734958464202,"stop":1734958464554,"duration":352}},{"uid":"347a7aa417f0c0f","reportUrl":"https://allegro.github.io/hermes/2367//#testresult/347a7aa417f0c0f","status":"passed","time":{"start":1734699923064,"stop":1734699923432,"duration":368}},{"uid":"5c31168b9f93bc96","reportUrl":"https://allegro.github.io/hermes/2363//#testresult/5c31168b9f93bc96","status":"passed","time":{"start":1734682802226,"stop":1734682802577,"duration":351}},{"uid":"6de1305bd1416643","reportUrl":"https://allegro.github.io/hermes/2353//#testresult/6de1305bd1416643","status":"passed","time":{"start":1734606973831,"stop":1734606974173,"duration":342}},{"uid":"99705dacdb4a476f","reportUrl":"https://allegro.github.io/hermes/2324//#testresult/99705dacdb4a476f","status":"passed","time":{"start":1732788555443,"stop":1732788555792,"duration":349}},{"uid":"38dd8997fa9ddf2e","reportUrl":"https://allegro.github.io/hermes/2272//#testresult/38dd8997fa9ddf2e","status":"passed","time":{"start":1732533768932,"stop":1732533769279,"duration":347}},{"uid":"fc41d0c466cd3176","reportUrl":"https://allegro.github.io/hermes/2272//#testresult/fc41d0c466cd3176","status":"passed","time":{"start":1732179540762,"stop":1732179541104,"duration":342}},{"uid":"45a4c8d42b35cc67","reportUrl":"https://allegro.github.io/hermes/2270//#testresult/45a4c8d42b35cc67","status":"passed","time":{"start":1732177540658,"stop":1732177541020,"duration":362}},{"uid":"b13fd22ffc146376","reportUrl":"https://allegro.github.io/hermes/2238//#testresult/b13fd22ffc146376","status":"passed","time":{"start":1732119582113,"stop":1732119582472,"duration":359}},{"uid":"f2dc69b169e24b2e","reportUrl":"https://allegro.github.io/hermes/2238//#testresult/f2dc69b169e24b2e","status":"broken","statusDetails":"Assertion condition defined as a Lambda expression in pl.allegro.tech.hermes.integrationtests.TopicAuthorizationTest Status expected:<201 CREATED> but was:<404 NOT_FOUND> within 10 seconds.","time":{"start":1732013242089,"stop":1732013252343,"duration":10254}},{"uid":"c99c6374edbc0056","reportUrl":"https://allegro.github.io/hermes/2236//#testresult/c99c6374edbc0056","status":"passed","time":{"start":1731948204924,"stop":1731948205277,"duration":353}},{"uid":"6cac34523b6207c1","reportUrl":"https://allegro.github.io/hermes/2207//#testresult/6cac34523b6207c1","status":"passed","time":{"start":1731080330955,"stop":1731080331308,"duration":353}},{"uid":"f8b16443454c0eee","reportUrl":"https://allegro.github.io/hermes/2201//#testresult/f8b16443454c0eee","status":"passed","time":{"start":1731068847576,"stop":1731068847931,"duration":355}},{"uid":"c25268fbb16d435b","reportUrl":"https://allegro.github.io/hermes/2198//#testresult/c25268fbb16d435b","status":"broken","statusDetails":"Assertion condition defined as a Lambda expression in pl.allegro.tech.hermes.integrationtests.TopicAuthorizationTest Status expected:<201 CREATED> but was:<404 NOT_FOUND> within 10 seconds.","time":{"start":1730979476662,"stop":1730979486984,"duration":10322}},{"uid":"b07a6718117eabb7","reportUrl":"https://allegro.github.io/hermes/2150//#testresult/b07a6718117eabb7","status":"broken","statusDetails":"Assertion condition defined as a Lambda expression in pl.allegro.tech.hermes.integrationtests.TopicAuthorizationTest Status expected:<201 CREATED> but was:<404 NOT_FOUND> within 10 seconds.","time":{"start":1728893658918,"stop":1728893669161,"duration":10243}},{"uid":"ead056a20372f1ab","reportUrl":"https://allegro.github.io/hermes/2146//#testresult/ead056a20372f1ab","status":"passed","time":{"start":1728464595181,"stop":1728464595528,"duration":347}},{"uid":"73a26637a2f05e0","reportUrl":"https://allegro.github.io/hermes/2144//#testresult/73a26637a2f05e0","status":"passed","time":{"start":1728127055829,"stop":1728127056190,"duration":361}},{"uid":"5b715a4994fbbe11","reportUrl":"https://allegro.github.io/hermes/2140//#testresult/5b715a4994fbbe11","status":"broken","statusDetails":"Assertion condition defined as a Lambda expression in pl.allegro.tech.hermes.integrationtests.TopicAuthorizationTest Status expected:<201 CREATED> but was:<404 NOT_FOUND> within 10 seconds.","time":{"start":1728041614814,"stop":1728041625066,"duration":10252}},{"uid":"d2e8bbe9c991665","reportUrl":"https://allegro.github.io/hermes/2136//#testresult/d2e8bbe9c991665","status":"passed","time":{"start":1728030968732,"stop":1728030969075,"duration":343}},{"uid":"28ca4f07693be44","reportUrl":"https://allegro.github.io/hermes/2128//#testresult/28ca4f07693be44","status":"passed","time":{"start":1727094480075,"stop":1727094480417,"duration":342}}]},"tags":[]},"source":"552b0044148b3c7f.json","parameterValues":[]}