{"uid":"790a3f40f8c9d389","name":"shouldNotPublishWithoutPermissionWhenAuthenticated(Topic) [2] Topic(TopicBuilderGroup231.TopicBuilderTopic232)","fullName":"pl.allegro.tech.hermes.integrationtests.TopicAuthorizationTest.shouldNotPublishWithoutPermissionWhenAuthenticated","historyId":"bbc5304e70f05be5485e24688b15dab7","time":{"start":1736329564020,"stop":1736329574337,"duration":10317},"description":"","status":"broken","statusMessage":"Assertion condition defined as a Lambda expression in pl.allegro.tech.hermes.integrationtests.TopicAuthorizationTest Status expected:<403 FORBIDDEN> but was:<404 NOT_FOUND> within 10 seconds.","statusTrace":"org.awaitility.core.ConditionTimeoutException: Assertion condition defined as a Lambda expression in pl.allegro.tech.hermes.integrationtests.TopicAuthorizationTest Status expected:<403 FORBIDDEN> but was:<404 NOT_FOUND> within 10 seconds.\n\tat org.awaitility.core.ConditionAwaiter.await(ConditionAwaiter.java:167)\n\tat org.awaitility.core.AssertionCondition.await(AssertionCondition.java:119)\n\tat org.awaitility.core.AssertionCondition.await(AssertionCondition.java:31)\n\tat org.awaitility.core.ConditionFactory.until(ConditionFactory.java:1006)\n\tat org.awaitility.core.ConditionFactory.untilAsserted(ConditionFactory.java:790)\n\tat pl.allegro.tech.hermes.integrationtests.TopicAuthorizationTest.shouldNotPublishWithoutPermissionWhenAuthenticated(TopicAuthorizationTest.java:151)\n\tat java.base/java.lang.reflect.Method.invoke(Method.java:580)\n\tat java.base/java.util.stream.ForEachOps$ForEachOp$OfRef.accept(ForEachOps.java:184)\n\tat java.base/java.util.stream.ReferencePipeline$3$1.accept(ReferencePipeline.java:197)\n\tat java.base/java.util.stream.ReferencePipeline$2$1.accept(ReferencePipeline.java:179)\n\tat java.base/java.util.stream.ReferencePipeline$3$1.accept(ReferencePipeline.java:197)\n\tat java.base/java.util.stream.ForEachOps$ForEachOp$OfRef.accept(ForEachOps.java:184)\n\tat java.base/java.util.stream.ReferencePipeline$3$1.accept(ReferencePipeline.java:197)\n\tat java.base/java.util.stream.ReferencePipeline$3$1.accept(ReferencePipeline.java:197)\n\tat java.base/java.util.stream.ReferencePipeline$3$1.accept(ReferencePipeline.java:197)\n\tat java.base/java.util.stream.ForEachOps$ForEachOp$OfRef.accept(ForEachOps.java:184)\n\tat java.base/java.util.stream.ReferencePipeline$3$1.accept(ReferencePipeline.java:197)\n\tat java.base/java.util.Spliterators$ArraySpliterator.forEachRemaining(Spliterators.java:1024)\n\tat java.base/java.util.stream.ReferencePipeline$Head.forEach(ReferencePipeline.java:762)\n\tat java.base/java.util.stream.ReferencePipeline$7$1.accept(ReferencePipeline.java:276)\n\tat java.base/java.util.stream.ReferencePipeline$3$1.accept(ReferencePipeline.java:197)\n\tat java.base/java.util.stream.ReferencePipeline$3$1.accept(ReferencePipeline.java:197)\n\tat java.base/java.util.stream.ReferencePipeline$3$1.accept(ReferencePipeline.java:197)\n\tat java.base/java.util.Spliterators$ArraySpliterator.forEachRemaining(Spliterators.java:1024)\n\tat java.base/java.util.stream.AbstractPipeline.copyInto(AbstractPipeline.java:509)\n\tat java.base/java.util.stream.AbstractPipeline.wrapAndCopyInto(AbstractPipeline.java:499)\n\tat java.base/java.util.stream.ForEachOps$ForEachOp.evaluateSequential(ForEachOps.java:151)\n\tat java.base/java.util.stream.ForEachOps$ForEachOp$OfRef.evaluateSequential(ForEachOps.java:174)\n\tat java.base/java.util.stream.AbstractPipeline.evaluate(AbstractPipeline.java:234)\n\tat java.base/java.util.stream.ReferencePipeline.forEach(ReferencePipeline.java:596)\n\tat java.base/java.util.stream.ReferencePipeline$7$1.accept(ReferencePipeline.java:276)\n\tat java.base/java.util.stream.ReferencePipeline$3$1.accept(ReferencePipeline.java:197)\n\tat java.base/java.util.stream.ReferencePipeline$3$1.accept(ReferencePipeline.java:197)\n\tat java.base/java.util.stream.ReferencePipeline$3$1.accept(ReferencePipeline.java:197)\n\tat java.base/java.util.ArrayList$ArrayListSpliterator.forEachRemaining(ArrayList.java:1708)\n\tat java.base/java.util.stream.AbstractPipeline.copyInto(AbstractPipeline.java:509)\n\tat java.base/java.util.stream.AbstractPipeline.wrapAndCopyInto(AbstractPipeline.java:499)\n\tat java.base/java.util.stream.ForEachOps$ForEachOp.evaluateSequential(ForEachOps.java:151)\n\tat java.base/java.util.stream.ForEachOps$ForEachOp$OfRef.evaluateSequential(ForEachOps.java:174)\n\tat java.base/java.util.stream.AbstractPipeline.evaluate(AbstractPipeline.java:234)\n\tat java.base/java.util.stream.ReferencePipeline.forEach(ReferencePipeline.java:596)\n\tat java.base/java.util.stream.ReferencePipeline$7$1.accept(ReferencePipeline.java:276)\n\tat java.base/java.util.ArrayList$ArrayListSpliterator.forEachRemaining(ArrayList.java:1708)\n\tat java.base/java.util.stream.AbstractPipeline.copyInto(AbstractPipeline.java:509)\n\tat java.base/java.util.stream.AbstractPipeline.wrapAndCopyInto(AbstractPipeline.java:499)\n\tat java.base/java.util.stream.ForEachOps$ForEachOp.evaluateSequential(ForEachOps.java:151)\n\tat java.base/java.util.stream.ForEachOps$ForEachOp$OfRef.evaluateSequential(ForEachOps.java:174)\n\tat java.base/java.util.stream.AbstractPipeline.evaluate(AbstractPipeline.java:234)\n\tat java.base/java.util.stream.ReferencePipeline.forEach(ReferencePipeline.java:596)\n\tat java.base/java.util.ArrayList.forEach(ArrayList.java:1596)\n\tat java.base/java.util.ArrayList.forEach(ArrayList.java:1596)\nCaused by: java.lang.AssertionError: Status expected:<403 FORBIDDEN> but was:<404 NOT_FOUND>\n\tat org.springframework.test.util.AssertionErrors.fail(AssertionErrors.java:59)\n\tat org.springframework.test.util.AssertionErrors.assertEquals(AssertionErrors.java:122)\n\tat org.springframework.test.web.reactive.server.StatusAssertions.lambda$assertStatusAndReturn$4(StatusAssertions.java:236)\n\tat org.springframework.test.web.reactive.server.ExchangeResult.assertWithDiagnostics(ExchangeResult.java:222)\n\tat org.springframework.test.web.reactive.server.StatusAssertions.assertStatusAndReturn(StatusAssertions.java:236)\n\tat org.springframework.test.web.reactive.server.StatusAssertions.isForbidden(StatusAssertions.java:146)\n\tat pl.allegro.tech.hermes.integrationtests.TopicAuthorizationTest.lambda$shouldNotPublishWithoutPermissionWhenAuthenticated$3(TopicAuthorizationTest.java:163)\n\tat org.awaitility.core.AssertionCondition.lambda$new$0(AssertionCondition.java:53)\n\tat org.awaitility.core.ConditionAwaiter$ConditionPoller.call(ConditionAwaiter.java:248)\n\tat org.awaitility.core.ConditionAwaiter$ConditionPoller.call(ConditionAwaiter.java:235)\n\tat java.base/java.util.concurrent.FutureTask.run(FutureTask.java:317)\n\tat java.base/java.util.concurrent.ThreadPoolExecutor.runWorker(ThreadPoolExecutor.java:1144)\n\tat java.base/java.util.concurrent.ThreadPoolExecutor$Worker.run(ThreadPoolExecutor.java:642)\n\tat java.base/java.lang.Thread.run(Thread.java:1583)\n","flaky":false,"newFailed":false,"newBroken":true,"newPassed":false,"retriesCount":0,"retriesStatusChange":false,"beforeStages":[],"afterStages":[],"labels":[{"name":"junit.platform.uniqueid","value":"[engine:junit-jupiter]/[class:pl.allegro.tech.hermes.integrationtests.TopicAuthorizationTest]/[test-template:shouldNotPublishWithoutPermissionWhenAuthenticated(pl.allegro.tech.hermes.api.Topic)]/[test-template-invocation:#2]"},{"name":"host","value":"fv-az789-101"},{"name":"thread","value":"2853@fv-az789-101.Test worker(1)"},{"name":"framework","value":"junit-platform"},{"name":"language","value":"java"},{"name":"package","value":"pl.allegro.tech.hermes.integrationtests.TopicAuthorizationTest"},{"name":"testClass","value":"pl.allegro.tech.hermes.integrationtests.TopicAuthorizationTest"},{"name":"testMethod","value":"shouldNotPublishWithoutPermissionWhenAuthenticated"},{"name":"suite","value":"pl.allegro.tech.hermes.integrationtests.TopicAuthorizationTest"},{"name":"resultFormat","value":"allure2"}],"parameters":[],"links":[],"hidden":false,"retry":false,"extra":{"severity":"normal","retries":[],"categories":[{"name":"Test defects","matchedStatuses":[],"flaky":false}],"history":{"statistic":{"failed":0,"broken":5,"skipped":0,"passed":23,"unknown":0,"total":28},"items":[{"uid":"d4bf4fc2f94a297f","reportUrl":"https://allegro.github.io/hermes/2375//#testresult/d4bf4fc2f94a297f","status":"passed","time":{"start":1734958465241,"stop":1734958465574,"duration":333}},{"uid":"7ba3636d3a4f10f6","reportUrl":"https://allegro.github.io/hermes/2367//#testresult/7ba3636d3a4f10f6","status":"passed","time":{"start":1734699924130,"stop":1734699924483,"duration":353}},{"uid":"9b8bc7aba8c2222a","reportUrl":"https://allegro.github.io/hermes/2363//#testresult/9b8bc7aba8c2222a","status":"passed","time":{"start":1734682803301,"stop":1734682803640,"duration":339}},{"uid":"21997714e82884c8","reportUrl":"https://allegro.github.io/hermes/2353//#testresult/21997714e82884c8","status":"passed","time":{"start":1734606974866,"stop":1734606975213,"duration":347}},{"uid":"1f06c51227efd0c6","reportUrl":"https://allegro.github.io/hermes/2324//#testresult/1f06c51227efd0c6","status":"passed","time":{"start":1732788556484,"stop":1732788556832,"duration":348}},{"uid":"b56bdcaf9b4c7d16","reportUrl":"https://allegro.github.io/hermes/2272//#testresult/b56bdcaf9b4c7d16","status":"passed","time":{"start":1732533769976,"stop":1732533770318,"duration":342}},{"uid":"916df5329e98145a","reportUrl":"https://allegro.github.io/hermes/2272//#testresult/916df5329e98145a","status":"passed","time":{"start":1732179541793,"stop":1732179542130,"duration":337}},{"uid":"d1aec993014dbb22","reportUrl":"https://allegro.github.io/hermes/2270//#testresult/d1aec993014dbb22","status":"passed","time":{"start":1732177541726,"stop":1732177542078,"duration":352}},{"uid":"bb668721794aa80d","reportUrl":"https://allegro.github.io/hermes/2238//#testresult/bb668721794aa80d","status":"passed","time":{"start":1732119583172,"stop":1732119583513,"duration":341}},{"uid":"29e26bb9b495a675","reportUrl":"https://allegro.github.io/hermes/2238//#testresult/29e26bb9b495a675","status":"broken","statusDetails":"Assertion condition defined as a Lambda expression in pl.allegro.tech.hermes.integrationtests.TopicAuthorizationTest Status expected:<403 FORBIDDEN> but was:<404 NOT_FOUND> within 10 seconds.","time":{"start":1732013272874,"stop":1732013283135,"duration":10261}},{"uid":"cb08b138b88f4065","reportUrl":"https://allegro.github.io/hermes/2236//#testresult/cb08b138b88f4065","status":"passed","time":{"start":1731948205975,"stop":1731948206314,"duration":339}},{"uid":"9ffe2027df02bd71","reportUrl":"https://allegro.github.io/hermes/2207//#testresult/9ffe2027df02bd71","status":"passed","time":{"start":1731080331998,"stop":1731080332341,"duration":343}},{"uid":"a7b6823678bae02a","reportUrl":"https://allegro.github.io/hermes/2201//#testresult/a7b6823678bae02a","status":"passed","time":{"start":1731068848633,"stop":1731068848984,"duration":351}},{"uid":"fa0ea1a4b7531453","reportUrl":"https://allegro.github.io/hermes/2198//#testresult/fa0ea1a4b7531453","status":"broken","statusDetails":"Assertion condition defined as a Lambda expression in pl.allegro.tech.hermes.integrationtests.TopicAuthorizationTest Status expected:<403 FORBIDDEN> but was:<404 NOT_FOUND> within 10 seconds.","time":{"start":1730979507557,"stop":1730979517887,"duration":10330}},{"uid":"e82c05eea7cb6b1a","reportUrl":"https://allegro.github.io/hermes/2150//#testresult/e82c05eea7cb6b1a","status":"broken","statusDetails":"Assertion condition defined as a Lambda expression in pl.allegro.tech.hermes.integrationtests.TopicAuthorizationTest Status expected:<403 FORBIDDEN> but was:<404 NOT_FOUND> within 10 seconds.","time":{"start":1728893689686,"stop":1728893700024,"duration":10338}},{"uid":"aebfe4d7565a462a","reportUrl":"https://allegro.github.io/hermes/2146//#testresult/aebfe4d7565a462a","status":"passed","time":{"start":1728464596212,"stop":1728464596552,"duration":340}},{"uid":"37181f1b58f5c767","reportUrl":"https://allegro.github.io/hermes/2144//#testresult/37181f1b58f5c767","status":"passed","time":{"start":1728127056891,"stop":1728127057233,"duration":342}},{"uid":"1bc49414c19a7c87","reportUrl":"https://allegro.github.io/hermes/2140//#testresult/1bc49414c19a7c87","status":"broken","statusDetails":"Assertion condition defined as a Lambda expression in pl.allegro.tech.hermes.integrationtests.TopicAuthorizationTest Status expected:<403 FORBIDDEN> but was:<404 NOT_FOUND> within 10 seconds.","time":{"start":1728041645599,"stop":1728041655866,"duration":10267}},{"uid":"792dcd7402837e6d","reportUrl":"https://allegro.github.io/hermes/2136//#testresult/792dcd7402837e6d","status":"passed","time":{"start":1728030969771,"stop":1728030970109,"duration":338}},{"uid":"8b53a59a7e06a920","reportUrl":"https://allegro.github.io/hermes/2128//#testresult/8b53a59a7e06a920","status":"passed","time":{"start":1727094481121,"stop":1727094481461,"duration":340}}]},"tags":[]},"source":"790a3f40f8c9d389.json","parameterValues":[]}