{"uid":"d577c5b813fbb3e6","name":"shouldPublishAsGuestWhenAuthIsNotRequired(Topic) [1] Topic(TopicBuilderGroup223.TopicBuilderTopic224)","fullName":"pl.allegro.tech.hermes.integrationtests.TopicAuthorizationTest.shouldPublishAsGuestWhenAuthIsNotRequired","historyId":"65bee150656671c94397b5ecda91b7df","time":{"start":1736329522705,"stop":1736329533033,"duration":10328},"description":"","status":"broken","statusMessage":"Assertion condition defined as a Lambda expression in pl.allegro.tech.hermes.integrationtests.TopicAuthorizationTest Status expected:<201 CREATED> but was:<404 NOT_FOUND> within 10 seconds.","statusTrace":"org.awaitility.core.ConditionTimeoutException: Assertion condition defined as a Lambda expression in pl.allegro.tech.hermes.integrationtests.TopicAuthorizationTest Status expected:<201 CREATED> but was:<404 NOT_FOUND> within 10 seconds.\n\tat org.awaitility.core.ConditionAwaiter.await(ConditionAwaiter.java:167)\n\tat org.awaitility.core.AssertionCondition.await(AssertionCondition.java:119)\n\tat org.awaitility.core.AssertionCondition.await(AssertionCondition.java:31)\n\tat org.awaitility.core.ConditionFactory.until(ConditionFactory.java:1006)\n\tat org.awaitility.core.ConditionFactory.untilAsserted(ConditionFactory.java:790)\n\tat pl.allegro.tech.hermes.integrationtests.TopicAuthorizationTest.shouldPublishAsGuestWhenAuthIsNotRequired(TopicAuthorizationTest.java:95)\n\tat java.base/java.lang.reflect.Method.invoke(Method.java:580)\n\tat java.base/java.util.stream.ForEachOps$ForEachOp$OfRef.accept(ForEachOps.java:184)\n\tat java.base/java.util.stream.ReferencePipeline$3$1.accept(ReferencePipeline.java:197)\n\tat java.base/java.util.stream.ReferencePipeline$2$1.accept(ReferencePipeline.java:179)\n\tat java.base/java.util.stream.ReferencePipeline$3$1.accept(ReferencePipeline.java:197)\n\tat java.base/java.util.stream.ForEachOps$ForEachOp$OfRef.accept(ForEachOps.java:184)\n\tat java.base/java.util.stream.ReferencePipeline$3$1.accept(ReferencePipeline.java:197)\n\tat java.base/java.util.stream.ReferencePipeline$3$1.accept(ReferencePipeline.java:197)\n\tat java.base/java.util.stream.ReferencePipeline$3$1.accept(ReferencePipeline.java:197)\n\tat java.base/java.util.stream.ForEachOps$ForEachOp$OfRef.accept(ForEachOps.java:184)\n\tat java.base/java.util.stream.ReferencePipeline$3$1.accept(ReferencePipeline.java:197)\n\tat java.base/java.util.Spliterators$ArraySpliterator.forEachRemaining(Spliterators.java:1024)\n\tat java.base/java.util.stream.ReferencePipeline$Head.forEach(ReferencePipeline.java:762)\n\tat java.base/java.util.stream.ReferencePipeline$7$1.accept(ReferencePipeline.java:276)\n\tat java.base/java.util.stream.ReferencePipeline$3$1.accept(ReferencePipeline.java:197)\n\tat java.base/java.util.stream.ReferencePipeline$3$1.accept(ReferencePipeline.java:197)\n\tat java.base/java.util.stream.ReferencePipeline$3$1.accept(ReferencePipeline.java:197)\n\tat java.base/java.util.Spliterators$ArraySpliterator.forEachRemaining(Spliterators.java:1024)\n\tat java.base/java.util.stream.AbstractPipeline.copyInto(AbstractPipeline.java:509)\n\tat java.base/java.util.stream.AbstractPipeline.wrapAndCopyInto(AbstractPipeline.java:499)\n\tat java.base/java.util.stream.ForEachOps$ForEachOp.evaluateSequential(ForEachOps.java:151)\n\tat java.base/java.util.stream.ForEachOps$ForEachOp$OfRef.evaluateSequential(ForEachOps.java:174)\n\tat java.base/java.util.stream.AbstractPipeline.evaluate(AbstractPipeline.java:234)\n\tat java.base/java.util.stream.ReferencePipeline.forEach(ReferencePipeline.java:596)\n\tat java.base/java.util.stream.ReferencePipeline$7$1.accept(ReferencePipeline.java:276)\n\tat java.base/java.util.stream.ReferencePipeline$3$1.accept(ReferencePipeline.java:197)\n\tat java.base/java.util.stream.ReferencePipeline$3$1.accept(ReferencePipeline.java:197)\n\tat java.base/java.util.stream.ReferencePipeline$3$1.accept(ReferencePipeline.java:197)\n\tat java.base/java.util.ArrayList$ArrayListSpliterator.forEachRemaining(ArrayList.java:1708)\n\tat java.base/java.util.stream.AbstractPipeline.copyInto(AbstractPipeline.java:509)\n\tat java.base/java.util.stream.AbstractPipeline.wrapAndCopyInto(AbstractPipeline.java:499)\n\tat java.base/java.util.stream.ForEachOps$ForEachOp.evaluateSequential(ForEachOps.java:151)\n\tat java.base/java.util.stream.ForEachOps$ForEachOp$OfRef.evaluateSequential(ForEachOps.java:174)\n\tat java.base/java.util.stream.AbstractPipeline.evaluate(AbstractPipeline.java:234)\n\tat java.base/java.util.stream.ReferencePipeline.forEach(ReferencePipeline.java:596)\n\tat java.base/java.util.stream.ReferencePipeline$7$1.accept(ReferencePipeline.java:276)\n\tat java.base/java.util.ArrayList$ArrayListSpliterator.forEachRemaining(ArrayList.java:1708)\n\tat java.base/java.util.stream.AbstractPipeline.copyInto(AbstractPipeline.java:509)\n\tat java.base/java.util.stream.AbstractPipeline.wrapAndCopyInto(AbstractPipeline.java:499)\n\tat java.base/java.util.stream.ForEachOps$ForEachOp.evaluateSequential(ForEachOps.java:151)\n\tat java.base/java.util.stream.ForEachOps$ForEachOp$OfRef.evaluateSequential(ForEachOps.java:174)\n\tat java.base/java.util.stream.AbstractPipeline.evaluate(AbstractPipeline.java:234)\n\tat java.base/java.util.stream.ReferencePipeline.forEach(ReferencePipeline.java:596)\n\tat java.base/java.util.ArrayList.forEach(ArrayList.java:1596)\n\tat java.base/java.util.ArrayList.forEach(ArrayList.java:1596)\nCaused by: java.lang.AssertionError: Status expected:<201 CREATED> but was:<404 NOT_FOUND>\n\tat org.springframework.test.util.AssertionErrors.fail(AssertionErrors.java:59)\n\tat org.springframework.test.util.AssertionErrors.assertEquals(AssertionErrors.java:122)\n\tat org.springframework.test.web.reactive.server.StatusAssertions.lambda$assertStatusAndReturn$4(StatusAssertions.java:236)\n\tat org.springframework.test.web.reactive.server.ExchangeResult.assertWithDiagnostics(ExchangeResult.java:222)\n\tat org.springframework.test.web.reactive.server.StatusAssertions.assertStatusAndReturn(StatusAssertions.java:236)\n\tat org.springframework.test.web.reactive.server.StatusAssertions.isCreated(StatusAssertions.java:75)\n\tat pl.allegro.tech.hermes.integrationtests.TopicAuthorizationTest.lambda$shouldPublishAsGuestWhenAuthIsNotRequired$1(TopicAuthorizationTest.java:102)\n\tat org.awaitility.core.AssertionCondition.lambda$new$0(AssertionCondition.java:53)\n\tat org.awaitility.core.ConditionAwaiter$ConditionPoller.call(ConditionAwaiter.java:248)\n\tat org.awaitility.core.ConditionAwaiter$ConditionPoller.call(ConditionAwaiter.java:235)\n\tat java.base/java.util.concurrent.FutureTask.run(FutureTask.java:317)\n\tat java.base/java.util.concurrent.ThreadPoolExecutor.runWorker(ThreadPoolExecutor.java:1144)\n\tat java.base/java.util.concurrent.ThreadPoolExecutor$Worker.run(ThreadPoolExecutor.java:642)\n\tat java.base/java.lang.Thread.run(Thread.java:1583)\n","flaky":false,"newFailed":false,"newBroken":true,"newPassed":false,"retriesCount":0,"retriesStatusChange":false,"beforeStages":[],"afterStages":[],"labels":[{"name":"junit.platform.uniqueid","value":"[engine:junit-jupiter]/[class:pl.allegro.tech.hermes.integrationtests.TopicAuthorizationTest]/[test-template:shouldPublishAsGuestWhenAuthIsNotRequired(pl.allegro.tech.hermes.api.Topic)]/[test-template-invocation:#1]"},{"name":"host","value":"fv-az789-101"},{"name":"thread","value":"2853@fv-az789-101.Test worker(1)"},{"name":"framework","value":"junit-platform"},{"name":"language","value":"java"},{"name":"package","value":"pl.allegro.tech.hermes.integrationtests.TopicAuthorizationTest"},{"name":"testClass","value":"pl.allegro.tech.hermes.integrationtests.TopicAuthorizationTest"},{"name":"testMethod","value":"shouldPublishAsGuestWhenAuthIsNotRequired"},{"name":"suite","value":"pl.allegro.tech.hermes.integrationtests.TopicAuthorizationTest"},{"name":"resultFormat","value":"allure2"}],"parameters":[],"links":[],"hidden":false,"retry":false,"extra":{"severity":"normal","retries":[],"categories":[{"name":"Test defects","matchedStatuses":[],"flaky":false}],"history":{"statistic":{"failed":0,"broken":5,"skipped":0,"passed":23,"unknown":0,"total":28},"items":[{"uid":"d92f6d1c2abbb890","reportUrl":"https://allegro.github.io/hermes/2375//#testresult/d92f6d1c2abbb890","status":"passed","time":{"start":1734958463854,"stop":1734958464200,"duration":346}},{"uid":"dd5d380e28fd7fc7","reportUrl":"https://allegro.github.io/hermes/2367//#testresult/dd5d380e28fd7fc7","status":"passed","time":{"start":1734699922710,"stop":1734699923062,"duration":352}},{"uid":"9d61c324984d6d88","reportUrl":"https://allegro.github.io/hermes/2363//#testresult/9d61c324984d6d88","status":"passed","time":{"start":1734682801878,"stop":1734682802224,"duration":346}},{"uid":"34beda629ce8ab72","reportUrl":"https://allegro.github.io/hermes/2353//#testresult/34beda629ce8ab72","status":"passed","time":{"start":1734606973467,"stop":1734606973829,"duration":362}},{"uid":"a619faa367933369","reportUrl":"https://allegro.github.io/hermes/2324//#testresult/a619faa367933369","status":"passed","time":{"start":1732788555095,"stop":1732788555442,"duration":347}},{"uid":"91c0b8656b2553fa","reportUrl":"https://allegro.github.io/hermes/2272//#testresult/91c0b8656b2553fa","status":"passed","time":{"start":1732533768577,"stop":1732533768930,"duration":353}},{"uid":"227038576e517ab2","reportUrl":"https://allegro.github.io/hermes/2272//#testresult/227038576e517ab2","status":"passed","time":{"start":1732179540420,"stop":1732179540760,"duration":340}},{"uid":"a8b4e0f418f09c48","reportUrl":"https://allegro.github.io/hermes/2270//#testresult/a8b4e0f418f09c48","status":"passed","time":{"start":1732177540302,"stop":1732177540656,"duration":354}},{"uid":"7d21c7ecefe82b87","reportUrl":"https://allegro.github.io/hermes/2238//#testresult/7d21c7ecefe82b87","status":"passed","time":{"start":1732119581763,"stop":1732119582111,"duration":348}},{"uid":"6b24ada00b58930d","reportUrl":"https://allegro.github.io/hermes/2238//#testresult/6b24ada00b58930d","status":"broken","statusDetails":"Assertion condition defined as a Lambda expression in pl.allegro.tech.hermes.integrationtests.TopicAuthorizationTest Status expected:<201 CREATED> but was:<404 NOT_FOUND> within 10 seconds.","time":{"start":1732013231823,"stop":1732013242086,"duration":10263}},{"uid":"bd40b7228457b732","reportUrl":"https://allegro.github.io/hermes/2236//#testresult/bd40b7228457b732","status":"passed","time":{"start":1731948204578,"stop":1731948204922,"duration":344}},{"uid":"77e607ffd8cf968e","reportUrl":"https://allegro.github.io/hermes/2207//#testresult/77e607ffd8cf968e","status":"passed","time":{"start":1731080330602,"stop":1731080330953,"duration":351}},{"uid":"5f77660b0df4e33a","reportUrl":"https://allegro.github.io/hermes/2201//#testresult/5f77660b0df4e33a","status":"passed","time":{"start":1731068847222,"stop":1731068847573,"duration":351}},{"uid":"1401626510176567","reportUrl":"https://allegro.github.io/hermes/2198//#testresult/1401626510176567","status":"broken","statusDetails":"Assertion condition defined as a Lambda expression in pl.allegro.tech.hermes.integrationtests.TopicAuthorizationTest Status expected:<201 CREATED> but was:<404 NOT_FOUND> within 10 seconds.","time":{"start":1730979466418,"stop":1730979476660,"duration":10242}},{"uid":"56c3f6cd10eea63b","reportUrl":"https://allegro.github.io/hermes/2150//#testresult/56c3f6cd10eea63b","status":"broken","statusDetails":"Assertion condition defined as a Lambda expression in pl.allegro.tech.hermes.integrationtests.TopicAuthorizationTest Status expected:<201 CREATED> but was:<404 NOT_FOUND> within 10 seconds.","time":{"start":1728893648657,"stop":1728893658916,"duration":10259}},{"uid":"ee49b3c0828d9ff6","reportUrl":"https://allegro.github.io/hermes/2146//#testresult/ee49b3c0828d9ff6","status":"passed","time":{"start":1728464594832,"stop":1728464595179,"duration":347}},{"uid":"81ed7a1694bf99eb","reportUrl":"https://allegro.github.io/hermes/2144//#testresult/81ed7a1694bf99eb","status":"passed","time":{"start":1728127055476,"stop":1728127055827,"duration":351}},{"uid":"808eb3ac28377fdb","reportUrl":"https://allegro.github.io/hermes/2140//#testresult/808eb3ac28377fdb","status":"broken","statusDetails":"Assertion condition defined as a Lambda expression in pl.allegro.tech.hermes.integrationtests.TopicAuthorizationTest Status expected:<201 CREATED> but was:<404 NOT_FOUND> within 10 seconds.","time":{"start":1728041604548,"stop":1728041614811,"duration":10263}},{"uid":"2f9d9d64b2731ac6","reportUrl":"https://allegro.github.io/hermes/2136//#testresult/2f9d9d64b2731ac6","status":"passed","time":{"start":1728030968385,"stop":1728030968731,"duration":346}},{"uid":"1141ee7b6b80c8b","reportUrl":"https://allegro.github.io/hermes/2128//#testresult/1141ee7b6b80c8b","status":"passed","time":{"start":1727094479729,"stop":1727094480073,"duration":344}}]},"tags":[]},"source":"d577c5b813fbb3e6.json","parameterValues":[]}