{"uid":"db9b47fe60bb85c","name":"shouldPublishWhenAuthenticated(Topic) [3] Topic(TopicBuilderGroup241.TopicBuilderTopic242)","fullName":"pl.allegro.tech.hermes.integrationtests.TopicAuthorizationTest.shouldPublishWhenAuthenticated","historyId":"17cd7a32b9367942bd337a368b03ed79","time":{"start":1736329615549,"stop":1736329625844,"duration":10295},"description":"","status":"broken","statusMessage":"Assertion condition defined as a Lambda expression in pl.allegro.tech.hermes.integrationtests.TopicAuthorizationTest Status expected:<201 CREATED> but was:<404 NOT_FOUND> within 10 seconds.","statusTrace":"org.awaitility.core.ConditionTimeoutException: Assertion condition defined as a Lambda expression in pl.allegro.tech.hermes.integrationtests.TopicAuthorizationTest Status expected:<201 CREATED> but was:<404 NOT_FOUND> within 10 seconds.\n\tat org.awaitility.core.ConditionAwaiter.await(ConditionAwaiter.java:167)\n\tat org.awaitility.core.AssertionCondition.await(AssertionCondition.java:119)\n\tat org.awaitility.core.AssertionCondition.await(AssertionCondition.java:31)\n\tat org.awaitility.core.ConditionFactory.until(ConditionFactory.java:1006)\n\tat org.awaitility.core.ConditionFactory.untilAsserted(ConditionFactory.java:790)\n\tat pl.allegro.tech.hermes.integrationtests.TopicAuthorizationTest.shouldPublishWhenAuthenticated(TopicAuthorizationTest.java:50)\n\tat java.base/java.lang.reflect.Method.invoke(Method.java:580)\n\tat java.base/java.util.stream.ForEachOps$ForEachOp$OfRef.accept(ForEachOps.java:184)\n\tat java.base/java.util.stream.ReferencePipeline$3$1.accept(ReferencePipeline.java:197)\n\tat java.base/java.util.stream.ReferencePipeline$2$1.accept(ReferencePipeline.java:179)\n\tat java.base/java.util.stream.ReferencePipeline$3$1.accept(ReferencePipeline.java:197)\n\tat java.base/java.util.stream.ForEachOps$ForEachOp$OfRef.accept(ForEachOps.java:184)\n\tat java.base/java.util.stream.ReferencePipeline$3$1.accept(ReferencePipeline.java:197)\n\tat java.base/java.util.stream.ReferencePipeline$3$1.accept(ReferencePipeline.java:197)\n\tat java.base/java.util.stream.ReferencePipeline$3$1.accept(ReferencePipeline.java:197)\n\tat java.base/java.util.stream.ForEachOps$ForEachOp$OfRef.accept(ForEachOps.java:184)\n\tat java.base/java.util.stream.ReferencePipeline$3$1.accept(ReferencePipeline.java:197)\n\tat java.base/java.util.Spliterators$ArraySpliterator.forEachRemaining(Spliterators.java:1024)\n\tat java.base/java.util.stream.ReferencePipeline$Head.forEach(ReferencePipeline.java:762)\n\tat java.base/java.util.stream.ReferencePipeline$7$1.accept(ReferencePipeline.java:276)\n\tat java.base/java.util.stream.ReferencePipeline$3$1.accept(ReferencePipeline.java:197)\n\tat java.base/java.util.stream.ReferencePipeline$3$1.accept(ReferencePipeline.java:197)\n\tat java.base/java.util.stream.ReferencePipeline$3$1.accept(ReferencePipeline.java:197)\n\tat java.base/java.util.Spliterators$ArraySpliterator.forEachRemaining(Spliterators.java:1024)\n\tat java.base/java.util.stream.AbstractPipeline.copyInto(AbstractPipeline.java:509)\n\tat java.base/java.util.stream.AbstractPipeline.wrapAndCopyInto(AbstractPipeline.java:499)\n\tat java.base/java.util.stream.ForEachOps$ForEachOp.evaluateSequential(ForEachOps.java:151)\n\tat java.base/java.util.stream.ForEachOps$ForEachOp$OfRef.evaluateSequential(ForEachOps.java:174)\n\tat java.base/java.util.stream.AbstractPipeline.evaluate(AbstractPipeline.java:234)\n\tat java.base/java.util.stream.ReferencePipeline.forEach(ReferencePipeline.java:596)\n\tat java.base/java.util.stream.ReferencePipeline$7$1.accept(ReferencePipeline.java:276)\n\tat java.base/java.util.stream.ReferencePipeline$3$1.accept(ReferencePipeline.java:197)\n\tat java.base/java.util.stream.ReferencePipeline$3$1.accept(ReferencePipeline.java:197)\n\tat java.base/java.util.stream.ReferencePipeline$3$1.accept(ReferencePipeline.java:197)\n\tat java.base/java.util.ArrayList$ArrayListSpliterator.forEachRemaining(ArrayList.java:1708)\n\tat java.base/java.util.stream.AbstractPipeline.copyInto(AbstractPipeline.java:509)\n\tat java.base/java.util.stream.AbstractPipeline.wrapAndCopyInto(AbstractPipeline.java:499)\n\tat java.base/java.util.stream.ForEachOps$ForEachOp.evaluateSequential(ForEachOps.java:151)\n\tat java.base/java.util.stream.ForEachOps$ForEachOp$OfRef.evaluateSequential(ForEachOps.java:174)\n\tat java.base/java.util.stream.AbstractPipeline.evaluate(AbstractPipeline.java:234)\n\tat java.base/java.util.stream.ReferencePipeline.forEach(ReferencePipeline.java:596)\n\tat java.base/java.util.stream.ReferencePipeline$7$1.accept(ReferencePipeline.java:276)\n\tat java.base/java.util.ArrayList$ArrayListSpliterator.forEachRemaining(ArrayList.java:1708)\n\tat java.base/java.util.stream.AbstractPipeline.copyInto(AbstractPipeline.java:509)\n\tat java.base/java.util.stream.AbstractPipeline.wrapAndCopyInto(AbstractPipeline.java:499)\n\tat java.base/java.util.stream.ForEachOps$ForEachOp.evaluateSequential(ForEachOps.java:151)\n\tat java.base/java.util.stream.ForEachOps$ForEachOp$OfRef.evaluateSequential(ForEachOps.java:174)\n\tat java.base/java.util.stream.AbstractPipeline.evaluate(AbstractPipeline.java:234)\n\tat java.base/java.util.stream.ReferencePipeline.forEach(ReferencePipeline.java:596)\n\tat java.base/java.util.ArrayList.forEach(ArrayList.java:1596)\n\tat java.base/java.util.ArrayList.forEach(ArrayList.java:1596)\nCaused by: java.lang.AssertionError: Status expected:<201 CREATED> but was:<404 NOT_FOUND>\n\tat org.springframework.test.util.AssertionErrors.fail(AssertionErrors.java:59)\n\tat org.springframework.test.util.AssertionErrors.assertEquals(AssertionErrors.java:122)\n\tat org.springframework.test.web.reactive.server.StatusAssertions.lambda$assertStatusAndReturn$4(StatusAssertions.java:236)\n\tat org.springframework.test.web.reactive.server.ExchangeResult.assertWithDiagnostics(ExchangeResult.java:222)\n\tat org.springframework.test.web.reactive.server.StatusAssertions.assertStatusAndReturn(StatusAssertions.java:236)\n\tat org.springframework.test.web.reactive.server.StatusAssertions.isCreated(StatusAssertions.java:75)\n\tat pl.allegro.tech.hermes.integrationtests.TopicAuthorizationTest.lambda$shouldPublishWhenAuthenticated$0(TopicAuthorizationTest.java:62)\n\tat org.awaitility.core.AssertionCondition.lambda$new$0(AssertionCondition.java:53)\n\tat org.awaitility.core.ConditionAwaiter$ConditionPoller.call(ConditionAwaiter.java:248)\n\tat org.awaitility.core.ConditionAwaiter$ConditionPoller.call(ConditionAwaiter.java:235)\n\tat java.base/java.util.concurrent.FutureTask.run(FutureTask.java:317)\n\tat java.base/java.util.concurrent.ThreadPoolExecutor.runWorker(ThreadPoolExecutor.java:1144)\n\tat java.base/java.util.concurrent.ThreadPoolExecutor$Worker.run(ThreadPoolExecutor.java:642)\n\tat java.base/java.lang.Thread.run(Thread.java:1583)\n","flaky":false,"newFailed":false,"newBroken":true,"newPassed":false,"retriesCount":0,"retriesStatusChange":false,"beforeStages":[],"afterStages":[],"labels":[{"name":"junit.platform.uniqueid","value":"[engine:junit-jupiter]/[class:pl.allegro.tech.hermes.integrationtests.TopicAuthorizationTest]/[test-template:shouldPublishWhenAuthenticated(pl.allegro.tech.hermes.api.Topic)]/[test-template-invocation:#3]"},{"name":"host","value":"fv-az789-101"},{"name":"thread","value":"2853@fv-az789-101.Test worker(1)"},{"name":"framework","value":"junit-platform"},{"name":"language","value":"java"},{"name":"package","value":"pl.allegro.tech.hermes.integrationtests.TopicAuthorizationTest"},{"name":"testClass","value":"pl.allegro.tech.hermes.integrationtests.TopicAuthorizationTest"},{"name":"testMethod","value":"shouldPublishWhenAuthenticated"},{"name":"suite","value":"pl.allegro.tech.hermes.integrationtests.TopicAuthorizationTest"},{"name":"resultFormat","value":"allure2"}],"parameters":[],"links":[],"hidden":false,"retry":false,"extra":{"severity":"normal","retries":[],"categories":[{"name":"Test defects","matchedStatuses":[],"flaky":false}],"history":{"statistic":{"failed":0,"broken":5,"skipped":0,"passed":23,"unknown":0,"total":28},"items":[{"uid":"7843be97d27b824a","reportUrl":"https://allegro.github.io/hermes/2375//#testresult/7843be97d27b824a","status":"passed","time":{"start":1734958466949,"stop":1734958467289,"duration":340}},{"uid":"c307dcb7912c5f2","reportUrl":"https://allegro.github.io/hermes/2367//#testresult/c307dcb7912c5f2","status":"passed","time":{"start":1734699925878,"stop":1734699926227,"duration":349}},{"uid":"47f5ba674ba58744","reportUrl":"https://allegro.github.io/hermes/2363//#testresult/47f5ba674ba58744","status":"passed","time":{"start":1734682805044,"stop":1734682805395,"duration":351}},{"uid":"7b766a1c0b9bee97","reportUrl":"https://allegro.github.io/hermes/2353//#testresult/7b766a1c0b9bee97","status":"passed","time":{"start":1734606976614,"stop":1734606976964,"duration":350}},{"uid":"811dd395a8227a51","reportUrl":"https://allegro.github.io/hermes/2324//#testresult/811dd395a8227a51","status":"passed","time":{"start":1732788558218,"stop":1732788558583,"duration":365}},{"uid":"9ea4fbe1f10f6dfa","reportUrl":"https://allegro.github.io/hermes/2272//#testresult/9ea4fbe1f10f6dfa","status":"passed","time":{"start":1732533771704,"stop":1732533772062,"duration":358}},{"uid":"7ea21a356486a69c","reportUrl":"https://allegro.github.io/hermes/2272//#testresult/7ea21a356486a69c","status":"passed","time":{"start":1732179543522,"stop":1732179543861,"duration":339}},{"uid":"1d81741ff6d8d0f7","reportUrl":"https://allegro.github.io/hermes/2270//#testresult/1d81741ff6d8d0f7","status":"passed","time":{"start":1732177543485,"stop":1732177543827,"duration":342}},{"uid":"b27b0cfa2132dabf","reportUrl":"https://allegro.github.io/hermes/2238//#testresult/b27b0cfa2132dabf","status":"passed","time":{"start":1732119584933,"stop":1732119585277,"duration":344}},{"uid":"8baa13608e9f551e","reportUrl":"https://allegro.github.io/hermes/2238//#testresult/8baa13608e9f551e","status":"broken","statusDetails":"Assertion condition defined as a Lambda expression in pl.allegro.tech.hermes.integrationtests.TopicAuthorizationTest Status expected:<201 CREATED> but was:<404 NOT_FOUND> within 10 seconds.","time":{"start":1732013324141,"stop":1732013334384,"duration":10243}},{"uid":"4213c57394d7985f","reportUrl":"https://allegro.github.io/hermes/2236//#testresult/4213c57394d7985f","status":"passed","time":{"start":1731948207697,"stop":1731948208049,"duration":352}},{"uid":"2e237377933521e6","reportUrl":"https://allegro.github.io/hermes/2207//#testresult/2e237377933521e6","status":"passed","time":{"start":1731080333717,"stop":1731080334057,"duration":340}},{"uid":"f5b0627921443825","reportUrl":"https://allegro.github.io/hermes/2201//#testresult/f5b0627921443825","status":"passed","time":{"start":1731068850370,"stop":1731068850724,"duration":354}},{"uid":"a46814c406e67cfd","reportUrl":"https://allegro.github.io/hermes/2198//#testresult/a46814c406e67cfd","status":"broken","statusDetails":"Assertion condition defined as a Lambda expression in pl.allegro.tech.hermes.integrationtests.TopicAuthorizationTest Status expected:<201 CREATED> but was:<404 NOT_FOUND> within 10 seconds.","time":{"start":1730979559188,"stop":1730979569500,"duration":10312}},{"uid":"2397f31ff581eb00","reportUrl":"https://allegro.github.io/hermes/2150//#testresult/2397f31ff581eb00","status":"broken","statusDetails":"Assertion condition defined as a Lambda expression in pl.allegro.tech.hermes.integrationtests.TopicAuthorizationTest Status expected:<201 CREATED> but was:<404 NOT_FOUND> within 10 seconds.","time":{"start":1728893741362,"stop":1728893751696,"duration":10334}},{"uid":"ef712599188a8fe3","reportUrl":"https://allegro.github.io/hermes/2146//#testresult/ef712599188a8fe3","status":"passed","time":{"start":1728464597945,"stop":1728464598284,"duration":339}},{"uid":"867888c964468739","reportUrl":"https://allegro.github.io/hermes/2144//#testresult/867888c964468739","status":"passed","time":{"start":1728127058610,"stop":1728127058977,"duration":367}},{"uid":"6f5bbfe31e3a5449","reportUrl":"https://allegro.github.io/hermes/2140//#testresult/6f5bbfe31e3a5449","status":"broken","statusDetails":"Assertion condition defined as a Lambda expression in pl.allegro.tech.hermes.integrationtests.TopicAuthorizationTest Status expected:<201 CREATED> but was:<404 NOT_FOUND> within 10 seconds.","time":{"start":1728041696914,"stop":1728041707164,"duration":10250}},{"uid":"ed7361095c1d444f","reportUrl":"https://allegro.github.io/hermes/2136//#testresult/ed7361095c1d444f","status":"passed","time":{"start":1728030971509,"stop":1728030971871,"duration":362}},{"uid":"19d009ad5b85a1b6","reportUrl":"https://allegro.github.io/hermes/2128//#testresult/19d009ad5b85a1b6","status":"passed","time":{"start":1727094482851,"stop":1727094483196,"duration":345}}]},"tags":[]},"source":"db9b47fe60bb85c.json","parameterValues":[]}