{"uid":"d91c2244e13316c6","name":"shouldDeliverAvroMessagesAsJsonBatch()","fullName":"pl.allegro.tech.hermes.integrationtests.BatchDeliveryTest.shouldDeliverAvroMessagesAsJsonBatch","historyId":"44d3a35633886e3bc96dcfd21e43e61d","time":{"start":1736350646201,"stop":1736350657215,"duration":11014},"description":"","status":"broken","statusMessage":"Assertion condition defined as a Lambda expression in pl.allegro.tech.hermes.test.helper.client.integration.FrontendTestClient Status expected:<201 CREATED> but was:<404 NOT_FOUND> within 10 seconds.","statusTrace":"org.awaitility.core.ConditionTimeoutException: Assertion condition defined as a Lambda expression in pl.allegro.tech.hermes.test.helper.client.integration.FrontendTestClient Status expected:<201 CREATED> but was:<404 NOT_FOUND> within 10 seconds.\n\tat org.awaitility.core.ConditionAwaiter.await(ConditionAwaiter.java:167)\n\tat org.awaitility.core.AssertionCondition.await(AssertionCondition.java:119)\n\tat org.awaitility.core.AssertionCondition.await(AssertionCondition.java:31)\n\tat org.awaitility.core.ConditionFactory.until(ConditionFactory.java:1006)\n\tat org.awaitility.core.ConditionFactory.untilAsserted(ConditionFactory.java:790)\n\tat pl.allegro.tech.hermes.test.helper.client.integration.FrontendTestClient.publishUntilSuccess(FrontendTestClient.java:51)\n\tat pl.allegro.tech.hermes.test.helper.client.integration.HermesTestClient.publishUntilSuccess(HermesTestClient.java:209)\n\tat pl.allegro.tech.hermes.integrationtests.BatchDeliveryTest.lambda$publishAll$8(BatchDeliveryTest.java:414)\n\tat java.base/java.util.Spliterators$ArraySpliterator.forEachRemaining(Spliterators.java:1024)\n\tat java.base/java.util.stream.ReferencePipeline$Head.forEach(ReferencePipeline.java:762)\n\tat pl.allegro.tech.hermes.integrationtests.BatchDeliveryTest.publishAll(BatchDeliveryTest.java:414)\n\tat pl.allegro.tech.hermes.integrationtests.BatchDeliveryTest.shouldDeliverAvroMessagesAsJsonBatch(BatchDeliveryTest.java:255)\n\tat java.base/java.lang.reflect.Method.invoke(Method.java:580)\n\tat java.base/java.util.ArrayList.forEach(ArrayList.java:1596)\n\tat java.base/java.util.ArrayList.forEach(ArrayList.java:1596)\nCaused by: java.lang.AssertionError: Status expected:<201 CREATED> but was:<404 NOT_FOUND>\n\tat org.springframework.test.util.AssertionErrors.fail(AssertionErrors.java:59)\n\tat org.springframework.test.util.AssertionErrors.assertEquals(AssertionErrors.java:122)\n\tat org.springframework.test.web.reactive.server.StatusAssertions.lambda$assertStatusAndReturn$4(StatusAssertions.java:236)\n\tat org.springframework.test.web.reactive.server.ExchangeResult.assertWithDiagnostics(ExchangeResult.java:222)\n\tat org.springframework.test.web.reactive.server.StatusAssertions.assertStatusAndReturn(StatusAssertions.java:236)\n\tat org.springframework.test.web.reactive.server.StatusAssertions.isCreated(StatusAssertions.java:75)\n\tat pl.allegro.tech.hermes.test.helper.client.integration.FrontendTestClient.lambda$publishUntilSuccess$1(FrontendTestClient.java:54)\n\tat org.awaitility.core.AssertionCondition.lambda$new$0(AssertionCondition.java:53)\n\tat org.awaitility.core.ConditionAwaiter$ConditionPoller.call(ConditionAwaiter.java:248)\n\tat org.awaitility.core.ConditionAwaiter$ConditionPoller.call(ConditionAwaiter.java:235)\n\tat java.base/java.util.concurrent.FutureTask.run(FutureTask.java:317)\n\tat java.base/java.util.concurrent.ThreadPoolExecutor.runWorker(ThreadPoolExecutor.java:1144)\n\tat java.base/java.util.concurrent.ThreadPoolExecutor$Worker.run(ThreadPoolExecutor.java:642)\n\tat java.base/java.lang.Thread.run(Thread.java:1583)\n","flaky":false,"newFailed":false,"newBroken":true,"newPassed":false,"retriesCount":0,"retriesStatusChange":false,"beforeStages":[],"afterStages":[],"labels":[{"name":"junit.platform.uniqueid","value":"[engine:junit-jupiter]/[class:pl.allegro.tech.hermes.integrationtests.BatchDeliveryTest]/[method:shouldDeliverAvroMessagesAsJsonBatch()]"},{"name":"host","value":"fv-az1912-253"},{"name":"thread","value":"2798@fv-az1912-253.Test worker(1)"},{"name":"framework","value":"junit-platform"},{"name":"language","value":"java"},{"name":"package","value":"pl.allegro.tech.hermes.integrationtests.BatchDeliveryTest"},{"name":"testClass","value":"pl.allegro.tech.hermes.integrationtests.BatchDeliveryTest"},{"name":"testMethod","value":"shouldDeliverAvroMessagesAsJsonBatch"},{"name":"suite","value":"pl.allegro.tech.hermes.integrationtests.BatchDeliveryTest"},{"name":"resultFormat","value":"allure2"}],"parameters":[],"links":[],"hidden":false,"retry":false,"extra":{"severity":"normal","retries":[],"categories":[{"name":"Test defects","matchedStatuses":[],"flaky":false}],"history":{"statistic":{"failed":0,"broken":11,"skipped":0,"passed":20,"unknown":0,"total":31},"items":[{"uid":"1a2a4f4ec9adf72d","reportUrl":"https://allegro.github.io/hermes/2394//#testresult/1a2a4f4ec9adf72d","status":"passed","time":{"start":1736342611405,"stop":1736342612586,"duration":1181}},{"uid":"19ad03dd00fcaa19","reportUrl":"https://allegro.github.io/hermes/2388//#testresult/19ad03dd00fcaa19","status":"broken","statusDetails":"Assertion condition defined as a Lambda expression in pl.allegro.tech.hermes.test.helper.client.integration.HermesInitHelper \nexpected: ACTIVE\n but was: PENDING within 10 seconds.","time":{"start":1736328732613,"stop":1736328742933,"duration":10320}},{"uid":"c0bf9c679cef7b9a","reportUrl":"https://allegro.github.io/hermes/2375//#testresult/c0bf9c679cef7b9a","status":"broken","statusDetails":"Assertion condition defined as a Lambda expression in pl.allegro.tech.hermes.test.helper.client.integration.HermesInitHelper \nexpected: ACTIVE\n but was: PENDING within 10 seconds.","time":{"start":1734957641381,"stop":1734957651739,"duration":10358}},{"uid":"1900f9a3d358a2d4","reportUrl":"https://allegro.github.io/hermes/2367//#testresult/1900f9a3d358a2d4","status":"passed","time":{"start":1734699693965,"stop":1734699695079,"duration":1114}},{"uid":"9de8e78c8d4b8c77","reportUrl":"https://allegro.github.io/hermes/2363//#testresult/9de8e78c8d4b8c77","status":"passed","time":{"start":1734682576529,"stop":1734682577739,"duration":1210}},{"uid":"f28e7f8c9691f7de","reportUrl":"https://allegro.github.io/hermes/2353//#testresult/f28e7f8c9691f7de","status":"passed","time":{"start":1734606746834,"stop":1734606748024,"duration":1190}},{"uid":"97c4af16a6057fbb","reportUrl":"https://allegro.github.io/hermes/2324//#testresult/97c4af16a6057fbb","status":"passed","time":{"start":1732788324609,"stop":1732788325798,"duration":1189}},{"uid":"9584ec878ab4df14","reportUrl":"https://allegro.github.io/hermes/2272//#testresult/9584ec878ab4df14","status":"passed","time":{"start":1732533541441,"stop":1732533542540,"duration":1099}},{"uid":"661a6c8b493df767","reportUrl":"https://allegro.github.io/hermes/2272//#testresult/661a6c8b493df767","status":"broken","statusDetails":"Assertion condition defined as a Lambda expression in pl.allegro.tech.hermes.test.helper.client.integration.HermesInitHelper \nexpected: ACTIVE\n but was: PENDING within 10 seconds.","time":{"start":1732178897103,"stop":1732178907412,"duration":10309}},{"uid":"99177945453280b4","reportUrl":"https://allegro.github.io/hermes/2270//#testresult/99177945453280b4","status":"passed","time":{"start":1732177311972,"stop":1732177313086,"duration":1114}},{"uid":"6a0308b6f3e3d399","reportUrl":"https://allegro.github.io/hermes/2238//#testresult/6a0308b6f3e3d399","status":"passed","time":{"start":1732119354461,"stop":1732119355578,"duration":1117}},{"uid":"81e926e126af4591","reportUrl":"https://allegro.github.io/hermes/2238//#testresult/81e926e126af4591","status":"broken","statusDetails":"Assertion condition defined as a Lambda expression in pl.allegro.tech.hermes.test.helper.client.integration.FrontendTestClient Status expected:<201 CREATED> but was:<404 NOT_FOUND> within 10 seconds.","time":{"start":1732012510430,"stop":1732012521455,"duration":11025}},{"uid":"3448f2d154c683a6","reportUrl":"https://allegro.github.io/hermes/2236//#testresult/3448f2d154c683a6","status":"passed","time":{"start":1731947972748,"stop":1731947973852,"duration":1104}},{"uid":"4daad6bb7ec54395","reportUrl":"https://allegro.github.io/hermes/2225//#testresult/4daad6bb7ec54395","status":"passed","time":{"start":1731828872430,"stop":1731828873539,"duration":1109}},{"uid":"27922a5350e7a03","reportUrl":"https://allegro.github.io/hermes/2207//#testresult/27922a5350e7a03","status":"passed","time":{"start":1731080104165,"stop":1731080105268,"duration":1103}},{"uid":"4b68a80a0e082c77","reportUrl":"https://allegro.github.io/hermes/2201//#testresult/4b68a80a0e082c77","status":"passed","time":{"start":1731068613741,"stop":1731068614862,"duration":1121}},{"uid":"4e1d2bb785fde7d7","reportUrl":"https://allegro.github.io/hermes/2198//#testresult/4e1d2bb785fde7d7","status":"broken","statusDetails":"Assertion condition defined as a Lambda expression in pl.allegro.tech.hermes.test.helper.client.integration.FrontendTestClient Status expected:<201 CREATED> but was:<404 NOT_FOUND> within 10 seconds.","time":{"start":1730978613017,"stop":1730978624075,"duration":11058}},{"uid":"2674f44be89a034c","reportUrl":"https://allegro.github.io/hermes/2150//#testresult/2674f44be89a034c","status":"broken","statusDetails":"Assertion condition defined as a Lambda expression in pl.allegro.tech.hermes.test.helper.client.integration.FrontendTestClient Status expected:<201 CREATED> but was:<404 NOT_FOUND> within 10 seconds.","time":{"start":1728892928006,"stop":1728892938979,"duration":10973}},{"uid":"f9df0a8324f8b7d","reportUrl":"https://allegro.github.io/hermes/2146//#testresult/f9df0a8324f8b7d","status":"passed","time":{"start":1728464354220,"stop":1728464355417,"duration":1197}},{"uid":"d38293e7513fa91f","reportUrl":"https://allegro.github.io/hermes/2144//#testresult/d38293e7513fa91f","status":"passed","time":{"start":1728126828564,"stop":1728126829675,"duration":1111}}]},"tags":[]},"source":"d91c2244e13316c6.json","parameterValues":[]}