{"uid":"1d7749a88fe7bf42","name":"shouldDeliverMessagesInBatch()","fullName":"pl.allegro.tech.hermes.integrationtests.BatchDeliveryTest.shouldDeliverMessagesInBatch","historyId":"d23755a0944a0d3ae0cf0bac9444cbfb","time":{"start":1728892983247,"stop":1728892994283,"duration":11036},"description":"","status":"broken","statusMessage":"Assertion condition defined as a Lambda expression in pl.allegro.tech.hermes.test.helper.client.integration.FrontendTestClient Status expected:<201 CREATED> but was:<404 NOT_FOUND> within 10 seconds.","statusTrace":"org.awaitility.core.ConditionTimeoutException: Assertion condition defined as a Lambda expression in pl.allegro.tech.hermes.test.helper.client.integration.FrontendTestClient Status expected:<201 CREATED> but was:<404 NOT_FOUND> within 10 seconds.\n\tat org.awaitility.core.ConditionAwaiter.await(ConditionAwaiter.java:167)\n\tat org.awaitility.core.AssertionCondition.await(AssertionCondition.java:119)\n\tat org.awaitility.core.AssertionCondition.await(AssertionCondition.java:31)\n\tat org.awaitility.core.ConditionFactory.until(ConditionFactory.java:1006)\n\tat org.awaitility.core.ConditionFactory.untilAsserted(ConditionFactory.java:790)\n\tat pl.allegro.tech.hermes.test.helper.client.integration.FrontendTestClient.publishUntilSuccess(FrontendTestClient.java:51)\n\tat pl.allegro.tech.hermes.test.helper.client.integration.HermesTestClient.publishUntilSuccess(HermesTestClient.java:208)\n\tat pl.allegro.tech.hermes.integrationtests.BatchDeliveryTest.lambda$publishAll$8(BatchDeliveryTest.java:414)\n\tat java.base/java.util.Spliterators$ArraySpliterator.forEachRemaining(Spliterators.java:992)\n\tat java.base/java.util.stream.ReferencePipeline$Head.forEach(ReferencePipeline.java:762)\n\tat pl.allegro.tech.hermes.integrationtests.BatchDeliveryTest.publishAll(BatchDeliveryTest.java:414)\n\tat pl.allegro.tech.hermes.integrationtests.BatchDeliveryTest.shouldDeliverMessagesInBatch(BatchDeliveryTest.java:77)\n\tat java.base/java.lang.reflect.Method.invoke(Method.java:569)\n\tat java.base/java.util.ArrayList.forEach(ArrayList.java:1511)\n\tat java.base/java.util.ArrayList.forEach(ArrayList.java:1511)\nCaused by: java.lang.AssertionError: Status expected:<201 CREATED> but was:<404 NOT_FOUND>\n\tat org.springframework.test.util.AssertionErrors.fail(AssertionErrors.java:59)\n\tat org.springframework.test.util.AssertionErrors.assertEquals(AssertionErrors.java:122)\n\tat org.springframework.test.web.reactive.server.StatusAssertions.lambda$assertStatusAndReturn$4(StatusAssertions.java:236)\n\tat org.springframework.test.web.reactive.server.ExchangeResult.assertWithDiagnostics(ExchangeResult.java:222)\n\tat org.springframework.test.web.reactive.server.StatusAssertions.assertStatusAndReturn(StatusAssertions.java:236)\n\tat org.springframework.test.web.reactive.server.StatusAssertions.isCreated(StatusAssertions.java:75)\n\tat pl.allegro.tech.hermes.test.helper.client.integration.FrontendTestClient.lambda$publishUntilSuccess$1(FrontendTestClient.java:54)\n\tat org.awaitility.core.AssertionCondition.lambda$new$0(AssertionCondition.java:53)\n\tat org.awaitility.core.ConditionAwaiter$ConditionPoller.call(ConditionAwaiter.java:248)\n\tat org.awaitility.core.ConditionAwaiter$ConditionPoller.call(ConditionAwaiter.java:235)\n\tat java.base/java.util.concurrent.FutureTask.run(FutureTask.java:264)\n\tat java.base/java.util.concurrent.ThreadPoolExecutor.runWorker(ThreadPoolExecutor.java:1136)\n\tat java.base/java.util.concurrent.ThreadPoolExecutor$Worker.run(ThreadPoolExecutor.java:635)\n\tat java.base/java.lang.Thread.run(Thread.java:840)\n","flaky":false,"newFailed":false,"newBroken":true,"newPassed":false,"retriesCount":0,"retriesStatusChange":false,"beforeStages":[],"afterStages":[],"labels":[{"name":"junit.platform.uniqueid","value":"[engine:junit-jupiter]/[class:pl.allegro.tech.hermes.integrationtests.BatchDeliveryTest]/[method:shouldDeliverMessagesInBatch()]"},{"name":"host","value":"fv-az1487-375"},{"name":"thread","value":"2820@fv-az1487-375.Test worker(1)"},{"name":"framework","value":"junit-platform"},{"name":"language","value":"java"},{"name":"package","value":"pl.allegro.tech.hermes.integrationtests.BatchDeliveryTest"},{"name":"testClass","value":"pl.allegro.tech.hermes.integrationtests.BatchDeliveryTest"},{"name":"testMethod","value":"shouldDeliverMessagesInBatch"},{"name":"suite","value":"pl.allegro.tech.hermes.integrationtests.BatchDeliveryTest"},{"name":"resultFormat","value":"allure2"}],"parameters":[],"links":[],"hidden":false,"retry":false,"extra":{"severity":"normal","retries":[],"categories":[{"name":"Test defects","matchedStatuses":[],"flaky":false}],"history":{"statistic":{"failed":0,"broken":5,"skipped":0,"passed":8,"unknown":0,"total":13},"items":[{"uid":"8b1679cfb1073646","reportUrl":"https://allegro.github.io/hermes/2146//#testresult/8b1679cfb1073646","status":"passed","time":{"start":1728464360254,"stop":1728464361403,"duration":1149}},{"uid":"34a6b7ca9a0d1605","reportUrl":"https://allegro.github.io/hermes/2144//#testresult/34a6b7ca9a0d1605","status":"passed","time":{"start":1728126834566,"stop":1728126835716,"duration":1150}},{"uid":"793861763169cb40","reportUrl":"https://allegro.github.io/hermes/2140//#testresult/793861763169cb40","status":"broken","statusDetails":"Assertion condition defined as a Lambda expression in pl.allegro.tech.hermes.test.helper.client.integration.HermesInitHelper \nexpected: ACTIVE\n but was: PENDING within 10 seconds.","time":{"start":1728040700182,"stop":1728040710567,"duration":10385}},{"uid":"2ce09efa48814774","reportUrl":"https://allegro.github.io/hermes/2136//#testresult/2ce09efa48814774","status":"passed","time":{"start":1728030746752,"stop":1728030747809,"duration":1057}},{"uid":"cbdaf03ffdb95b10","reportUrl":"https://allegro.github.io/hermes/2128//#testresult/cbdaf03ffdb95b10","status":"broken","statusDetails":"Assertion condition defined as a Lambda expression in pl.allegro.tech.hermes.test.helper.client.integration.FrontendTestClient Status expected:<201 CREATED> but was:<404 NOT_FOUND> within 10 seconds.","time":{"start":1727093562004,"stop":1727093573023,"duration":11019}},{"uid":"7a2f7826ead054f7","reportUrl":"https://allegro.github.io/hermes/2125//#testresult/7a2f7826ead054f7","status":"broken","statusDetails":"Assertion condition defined as a Lambda expression in pl.allegro.tech.hermes.test.helper.client.integration.HermesInitHelper \nexpected: ACTIVE\n but was: PENDING within 10 seconds.","time":{"start":1726730404346,"stop":1726730414661,"duration":10315}},{"uid":"6f43823cebb10b61","reportUrl":"https://allegro.github.io/hermes/2094//#testresult/6f43823cebb10b61","status":"passed","time":{"start":1724940553620,"stop":1724940554666,"duration":1046}},{"uid":"3e418656690ba340","reportUrl":"https://allegro.github.io/hermes/2095//#testresult/3e418656690ba340","status":"passed","time":{"start":1724940941654,"stop":1724940942614,"duration":960}},{"uid":"57d74f2a394395ed","reportUrl":"https://allegro.github.io/hermes/2093//#testresult/57d74f2a394395ed","status":"passed","time":{"start":1724940277874,"stop":1724940278816,"duration":942}},{"uid":"3006b12c931ab9d3","reportUrl":"https://allegro.github.io/hermes/2091//#testresult/3006b12c931ab9d3","status":"broken","statusDetails":"Assertion condition defined as a Lambda expression in pl.allegro.tech.hermes.test.helper.client.integration.FrontendTestClient Status expected:<201 CREATED> but was:<404 NOT_FOUND> within 10 seconds.","time":{"start":1724938155589,"stop":1724938166645,"duration":11056}},{"uid":"6098df3531ca1074","reportUrl":"https://allegro.github.io/hermes/2092//#testresult/6098df3531ca1074","status":"passed","time":{"start":1724938379980,"stop":1724938381046,"duration":1066}},{"uid":"c54b472d095314e6","reportUrl":"https://allegro.github.io/hermes/2090//#testresult/c54b472d095314e6","status":"passed","time":{"start":1724856240894,"stop":1724856241944,"duration":1050}}]},"tags":[]},"source":"1d7749a88fe7bf42.json","parameterValues":[]}