{"uid":"1ee55b72eb211b57","name":"shouldNotProfileRunsBelowThreshold()","fullName":"pl.allegro.tech.hermes.integrationtests.ConsumerProfilingTest.shouldNotProfileRunsBelowThreshold","historyId":"197ae11791d8b231555f1187933ce484","time":{"start":1728893139010,"stop":1728893149976,"duration":10966},"description":"","status":"broken","statusMessage":"Assertion condition defined as a Lambda expression in pl.allegro.tech.hermes.test.helper.client.integration.FrontendTestClient Status expected:<201 CREATED> but was:<404 NOT_FOUND> within 10 seconds.","statusTrace":"org.awaitility.core.ConditionTimeoutException: Assertion condition defined as a Lambda expression in pl.allegro.tech.hermes.test.helper.client.integration.FrontendTestClient Status expected:<201 CREATED> but was:<404 NOT_FOUND> within 10 seconds.\n\tat org.awaitility.core.ConditionAwaiter.await(ConditionAwaiter.java:167)\n\tat org.awaitility.core.AssertionCondition.await(AssertionCondition.java:119)\n\tat org.awaitility.core.AssertionCondition.await(AssertionCondition.java:31)\n\tat org.awaitility.core.ConditionFactory.until(ConditionFactory.java:1006)\n\tat org.awaitility.core.ConditionFactory.untilAsserted(ConditionFactory.java:790)\n\tat pl.allegro.tech.hermes.test.helper.client.integration.FrontendTestClient.publishUntilSuccess(FrontendTestClient.java:51)\n\tat pl.allegro.tech.hermes.test.helper.client.integration.HermesTestClient.publishUntilSuccess(HermesTestClient.java:208)\n\tat pl.allegro.tech.hermes.integrationtests.ConsumerProfilingTest.shouldNotProfileRunsBelowThreshold(ConsumerProfilingTest.java:138)\n\tat java.base/java.lang.reflect.Method.invoke(Method.java:569)\n\tat java.base/java.util.ArrayList.forEach(ArrayList.java:1511)\n\tat java.base/java.util.ArrayList.forEach(ArrayList.java:1511)\nCaused by: java.lang.AssertionError: Status expected:<201 CREATED> but was:<404 NOT_FOUND>\n\tat org.springframework.test.util.AssertionErrors.fail(AssertionErrors.java:59)\n\tat org.springframework.test.util.AssertionErrors.assertEquals(AssertionErrors.java:122)\n\tat org.springframework.test.web.reactive.server.StatusAssertions.lambda$assertStatusAndReturn$4(StatusAssertions.java:236)\n\tat org.springframework.test.web.reactive.server.ExchangeResult.assertWithDiagnostics(ExchangeResult.java:222)\n\tat org.springframework.test.web.reactive.server.StatusAssertions.assertStatusAndReturn(StatusAssertions.java:236)\n\tat org.springframework.test.web.reactive.server.StatusAssertions.isCreated(StatusAssertions.java:75)\n\tat pl.allegro.tech.hermes.test.helper.client.integration.FrontendTestClient.lambda$publishUntilSuccess$1(FrontendTestClient.java:54)\n\tat org.awaitility.core.AssertionCondition.lambda$new$0(AssertionCondition.java:53)\n\tat org.awaitility.core.ConditionAwaiter$ConditionPoller.call(ConditionAwaiter.java:248)\n\tat org.awaitility.core.ConditionAwaiter$ConditionPoller.call(ConditionAwaiter.java:235)\n\tat java.base/java.util.concurrent.FutureTask.run(FutureTask.java:264)\n\tat java.base/java.util.concurrent.ThreadPoolExecutor.runWorker(ThreadPoolExecutor.java:1136)\n\tat java.base/java.util.concurrent.ThreadPoolExecutor$Worker.run(ThreadPoolExecutor.java:635)\n\tat java.base/java.lang.Thread.run(Thread.java:840)\n","flaky":false,"newFailed":false,"newBroken":true,"newPassed":false,"retriesCount":0,"retriesStatusChange":false,"beforeStages":[],"afterStages":[],"labels":[{"name":"junit.platform.uniqueid","value":"[engine:junit-jupiter]/[class:pl.allegro.tech.hermes.integrationtests.ConsumerProfilingTest]/[method:shouldNotProfileRunsBelowThreshold()]"},{"name":"host","value":"fv-az1487-375"},{"name":"thread","value":"2820@fv-az1487-375.Test worker(1)"},{"name":"framework","value":"junit-platform"},{"name":"language","value":"java"},{"name":"package","value":"pl.allegro.tech.hermes.integrationtests.ConsumerProfilingTest"},{"name":"testClass","value":"pl.allegro.tech.hermes.integrationtests.ConsumerProfilingTest"},{"name":"testMethod","value":"shouldNotProfileRunsBelowThreshold"},{"name":"suite","value":"pl.allegro.tech.hermes.integrationtests.ConsumerProfilingTest"},{"name":"resultFormat","value":"allure2"}],"parameters":[],"links":[],"hidden":false,"retry":false,"extra":{"severity":"normal","retries":[],"categories":[{"name":"Test defects","matchedStatuses":[],"flaky":false}],"history":{"statistic":{"failed":0,"broken":5,"skipped":0,"passed":8,"unknown":0,"total":13},"items":[{"uid":"bc8f3cf8f6e16ac2","reportUrl":"https://allegro.github.io/hermes/2146//#testresult/bc8f3cf8f6e16ac2","status":"passed","time":{"start":1728464383735,"stop":1728464384672,"duration":937}},{"uid":"71c86be90925f0e","reportUrl":"https://allegro.github.io/hermes/2144//#testresult/71c86be90925f0e","status":"passed","time":{"start":1728126858003,"stop":1728126858948,"duration":945}},{"uid":"b015ac412d59bd7a","reportUrl":"https://allegro.github.io/hermes/2140//#testresult/b015ac412d59bd7a","status":"broken","statusDetails":"Assertion condition defined as a Lambda expression in pl.allegro.tech.hermes.test.helper.client.integration.HermesInitHelper \nexpected: ACTIVE\n but was: PENDING within 10 seconds.","time":{"start":1728040846570,"stop":1728040857158,"duration":10588}},{"uid":"5ad16776e8e7fa8e","reportUrl":"https://allegro.github.io/hermes/2136//#testresult/5ad16776e8e7fa8e","status":"passed","time":{"start":1728030772209,"stop":1728030773039,"duration":830}},{"uid":"e7c4173177d6244b","reportUrl":"https://allegro.github.io/hermes/2128//#testresult/e7c4173177d6244b","status":"broken","statusDetails":"Assertion condition defined as a Lambda expression in pl.allegro.tech.hermes.test.helper.client.integration.FrontendTestClient Status expected:<201 CREATED> but was:<404 NOT_FOUND> within 10 seconds.","time":{"start":1727093717817,"stop":1727093728767,"duration":10950}},{"uid":"fb9bca21dbacc95f","reportUrl":"https://allegro.github.io/hermes/2125//#testresult/fb9bca21dbacc95f","status":"broken","statusDetails":"Assertion condition defined as a Lambda expression in pl.allegro.tech.hermes.test.helper.client.integration.HermesInitHelper \nexpected: ACTIVE\n but was: PENDING within 10 seconds.","time":{"start":1726730550476,"stop":1726730560991,"duration":10515}},{"uid":"bb586cf0fabccf72","reportUrl":"https://allegro.github.io/hermes/2094//#testresult/bb586cf0fabccf72","status":"passed","time":{"start":1724940579033,"stop":1724940579868,"duration":835}},{"uid":"573d5f91f94e0431","reportUrl":"https://allegro.github.io/hermes/2095//#testresult/573d5f91f94e0431","status":"passed","time":{"start":1724940967037,"stop":1724940967904,"duration":867}},{"uid":"2bda39f0b8fa6bd3","reportUrl":"https://allegro.github.io/hermes/2093//#testresult/2bda39f0b8fa6bd3","status":"passed","time":{"start":1724940303246,"stop":1724940304193,"duration":947}},{"uid":"2327108f2608d548","reportUrl":"https://allegro.github.io/hermes/2091//#testresult/2327108f2608d548","status":"broken","statusDetails":"Assertion condition defined as a Lambda expression in pl.allegro.tech.hermes.test.helper.client.integration.FrontendTestClient Status expected:<201 CREATED> but was:<404 NOT_FOUND> within 10 seconds.","time":{"start":1724938312560,"stop":1724938323546,"duration":10986}},{"uid":"105588728b48e094","reportUrl":"https://allegro.github.io/hermes/2092//#testresult/105588728b48e094","status":"passed","time":{"start":1724938405364,"stop":1724938406323,"duration":959}},{"uid":"1ba44923aad3b010","reportUrl":"https://allegro.github.io/hermes/2090//#testresult/1ba44923aad3b010","status":"passed","time":{"start":1724856266260,"stop":1724856267133,"duration":873}}]},"tags":[]},"source":"1ee55b72eb211b57.json","parameterValues":[]}