{"uid":"367ff3f0e64316de","name":"shouldUpdateSchemaAndUseItImmediately()","fullName":"pl.allegro.tech.hermes.integrationtests.PublishingAvroTest.shouldUpdateSchemaAndUseItImmediately","historyId":"f50a1735e6cc96f73a7279e7721d5c8","time":{"start":1728893488064,"stop":1728893498769,"duration":10705},"description":"","status":"broken","statusMessage":"Assertion condition defined as a Lambda expression in pl.allegro.tech.hermes.test.helper.client.integration.FrontendTestClient Status expected:<201 CREATED> but was:<404 NOT_FOUND> within 10 seconds.","statusTrace":"org.awaitility.core.ConditionTimeoutException: Assertion condition defined as a Lambda expression in pl.allegro.tech.hermes.test.helper.client.integration.FrontendTestClient Status expected:<201 CREATED> but was:<404 NOT_FOUND> within 10 seconds.\n\tat org.awaitility.core.ConditionAwaiter.await(ConditionAwaiter.java:167)\n\tat org.awaitility.core.AssertionCondition.await(AssertionCondition.java:119)\n\tat org.awaitility.core.AssertionCondition.await(AssertionCondition.java:31)\n\tat org.awaitility.core.ConditionFactory.until(ConditionFactory.java:1006)\n\tat org.awaitility.core.ConditionFactory.untilAsserted(ConditionFactory.java:790)\n\tat pl.allegro.tech.hermes.test.helper.client.integration.FrontendTestClient.publishAvroUntilSuccess(FrontendTestClient.java:98)\n\tat pl.allegro.tech.hermes.test.helper.client.integration.HermesTestClient.publishAvroUntilSuccess(HermesTestClient.java:230)\n\tat pl.allegro.tech.hermes.integrationtests.PublishingAvroTest.shouldUpdateSchemaAndUseItImmediately(PublishingAvroTest.java:533)\n\tat java.base/java.lang.reflect.Method.invoke(Method.java:569)\n\tat java.base/java.util.ArrayList.forEach(ArrayList.java:1511)\n\tat java.base/java.util.ArrayList.forEach(ArrayList.java:1511)\nCaused by: java.lang.AssertionError: Status expected:<201 CREATED> but was:<404 NOT_FOUND>\n\tat org.springframework.test.util.AssertionErrors.fail(AssertionErrors.java:59)\n\tat org.springframework.test.util.AssertionErrors.assertEquals(AssertionErrors.java:122)\n\tat org.springframework.test.web.reactive.server.StatusAssertions.lambda$assertStatusAndReturn$4(StatusAssertions.java:236)\n\tat org.springframework.test.web.reactive.server.ExchangeResult.assertWithDiagnostics(ExchangeResult.java:222)\n\tat org.springframework.test.web.reactive.server.StatusAssertions.assertStatusAndReturn(StatusAssertions.java:236)\n\tat org.springframework.test.web.reactive.server.StatusAssertions.isCreated(StatusAssertions.java:75)\n\tat pl.allegro.tech.hermes.test.helper.client.integration.FrontendTestClient.lambda$publishAvroUntilSuccess$4(FrontendTestClient.java:101)\n\tat org.awaitility.core.AssertionCondition.lambda$new$0(AssertionCondition.java:53)\n\tat org.awaitility.core.ConditionAwaiter$ConditionPoller.call(ConditionAwaiter.java:248)\n\tat org.awaitility.core.ConditionAwaiter$ConditionPoller.call(ConditionAwaiter.java:235)\n\tat java.base/java.util.concurrent.FutureTask.run(FutureTask.java:264)\n\tat java.base/java.util.concurrent.ThreadPoolExecutor.runWorker(ThreadPoolExecutor.java:1136)\n\tat java.base/java.util.concurrent.ThreadPoolExecutor$Worker.run(ThreadPoolExecutor.java:635)\n\tat java.base/java.lang.Thread.run(Thread.java:840)\n","flaky":false,"newFailed":false,"newBroken":true,"newPassed":false,"retriesCount":0,"retriesStatusChange":false,"beforeStages":[],"afterStages":[],"labels":[{"name":"junit.platform.uniqueid","value":"[engine:junit-jupiter]/[class:pl.allegro.tech.hermes.integrationtests.PublishingAvroTest]/[method:shouldUpdateSchemaAndUseItImmediately()]"},{"name":"host","value":"fv-az1487-375"},{"name":"thread","value":"2820@fv-az1487-375.Test worker(1)"},{"name":"framework","value":"junit-platform"},{"name":"language","value":"java"},{"name":"package","value":"pl.allegro.tech.hermes.integrationtests.PublishingAvroTest"},{"name":"testClass","value":"pl.allegro.tech.hermes.integrationtests.PublishingAvroTest"},{"name":"testMethod","value":"shouldUpdateSchemaAndUseItImmediately"},{"name":"suite","value":"pl.allegro.tech.hermes.integrationtests.PublishingAvroTest"},{"name":"resultFormat","value":"allure2"}],"parameters":[],"links":[],"hidden":false,"retry":false,"extra":{"severity":"normal","retries":[],"categories":[{"name":"Test defects","matchedStatuses":[],"flaky":false}],"history":{"statistic":{"failed":0,"broken":6,"skipped":0,"passed":7,"unknown":0,"total":13},"items":[{"uid":"fa66a270428ee666","reportUrl":"https://allegro.github.io/hermes/2146//#testresult/fa66a270428ee666","status":"passed","time":{"start":1728464562510,"stop":1728464566176,"duration":3666}},{"uid":"b29a9d52c2ba51c9","reportUrl":"https://allegro.github.io/hermes/2144//#testresult/b29a9d52c2ba51c9","status":"passed","time":{"start":1728127022899,"stop":1728127026651,"duration":3752}},{"uid":"c3be04560683ab44","reportUrl":"https://allegro.github.io/hermes/2140//#testresult/c3be04560683ab44","status":"broken","statusDetails":"Assertion condition defined as a Lambda expression in pl.allegro.tech.hermes.test.helper.client.integration.HermesInitHelper \nexpected: ACTIVE\n but was: PENDING within 10 seconds.","time":{"start":1728041449637,"stop":1728041459946,"duration":10309}},{"uid":"7c9d4dae02bb6fb4","reportUrl":"https://allegro.github.io/hermes/2136//#testresult/7c9d4dae02bb6fb4","status":"passed","time":{"start":1728030935810,"stop":1728030939563,"duration":3753}},{"uid":"292b692d92484e88","reportUrl":"https://allegro.github.io/hermes/2128//#testresult/292b692d92484e88","status":"broken","statusDetails":"Assertion condition defined as a Lambda expression in pl.allegro.tech.hermes.test.helper.client.integration.HermesInitHelper \nexpected: ACTIVE\n but was: PENDING within 10 seconds.","time":{"start":1727094358461,"stop":1727094368793,"duration":10332}},{"uid":"7be4e48881f3de49","reportUrl":"https://allegro.github.io/hermes/2125//#testresult/7be4e48881f3de49","status":"broken","statusDetails":"Assertion condition defined as a Lambda expression in pl.allegro.tech.hermes.test.helper.client.integration.FrontendTestClient Status expected:<201 CREATED> but was:<404 NOT_FOUND> within 10 seconds.","time":{"start":1726730922624,"stop":1726730933377,"duration":10753}},{"uid":"f73d4716c63e2d0c","reportUrl":"https://allegro.github.io/hermes/2094//#testresult/f73d4716c63e2d0c","status":"broken","statusDetails":"Assertion condition defined as a Lambda expression in pl.allegro.tech.hermes.test.helper.client.integration.FrontendTestClient Status expected:<201 CREATED> but was:<404 NOT_FOUND> within 10 seconds.","time":{"start":1724940866996,"stop":1724940877720,"duration":10724}},{"uid":"3a7125cc0b055319","reportUrl":"https://allegro.github.io/hermes/2095//#testresult/3a7125cc0b055319","status":"passed","time":{"start":1724941133991,"stop":1724941137876,"duration":3885}},{"uid":"6fa0c5cb13bf80a2","reportUrl":"https://allegro.github.io/hermes/2093//#testresult/6fa0c5cb13bf80a2","status":"passed","time":{"start":1724940468433,"stop":1724940472123,"duration":3690}},{"uid":"4b73643b326c1f9e","reportUrl":"https://allegro.github.io/hermes/2091//#testresult/4b73643b326c1f9e","status":"broken","statusDetails":"Assertion condition defined as a Lambda expression in pl.allegro.tech.hermes.test.helper.client.integration.FrontendTestClient Status expected:<201 CREATED> but was:<404 NOT_FOUND> within 10 seconds.","time":{"start":1724938671540,"stop":1724938682365,"duration":10825}},{"uid":"fc5171d72530f470","reportUrl":"https://allegro.github.io/hermes/2092//#testresult/fc5171d72530f470","status":"passed","time":{"start":1724938569648,"stop":1724938573327,"duration":3679}},{"uid":"840a5c8510341be0","reportUrl":"https://allegro.github.io/hermes/2090//#testresult/840a5c8510341be0","status":"passed","time":{"start":1724856430518,"stop":1724856434277,"duration":3759}}]},"tags":[]},"source":"367ff3f0e64316de.json","parameterValues":[]}