{"uid":"3be0e1d4002c00f4","name":"shouldUseExplicitSchemaVersionWhenPublishingAndConsuming()","fullName":"pl.allegro.tech.hermes.integrationtests.PublishingAvroTest.shouldUseExplicitSchemaVersionWhenPublishingAndConsuming","historyId":"48817122323bdf770ee34b2279ed376e","time":{"start":1728893586448,"stop":1728893597359,"duration":10911},"description":"","status":"broken","statusMessage":"Assertion condition defined as a Lambda expression in pl.allegro.tech.hermes.test.helper.client.integration.FrontendTestClient Status expected:<201 CREATED> but was:<404 NOT_FOUND> within 10 seconds.","statusTrace":"org.awaitility.core.ConditionTimeoutException: Assertion condition defined as a Lambda expression in pl.allegro.tech.hermes.test.helper.client.integration.FrontendTestClient Status expected:<201 CREATED> but was:<404 NOT_FOUND> within 10 seconds.\n\tat org.awaitility.core.ConditionAwaiter.await(ConditionAwaiter.java:167)\n\tat org.awaitility.core.AssertionCondition.await(AssertionCondition.java:119)\n\tat org.awaitility.core.AssertionCondition.await(AssertionCondition.java:31)\n\tat org.awaitility.core.ConditionFactory.until(ConditionFactory.java:1006)\n\tat org.awaitility.core.ConditionFactory.untilAsserted(ConditionFactory.java:790)\n\tat pl.allegro.tech.hermes.test.helper.client.integration.FrontendTestClient.publishAvroUntilSuccess(FrontendTestClient.java:98)\n\tat pl.allegro.tech.hermes.test.helper.client.integration.HermesTestClient.publishAvroUntilSuccess(HermesTestClient.java:230)\n\tat pl.allegro.tech.hermes.integrationtests.PublishingAvroTest.shouldUseExplicitSchemaVersionWhenPublishingAndConsuming(PublishingAvroTest.java:454)\n\tat java.base/java.lang.reflect.Method.invoke(Method.java:569)\n\tat java.base/java.util.ArrayList.forEach(ArrayList.java:1511)\n\tat java.base/java.util.ArrayList.forEach(ArrayList.java:1511)\nCaused by: java.lang.AssertionError: Status expected:<201 CREATED> but was:<404 NOT_FOUND>\n\tat org.springframework.test.util.AssertionErrors.fail(AssertionErrors.java:59)\n\tat org.springframework.test.util.AssertionErrors.assertEquals(AssertionErrors.java:122)\n\tat org.springframework.test.web.reactive.server.StatusAssertions.lambda$assertStatusAndReturn$4(StatusAssertions.java:236)\n\tat org.springframework.test.web.reactive.server.ExchangeResult.assertWithDiagnostics(ExchangeResult.java:222)\n\tat org.springframework.test.web.reactive.server.StatusAssertions.assertStatusAndReturn(StatusAssertions.java:236)\n\tat org.springframework.test.web.reactive.server.StatusAssertions.isCreated(StatusAssertions.java:75)\n\tat pl.allegro.tech.hermes.test.helper.client.integration.FrontendTestClient.lambda$publishAvroUntilSuccess$4(FrontendTestClient.java:101)\n\tat org.awaitility.core.AssertionCondition.lambda$new$0(AssertionCondition.java:53)\n\tat org.awaitility.core.ConditionAwaiter$ConditionPoller.call(ConditionAwaiter.java:248)\n\tat org.awaitility.core.ConditionAwaiter$ConditionPoller.call(ConditionAwaiter.java:235)\n\tat java.base/java.util.concurrent.FutureTask.run(FutureTask.java:264)\n\tat java.base/java.util.concurrent.ThreadPoolExecutor.runWorker(ThreadPoolExecutor.java:1136)\n\tat java.base/java.util.concurrent.ThreadPoolExecutor$Worker.run(ThreadPoolExecutor.java:635)\n\tat java.base/java.lang.Thread.run(Thread.java:840)\n","flaky":false,"newFailed":false,"newBroken":true,"newPassed":false,"retriesCount":0,"retriesStatusChange":false,"beforeStages":[],"afterStages":[],"labels":[{"name":"junit.platform.uniqueid","value":"[engine:junit-jupiter]/[class:pl.allegro.tech.hermes.integrationtests.PublishingAvroTest]/[method:shouldUseExplicitSchemaVersionWhenPublishingAndConsuming()]"},{"name":"host","value":"fv-az1487-375"},{"name":"thread","value":"2820@fv-az1487-375.Test worker(1)"},{"name":"framework","value":"junit-platform"},{"name":"language","value":"java"},{"name":"package","value":"pl.allegro.tech.hermes.integrationtests.PublishingAvroTest"},{"name":"testClass","value":"pl.allegro.tech.hermes.integrationtests.PublishingAvroTest"},{"name":"testMethod","value":"shouldUseExplicitSchemaVersionWhenPublishingAndConsuming"},{"name":"suite","value":"pl.allegro.tech.hermes.integrationtests.PublishingAvroTest"},{"name":"resultFormat","value":"allure2"}],"parameters":[],"links":[],"hidden":false,"retry":false,"extra":{"severity":"normal","retries":[],"categories":[{"name":"Test defects","matchedStatuses":[],"flaky":false}],"history":{"statistic":{"failed":0,"broken":6,"skipped":0,"passed":7,"unknown":0,"total":13},"items":[{"uid":"c760e88815f2c9e6","reportUrl":"https://allegro.github.io/hermes/2146//#testresult/c760e88815f2c9e6","status":"passed","time":{"start":1728464574811,"stop":1728464575715,"duration":904}},{"uid":"d8e4372431b5e93f","reportUrl":"https://allegro.github.io/hermes/2144//#testresult/d8e4372431b5e93f","status":"passed","time":{"start":1728127035269,"stop":1728127036164,"duration":895}},{"uid":"4addb5d4f4332269","reportUrl":"https://allegro.github.io/hermes/2140//#testresult/4addb5d4f4332269","status":"broken","statusDetails":"Assertion condition defined as a Lambda expression in pl.allegro.tech.hermes.test.helper.client.integration.HermesInitHelper \nexpected: ACTIVE\n but was: PENDING within 10 seconds.","time":{"start":1728041543351,"stop":1728041553666,"duration":10315}},{"uid":"a72410151f208400","reportUrl":"https://allegro.github.io/hermes/2136//#testresult/a72410151f208400","status":"passed","time":{"start":1728030948240,"stop":1728030949150,"duration":910}},{"uid":"1d5365ed4d1e54d","reportUrl":"https://allegro.github.io/hermes/2128//#testresult/1d5365ed4d1e54d","status":"broken","statusDetails":"Assertion condition defined as a Lambda expression in pl.allegro.tech.hermes.test.helper.client.integration.HermesInitHelper \nexpected: ACTIVE\n but was: PENDING within 10 seconds.","time":{"start":1727094442421,"stop":1727094452737,"duration":10316}},{"uid":"318ce81a6e34fdd2","reportUrl":"https://allegro.github.io/hermes/2125//#testresult/318ce81a6e34fdd2","status":"broken","statusDetails":"Assertion condition defined as a Lambda expression in pl.allegro.tech.hermes.test.helper.client.integration.FrontendTestClient Status expected:<201 CREATED> but was:<404 NOT_FOUND> within 10 seconds.","time":{"start":1726731021027,"stop":1726731031859,"duration":10832}},{"uid":"89d0145056ccebab","reportUrl":"https://allegro.github.io/hermes/2094//#testresult/89d0145056ccebab","status":"broken","statusDetails":"Assertion condition defined as a Lambda expression in pl.allegro.tech.hermes.test.helper.client.integration.FrontendTestClient Status expected:<201 CREATED> but was:<404 NOT_FOUND> within 10 seconds.","time":{"start":1724940965269,"stop":1724940976177,"duration":10908}},{"uid":"70457cc568ae043d","reportUrl":"https://allegro.github.io/hermes/2095//#testresult/70457cc568ae043d","status":"passed","time":{"start":1724941146526,"stop":1724941147329,"duration":803}},{"uid":"7ebc20e1440f08d1","reportUrl":"https://allegro.github.io/hermes/2093//#testresult/7ebc20e1440f08d1","status":"passed","time":{"start":1724940480836,"stop":1724940481746,"duration":910}},{"uid":"1d9d7a4d597b2935","reportUrl":"https://allegro.github.io/hermes/2091//#testresult/1d9d7a4d597b2935","status":"broken","statusDetails":"Assertion condition defined as a Lambda expression in pl.allegro.tech.hermes.test.helper.client.integration.FrontendTestClient Status expected:<201 CREATED> but was:<404 NOT_FOUND> within 10 seconds.","time":{"start":1724938769890,"stop":1724938780716,"duration":10826}},{"uid":"98c2925c549239a0","reportUrl":"https://allegro.github.io/hermes/2092//#testresult/98c2925c549239a0","status":"passed","time":{"start":1724938581998,"stop":1724938582830,"duration":832}},{"uid":"bcd0c05254a7933d","reportUrl":"https://allegro.github.io/hermes/2090//#testresult/bcd0c05254a7933d","status":"passed","time":{"start":1724856442921,"stop":1724856443826,"duration":905}}]},"tags":[]},"source":"3be0e1d4002c00f4.json","parameterValues":[]}