{"uid":"3f145e0ffff6b2ed","name":"shouldDeliverBatchInGivenTimePeriod()","fullName":"pl.allegro.tech.hermes.integrationtests.BatchDeliveryTest.shouldDeliverBatchInGivenTimePeriod","historyId":"44a98c263b5780b23f4f2a9cf0a6c22a","time":{"start":1728892994287,"stop":1728893005310,"duration":11023},"description":"","status":"broken","statusMessage":"Assertion condition defined as a Lambda expression in pl.allegro.tech.hermes.test.helper.client.integration.FrontendTestClient Status expected:<201 CREATED> but was:<404 NOT_FOUND> within 10 seconds.","statusTrace":"org.awaitility.core.ConditionTimeoutException: Assertion condition defined as a Lambda expression in pl.allegro.tech.hermes.test.helper.client.integration.FrontendTestClient Status expected:<201 CREATED> but was:<404 NOT_FOUND> within 10 seconds.\n\tat org.awaitility.core.ConditionAwaiter.await(ConditionAwaiter.java:167)\n\tat org.awaitility.core.AssertionCondition.await(AssertionCondition.java:119)\n\tat org.awaitility.core.AssertionCondition.await(AssertionCondition.java:31)\n\tat org.awaitility.core.ConditionFactory.until(ConditionFactory.java:1006)\n\tat org.awaitility.core.ConditionFactory.untilAsserted(ConditionFactory.java:790)\n\tat pl.allegro.tech.hermes.test.helper.client.integration.FrontendTestClient.publishUntilSuccess(FrontendTestClient.java:51)\n\tat pl.allegro.tech.hermes.test.helper.client.integration.HermesTestClient.publishUntilSuccess(HermesTestClient.java:208)\n\tat pl.allegro.tech.hermes.integrationtests.BatchDeliveryTest.shouldDeliverBatchInGivenTimePeriod(BatchDeliveryTest.java:193)\n\tat java.base/java.lang.reflect.Method.invoke(Method.java:569)\n\tat java.base/java.util.ArrayList.forEach(ArrayList.java:1511)\n\tat java.base/java.util.ArrayList.forEach(ArrayList.java:1511)\nCaused by: java.lang.AssertionError: Status expected:<201 CREATED> but was:<404 NOT_FOUND>\n\tat org.springframework.test.util.AssertionErrors.fail(AssertionErrors.java:59)\n\tat org.springframework.test.util.AssertionErrors.assertEquals(AssertionErrors.java:122)\n\tat org.springframework.test.web.reactive.server.StatusAssertions.lambda$assertStatusAndReturn$4(StatusAssertions.java:236)\n\tat org.springframework.test.web.reactive.server.ExchangeResult.assertWithDiagnostics(ExchangeResult.java:222)\n\tat org.springframework.test.web.reactive.server.StatusAssertions.assertStatusAndReturn(StatusAssertions.java:236)\n\tat org.springframework.test.web.reactive.server.StatusAssertions.isCreated(StatusAssertions.java:75)\n\tat pl.allegro.tech.hermes.test.helper.client.integration.FrontendTestClient.lambda$publishUntilSuccess$1(FrontendTestClient.java:54)\n\tat org.awaitility.core.AssertionCondition.lambda$new$0(AssertionCondition.java:53)\n\tat org.awaitility.core.ConditionAwaiter$ConditionPoller.call(ConditionAwaiter.java:248)\n\tat org.awaitility.core.ConditionAwaiter$ConditionPoller.call(ConditionAwaiter.java:235)\n\tat java.base/java.util.concurrent.FutureTask.run(FutureTask.java:264)\n\tat java.base/java.util.concurrent.ThreadPoolExecutor.runWorker(ThreadPoolExecutor.java:1136)\n\tat java.base/java.util.concurrent.ThreadPoolExecutor$Worker.run(ThreadPoolExecutor.java:635)\n\tat java.base/java.lang.Thread.run(Thread.java:840)\n","flaky":false,"newFailed":false,"newBroken":true,"newPassed":false,"retriesCount":0,"retriesStatusChange":false,"beforeStages":[],"afterStages":[],"labels":[{"name":"junit.platform.uniqueid","value":"[engine:junit-jupiter]/[class:pl.allegro.tech.hermes.integrationtests.BatchDeliveryTest]/[method:shouldDeliverBatchInGivenTimePeriod()]"},{"name":"host","value":"fv-az1487-375"},{"name":"thread","value":"2820@fv-az1487-375.Test worker(1)"},{"name":"framework","value":"junit-platform"},{"name":"language","value":"java"},{"name":"package","value":"pl.allegro.tech.hermes.integrationtests.BatchDeliveryTest"},{"name":"testClass","value":"pl.allegro.tech.hermes.integrationtests.BatchDeliveryTest"},{"name":"testMethod","value":"shouldDeliverBatchInGivenTimePeriod"},{"name":"suite","value":"pl.allegro.tech.hermes.integrationtests.BatchDeliveryTest"},{"name":"resultFormat","value":"allure2"}],"parameters":[],"links":[],"hidden":false,"retry":false,"extra":{"severity":"normal","retries":[],"categories":[{"name":"Test defects","matchedStatuses":[],"flaky":false}],"history":{"statistic":{"failed":0,"broken":5,"skipped":0,"passed":8,"unknown":0,"total":13},"items":[{"uid":"1aa6e98bc3ad63a2","reportUrl":"https://allegro.github.io/hermes/2146//#testresult/1aa6e98bc3ad63a2","status":"passed","time":{"start":1728464361404,"stop":1728464362338,"duration":934}},{"uid":"a4a402495ef3b083","reportUrl":"https://allegro.github.io/hermes/2144//#testresult/a4a402495ef3b083","status":"passed","time":{"start":1728126835719,"stop":1728126836550,"duration":831}},{"uid":"746d27f464516737","reportUrl":"https://allegro.github.io/hermes/2140//#testresult/746d27f464516737","status":"broken","statusDetails":"Assertion condition defined as a Lambda expression in pl.allegro.tech.hermes.test.helper.client.integration.HermesInitHelper \nexpected: ACTIVE\n but was: PENDING within 10 seconds.","time":{"start":1728040710570,"stop":1728040720935,"duration":10365}},{"uid":"947fedd6364cb0ec","reportUrl":"https://allegro.github.io/hermes/2136//#testresult/947fedd6364cb0ec","status":"passed","time":{"start":1728030747810,"stop":1728030748645,"duration":835}},{"uid":"db879ebbb82075fc","reportUrl":"https://allegro.github.io/hermes/2128//#testresult/db879ebbb82075fc","status":"broken","statusDetails":"Assertion condition defined as a Lambda expression in pl.allegro.tech.hermes.test.helper.client.integration.FrontendTestClient Status expected:<201 CREATED> but was:<404 NOT_FOUND> within 10 seconds.","time":{"start":1727093573026,"stop":1727093584043,"duration":11017}},{"uid":"1146261a122a06f2","reportUrl":"https://allegro.github.io/hermes/2125//#testresult/1146261a122a06f2","status":"broken","statusDetails":"Assertion condition defined as a Lambda expression in pl.allegro.tech.hermes.test.helper.client.integration.HermesInitHelper \nexpected: ACTIVE\n but was: PENDING within 10 seconds.","time":{"start":1726730414663,"stop":1726730425050,"duration":10387}},{"uid":"796db9e001259631","reportUrl":"https://allegro.github.io/hermes/2094//#testresult/796db9e001259631","status":"passed","time":{"start":1724940554668,"stop":1724940555499,"duration":831}},{"uid":"fbbcad70fb6a418f","reportUrl":"https://allegro.github.io/hermes/2095//#testresult/fbbcad70fb6a418f","status":"passed","time":{"start":1724940942616,"stop":1724940943568,"duration":952}},{"uid":"4903446db8a42a3b","reportUrl":"https://allegro.github.io/hermes/2093//#testresult/4903446db8a42a3b","status":"passed","time":{"start":1724940278818,"stop":1724940279759,"duration":941}},{"uid":"a6f2e0f4791ed1d5","reportUrl":"https://allegro.github.io/hermes/2091//#testresult/a6f2e0f4791ed1d5","status":"broken","statusDetails":"Assertion condition defined as a Lambda expression in pl.allegro.tech.hermes.test.helper.client.integration.FrontendTestClient Status expected:<201 CREATED> but was:<404 NOT_FOUND> within 10 seconds.","time":{"start":1724938166648,"stop":1724938177703,"duration":11055}},{"uid":"ad9dd5cf14303308","reportUrl":"https://allegro.github.io/hermes/2092//#testresult/ad9dd5cf14303308","status":"passed","time":{"start":1724938381048,"stop":1724938381924,"duration":876}},{"uid":"37667732a06b41f0","reportUrl":"https://allegro.github.io/hermes/2090//#testresult/37667732a06b41f0","status":"passed","time":{"start":1724856241946,"stop":1724856242782,"duration":836}}]},"tags":[]},"source":"3f145e0ffff6b2ed.json","parameterValues":[]}