{"uid":"c19f5890743aa31a","name":"shouldProfileDiscardedMessageProcessing()","fullName":"pl.allegro.tech.hermes.integrationtests.ConsumerProfilingTest.shouldProfileDiscardedMessageProcessing","historyId":"f309a13723f544764d5452f35d6416ae","time":{"start":1728893115655,"stop":1728893128203,"duration":12548},"description":"","status":"broken","statusMessage":"Assertion condition defined as a Lambda expression in pl.allegro.tech.hermes.test.helper.client.integration.FrontendTestClient Status expected:<201 CREATED> but was:<404 NOT_FOUND> within 10 seconds.","statusTrace":"org.awaitility.core.ConditionTimeoutException: Assertion condition defined as a Lambda expression in pl.allegro.tech.hermes.test.helper.client.integration.FrontendTestClient Status expected:<201 CREATED> but was:<404 NOT_FOUND> within 10 seconds.\n\tat org.awaitility.core.ConditionAwaiter.await(ConditionAwaiter.java:167)\n\tat org.awaitility.core.AssertionCondition.await(AssertionCondition.java:119)\n\tat org.awaitility.core.AssertionCondition.await(AssertionCondition.java:31)\n\tat org.awaitility.core.ConditionFactory.until(ConditionFactory.java:1006)\n\tat org.awaitility.core.ConditionFactory.untilAsserted(ConditionFactory.java:790)\n\tat pl.allegro.tech.hermes.test.helper.client.integration.FrontendTestClient.publishUntilSuccess(FrontendTestClient.java:51)\n\tat pl.allegro.tech.hermes.test.helper.client.integration.HermesTestClient.publishUntilSuccess(HermesTestClient.java:208)\n\tat pl.allegro.tech.hermes.integrationtests.ConsumerProfilingTest.shouldProfileDiscardedMessageProcessing(ConsumerProfilingTest.java:213)\n\tat java.base/java.lang.reflect.Method.invoke(Method.java:569)\n\tat java.base/java.util.ArrayList.forEach(ArrayList.java:1511)\n\tat java.base/java.util.ArrayList.forEach(ArrayList.java:1511)\nCaused by: java.lang.AssertionError: Status expected:<201 CREATED> but was:<404 NOT_FOUND>\n\tat org.springframework.test.util.AssertionErrors.fail(AssertionErrors.java:59)\n\tat org.springframework.test.util.AssertionErrors.assertEquals(AssertionErrors.java:122)\n\tat org.springframework.test.web.reactive.server.StatusAssertions.lambda$assertStatusAndReturn$4(StatusAssertions.java:236)\n\tat org.springframework.test.web.reactive.server.ExchangeResult.assertWithDiagnostics(ExchangeResult.java:222)\n\tat org.springframework.test.web.reactive.server.StatusAssertions.assertStatusAndReturn(StatusAssertions.java:236)\n\tat org.springframework.test.web.reactive.server.StatusAssertions.isCreated(StatusAssertions.java:75)\n\tat pl.allegro.tech.hermes.test.helper.client.integration.FrontendTestClient.lambda$publishUntilSuccess$1(FrontendTestClient.java:54)\n\tat org.awaitility.core.AssertionCondition.lambda$new$0(AssertionCondition.java:53)\n\tat org.awaitility.core.ConditionAwaiter$ConditionPoller.call(ConditionAwaiter.java:248)\n\tat org.awaitility.core.ConditionAwaiter$ConditionPoller.call(ConditionAwaiter.java:235)\n\tat java.base/java.util.concurrent.FutureTask.run(FutureTask.java:264)\n\tat java.base/java.util.concurrent.ThreadPoolExecutor.runWorker(ThreadPoolExecutor.java:1136)\n\tat java.base/java.util.concurrent.ThreadPoolExecutor$Worker.run(ThreadPoolExecutor.java:635)\n\tat java.base/java.lang.Thread.run(Thread.java:840)\n","flaky":false,"newFailed":false,"newBroken":true,"newPassed":false,"retriesCount":0,"retriesStatusChange":false,"beforeStages":[],"afterStages":[],"labels":[{"name":"junit.platform.uniqueid","value":"[engine:junit-jupiter]/[class:pl.allegro.tech.hermes.integrationtests.ConsumerProfilingTest]/[method:shouldProfileDiscardedMessageProcessing()]"},{"name":"host","value":"fv-az1487-375"},{"name":"thread","value":"2820@fv-az1487-375.Test worker(1)"},{"name":"framework","value":"junit-platform"},{"name":"language","value":"java"},{"name":"package","value":"pl.allegro.tech.hermes.integrationtests.ConsumerProfilingTest"},{"name":"testClass","value":"pl.allegro.tech.hermes.integrationtests.ConsumerProfilingTest"},{"name":"testMethod","value":"shouldProfileDiscardedMessageProcessing"},{"name":"suite","value":"pl.allegro.tech.hermes.integrationtests.ConsumerProfilingTest"},{"name":"resultFormat","value":"allure2"}],"parameters":[],"links":[],"hidden":false,"retry":false,"extra":{"severity":"normal","retries":[],"categories":[{"name":"Test defects","matchedStatuses":[],"flaky":false}],"history":{"statistic":{"failed":0,"broken":5,"skipped":0,"passed":8,"unknown":0,"total":13},"items":[{"uid":"b005593a80dc3f2","reportUrl":"https://allegro.github.io/hermes/2146//#testresult/b005593a80dc3f2","status":"passed","time":{"start":1728464379707,"stop":1728464382091,"duration":2384}},{"uid":"a555b10724dc1698","reportUrl":"https://allegro.github.io/hermes/2144//#testresult/a555b10724dc1698","status":"passed","time":{"start":1728126854044,"stop":1728126856355,"duration":2311}},{"uid":"bb01269ac7596c8c","reportUrl":"https://allegro.github.io/hermes/2140//#testresult/bb01269ac7596c8c","status":"broken","statusDetails":"Assertion condition defined as a Lambda expression in pl.allegro.tech.hermes.test.helper.client.integration.HermesInitHelper \nexpected: ACTIVE\n but was: PENDING within 10 seconds.","time":{"start":1728040824475,"stop":1728040835968,"duration":11493}},{"uid":"f67551280267f7e4","reportUrl":"https://allegro.github.io/hermes/2136//#testresult/f67551280267f7e4","status":"passed","time":{"start":1728030768085,"stop":1728030770478,"duration":2393}},{"uid":"317ff770b07e7c4c","reportUrl":"https://allegro.github.io/hermes/2128//#testresult/317ff770b07e7c4c","status":"broken","statusDetails":"Assertion condition defined as a Lambda expression in pl.allegro.tech.hermes.test.helper.client.integration.FrontendTestClient Status expected:<201 CREATED> but was:<404 NOT_FOUND> within 10 seconds.","time":{"start":1727093694491,"stop":1727093706882,"duration":12391}},{"uid":"f7f866dfd41e58d2","reportUrl":"https://allegro.github.io/hermes/2125//#testresult/f7f866dfd41e58d2","status":"broken","statusDetails":"Assertion condition defined as a Lambda expression in pl.allegro.tech.hermes.test.helper.client.integration.HermesInitHelper \nexpected: ACTIVE\n but was: PENDING within 10 seconds.","time":{"start":1726730528591,"stop":1726730539956,"duration":11365}},{"uid":"f7bbfd621cb87ffa","reportUrl":"https://allegro.github.io/hermes/2094//#testresult/f7bbfd621cb87ffa","status":"passed","time":{"start":1724940574986,"stop":1724940577228,"duration":2242}},{"uid":"d91074405ee9e384","reportUrl":"https://allegro.github.io/hermes/2095//#testresult/d91074405ee9e384","status":"passed","time":{"start":1724940963025,"stop":1724940965199,"duration":2174}},{"uid":"88bda6b10ee16b9a","reportUrl":"https://allegro.github.io/hermes/2093//#testresult/88bda6b10ee16b9a","status":"passed","time":{"start":1724940299210,"stop":1724940301444,"duration":2234}},{"uid":"322d127bace5cf03","reportUrl":"https://allegro.github.io/hermes/2091//#testresult/322d127bace5cf03","status":"broken","statusDetails":"Assertion condition defined as a Lambda expression in pl.allegro.tech.hermes.test.helper.client.integration.FrontendTestClient Status expected:<201 CREATED> but was:<404 NOT_FOUND> within 10 seconds.","time":{"start":1724938288243,"stop":1724938300800,"duration":12557}},{"uid":"dc620c935377e6f7","reportUrl":"https://allegro.github.io/hermes/2092//#testresult/dc620c935377e6f7","status":"passed","time":{"start":1724938401293,"stop":1724938403744,"duration":2451}},{"uid":"e6039ff5e60584e2","reportUrl":"https://allegro.github.io/hermes/2090//#testresult/e6039ff5e60584e2","status":"passed","time":{"start":1724856262197,"stop":1724856264474,"duration":2277}}]},"tags":[]},"source":"c19f5890743aa31a.json","parameterValues":[]}