{"uid":"c8d74093f7f2f2fa","name":"shouldCommitFilteredMessagesForBatch()","fullName":"pl.allegro.tech.hermes.integrationtests.BatchDeliveryTest.shouldCommitFilteredMessagesForBatch","historyId":"916fc3fc781f1d2779d7ca5e9c093a3b","time":{"start":1728892972112,"stop":1728892983245,"duration":11133},"description":"","status":"broken","statusMessage":"Assertion condition defined as a Lambda expression in pl.allegro.tech.hermes.test.helper.client.integration.FrontendTestClient Status expected:<201 CREATED> but was:<404 NOT_FOUND> within 10 seconds.","statusTrace":"org.awaitility.core.ConditionTimeoutException: Assertion condition defined as a Lambda expression in pl.allegro.tech.hermes.test.helper.client.integration.FrontendTestClient Status expected:<201 CREATED> but was:<404 NOT_FOUND> within 10 seconds.\n\tat org.awaitility.core.ConditionAwaiter.await(ConditionAwaiter.java:167)\n\tat org.awaitility.core.AssertionCondition.await(AssertionCondition.java:119)\n\tat org.awaitility.core.AssertionCondition.await(AssertionCondition.java:31)\n\tat org.awaitility.core.ConditionFactory.until(ConditionFactory.java:1006)\n\tat org.awaitility.core.ConditionFactory.untilAsserted(ConditionFactory.java:790)\n\tat pl.allegro.tech.hermes.test.helper.client.integration.FrontendTestClient.publishUntilSuccess(FrontendTestClient.java:51)\n\tat pl.allegro.tech.hermes.test.helper.client.integration.HermesTestClient.publishUntilSuccess(HermesTestClient.java:208)\n\tat pl.allegro.tech.hermes.integrationtests.BatchDeliveryTest.shouldCommitFilteredMessagesForBatch(BatchDeliveryTest.java:148)\n\tat java.base/java.lang.reflect.Method.invoke(Method.java:569)\n\tat java.base/java.util.ArrayList.forEach(ArrayList.java:1511)\n\tat java.base/java.util.ArrayList.forEach(ArrayList.java:1511)\nCaused by: java.lang.AssertionError: Status expected:<201 CREATED> but was:<404 NOT_FOUND>\n\tat org.springframework.test.util.AssertionErrors.fail(AssertionErrors.java:59)\n\tat org.springframework.test.util.AssertionErrors.assertEquals(AssertionErrors.java:122)\n\tat org.springframework.test.web.reactive.server.StatusAssertions.lambda$assertStatusAndReturn$4(StatusAssertions.java:236)\n\tat org.springframework.test.web.reactive.server.ExchangeResult.assertWithDiagnostics(ExchangeResult.java:222)\n\tat org.springframework.test.web.reactive.server.StatusAssertions.assertStatusAndReturn(StatusAssertions.java:236)\n\tat org.springframework.test.web.reactive.server.StatusAssertions.isCreated(StatusAssertions.java:75)\n\tat pl.allegro.tech.hermes.test.helper.client.integration.FrontendTestClient.lambda$publishUntilSuccess$1(FrontendTestClient.java:54)\n\tat org.awaitility.core.AssertionCondition.lambda$new$0(AssertionCondition.java:53)\n\tat org.awaitility.core.ConditionAwaiter$ConditionPoller.call(ConditionAwaiter.java:248)\n\tat org.awaitility.core.ConditionAwaiter$ConditionPoller.call(ConditionAwaiter.java:235)\n\tat java.base/java.util.concurrent.FutureTask.run(FutureTask.java:264)\n\tat java.base/java.util.concurrent.ThreadPoolExecutor.runWorker(ThreadPoolExecutor.java:1136)\n\tat java.base/java.util.concurrent.ThreadPoolExecutor$Worker.run(ThreadPoolExecutor.java:635)\n\tat java.base/java.lang.Thread.run(Thread.java:840)\n","flaky":false,"newFailed":false,"newBroken":true,"newPassed":false,"retriesCount":0,"retriesStatusChange":false,"beforeStages":[],"afterStages":[],"labels":[{"name":"junit.platform.uniqueid","value":"[engine:junit-jupiter]/[class:pl.allegro.tech.hermes.integrationtests.BatchDeliveryTest]/[method:shouldCommitFilteredMessagesForBatch()]"},{"name":"host","value":"fv-az1487-375"},{"name":"thread","value":"2820@fv-az1487-375.Test worker(1)"},{"name":"framework","value":"junit-platform"},{"name":"language","value":"java"},{"name":"package","value":"pl.allegro.tech.hermes.integrationtests.BatchDeliveryTest"},{"name":"testClass","value":"pl.allegro.tech.hermes.integrationtests.BatchDeliveryTest"},{"name":"testMethod","value":"shouldCommitFilteredMessagesForBatch"},{"name":"suite","value":"pl.allegro.tech.hermes.integrationtests.BatchDeliveryTest"},{"name":"resultFormat","value":"allure2"}],"parameters":[],"links":[],"hidden":false,"retry":false,"extra":{"severity":"normal","retries":[],"categories":[{"name":"Test defects","matchedStatuses":[],"flaky":false}],"history":{"statistic":{"failed":0,"broken":1,"skipped":0,"passed":2,"unknown":0,"total":3},"items":[{"uid":"9c5088a452da7cfe","reportUrl":"https://allegro.github.io/hermes/2146//#testresult/9c5088a452da7cfe","status":"passed","time":{"start":1728464358398,"stop":1728464360252,"duration":1854}},{"uid":"620cf5960ec5f8ba","reportUrl":"https://allegro.github.io/hermes/2144//#testresult/620cf5960ec5f8ba","status":"passed","time":{"start":1728126832725,"stop":1728126834564,"duration":1839}}]},"tags":[]},"source":"c8d74093f7f2f2fa.json","parameterValues":[]}