{"uid":"e196706f7f7f2cf1","name":"shouldProfileRetriedMessageProcessing()","fullName":"pl.allegro.tech.hermes.integrationtests.ConsumerProfilingTest.shouldProfileRetriedMessageProcessing","historyId":"a373a25c9aefbeb29e9ceefde3ab1b92","time":{"start":1728893162205,"stop":1728893173130,"duration":10925},"description":"","status":"broken","statusMessage":"Assertion condition defined as a Lambda expression in pl.allegro.tech.hermes.test.helper.client.integration.FrontendTestClient Status expected:<201 CREATED> but was:<404 NOT_FOUND> within 10 seconds.","statusTrace":"org.awaitility.core.ConditionTimeoutException: Assertion condition defined as a Lambda expression in pl.allegro.tech.hermes.test.helper.client.integration.FrontendTestClient Status expected:<201 CREATED> but was:<404 NOT_FOUND> within 10 seconds.\n\tat org.awaitility.core.ConditionAwaiter.await(ConditionAwaiter.java:167)\n\tat org.awaitility.core.AssertionCondition.await(AssertionCondition.java:119)\n\tat org.awaitility.core.AssertionCondition.await(AssertionCondition.java:31)\n\tat org.awaitility.core.ConditionFactory.until(ConditionFactory.java:1006)\n\tat org.awaitility.core.ConditionFactory.untilAsserted(ConditionFactory.java:790)\n\tat pl.allegro.tech.hermes.test.helper.client.integration.FrontendTestClient.publishUntilSuccess(FrontendTestClient.java:51)\n\tat pl.allegro.tech.hermes.test.helper.client.integration.HermesTestClient.publishUntilSuccess(HermesTestClient.java:208)\n\tat pl.allegro.tech.hermes.integrationtests.ConsumerProfilingTest.shouldProfileRetriedMessageProcessing(ConsumerProfilingTest.java:260)\n\tat java.base/java.lang.reflect.Method.invoke(Method.java:569)\n\tat java.base/java.util.ArrayList.forEach(ArrayList.java:1511)\n\tat java.base/java.util.ArrayList.forEach(ArrayList.java:1511)\nCaused by: java.lang.AssertionError: Status expected:<201 CREATED> but was:<404 NOT_FOUND>\n\tat org.springframework.test.util.AssertionErrors.fail(AssertionErrors.java:59)\n\tat org.springframework.test.util.AssertionErrors.assertEquals(AssertionErrors.java:122)\n\tat org.springframework.test.web.reactive.server.StatusAssertions.lambda$assertStatusAndReturn$4(StatusAssertions.java:236)\n\tat org.springframework.test.web.reactive.server.ExchangeResult.assertWithDiagnostics(ExchangeResult.java:222)\n\tat org.springframework.test.web.reactive.server.StatusAssertions.assertStatusAndReturn(StatusAssertions.java:236)\n\tat org.springframework.test.web.reactive.server.StatusAssertions.isCreated(StatusAssertions.java:75)\n\tat pl.allegro.tech.hermes.test.helper.client.integration.FrontendTestClient.lambda$publishUntilSuccess$1(FrontendTestClient.java:54)\n\tat org.awaitility.core.AssertionCondition.lambda$new$0(AssertionCondition.java:53)\n\tat org.awaitility.core.ConditionAwaiter$ConditionPoller.call(ConditionAwaiter.java:248)\n\tat org.awaitility.core.ConditionAwaiter$ConditionPoller.call(ConditionAwaiter.java:235)\n\tat java.base/java.util.concurrent.FutureTask.run(FutureTask.java:264)\n\tat java.base/java.util.concurrent.ThreadPoolExecutor.runWorker(ThreadPoolExecutor.java:1136)\n\tat java.base/java.util.concurrent.ThreadPoolExecutor$Worker.run(ThreadPoolExecutor.java:635)\n\tat java.base/java.lang.Thread.run(Thread.java:840)\n","flaky":false,"newFailed":false,"newBroken":true,"newPassed":false,"retriesCount":0,"retriesStatusChange":false,"beforeStages":[],"afterStages":[],"labels":[{"name":"junit.platform.uniqueid","value":"[engine:junit-jupiter]/[class:pl.allegro.tech.hermes.integrationtests.ConsumerProfilingTest]/[method:shouldProfileRetriedMessageProcessing()]"},{"name":"host","value":"fv-az1487-375"},{"name":"thread","value":"2820@fv-az1487-375.Test worker(1)"},{"name":"framework","value":"junit-platform"},{"name":"language","value":"java"},{"name":"package","value":"pl.allegro.tech.hermes.integrationtests.ConsumerProfilingTest"},{"name":"testClass","value":"pl.allegro.tech.hermes.integrationtests.ConsumerProfilingTest"},{"name":"testMethod","value":"shouldProfileRetriedMessageProcessing"},{"name":"suite","value":"pl.allegro.tech.hermes.integrationtests.ConsumerProfilingTest"},{"name":"resultFormat","value":"allure2"}],"parameters":[],"links":[],"hidden":false,"retry":false,"extra":{"severity":"normal","retries":[],"categories":[{"name":"Test defects","matchedStatuses":[],"flaky":false}],"history":{"statistic":{"failed":0,"broken":5,"skipped":0,"passed":8,"unknown":0,"total":13},"items":[{"uid":"b68b245f69f5dd8c","reportUrl":"https://allegro.github.io/hermes/2146//#testresult/b68b245f69f5dd8c","status":"passed","time":{"start":1728464386538,"stop":1728464390493,"duration":3955}},{"uid":"a2dc4c51626e1339","reportUrl":"https://allegro.github.io/hermes/2144//#testresult/a2dc4c51626e1339","status":"passed","time":{"start":1728126860827,"stop":1728126864788,"duration":3961}},{"uid":"4707d07d60dba209","reportUrl":"https://allegro.github.io/hermes/2140//#testresult/4707d07d60dba209","status":"broken","statusDetails":"Assertion condition defined as a Lambda expression in pl.allegro.tech.hermes.test.helper.client.integration.HermesInitHelper \nexpected: ACTIVE\n but was: PENDING within 10 seconds.","time":{"start":1728040878348,"stop":1728040888934,"duration":10586}},{"uid":"8437a58aa5cb385e","reportUrl":"https://allegro.github.io/hermes/2136//#testresult/8437a58aa5cb385e","status":"passed","time":{"start":1728030774948,"stop":1728030778834,"duration":3886}},{"uid":"3d73630527cb9915","reportUrl":"https://allegro.github.io/hermes/2128//#testresult/3d73630527cb9915","status":"broken","statusDetails":"Assertion condition defined as a Lambda expression in pl.allegro.tech.hermes.test.helper.client.integration.FrontendTestClient Status expected:<201 CREATED> but was:<404 NOT_FOUND> within 10 seconds.","time":{"start":1727093740982,"stop":1727093751840,"duration":10858}},{"uid":"3349f8db63681c86","reportUrl":"https://allegro.github.io/hermes/2125//#testresult/3349f8db63681c86","status":"broken","statusDetails":"Assertion condition defined as a Lambda expression in pl.allegro.tech.hermes.test.helper.client.integration.HermesInitHelper \nexpected: ACTIVE\n but was: PENDING within 10 seconds.","time":{"start":1726730582026,"stop":1726730592532,"duration":10506}},{"uid":"12484d2054ac6f23","reportUrl":"https://allegro.github.io/hermes/2094//#testresult/12484d2054ac6f23","status":"passed","time":{"start":1724940581858,"stop":1724940585718,"duration":3860}},{"uid":"88b53a373eebb5b7","reportUrl":"https://allegro.github.io/hermes/2095//#testresult/88b53a373eebb5b7","status":"passed","time":{"start":1724940969808,"stop":1724940973773,"duration":3965}},{"uid":"e6811dbeb42cfa19","reportUrl":"https://allegro.github.io/hermes/2093//#testresult/e6811dbeb42cfa19","status":"passed","time":{"start":1724940306089,"stop":1724940309946,"duration":3857}},{"uid":"6d6fbaf66325a585","reportUrl":"https://allegro.github.io/hermes/2091//#testresult/6d6fbaf66325a585","status":"broken","statusDetails":"Assertion condition defined as a Lambda expression in pl.allegro.tech.hermes.test.helper.client.integration.FrontendTestClient Status expected:<201 CREATED> but was:<404 NOT_FOUND> within 10 seconds.","time":{"start":1724938335698,"stop":1724938346691,"duration":10993}},{"uid":"1b054438d74b6d55","reportUrl":"https://allegro.github.io/hermes/2092//#testresult/1b054438d74b6d55","status":"passed","time":{"start":1724938408137,"stop":1724938412112,"duration":3975}},{"uid":"681e2d91279facdf","reportUrl":"https://allegro.github.io/hermes/2090//#testresult/681e2d91279facdf","status":"passed","time":{"start":1724856269041,"stop":1724856273005,"duration":3964}}]},"tags":[]},"source":"e196706f7f7f2cf1.json","parameterValues":[]}