{"uid":"f8bd85ab37f95c12","name":"shouldNotRetryForBadRequestsFromConsumers()","fullName":"pl.allegro.tech.hermes.integrationtests.BroadcastDeliveryTest.shouldNotRetryForBadRequestsFromConsumers","historyId":"c894e2acd72f71b256c2647a00e48080","time":{"start":1728893093615,"stop":1728893104572,"duration":10957},"description":"","status":"broken","statusMessage":"Assertion condition defined as a Lambda expression in pl.allegro.tech.hermes.test.helper.client.integration.FrontendTestClient Status expected:<201 CREATED> but was:<404 NOT_FOUND> within 10 seconds.","statusTrace":"org.awaitility.core.ConditionTimeoutException: Assertion condition defined as a Lambda expression in pl.allegro.tech.hermes.test.helper.client.integration.FrontendTestClient Status expected:<201 CREATED> but was:<404 NOT_FOUND> within 10 seconds.\n\tat org.awaitility.core.ConditionAwaiter.await(ConditionAwaiter.java:167)\n\tat org.awaitility.core.AssertionCondition.await(AssertionCondition.java:119)\n\tat org.awaitility.core.AssertionCondition.await(AssertionCondition.java:31)\n\tat org.awaitility.core.ConditionFactory.until(ConditionFactory.java:1006)\n\tat org.awaitility.core.ConditionFactory.untilAsserted(ConditionFactory.java:790)\n\tat pl.allegro.tech.hermes.test.helper.client.integration.FrontendTestClient.publishUntilSuccess(FrontendTestClient.java:51)\n\tat pl.allegro.tech.hermes.test.helper.client.integration.HermesTestClient.publishUntilSuccess(HermesTestClient.java:208)\n\tat pl.allegro.tech.hermes.integrationtests.BroadcastDeliveryTest.shouldNotRetryForBadRequestsFromConsumers(BroadcastDeliveryTest.java:98)\n\tat java.base/java.lang.reflect.Method.invoke(Method.java:569)\n\tat java.base/java.util.ArrayList.forEach(ArrayList.java:1511)\n\tat java.base/java.util.ArrayList.forEach(ArrayList.java:1511)\nCaused by: java.lang.AssertionError: Status expected:<201 CREATED> but was:<404 NOT_FOUND>\n\tat org.springframework.test.util.AssertionErrors.fail(AssertionErrors.java:59)\n\tat org.springframework.test.util.AssertionErrors.assertEquals(AssertionErrors.java:122)\n\tat org.springframework.test.web.reactive.server.StatusAssertions.lambda$assertStatusAndReturn$4(StatusAssertions.java:236)\n\tat org.springframework.test.web.reactive.server.ExchangeResult.assertWithDiagnostics(ExchangeResult.java:222)\n\tat org.springframework.test.web.reactive.server.StatusAssertions.assertStatusAndReturn(StatusAssertions.java:236)\n\tat org.springframework.test.web.reactive.server.StatusAssertions.isCreated(StatusAssertions.java:75)\n\tat pl.allegro.tech.hermes.test.helper.client.integration.FrontendTestClient.lambda$publishUntilSuccess$1(FrontendTestClient.java:54)\n\tat org.awaitility.core.AssertionCondition.lambda$new$0(AssertionCondition.java:53)\n\tat org.awaitility.core.ConditionAwaiter$ConditionPoller.call(ConditionAwaiter.java:248)\n\tat org.awaitility.core.ConditionAwaiter$ConditionPoller.call(ConditionAwaiter.java:235)\n\tat java.base/java.util.concurrent.FutureTask.run(FutureTask.java:264)\n\tat java.base/java.util.concurrent.ThreadPoolExecutor.runWorker(ThreadPoolExecutor.java:1136)\n\tat java.base/java.util.concurrent.ThreadPoolExecutor$Worker.run(ThreadPoolExecutor.java:635)\n\tat java.base/java.lang.Thread.run(Thread.java:840)\n","flaky":false,"newFailed":false,"newBroken":true,"newPassed":false,"retriesCount":0,"retriesStatusChange":false,"beforeStages":[],"afterStages":[],"labels":[{"name":"junit.platform.uniqueid","value":"[engine:junit-jupiter]/[class:pl.allegro.tech.hermes.integrationtests.BroadcastDeliveryTest]/[method:shouldNotRetryForBadRequestsFromConsumers()]"},{"name":"host","value":"fv-az1487-375"},{"name":"thread","value":"2820@fv-az1487-375.Test worker(1)"},{"name":"framework","value":"junit-platform"},{"name":"language","value":"java"},{"name":"package","value":"pl.allegro.tech.hermes.integrationtests.BroadcastDeliveryTest"},{"name":"testClass","value":"pl.allegro.tech.hermes.integrationtests.BroadcastDeliveryTest"},{"name":"testMethod","value":"shouldNotRetryForBadRequestsFromConsumers"},{"name":"suite","value":"pl.allegro.tech.hermes.integrationtests.BroadcastDeliveryTest"},{"name":"resultFormat","value":"allure2"}],"parameters":[],"links":[],"hidden":false,"retry":false,"extra":{"severity":"normal","retries":[],"categories":[{"name":"Test defects","matchedStatuses":[],"flaky":false}],"history":{"statistic":{"failed":0,"broken":5,"skipped":0,"passed":8,"unknown":0,"total":13},"items":[{"uid":"48df6881692df52d","reportUrl":"https://allegro.github.io/hermes/2146//#testresult/48df6881692df52d","status":"passed","time":{"start":1728464374954,"stop":1728464378149,"duration":3195}},{"uid":"25c789bba9ee53e","reportUrl":"https://allegro.github.io/hermes/2144//#testresult/25c789bba9ee53e","status":"passed","time":{"start":1728126849202,"stop":1728126852390,"duration":3188}},{"uid":"4d59c0d89f1abb","reportUrl":"https://allegro.github.io/hermes/2140//#testresult/4d59c0d89f1abb","status":"broken","statusDetails":"Assertion condition defined as a Lambda expression in pl.allegro.tech.hermes.test.helper.client.integration.HermesInitHelper \nexpected: ACTIVE\n but was: PENDING within 10 seconds.","time":{"start":1728040803687,"stop":1728040814073,"duration":10386}},{"uid":"7b18bb0b9e70bebb","reportUrl":"https://allegro.github.io/hermes/2136//#testresult/7b18bb0b9e70bebb","status":"passed","time":{"start":1728030762330,"stop":1728030766301,"duration":3971}},{"uid":"db04f4f336d5780b","reportUrl":"https://allegro.github.io/hermes/2128//#testresult/db04f4f336d5780b","status":"broken","statusDetails":"Assertion condition defined as a Lambda expression in pl.allegro.tech.hermes.test.helper.client.integration.FrontendTestClient Status expected:<201 CREATED> but was:<404 NOT_FOUND> within 10 seconds.","time":{"start":1727093672365,"stop":1727093683418,"duration":11053}},{"uid":"ec69618f700ef189","reportUrl":"https://allegro.github.io/hermes/2125//#testresult/ec69618f700ef189","status":"broken","statusDetails":"Assertion condition defined as a Lambda expression in pl.allegro.tech.hermes.test.helper.client.integration.HermesInitHelper \nexpected: ACTIVE\n but was: PENDING within 10 seconds.","time":{"start":1726730507969,"stop":1726730518282,"duration":10313}},{"uid":"44b642b5d7836a1c","reportUrl":"https://allegro.github.io/hermes/2094//#testresult/44b642b5d7836a1c","status":"passed","time":{"start":1724940569168,"stop":1724940573530,"duration":4362}},{"uid":"9ab289f53439e243","reportUrl":"https://allegro.github.io/hermes/2095//#testresult/9ab289f53439e243","status":"passed","time":{"start":1724940956249,"stop":1724940961347,"duration":5098}},{"uid":"bfdbfda00a07bfe4","reportUrl":"https://allegro.github.io/hermes/2093//#testresult/bfdbfda00a07bfe4","status":"passed","time":{"start":1724940292495,"stop":1724940297636,"duration":5141}},{"uid":"4b67ec7a64c1da1d","reportUrl":"https://allegro.github.io/hermes/2091//#testresult/4b67ec7a64c1da1d","status":"broken","statusDetails":"Assertion condition defined as a Lambda expression in pl.allegro.tech.hermes.test.helper.client.integration.FrontendTestClient Status expected:<201 CREATED> but was:<404 NOT_FOUND> within 10 seconds.","time":{"start":1724938266126,"stop":1724938277222,"duration":11096}},{"uid":"501d3ef1e819917a","reportUrl":"https://allegro.github.io/hermes/2092//#testresult/501d3ef1e819917a","status":"passed","time":{"start":1724938394526,"stop":1724938399717,"duration":5191}},{"uid":"cb7dd3f333e80286","reportUrl":"https://allegro.github.io/hermes/2090//#testresult/cb7dd3f333e80286","status":"passed","time":{"start":1724856256492,"stop":1724856260642,"duration":4150}}]},"tags":[]},"source":"f8bd85ab37f95c12.json","parameterValues":[]}