{"uid":"750c55747442f7e7","name":"shouldDeliverMessageToGooglePubSub()","fullName":"pl.allegro.tech.hermes.integrationtests.GooglePubSubConsumingTest.shouldDeliverMessageToGooglePubSub","historyId":"e24c7facb009227ed7394ede0a2f4f5d","time":{"start":1726730681902,"stop":1726730693882,"duration":11980},"description":"","status":"broken","statusMessage":"Assertion condition defined as a Lambda expression in pl.allegro.tech.hermes.test.helper.client.integration.FrontendTestClient Status expected:<201 CREATED> but was:<404 NOT_FOUND> within 10 seconds.","statusTrace":"org.awaitility.core.ConditionTimeoutException: Assertion condition defined as a Lambda expression in pl.allegro.tech.hermes.test.helper.client.integration.FrontendTestClient Status expected:<201 CREATED> but was:<404 NOT_FOUND> within 10 seconds.\n\tat org.awaitility.core.ConditionAwaiter.await(ConditionAwaiter.java:167)\n\tat org.awaitility.core.AssertionCondition.await(AssertionCondition.java:119)\n\tat org.awaitility.core.AssertionCondition.await(AssertionCondition.java:31)\n\tat org.awaitility.core.ConditionFactory.until(ConditionFactory.java:1006)\n\tat org.awaitility.core.ConditionFactory.untilAsserted(ConditionFactory.java:790)\n\tat pl.allegro.tech.hermes.test.helper.client.integration.FrontendTestClient.publishUntilSuccess(FrontendTestClient.java:54)\n\tat pl.allegro.tech.hermes.test.helper.client.integration.HermesTestClient.publishUntilSuccess(HermesTestClient.java:170)\n\tat pl.allegro.tech.hermes.integrationtests.GooglePubSubConsumingTest.shouldDeliverMessageToGooglePubSub(GooglePubSubConsumingTest.java:42)\n\tat java.base/java.lang.reflect.Method.invoke(Method.java:569)\n\tat java.base/java.util.ArrayList.forEach(ArrayList.java:1511)\n\tat java.base/java.util.ArrayList.forEach(ArrayList.java:1511)\nCaused by: java.lang.AssertionError: Status expected:<201 CREATED> but was:<404 NOT_FOUND>\n\tat org.springframework.test.util.AssertionErrors.fail(AssertionErrors.java:59)\n\tat org.springframework.test.util.AssertionErrors.assertEquals(AssertionErrors.java:122)\n\tat org.springframework.test.web.reactive.server.StatusAssertions.lambda$assertStatusAndReturn$4(StatusAssertions.java:236)\n\tat org.springframework.test.web.reactive.server.ExchangeResult.assertWithDiagnostics(ExchangeResult.java:222)\n\tat org.springframework.test.web.reactive.server.StatusAssertions.assertStatusAndReturn(StatusAssertions.java:236)\n\tat org.springframework.test.web.reactive.server.StatusAssertions.isCreated(StatusAssertions.java:75)\n\tat pl.allegro.tech.hermes.test.helper.client.integration.FrontendTestClient.lambda$publishUntilSuccess$1(FrontendTestClient.java:56)\n\tat org.awaitility.core.AssertionCondition.lambda$new$0(AssertionCondition.java:53)\n\tat org.awaitility.core.ConditionAwaiter$ConditionPoller.call(ConditionAwaiter.java:248)\n\tat org.awaitility.core.ConditionAwaiter$ConditionPoller.call(ConditionAwaiter.java:235)\n\tat java.base/java.util.concurrent.FutureTask.run(FutureTask.java:264)\n\tat java.base/java.util.concurrent.ThreadPoolExecutor.runWorker(ThreadPoolExecutor.java:1136)\n\tat java.base/java.util.concurrent.ThreadPoolExecutor$Worker.run(ThreadPoolExecutor.java:635)\n\tat java.base/java.lang.Thread.run(Thread.java:840)\n","flaky":false,"newFailed":false,"newBroken":true,"newPassed":false,"retriesCount":0,"retriesStatusChange":false,"beforeStages":[],"afterStages":[],"labels":[{"name":"junit.platform.uniqueid","value":"[engine:junit-jupiter]/[class:pl.allegro.tech.hermes.integrationtests.GooglePubSubConsumingTest]/[method:shouldDeliverMessageToGooglePubSub()]"},{"name":"host","value":"fv-az840-711"},{"name":"thread","value":"2665@fv-az840-711.Test worker(1)"},{"name":"framework","value":"junit-platform"},{"name":"language","value":"java"},{"name":"package","value":"pl.allegro.tech.hermes.integrationtests.GooglePubSubConsumingTest"},{"name":"testClass","value":"pl.allegro.tech.hermes.integrationtests.GooglePubSubConsumingTest"},{"name":"testMethod","value":"shouldDeliverMessageToGooglePubSub"},{"name":"suite","value":"pl.allegro.tech.hermes.integrationtests.GooglePubSubConsumingTest"},{"name":"resultFormat","value":"allure2"}],"parameters":[],"links":[],"hidden":false,"retry":false,"extra":{"severity":"normal","retries":[],"categories":[{"name":"Test defects","matchedStatuses":[],"flaky":false}],"history":{"statistic":{"failed":0,"broken":2,"skipped":0,"passed":5,"unknown":0,"total":7},"items":[{"uid":"4a348e0de014dff2","reportUrl":"https://allegro.github.io/hermes/2094//#testresult/4a348e0de014dff2","status":"passed","time":{"start":1724940610815,"stop":1724940612915,"duration":2100}},{"uid":"535ba291cc90c4a2","reportUrl":"https://allegro.github.io/hermes/2095//#testresult/535ba291cc90c4a2","status":"passed","time":{"start":1724941000508,"stop":1724941002598,"duration":2090}},{"uid":"a401866a167172d2","reportUrl":"https://allegro.github.io/hermes/2093//#testresult/a401866a167172d2","status":"passed","time":{"start":1724940333588,"stop":1724940335722,"duration":2134}},{"uid":"16d381af550b43b3","reportUrl":"https://allegro.github.io/hermes/2091//#testresult/16d381af550b43b3","status":"broken","statusDetails":"Assertion condition defined as a Lambda expression in pl.allegro.tech.hermes.test.helper.client.integration.FrontendTestClient Status expected:<201 CREATED> but was:<404 NOT_FOUND> within 10 seconds.","time":{"start":1724938430606,"stop":1724938442633,"duration":12027}},{"uid":"7f9a40b56c7c91d1","reportUrl":"https://allegro.github.io/hermes/2092//#testresult/7f9a40b56c7c91d1","status":"passed","time":{"start":1724938435828,"stop":1724938437965,"duration":2137}},{"uid":"eb4226bd43e14a57","reportUrl":"https://allegro.github.io/hermes/2090//#testresult/eb4226bd43e14a57","status":"passed","time":{"start":1724856296856,"stop":1724856298974,"duration":2118}}]},"tags":[]},"source":"750c55747442f7e7.json","parameterValues":[]}