{"uid":"8c6ee9be31dacbb2","name":"shouldPublishJsonCompatibleWithSchemaWithoutMetadataWhileJsonToAvroDryRunModeIsEnabled()","fullName":"pl.allegro.tech.hermes.integrationtests.PublishingAvroTest.shouldPublishJsonCompatibleWithSchemaWithoutMetadataWhileJsonToAvroDryRunModeIsEnabled","historyId":"b50f324abc9f22a5c3a624a5c4d9a96c","time":{"start":1726730998895,"stop":1726731009720,"duration":10825},"description":"","status":"broken","statusMessage":"Assertion condition defined as a Lambda expression in pl.allegro.tech.hermes.test.helper.client.integration.FrontendTestClient Status expected:<201 CREATED> but was:<404 NOT_FOUND> within 10 seconds.","statusTrace":"org.awaitility.core.ConditionTimeoutException: Assertion condition defined as a Lambda expression in pl.allegro.tech.hermes.test.helper.client.integration.FrontendTestClient Status expected:<201 CREATED> but was:<404 NOT_FOUND> within 10 seconds.\n\tat org.awaitility.core.ConditionAwaiter.await(ConditionAwaiter.java:167)\n\tat org.awaitility.core.AssertionCondition.await(AssertionCondition.java:119)\n\tat org.awaitility.core.AssertionCondition.await(AssertionCondition.java:31)\n\tat org.awaitility.core.ConditionFactory.until(ConditionFactory.java:1006)\n\tat org.awaitility.core.ConditionFactory.untilAsserted(ConditionFactory.java:790)\n\tat pl.allegro.tech.hermes.test.helper.client.integration.FrontendTestClient.publishJSONUntilSuccess(FrontendTestClient.java:83)\n\tat pl.allegro.tech.hermes.test.helper.client.integration.HermesTestClient.publishJSONUntilSuccess(HermesTestClient.java:182)\n\tat pl.allegro.tech.hermes.integrationtests.PublishingAvroTest.shouldPublishJsonCompatibleWithSchemaWithoutMetadataWhileJsonToAvroDryRunModeIsEnabled(PublishingAvroTest.java:334)\n\tat java.base/java.lang.reflect.Method.invoke(Method.java:569)\n\tat java.base/java.util.ArrayList.forEach(ArrayList.java:1511)\n\tat java.base/java.util.ArrayList.forEach(ArrayList.java:1511)\nCaused by: java.lang.AssertionError: Status expected:<201 CREATED> but was:<404 NOT_FOUND>\n\tat org.springframework.test.util.AssertionErrors.fail(AssertionErrors.java:59)\n\tat org.springframework.test.util.AssertionErrors.assertEquals(AssertionErrors.java:122)\n\tat org.springframework.test.web.reactive.server.StatusAssertions.lambda$assertStatusAndReturn$4(StatusAssertions.java:236)\n\tat org.springframework.test.web.reactive.server.ExchangeResult.assertWithDiagnostics(ExchangeResult.java:222)\n\tat org.springframework.test.web.reactive.server.StatusAssertions.assertStatusAndReturn(StatusAssertions.java:236)\n\tat org.springframework.test.web.reactive.server.StatusAssertions.isCreated(StatusAssertions.java:75)\n\tat pl.allegro.tech.hermes.test.helper.client.integration.FrontendTestClient.lambda$publishJSONUntilSuccess$3(FrontendTestClient.java:85)\n\tat org.awaitility.core.AssertionCondition.lambda$new$0(AssertionCondition.java:53)\n\tat org.awaitility.core.ConditionAwaiter$ConditionPoller.call(ConditionAwaiter.java:248)\n\tat org.awaitility.core.ConditionAwaiter$ConditionPoller.call(ConditionAwaiter.java:235)\n\tat java.base/java.util.concurrent.FutureTask.run(FutureTask.java:264)\n\tat java.base/java.util.concurrent.ThreadPoolExecutor.runWorker(ThreadPoolExecutor.java:1136)\n\tat java.base/java.util.concurrent.ThreadPoolExecutor$Worker.run(ThreadPoolExecutor.java:635)\n\tat java.base/java.lang.Thread.run(Thread.java:840)\n","flaky":false,"newFailed":false,"newBroken":false,"newPassed":false,"retriesCount":0,"retriesStatusChange":false,"beforeStages":[],"afterStages":[],"labels":[{"name":"junit.platform.uniqueid","value":"[engine:junit-jupiter]/[class:pl.allegro.tech.hermes.integrationtests.PublishingAvroTest]/[method:shouldPublishJsonCompatibleWithSchemaWithoutMetadataWhileJsonToAvroDryRunModeIsEnabled()]"},{"name":"host","value":"fv-az840-711"},{"name":"thread","value":"2665@fv-az840-711.Test worker(1)"},{"name":"framework","value":"junit-platform"},{"name":"language","value":"java"},{"name":"package","value":"pl.allegro.tech.hermes.integrationtests.PublishingAvroTest"},{"name":"testClass","value":"pl.allegro.tech.hermes.integrationtests.PublishingAvroTest"},{"name":"testMethod","value":"shouldPublishJsonCompatibleWithSchemaWithoutMetadataWhileJsonToAvroDryRunModeIsEnabled"},{"name":"suite","value":"pl.allegro.tech.hermes.integrationtests.PublishingAvroTest"},{"name":"resultFormat","value":"allure2"}],"parameters":[],"links":[],"hidden":false,"retry":false,"extra":{"severity":"normal","retries":[],"categories":[{"name":"Test defects","matchedStatuses":[],"flaky":false}],"history":{"statistic":{"failed":0,"broken":3,"skipped":0,"passed":4,"unknown":0,"total":7},"items":[{"uid":"1d268a8031f74745","reportUrl":"https://allegro.github.io/hermes/2094//#testresult/1d268a8031f74745","status":"broken","statusDetails":"Assertion condition defined as a Lambda expression in pl.allegro.tech.hermes.test.helper.client.integration.FrontendTestClient Status expected:<201 CREATED> but was:<404 NOT_FOUND> within 10 seconds.","time":{"start":1724940943211,"stop":1724940953900,"duration":10689}},{"uid":"dec7b3c88902720e","reportUrl":"https://allegro.github.io/hermes/2095//#testresult/dec7b3c88902720e","status":"passed","time":{"start":1724941144550,"stop":1724941145244,"duration":694}},{"uid":"84c3eae28e0f8e0a","reportUrl":"https://allegro.github.io/hermes/2093//#testresult/84c3eae28e0f8e0a","status":"passed","time":{"start":1724940478777,"stop":1724940479577,"duration":800}},{"uid":"4e39bd849b603b93","reportUrl":"https://allegro.github.io/hermes/2091//#testresult/4e39bd849b603b93","status":"broken","statusDetails":"Assertion condition defined as a Lambda expression in pl.allegro.tech.hermes.test.helper.client.integration.FrontendTestClient Status expected:<201 CREATED> but was:<404 NOT_FOUND> within 10 seconds.","time":{"start":1724938747911,"stop":1724938758619,"duration":10708}},{"uid":"2f6b28444d39782d","reportUrl":"https://allegro.github.io/hermes/2092//#testresult/2f6b28444d39782d","status":"passed","time":{"start":1724938580027,"stop":1724938580724,"duration":697}},{"uid":"edaaf0e4600cbdc","reportUrl":"https://allegro.github.io/hermes/2090//#testresult/edaaf0e4600cbdc","status":"passed","time":{"start":1724856440976,"stop":1724856441658,"duration":682}}]},"tags":[]},"source":"8c6ee9be31dacbb2.json","parameterValues":[]}