{"uid":"c4fd4722e77b8b00","name":"shouldAuthenticateUsingBasicAuth()","fullName":"pl.allegro.tech.hermes.integrationtests.PublishingAuthenticationTest.shouldAuthenticateUsingBasicAuth","historyId":"e6f4d2e5b11e8c1a99d307cd0b8357a5","time":{"start":1726730867435,"stop":1726730877698,"duration":10263},"description":"","status":"broken","statusMessage":"Assertion condition defined as a Lambda expression in pl.allegro.tech.hermes.integrationtests.PublishingAuthenticationTest Status expected:<201 CREATED> but was:<404 NOT_FOUND> within 10 seconds.","statusTrace":"org.awaitility.core.ConditionTimeoutException: Assertion condition defined as a Lambda expression in pl.allegro.tech.hermes.integrationtests.PublishingAuthenticationTest Status expected:<201 CREATED> but was:<404 NOT_FOUND> within 10 seconds.\n\tat org.awaitility.core.ConditionAwaiter.await(ConditionAwaiter.java:167)\n\tat org.awaitility.core.AssertionCondition.await(AssertionCondition.java:119)\n\tat org.awaitility.core.AssertionCondition.await(AssertionCondition.java:31)\n\tat org.awaitility.core.ConditionFactory.until(ConditionFactory.java:1006)\n\tat org.awaitility.core.ConditionFactory.untilAsserted(ConditionFactory.java:790)\n\tat pl.allegro.tech.hermes.integrationtests.PublishingAuthenticationTest.shouldAuthenticateUsingBasicAuth(PublishingAuthenticationTest.java:45)\n\tat java.base/java.lang.reflect.Method.invoke(Method.java:569)\n\tat java.base/java.util.ArrayList.forEach(ArrayList.java:1511)\n\tat java.base/java.util.ArrayList.forEach(ArrayList.java:1511)\nCaused by: java.lang.AssertionError: Status expected:<201 CREATED> but was:<404 NOT_FOUND>\n\tat org.springframework.test.util.AssertionErrors.fail(AssertionErrors.java:59)\n\tat org.springframework.test.util.AssertionErrors.assertEquals(AssertionErrors.java:122)\n\tat org.springframework.test.web.reactive.server.StatusAssertions.lambda$assertStatusAndReturn$4(StatusAssertions.java:236)\n\tat org.springframework.test.web.reactive.server.ExchangeResult.assertWithDiagnostics(ExchangeResult.java:222)\n\tat org.springframework.test.web.reactive.server.StatusAssertions.assertStatusAndReturn(StatusAssertions.java:236)\n\tat org.springframework.test.web.reactive.server.StatusAssertions.isCreated(StatusAssertions.java:75)\n\tat pl.allegro.tech.hermes.integrationtests.PublishingAuthenticationTest.lambda$shouldAuthenticateUsingBasicAuth$0(PublishingAuthenticationTest.java:54)\n\tat org.awaitility.core.AssertionCondition.lambda$new$0(AssertionCondition.java:53)\n\tat org.awaitility.core.ConditionAwaiter$ConditionPoller.call(ConditionAwaiter.java:248)\n\tat org.awaitility.core.ConditionAwaiter$ConditionPoller.call(ConditionAwaiter.java:235)\n\tat java.base/java.util.concurrent.FutureTask.run(FutureTask.java:264)\n\tat java.base/java.util.concurrent.ThreadPoolExecutor.runWorker(ThreadPoolExecutor.java:1136)\n\tat java.base/java.util.concurrent.ThreadPoolExecutor$Worker.run(ThreadPoolExecutor.java:635)\n\tat java.base/java.lang.Thread.run(Thread.java:840)\n","flaky":false,"newFailed":false,"newBroken":false,"newPassed":false,"retriesCount":0,"retriesStatusChange":false,"beforeStages":[],"afterStages":[],"labels":[{"name":"junit.platform.uniqueid","value":"[engine:junit-jupiter]/[class:pl.allegro.tech.hermes.integrationtests.PublishingAuthenticationTest]/[method:shouldAuthenticateUsingBasicAuth()]"},{"name":"host","value":"fv-az840-711"},{"name":"thread","value":"2665@fv-az840-711.Test worker(1)"},{"name":"framework","value":"junit-platform"},{"name":"language","value":"java"},{"name":"package","value":"pl.allegro.tech.hermes.integrationtests.PublishingAuthenticationTest"},{"name":"testClass","value":"pl.allegro.tech.hermes.integrationtests.PublishingAuthenticationTest"},{"name":"testMethod","value":"shouldAuthenticateUsingBasicAuth"},{"name":"suite","value":"pl.allegro.tech.hermes.integrationtests.PublishingAuthenticationTest"},{"name":"resultFormat","value":"allure2"}],"parameters":[],"links":[],"hidden":false,"retry":false,"extra":{"severity":"normal","retries":[],"categories":[{"name":"Test defects","matchedStatuses":[],"flaky":false}],"history":{"statistic":{"failed":0,"broken":3,"skipped":0,"passed":4,"unknown":0,"total":7},"items":[{"uid":"fbf51db1cf76a83d","reportUrl":"https://allegro.github.io/hermes/2094//#testresult/fbf51db1cf76a83d","status":"broken","statusDetails":"Assertion condition defined as a Lambda expression in pl.allegro.tech.hermes.integrationtests.PublishingAuthenticationTest Status expected:<201 CREATED> but was:<404 NOT_FOUND> within 10 seconds.","time":{"start":1724940811724,"stop":1724940821973,"duration":10249}},{"uid":"585ab1a4189edc7","reportUrl":"https://allegro.github.io/hermes/2095//#testresult/585ab1a4189edc7","status":"passed","time":{"start":1724941122355,"stop":1724941122706,"duration":351}},{"uid":"11fb2a22d8b4504a","reportUrl":"https://allegro.github.io/hermes/2093//#testresult/11fb2a22d8b4504a","status":"passed","time":{"start":1724940455647,"stop":1724940456000,"duration":353}},{"uid":"5bc5fdb20198f62f","reportUrl":"https://allegro.github.io/hermes/2091//#testresult/5bc5fdb20198f62f","status":"broken","statusDetails":"Assertion condition defined as a Lambda expression in pl.allegro.tech.hermes.integrationtests.PublishingAuthenticationTest Status expected:<201 CREATED> but was:<404 NOT_FOUND> within 10 seconds.","time":{"start":1724938616548,"stop":1724938626847,"duration":10299}},{"uid":"4998952b3d805adf","reportUrl":"https://allegro.github.io/hermes/2092//#testresult/4998952b3d805adf","status":"passed","time":{"start":1724938558114,"stop":1724938558468,"duration":354}},{"uid":"10c36fc8609a1e17","reportUrl":"https://allegro.github.io/hermes/2090//#testresult/10c36fc8609a1e17","status":"passed","time":{"start":1724856418815,"stop":1724856419165,"duration":350}}]},"tags":[]},"source":"c4fd4722e77b8b00.json","parameterValues":[]}