{"uid":"8f1764e995c44b04","name":"shouldReturnAvroMessageWithSchemaAwareSerialization()","fullName":"pl.allegro.tech.hermes.integrationtests.management.MessagePreviewIntegrationTest.shouldReturnAvroMessageWithSchemaAwareSerialization","historyId":"9c8890a5ca9753e656a0128395b613e9","time":{"start":1728041824246,"stop":1728041834594,"duration":10348},"description":"","status":"broken","statusMessage":"Assertion condition defined as a Lambda expression in pl.allegro.tech.hermes.test.helper.client.integration.FrontendTestClient Status expected:<201 CREATED> but was:<404 NOT_FOUND> within 10 seconds.","statusTrace":"org.awaitility.core.ConditionTimeoutException: Assertion condition defined as a Lambda expression in pl.allegro.tech.hermes.test.helper.client.integration.FrontendTestClient Status expected:<201 CREATED> but was:<404 NOT_FOUND> within 10 seconds.\n\tat org.awaitility.core.ConditionAwaiter.await(ConditionAwaiter.java:167)\n\tat org.awaitility.core.AssertionCondition.await(AssertionCondition.java:119)\n\tat org.awaitility.core.AssertionCondition.await(AssertionCondition.java:31)\n\tat org.awaitility.core.ConditionFactory.until(ConditionFactory.java:1006)\n\tat org.awaitility.core.ConditionFactory.untilAsserted(ConditionFactory.java:790)\n\tat pl.allegro.tech.hermes.test.helper.client.integration.FrontendTestClient.publishAvroUntilSuccess(FrontendTestClient.java:97)\n\tat pl.allegro.tech.hermes.test.helper.client.integration.FrontendTestClient.publishAvroUntilSuccess(FrontendTestClient.java:91)\n\tat pl.allegro.tech.hermes.test.helper.client.integration.HermesTestClient.publishAvroUntilSuccess(HermesTestClient.java:186)\n\tat pl.allegro.tech.hermes.integrationtests.management.MessagePreviewIntegrationTest.shouldReturnAvroMessageWithSchemaAwareSerialization(MessagePreviewIntegrationTest.java:38)\n\tat java.base/java.lang.reflect.Method.invoke(Method.java:569)\n\tat java.base/java.util.ArrayList.forEach(ArrayList.java:1511)\n\tat java.base/java.util.ArrayList.forEach(ArrayList.java:1511)\nCaused by: java.lang.AssertionError: Status expected:<201 CREATED> but was:<404 NOT_FOUND>\n\tat org.springframework.test.util.AssertionErrors.fail(AssertionErrors.java:59)\n\tat org.springframework.test.util.AssertionErrors.assertEquals(AssertionErrors.java:122)\n\tat org.springframework.test.web.reactive.server.StatusAssertions.lambda$assertStatusAndReturn$4(StatusAssertions.java:236)\n\tat org.springframework.test.web.reactive.server.ExchangeResult.assertWithDiagnostics(ExchangeResult.java:222)\n\tat org.springframework.test.web.reactive.server.StatusAssertions.assertStatusAndReturn(StatusAssertions.java:236)\n\tat org.springframework.test.web.reactive.server.StatusAssertions.isCreated(StatusAssertions.java:75)\n\tat pl.allegro.tech.hermes.test.helper.client.integration.FrontendTestClient.lambda$publishAvroUntilSuccess$4(FrontendTestClient.java:99)\n\tat org.awaitility.core.AssertionCondition.lambda$new$0(AssertionCondition.java:53)\n\tat org.awaitility.core.ConditionAwaiter$ConditionPoller.call(ConditionAwaiter.java:248)\n\tat org.awaitility.core.ConditionAwaiter$ConditionPoller.call(ConditionAwaiter.java:235)\n\tat java.base/java.util.concurrent.FutureTask.run(FutureTask.java:264)\n\tat java.base/java.util.concurrent.ThreadPoolExecutor.runWorker(ThreadPoolExecutor.java:1136)\n\tat java.base/java.util.concurrent.ThreadPoolExecutor$Worker.run(ThreadPoolExecutor.java:635)\n\tat java.base/java.lang.Thread.run(Thread.java:840)\n","flaky":false,"newFailed":false,"newBroken":true,"newPassed":false,"retriesCount":0,"retriesStatusChange":false,"beforeStages":[],"afterStages":[],"labels":[{"name":"junit.platform.uniqueid","value":"[engine:junit-jupiter]/[class:pl.allegro.tech.hermes.integrationtests.management.MessagePreviewIntegrationTest]/[method:shouldReturnAvroMessageWithSchemaAwareSerialization()]"},{"name":"host","value":"fv-az1433-756"},{"name":"thread","value":"2756@fv-az1433-756.Test worker(1)"},{"name":"framework","value":"junit-platform"},{"name":"language","value":"java"},{"name":"package","value":"pl.allegro.tech.hermes.integrationtests.management.MessagePreviewIntegrationTest"},{"name":"testClass","value":"pl.allegro.tech.hermes.integrationtests.management.MessagePreviewIntegrationTest"},{"name":"testMethod","value":"shouldReturnAvroMessageWithSchemaAwareSerialization"},{"name":"suite","value":"pl.allegro.tech.hermes.integrationtests.management.MessagePreviewIntegrationTest"},{"name":"resultFormat","value":"allure2"}],"parameters":[],"links":[],"hidden":false,"retry":false,"extra":{"severity":"normal","retries":[],"categories":[{"name":"Test defects","matchedStatuses":[],"flaky":false}],"history":{"statistic":{"failed":0,"broken":3,"skipped":0,"passed":7,"unknown":0,"total":10},"items":[{"uid":"6737670045c0342","reportUrl":"https://allegro.github.io/hermes/2136//#testresult/6737670045c0342","status":"passed","time":{"start":1728031015479,"stop":1728031016416,"duration":937}},{"uid":"42c541983905681","reportUrl":"https://allegro.github.io/hermes/2128//#testresult/42c541983905681","status":"passed","time":{"start":1727094671550,"stop":1727094672498,"duration":948}},{"uid":"a7bb4119a7125425","reportUrl":"https://allegro.github.io/hermes/2125//#testresult/a7bb4119a7125425","status":"broken","statusDetails":"Assertion condition defined as a Lambda expression in pl.allegro.tech.hermes.test.helper.client.integration.FrontendTestClient Status expected:<201 CREATED> but was:<404 NOT_FOUND> within 10 seconds.","time":{"start":1726731176578,"stop":1726731186962,"duration":10384}},{"uid":"1d6da80d153583cf","reportUrl":"https://allegro.github.io/hermes/2094//#testresult/1d6da80d153583cf","status":"passed","time":{"start":1724941119341,"stop":1724941120880,"duration":1539}},{"uid":"c456aff8ac4c75fc","reportUrl":"https://allegro.github.io/hermes/2095//#testresult/c456aff8ac4c75fc","status":"passed","time":{"start":1724941223796,"stop":1724941224717,"duration":921}},{"uid":"6242cf0188f3fc78","reportUrl":"https://allegro.github.io/hermes/2093//#testresult/6242cf0188f3fc78","status":"passed","time":{"start":1724940557959,"stop":1724940558878,"duration":919}},{"uid":"88e74b599eeaf061","reportUrl":"https://allegro.github.io/hermes/2091//#testresult/88e74b599eeaf061","status":"broken","statusDetails":"Assertion condition defined as a Lambda expression in pl.allegro.tech.hermes.test.helper.client.integration.FrontendTestClient Status expected:<201 CREATED> but was:<404 NOT_FOUND> within 10 seconds.","time":{"start":1724938868546,"stop":1724938878877,"duration":10331}},{"uid":"398c8d82d5e2f90b","reportUrl":"https://allegro.github.io/hermes/2092//#testresult/398c8d82d5e2f90b","status":"passed","time":{"start":1724938650370,"stop":1724938651100,"duration":730}},{"uid":"59a3896b640d35d4","reportUrl":"https://allegro.github.io/hermes/2090//#testresult/59a3896b640d35d4","status":"passed","time":{"start":1724856510075,"stop":1724856511099,"duration":1024}}]},"tags":[]},"source":"8f1764e995c44b04.json","parameterValues":[]}