{"uid":"e7593019b8bd7a2","name":"shouldPublishJsonMessageConvertedToAvroForAvroTopics()","fullName":"pl.allegro.tech.hermes.integrationtests.PublishingAvroTest.shouldPublishJsonMessageConvertedToAvroForAvroTopics","historyId":"7be1ea6d5a89259f95f49beb3d527cce","time":{"start":1728041407909,"stop":1728041418204,"duration":10295},"description":"","status":"broken","statusMessage":"Assertion condition defined as a Lambda expression in pl.allegro.tech.hermes.test.helper.client.integration.FrontendTestClient Status expected:<201 CREATED> but was:<404 NOT_FOUND> within 10 seconds.","statusTrace":"org.awaitility.core.ConditionTimeoutException: Assertion condition defined as a Lambda expression in pl.allegro.tech.hermes.test.helper.client.integration.FrontendTestClient Status expected:<201 CREATED> but was:<404 NOT_FOUND> within 10 seconds.\n\tat org.awaitility.core.ConditionAwaiter.await(ConditionAwaiter.java:167)\n\tat org.awaitility.core.AssertionCondition.await(AssertionCondition.java:119)\n\tat org.awaitility.core.AssertionCondition.await(AssertionCondition.java:31)\n\tat org.awaitility.core.ConditionFactory.until(ConditionFactory.java:1006)\n\tat org.awaitility.core.ConditionFactory.untilAsserted(ConditionFactory.java:790)\n\tat pl.allegro.tech.hermes.test.helper.client.integration.FrontendTestClient.publishJSONUntilSuccess(FrontendTestClient.java:83)\n\tat pl.allegro.tech.hermes.test.helper.client.integration.HermesTestClient.publishJSONUntilSuccess(HermesTestClient.java:182)\n\tat pl.allegro.tech.hermes.integrationtests.PublishingAvroTest.shouldPublishJsonMessageConvertedToAvroForAvroTopics(PublishingAvroTest.java:204)\n\tat java.base/java.lang.reflect.Method.invoke(Method.java:569)\n\tat java.base/java.util.ArrayList.forEach(ArrayList.java:1511)\n\tat java.base/java.util.ArrayList.forEach(ArrayList.java:1511)\nCaused by: java.lang.AssertionError: Status expected:<201 CREATED> but was:<404 NOT_FOUND>\n\tat org.springframework.test.util.AssertionErrors.fail(AssertionErrors.java:59)\n\tat org.springframework.test.util.AssertionErrors.assertEquals(AssertionErrors.java:122)\n\tat org.springframework.test.web.reactive.server.StatusAssertions.lambda$assertStatusAndReturn$4(StatusAssertions.java:236)\n\tat org.springframework.test.web.reactive.server.ExchangeResult.assertWithDiagnostics(ExchangeResult.java:222)\n\tat org.springframework.test.web.reactive.server.StatusAssertions.assertStatusAndReturn(StatusAssertions.java:236)\n\tat org.springframework.test.web.reactive.server.StatusAssertions.isCreated(StatusAssertions.java:75)\n\tat pl.allegro.tech.hermes.test.helper.client.integration.FrontendTestClient.lambda$publishJSONUntilSuccess$3(FrontendTestClient.java:85)\n\tat org.awaitility.core.AssertionCondition.lambda$new$0(AssertionCondition.java:53)\n\tat org.awaitility.core.ConditionAwaiter$ConditionPoller.call(ConditionAwaiter.java:248)\n\tat org.awaitility.core.ConditionAwaiter$ConditionPoller.call(ConditionAwaiter.java:235)\n\tat java.base/java.util.concurrent.FutureTask.run(FutureTask.java:264)\n\tat java.base/java.util.concurrent.ThreadPoolExecutor.runWorker(ThreadPoolExecutor.java:1136)\n\tat java.base/java.util.concurrent.ThreadPoolExecutor$Worker.run(ThreadPoolExecutor.java:635)\n\tat java.base/java.lang.Thread.run(Thread.java:840)\n","flaky":false,"newFailed":false,"newBroken":true,"newPassed":false,"retriesCount":0,"retriesStatusChange":false,"beforeStages":[],"afterStages":[],"labels":[{"name":"junit.platform.uniqueid","value":"[engine:junit-jupiter]/[class:pl.allegro.tech.hermes.integrationtests.PublishingAvroTest]/[method:shouldPublishJsonMessageConvertedToAvroForAvroTopics()]"},{"name":"host","value":"fv-az1433-756"},{"name":"thread","value":"2756@fv-az1433-756.Test worker(1)"},{"name":"framework","value":"junit-platform"},{"name":"language","value":"java"},{"name":"package","value":"pl.allegro.tech.hermes.integrationtests.PublishingAvroTest"},{"name":"testClass","value":"pl.allegro.tech.hermes.integrationtests.PublishingAvroTest"},{"name":"testMethod","value":"shouldPublishJsonMessageConvertedToAvroForAvroTopics"},{"name":"suite","value":"pl.allegro.tech.hermes.integrationtests.PublishingAvroTest"},{"name":"resultFormat","value":"allure2"}],"parameters":[],"links":[],"hidden":false,"retry":false,"extra":{"severity":"normal","retries":[],"categories":[{"name":"Test defects","matchedStatuses":[],"flaky":false}],"history":{"statistic":{"failed":0,"broken":4,"skipped":0,"passed":6,"unknown":0,"total":10},"items":[{"uid":"7d5ec926ad55f5bb","reportUrl":"https://allegro.github.io/hermes/2136//#testresult/7d5ec926ad55f5bb","status":"passed","time":{"start":1728030925066,"stop":1728030925430,"duration":364}},{"uid":"253ec1150c872eaa","reportUrl":"https://allegro.github.io/hermes/2128//#testresult/253ec1150c872eaa","status":"passed","time":{"start":1727094326555,"stop":1727094326926,"duration":371}},{"uid":"6891ca1e01954492","reportUrl":"https://allegro.github.io/hermes/2125//#testresult/6891ca1e01954492","status":"broken","statusDetails":"Assertion condition defined as a Lambda expression in pl.allegro.tech.hermes.test.helper.client.integration.FrontendTestClient Status expected:<201 CREATED> but was:<404 NOT_FOUND> within 10 seconds.","time":{"start":1726730889057,"stop":1726730899413,"duration":10356}},{"uid":"62c2a6db278c76d2","reportUrl":"https://allegro.github.io/hermes/2094//#testresult/62c2a6db278c76d2","status":"broken","statusDetails":"Assertion condition defined as a Lambda expression in pl.allegro.tech.hermes.test.helper.client.integration.FrontendTestClient Status expected:<201 CREATED> but was:<404 NOT_FOUND> within 10 seconds.","time":{"start":1724940833355,"stop":1724940843690,"duration":10335}},{"uid":"4c58cdcddf108c83","reportUrl":"https://allegro.github.io/hermes/2095//#testresult/4c58cdcddf108c83","status":"passed","time":{"start":1724941124327,"stop":1724941124693,"duration":366}},{"uid":"64bc16db124a05b8","reportUrl":"https://allegro.github.io/hermes/2093//#testresult/64bc16db124a05b8","status":"passed","time":{"start":1724940457577,"stop":1724940457938,"duration":361}},{"uid":"21490840266dfe75","reportUrl":"https://allegro.github.io/hermes/2091//#testresult/21490840266dfe75","status":"broken","statusDetails":"Assertion condition defined as a Lambda expression in pl.allegro.tech.hermes.test.helper.client.integration.FrontendTestClient Status expected:<201 CREATED> but was:<404 NOT_FOUND> within 10 seconds.","time":{"start":1724938638311,"stop":1724938648617,"duration":10306}},{"uid":"162dbda8c023caa9","reportUrl":"https://allegro.github.io/hermes/2092//#testresult/162dbda8c023caa9","status":"passed","time":{"start":1724938560111,"stop":1724938560479,"duration":368}},{"uid":"61c6d6e1271a0080","reportUrl":"https://allegro.github.io/hermes/2090//#testresult/61c6d6e1271a0080","status":"passed","time":{"start":1724856420718,"stop":1724856421083,"duration":365}}]},"tags":[]},"source":"e7593019b8bd7a2.json","parameterValues":[]}