{"uid":"7552776542005dd9","name":"shouldPublishJsonCompatibleWithSchemaWithoutMetadataWhileJsonToAvroDryRunModeIsEnabled()","fullName":"pl.allegro.tech.hermes.integrationtests.PublishingAvroTest.shouldPublishJsonCompatibleWithSchemaWithoutMetadataWhileJsonToAvroDryRunModeIsEnabled","historyId":"b50f324abc9f22a5c3a624a5c4d9a96c","time":{"start":1740656079241,"stop":1740656090039,"duration":10798},"description":"","status":"broken","statusMessage":"Assertion condition defined as a Lambda expression in pl.allegro.tech.hermes.test.helper.client.integration.FrontendTestClient Status expected:<201 CREATED> but was:<404 NOT_FOUND> within 10 seconds.","statusTrace":"org.awaitility.core.ConditionTimeoutException: Assertion condition defined as a Lambda expression in pl.allegro.tech.hermes.test.helper.client.integration.FrontendTestClient Status expected:<201 CREATED> but was:<404 NOT_FOUND> within 10 seconds.\n\tat org.awaitility.core.ConditionAwaiter.await(ConditionAwaiter.java:167)\n\tat org.awaitility.core.AssertionCondition.await(AssertionCondition.java:119)\n\tat org.awaitility.core.AssertionCondition.await(AssertionCondition.java:31)\n\tat org.awaitility.core.ConditionFactory.until(ConditionFactory.java:1006)\n\tat org.awaitility.core.ConditionFactory.untilAsserted(ConditionFactory.java:790)\n\tat pl.allegro.tech.hermes.test.helper.client.integration.FrontendTestClient.publishJSONUntilSuccess(FrontendTestClient.java:82)\n\tat pl.allegro.tech.hermes.test.helper.client.integration.HermesTestClient.publishJSONUntilSuccess(HermesTestClient.java:229)\n\tat pl.allegro.tech.hermes.integrationtests.PublishingAvroTest.shouldPublishJsonCompatibleWithSchemaWithoutMetadataWhileJsonToAvroDryRunModeIsEnabled(PublishingAvroTest.java:385)\n\tat java.base/java.lang.reflect.Method.invoke(Method.java:580)\n\tat java.base/java.util.ArrayList.forEach(ArrayList.java:1596)\n\tat java.base/java.util.ArrayList.forEach(ArrayList.java:1596)\nCaused by: java.lang.AssertionError: Status expected:<201 CREATED> but was:<404 NOT_FOUND>\n\tat org.springframework.test.util.AssertionErrors.fail(AssertionErrors.java:59)\n\tat org.springframework.test.util.AssertionErrors.assertEquals(AssertionErrors.java:122)\n\tat org.springframework.test.web.reactive.server.StatusAssertions.lambda$assertStatusAndReturn$4(StatusAssertions.java:236)\n\tat org.springframework.test.web.reactive.server.ExchangeResult.assertWithDiagnostics(ExchangeResult.java:222)\n\tat org.springframework.test.web.reactive.server.StatusAssertions.assertStatusAndReturn(StatusAssertions.java:236)\n\tat org.springframework.test.web.reactive.server.StatusAssertions.isCreated(StatusAssertions.java:75)\n\tat pl.allegro.tech.hermes.test.helper.client.integration.FrontendTestClient.lambda$publishJSONUntilSuccess$3(FrontendTestClient.java:85)\n\tat org.awaitility.core.AssertionCondition.lambda$new$0(AssertionCondition.java:53)\n\tat org.awaitility.core.ConditionAwaiter$ConditionPoller.call(ConditionAwaiter.java:248)\n\tat org.awaitility.core.ConditionAwaiter$ConditionPoller.call(ConditionAwaiter.java:235)\n\tat java.base/java.util.concurrent.FutureTask.run(FutureTask.java:317)\n\tat java.base/java.util.concurrent.ThreadPoolExecutor.runWorker(ThreadPoolExecutor.java:1144)\n\tat java.base/java.util.concurrent.ThreadPoolExecutor$Worker.run(ThreadPoolExecutor.java:642)\n\tat java.base/java.lang.Thread.run(Thread.java:1583)\n","flaky":false,"newFailed":false,"newBroken":true,"newPassed":false,"retriesCount":0,"retriesStatusChange":false,"beforeStages":[],"afterStages":[],"labels":[{"name":"junit.platform.uniqueid","value":"[engine:junit-jupiter]/[class:pl.allegro.tech.hermes.integrationtests.PublishingAvroTest]/[method:shouldPublishJsonCompatibleWithSchemaWithoutMetadataWhileJsonToAvroDryRunModeIsEnabled()]"},{"name":"host","value":"fv-az1934-254"},{"name":"thread","value":"2815@fv-az1934-254.Test worker(1)"},{"name":"framework","value":"junit-platform"},{"name":"language","value":"java"},{"name":"package","value":"pl.allegro.tech.hermes.integrationtests.PublishingAvroTest"},{"name":"testClass","value":"pl.allegro.tech.hermes.integrationtests.PublishingAvroTest"},{"name":"testMethod","value":"shouldPublishJsonCompatibleWithSchemaWithoutMetadataWhileJsonToAvroDryRunModeIsEnabled"},{"name":"suite","value":"pl.allegro.tech.hermes.integrationtests.PublishingAvroTest"},{"name":"resultFormat","value":"allure2"}],"parameters":[],"links":[],"hidden":false,"retry":false,"extra":{"severity":"normal","retries":[],"categories":[{"name":"Test defects","matchedStatuses":[],"flaky":false}],"history":{"statistic":{"failed":0,"broken":13,"skipped":0,"passed":25,"unknown":0,"total":38},"items":[{"uid":"f6d7fa3801072807","reportUrl":"https://allegro.github.io/hermes/2452//#testresult/f6d7fa3801072807","status":"passed","time":{"start":1739977712599,"stop":1739977713281,"duration":682}},{"uid":"39a1ac800f09ca1e","reportUrl":"https://allegro.github.io/hermes/2444//#testresult/39a1ac800f09ca1e","status":"passed","time":{"start":1738761861306,"stop":1738761861989,"duration":683}},{"uid":"b507ffa5ab0e4c0c","reportUrl":"https://allegro.github.io/hermes/2428//#testresult/b507ffa5ab0e4c0c","status":"passed","time":{"start":1738239551599,"stop":1738239552287,"duration":688}},{"uid":"7ba18e31b3351db7","reportUrl":"https://allegro.github.io/hermes/2420//#testresult/7ba18e31b3351db7","status":"passed","time":{"start":1737645042040,"stop":1737645042746,"duration":706}},{"uid":"84fdcc1f76d52d7f","reportUrl":"https://allegro.github.io/hermes/2410//#testresult/84fdcc1f76d52d7f","status":"broken","statusDetails":"Assertion condition defined as a Lambda expression in pl.allegro.tech.hermes.test.helper.client.integration.FrontendTestClient Status expected:<201 CREATED> but was:<404 NOT_FOUND> within 10 seconds.","time":{"start":1736506777857,"stop":1736506788698,"duration":10841}},{"uid":"1a9e766b0d885b1b","reportUrl":"https://allegro.github.io/hermes/2407//#testresult/1a9e766b0d885b1b","status":"passed","time":{"start":1736498774550,"stop":1736498775233,"duration":683}},{"uid":"259ad2de55e8afad","reportUrl":"https://allegro.github.io/hermes/2398//#testresult/259ad2de55e8afad","status":"broken","statusDetails":"Assertion condition defined as a Lambda expression in pl.allegro.tech.hermes.test.helper.client.integration.HermesInitHelper \nexpected: ACTIVE\n but was: PENDING within 10 seconds.","time":{"start":1736351531012,"stop":1736351541441,"duration":10429}},{"uid":"db1c5018ce6f327b","reportUrl":"https://allegro.github.io/hermes/2394//#testresult/db1c5018ce6f327b","status":"passed","time":{"start":1736342809518,"stop":1736342810304,"duration":786}},{"uid":"a0e203eac933ed1a","reportUrl":"https://allegro.github.io/hermes/2388//#testresult/a0e203eac933ed1a","status":"broken","statusDetails":"Assertion condition defined as a Lambda expression in pl.allegro.tech.hermes.test.helper.client.integration.HermesInitHelper \nexpected: ACTIVE\n but was: PENDING within 10 seconds.","time":{"start":1736329444660,"stop":1736329455104,"duration":10444}},{"uid":"4e01cae1823a9085","reportUrl":"https://allegro.github.io/hermes/2375//#testresult/4e01cae1823a9085","status":"broken","statusDetails":"Assertion condition defined as a Lambda expression in pl.allegro.tech.hermes.test.helper.client.integration.HermesInitHelper \nexpected: ACTIVE\n but was: PENDING within 10 seconds.","time":{"start":1734958406106,"stop":1734958416502,"duration":10396}},{"uid":"b82dba9040245e59","reportUrl":"https://allegro.github.io/hermes/2367//#testresult/b82dba9040245e59","status":"passed","time":{"start":1734699900747,"stop":1734699901448,"duration":701}},{"uid":"327e090db8d6a516","reportUrl":"https://allegro.github.io/hermes/2363//#testresult/327e090db8d6a516","status":"passed","time":{"start":1734682780109,"stop":1734682780901,"duration":792}},{"uid":"8e8a45e4f88c8873","reportUrl":"https://allegro.github.io/hermes/2353//#testresult/8e8a45e4f88c8873","status":"passed","time":{"start":1734606951640,"stop":1734606952431,"duration":791}},{"uid":"9f08f271da284856","reportUrl":"https://allegro.github.io/hermes/2324//#testresult/9f08f271da284856","status":"passed","time":{"start":1732788533028,"stop":1732788533704,"duration":676}},{"uid":"b5a105323aa678ab","reportUrl":"https://allegro.github.io/hermes/2272//#testresult/b5a105323aa678ab","status":"passed","time":{"start":1732533746413,"stop":1732533747146,"duration":733}},{"uid":"b9adc671284d3cdb","reportUrl":"https://allegro.github.io/hermes/2272//#testresult/b9adc671284d3cdb","status":"passed","time":{"start":1732179518913,"stop":1732179519697,"duration":784}},{"uid":"819728a623eadaf2","reportUrl":"https://allegro.github.io/hermes/2270//#testresult/819728a623eadaf2","status":"passed","time":{"start":1732177517900,"stop":1732177518693,"duration":793}},{"uid":"3f64a8e590b58561","reportUrl":"https://allegro.github.io/hermes/2238//#testresult/3f64a8e590b58561","status":"passed","time":{"start":1732119559605,"stop":1732119560395,"duration":790}},{"uid":"32a76b78d3fd213e","reportUrl":"https://allegro.github.io/hermes/2238//#testresult/32a76b78d3fd213e","status":"broken","statusDetails":"Assertion condition defined as a Lambda expression in pl.allegro.tech.hermes.test.helper.client.integration.FrontendTestClient Status expected:<201 CREATED> but was:<404 NOT_FOUND> within 10 seconds.","time":{"start":1732013147328,"stop":1732013158129,"duration":10801}},{"uid":"9197da026413c48a","reportUrl":"https://allegro.github.io/hermes/2236//#testresult/9197da026413c48a","status":"passed","time":{"start":1731948182564,"stop":1731948183257,"duration":693}}]},"tags":[]},"source":"7552776542005dd9.json","parameterValues":[]}