{"uid":"8e62939f3b35b0d1","name":"shouldPublishAvroAndConsumeJsonMessage()","fullName":"pl.allegro.tech.hermes.integrationtests.PublishingAvroTest.shouldPublishAvroAndConsumeJsonMessage","historyId":"f1a8828a799f82cf83e0a0a1595584e2","time":{"start":1740656035326,"stop":1740656045817,"duration":10491},"description":"","status":"broken","statusMessage":"Assertion condition defined as a Lambda expression in pl.allegro.tech.hermes.test.helper.client.integration.FrontendTestClient Status expected:<201 CREATED> but was:<404 NOT_FOUND> within 10 seconds.","statusTrace":"org.awaitility.core.ConditionTimeoutException: Assertion condition defined as a Lambda expression in pl.allegro.tech.hermes.test.helper.client.integration.FrontendTestClient Status expected:<201 CREATED> but was:<404 NOT_FOUND> within 10 seconds.\n\tat org.awaitility.core.ConditionAwaiter.await(ConditionAwaiter.java:167)\n\tat org.awaitility.core.AssertionCondition.await(AssertionCondition.java:119)\n\tat org.awaitility.core.AssertionCondition.await(AssertionCondition.java:31)\n\tat org.awaitility.core.ConditionFactory.until(ConditionFactory.java:1006)\n\tat org.awaitility.core.ConditionFactory.untilAsserted(ConditionFactory.java:790)\n\tat pl.allegro.tech.hermes.test.helper.client.integration.FrontendTestClient.publishAvroUntilSuccess(FrontendTestClient.java:98)\n\tat pl.allegro.tech.hermes.test.helper.client.integration.FrontendTestClient.publishAvroUntilSuccess(FrontendTestClient.java:91)\n\tat pl.allegro.tech.hermes.test.helper.client.integration.HermesTestClient.publishAvroUntilSuccess(HermesTestClient.java:233)\n\tat pl.allegro.tech.hermes.integrationtests.PublishingAvroTest.shouldPublishAvroAndConsumeJsonMessage(PublishingAvroTest.java:75)\n\tat java.base/java.lang.reflect.Method.invoke(Method.java:580)\n\tat java.base/java.util.ArrayList.forEach(ArrayList.java:1596)\n\tat java.base/java.util.ArrayList.forEach(ArrayList.java:1596)\nCaused by: java.lang.AssertionError: Status expected:<201 CREATED> but was:<404 NOT_FOUND>\n\tat org.springframework.test.util.AssertionErrors.fail(AssertionErrors.java:59)\n\tat org.springframework.test.util.AssertionErrors.assertEquals(AssertionErrors.java:122)\n\tat org.springframework.test.web.reactive.server.StatusAssertions.lambda$assertStatusAndReturn$4(StatusAssertions.java:236)\n\tat org.springframework.test.web.reactive.server.ExchangeResult.assertWithDiagnostics(ExchangeResult.java:222)\n\tat org.springframework.test.web.reactive.server.StatusAssertions.assertStatusAndReturn(StatusAssertions.java:236)\n\tat org.springframework.test.web.reactive.server.StatusAssertions.isCreated(StatusAssertions.java:75)\n\tat pl.allegro.tech.hermes.test.helper.client.integration.FrontendTestClient.lambda$publishAvroUntilSuccess$4(FrontendTestClient.java:101)\n\tat org.awaitility.core.AssertionCondition.lambda$new$0(AssertionCondition.java:53)\n\tat org.awaitility.core.ConditionAwaiter$ConditionPoller.call(ConditionAwaiter.java:248)\n\tat org.awaitility.core.ConditionAwaiter$ConditionPoller.call(ConditionAwaiter.java:235)\n\tat java.base/java.util.concurrent.FutureTask.run(FutureTask.java:317)\n\tat java.base/java.util.concurrent.ThreadPoolExecutor.runWorker(ThreadPoolExecutor.java:1144)\n\tat java.base/java.util.concurrent.ThreadPoolExecutor$Worker.run(ThreadPoolExecutor.java:642)\n\tat java.base/java.lang.Thread.run(Thread.java:1583)\n","flaky":false,"newFailed":false,"newBroken":true,"newPassed":false,"retriesCount":0,"retriesStatusChange":false,"beforeStages":[],"afterStages":[],"labels":[{"name":"junit.platform.uniqueid","value":"[engine:junit-jupiter]/[class:pl.allegro.tech.hermes.integrationtests.PublishingAvroTest]/[method:shouldPublishAvroAndConsumeJsonMessage()]"},{"name":"host","value":"fv-az1934-254"},{"name":"thread","value":"2815@fv-az1934-254.Test worker(1)"},{"name":"framework","value":"junit-platform"},{"name":"language","value":"java"},{"name":"package","value":"pl.allegro.tech.hermes.integrationtests.PublishingAvroTest"},{"name":"testClass","value":"pl.allegro.tech.hermes.integrationtests.PublishingAvroTest"},{"name":"testMethod","value":"shouldPublishAvroAndConsumeJsonMessage"},{"name":"suite","value":"pl.allegro.tech.hermes.integrationtests.PublishingAvroTest"},{"name":"resultFormat","value":"allure2"}],"parameters":[],"links":[],"hidden":false,"retry":false,"extra":{"severity":"normal","retries":[],"categories":[{"name":"Test defects","matchedStatuses":[],"flaky":false}],"history":{"statistic":{"failed":0,"broken":13,"skipped":0,"passed":25,"unknown":0,"total":38},"items":[{"uid":"bf41ea51b1c491a6","reportUrl":"https://allegro.github.io/hermes/2452//#testresult/bf41ea51b1c491a6","status":"passed","time":{"start":1739977707855,"stop":1739977709250,"duration":1395}},{"uid":"34e1ca272c64b084","reportUrl":"https://allegro.github.io/hermes/2444//#testresult/34e1ca272c64b084","status":"passed","time":{"start":1738761856592,"stop":1738761858002,"duration":1410}},{"uid":"b2afe6177a4164ed","reportUrl":"https://allegro.github.io/hermes/2428//#testresult/b2afe6177a4164ed","status":"passed","time":{"start":1738239546896,"stop":1738239548310,"duration":1414}},{"uid":"18dc1f4de34b77c8","reportUrl":"https://allegro.github.io/hermes/2420//#testresult/18dc1f4de34b77c8","status":"passed","time":{"start":1737645037386,"stop":1737645038718,"duration":1332}},{"uid":"4811215d2d3eb676","reportUrl":"https://allegro.github.io/hermes/2410//#testresult/4811215d2d3eb676","status":"broken","statusDetails":"Assertion condition defined as a Lambda expression in pl.allegro.tech.hermes.test.helper.client.integration.FrontendTestClient Status expected:<201 CREATED> but was:<404 NOT_FOUND> within 10 seconds.","time":{"start":1736506734047,"stop":1736506744485,"duration":10438}},{"uid":"f65b954165644767","reportUrl":"https://allegro.github.io/hermes/2407//#testresult/f65b954165644767","status":"passed","time":{"start":1736498769975,"stop":1736498771284,"duration":1309}},{"uid":"d4d43cddc52b30fb","reportUrl":"https://allegro.github.io/hermes/2398//#testresult/d4d43cddc52b30fb","status":"broken","statusDetails":"Assertion condition defined as a Lambda expression in pl.allegro.tech.hermes.test.helper.client.integration.HermesInitHelper \nexpected: ACTIVE\n but was: PENDING within 10 seconds.","time":{"start":1736351489432,"stop":1736351499771,"duration":10339}},{"uid":"2de10659f3012c3e","reportUrl":"https://allegro.github.io/hermes/2394//#testresult/2de10659f3012c3e","status":"passed","time":{"start":1736342804932,"stop":1736342806339,"duration":1407}},{"uid":"8dbf4c720b9225f9","reportUrl":"https://allegro.github.io/hermes/2388//#testresult/8dbf4c720b9225f9","status":"broken","statusDetails":"Assertion condition defined as a Lambda expression in pl.allegro.tech.hermes.test.helper.client.integration.HermesInitHelper \nexpected: ACTIVE\n but was: PENDING within 10 seconds.","time":{"start":1736329403115,"stop":1736329413432,"duration":10317}},{"uid":"e5d3807bb6036ac4","reportUrl":"https://allegro.github.io/hermes/2375//#testresult/e5d3807bb6036ac4","status":"broken","statusDetails":"Assertion condition defined as a Lambda expression in pl.allegro.tech.hermes.test.helper.client.integration.HermesInitHelper \nexpected: ACTIVE\n but was: PENDING within 10 seconds.","time":{"start":1734958364658,"stop":1734958374944,"duration":10286}},{"uid":"4580dffe7a4efe99","reportUrl":"https://allegro.github.io/hermes/2367//#testresult/4580dffe7a4efe99","status":"passed","time":{"start":1734699896091,"stop":1734699897425,"duration":1334}},{"uid":"a925070274bdbc3d","reportUrl":"https://allegro.github.io/hermes/2363//#testresult/a925070274bdbc3d","status":"passed","time":{"start":1734682775440,"stop":1734682776847,"duration":1407}},{"uid":"ebd04bae5ffce6e5","reportUrl":"https://allegro.github.io/hermes/2353//#testresult/ebd04bae5ffce6e5","status":"passed","time":{"start":1734606946955,"stop":1734606948366,"duration":1411}},{"uid":"fa3b8bb28bfa0809","reportUrl":"https://allegro.github.io/hermes/2324//#testresult/fa3b8bb28bfa0809","status":"passed","time":{"start":1732788528288,"stop":1732788529693,"duration":1405}},{"uid":"2bbdd9ad187e477d","reportUrl":"https://allegro.github.io/hermes/2272//#testresult/2bbdd9ad187e477d","status":"passed","time":{"start":1732533741657,"stop":1732533743077,"duration":1420}},{"uid":"87e51933b068c0f9","reportUrl":"https://allegro.github.io/hermes/2272//#testresult/87e51933b068c0f9","status":"passed","time":{"start":1732179514254,"stop":1732179515654,"duration":1400}},{"uid":"1e75b4341c2ec92a","reportUrl":"https://allegro.github.io/hermes/2270//#testresult/1e75b4341c2ec92a","status":"passed","time":{"start":1732177513196,"stop":1732177514615,"duration":1419}},{"uid":"382b391d30987947","reportUrl":"https://allegro.github.io/hermes/2238//#testresult/382b391d30987947","status":"passed","time":{"start":1732119554938,"stop":1732119556349,"duration":1411}},{"uid":"a9a11077a6177012","reportUrl":"https://allegro.github.io/hermes/2238//#testresult/a9a11077a6177012","status":"broken","statusDetails":"Assertion condition defined as a Lambda expression in pl.allegro.tech.hermes.test.helper.client.integration.FrontendTestClient Status expected:<201 CREATED> but was:<404 NOT_FOUND> within 10 seconds.","time":{"start":1732013103435,"stop":1732013113938,"duration":10503}},{"uid":"f56ad36145d28f69","reportUrl":"https://allegro.github.io/hermes/2236//#testresult/f56ad36145d28f69","status":"passed","time":{"start":1731948177904,"stop":1731948179205,"duration":1301}}]},"tags":[]},"source":"8e62939f3b35b0d1.json","parameterValues":[]}