{"uid":"4a2e637eefca8923","name":"shouldDeliverAvroMessagesAsJsonBatch()","fullName":"pl.allegro.tech.hermes.integrationtests.BatchDeliveryTest.shouldDeliverAvroMessagesAsJsonBatch","historyId":"44d3a35633886e3bc96dcfd21e43e61d","time":{"start":1742301679109,"stop":1742301690154,"duration":11045},"description":"","status":"broken","statusMessage":"Assertion condition defined as a Lambda expression in pl.allegro.tech.hermes.test.helper.client.integration.FrontendTestClient Status expected:<201 CREATED> but was:<404 NOT_FOUND> within 10 seconds.","statusTrace":"org.awaitility.core.ConditionTimeoutException: Assertion condition defined as a Lambda expression in pl.allegro.tech.hermes.test.helper.client.integration.FrontendTestClient Status expected:<201 CREATED> but was:<404 NOT_FOUND> within 10 seconds.\n\tat org.awaitility.core.ConditionAwaiter.await(ConditionAwaiter.java:167)\n\tat org.awaitility.core.AssertionCondition.await(AssertionCondition.java:119)\n\tat org.awaitility.core.AssertionCondition.await(AssertionCondition.java:31)\n\tat org.awaitility.core.ConditionFactory.until(ConditionFactory.java:1006)\n\tat org.awaitility.core.ConditionFactory.untilAsserted(ConditionFactory.java:790)\n\tat pl.allegro.tech.hermes.test.helper.client.integration.FrontendTestClient.publishUntilSuccess(FrontendTestClient.java:51)\n\tat pl.allegro.tech.hermes.test.helper.client.integration.HermesTestClient.publishUntilSuccess(HermesTestClient.java:216)\n\tat pl.allegro.tech.hermes.integrationtests.BatchDeliveryTest.lambda$publishAll$8(BatchDeliveryTest.java:414)\n\tat java.base/java.util.Spliterators$ArraySpliterator.forEachRemaining(Spliterators.java:1024)\n\tat java.base/java.util.stream.ReferencePipeline$Head.forEach(ReferencePipeline.java:762)\n\tat pl.allegro.tech.hermes.integrationtests.BatchDeliveryTest.publishAll(BatchDeliveryTest.java:414)\n\tat pl.allegro.tech.hermes.integrationtests.BatchDeliveryTest.shouldDeliverAvroMessagesAsJsonBatch(BatchDeliveryTest.java:255)\n\tat java.base/java.lang.reflect.Method.invoke(Method.java:580)\n\tat java.base/java.util.ArrayList.forEach(ArrayList.java:1596)\n\tat java.base/java.util.ArrayList.forEach(ArrayList.java:1596)\nCaused by: java.lang.AssertionError: Status expected:<201 CREATED> but was:<404 NOT_FOUND>\n\tat org.springframework.test.util.AssertionErrors.fail(AssertionErrors.java:59)\n\tat org.springframework.test.util.AssertionErrors.assertEquals(AssertionErrors.java:122)\n\tat org.springframework.test.web.reactive.server.StatusAssertions.lambda$assertStatusAndReturn$4(StatusAssertions.java:236)\n\tat org.springframework.test.web.reactive.server.ExchangeResult.assertWithDiagnostics(ExchangeResult.java:222)\n\tat org.springframework.test.web.reactive.server.StatusAssertions.assertStatusAndReturn(StatusAssertions.java:236)\n\tat org.springframework.test.web.reactive.server.StatusAssertions.isCreated(StatusAssertions.java:75)\n\tat pl.allegro.tech.hermes.test.helper.client.integration.FrontendTestClient.lambda$publishUntilSuccess$1(FrontendTestClient.java:54)\n\tat org.awaitility.core.AssertionCondition.lambda$new$0(AssertionCondition.java:53)\n\tat org.awaitility.core.ConditionAwaiter$ConditionPoller.call(ConditionAwaiter.java:248)\n\tat org.awaitility.core.ConditionAwaiter$ConditionPoller.call(ConditionAwaiter.java:235)\n\tat java.base/java.util.concurrent.FutureTask.run(FutureTask.java:317)\n\tat java.base/java.util.concurrent.ThreadPoolExecutor.runWorker(ThreadPoolExecutor.java:1144)\n\tat java.base/java.util.concurrent.ThreadPoolExecutor$Worker.run(ThreadPoolExecutor.java:642)\n\tat java.base/java.lang.Thread.run(Thread.java:1583)\n","flaky":false,"newFailed":false,"newBroken":true,"newPassed":false,"retriesCount":0,"retriesStatusChange":false,"beforeStages":[],"afterStages":[],"labels":[{"name":"junit.platform.uniqueid","value":"[engine:junit-jupiter]/[class:pl.allegro.tech.hermes.integrationtests.BatchDeliveryTest]/[method:shouldDeliverAvroMessagesAsJsonBatch()]"},{"name":"host","value":"fv-az1951-526"},{"name":"thread","value":"2914@fv-az1951-526.Test worker(1)"},{"name":"framework","value":"junit-platform"},{"name":"language","value":"java"},{"name":"package","value":"pl.allegro.tech.hermes.integrationtests.BatchDeliveryTest"},{"name":"testClass","value":"pl.allegro.tech.hermes.integrationtests.BatchDeliveryTest"},{"name":"testMethod","value":"shouldDeliverAvroMessagesAsJsonBatch"},{"name":"suite","value":"pl.allegro.tech.hermes.integrationtests.BatchDeliveryTest"},{"name":"resultFormat","value":"allure2"}],"parameters":[],"links":[],"hidden":false,"retry":false,"extra":{"severity":"normal","retries":[],"categories":[{"name":"Test defects","matchedStatuses":[],"flaky":false}],"history":{"statistic":{"failed":0,"broken":15,"skipped":0,"passed":27,"unknown":0,"total":42},"items":[{"uid":"1c8035165dc0b527","reportUrl":"https://allegro.github.io/hermes/2465//#testresult/1c8035165dc0b527","status":"passed","time":{"start":1742205697585,"stop":1742205698671,"duration":1086}},{"uid":"603c19726409eded","reportUrl":"https://allegro.github.io/hermes/2461//#testresult/603c19726409eded","status":"broken","statusDetails":"Assertion condition defined as a Lambda expression in pl.allegro.tech.hermes.test.helper.client.integration.FrontendTestClient Status expected:<201 CREATED> but was:<404 NOT_FOUND> within 10 seconds.","time":{"start":1741268477641,"stop":1741268488677,"duration":11036}},{"uid":"afd25e49a56b817a","reportUrl":"https://allegro.github.io/hermes/2459//#testresult/afd25e49a56b817a","status":"passed","time":{"start":1741005741966,"stop":1741005743058,"duration":1092}},{"uid":"b1bc216754ff821d","reportUrl":"https://allegro.github.io/hermes/2457//#testresult/b1bc216754ff821d","status":"broken","statusDetails":"Assertion condition defined as a Lambda expression in pl.allegro.tech.hermes.test.helper.client.integration.HermesInitHelper \nexpected: ACTIVE\n but was: PENDING within 10 seconds.","time":{"start":1740655198820,"stop":1740655209226,"duration":10406}},{"uid":"3134293e4cd2bc48","reportUrl":"https://allegro.github.io/hermes/2452//#testresult/3134293e4cd2bc48","status":"passed","time":{"start":1739977493997,"stop":1739977495080,"duration":1083}},{"uid":"215248875ce05f74","reportUrl":"https://allegro.github.io/hermes/2444//#testresult/215248875ce05f74","status":"passed","time":{"start":1738761641147,"stop":1738761642329,"duration":1182}},{"uid":"9ae8d15cd5e6d211","reportUrl":"https://allegro.github.io/hermes/2428//#testresult/9ae8d15cd5e6d211","status":"passed","time":{"start":1738239326924,"stop":1738239328039,"duration":1115}},{"uid":"d9f6c80b353b94ee","reportUrl":"https://allegro.github.io/hermes/2420//#testresult/d9f6c80b353b94ee","status":"passed","time":{"start":1737644818353,"stop":1737644819460,"duration":1107}},{"uid":"c4aad405c1a4389","reportUrl":"https://allegro.github.io/hermes/2410//#testresult/c4aad405c1a4389","status":"broken","statusDetails":"Assertion condition defined as a Lambda expression in pl.allegro.tech.hermes.test.helper.client.integration.HermesInitHelper \nexpected: ACTIVE\n but was: PENDING within 10 seconds.","time":{"start":1736506121739,"stop":1736506132062,"duration":10323}},{"uid":"d9ef387e5ce7306c","reportUrl":"https://allegro.github.io/hermes/2407//#testresult/d9ef387e5ce7306c","status":"passed","time":{"start":1736498556012,"stop":1736498557214,"duration":1202}},{"uid":"d91c2244e13316c6","reportUrl":"https://allegro.github.io/hermes/2398//#testresult/d91c2244e13316c6","status":"broken","statusDetails":"Assertion condition defined as a Lambda expression in pl.allegro.tech.hermes.test.helper.client.integration.FrontendTestClient Status expected:<201 CREATED> but was:<404 NOT_FOUND> within 10 seconds.","time":{"start":1736350646201,"stop":1736350657215,"duration":11014}},{"uid":"1a2a4f4ec9adf72d","reportUrl":"https://allegro.github.io/hermes/2394//#testresult/1a2a4f4ec9adf72d","status":"passed","time":{"start":1736342611405,"stop":1736342612586,"duration":1181}},{"uid":"19ad03dd00fcaa19","reportUrl":"https://allegro.github.io/hermes/2388//#testresult/19ad03dd00fcaa19","status":"broken","statusDetails":"Assertion condition defined as a Lambda expression in pl.allegro.tech.hermes.test.helper.client.integration.HermesInitHelper \nexpected: ACTIVE\n but was: PENDING within 10 seconds.","time":{"start":1736328732613,"stop":1736328742933,"duration":10320}},{"uid":"c0bf9c679cef7b9a","reportUrl":"https://allegro.github.io/hermes/2375//#testresult/c0bf9c679cef7b9a","status":"broken","statusDetails":"Assertion condition defined as a Lambda expression in pl.allegro.tech.hermes.test.helper.client.integration.HermesInitHelper \nexpected: ACTIVE\n but was: PENDING within 10 seconds.","time":{"start":1734957641381,"stop":1734957651739,"duration":10358}},{"uid":"1900f9a3d358a2d4","reportUrl":"https://allegro.github.io/hermes/2367//#testresult/1900f9a3d358a2d4","status":"passed","time":{"start":1734699693965,"stop":1734699695079,"duration":1114}},{"uid":"9de8e78c8d4b8c77","reportUrl":"https://allegro.github.io/hermes/2363//#testresult/9de8e78c8d4b8c77","status":"passed","time":{"start":1734682576529,"stop":1734682577739,"duration":1210}},{"uid":"f28e7f8c9691f7de","reportUrl":"https://allegro.github.io/hermes/2353//#testresult/f28e7f8c9691f7de","status":"passed","time":{"start":1734606746834,"stop":1734606748024,"duration":1190}},{"uid":"97c4af16a6057fbb","reportUrl":"https://allegro.github.io/hermes/2324//#testresult/97c4af16a6057fbb","status":"passed","time":{"start":1732788324609,"stop":1732788325798,"duration":1189}},{"uid":"9584ec878ab4df14","reportUrl":"https://allegro.github.io/hermes/2272//#testresult/9584ec878ab4df14","status":"passed","time":{"start":1732533541441,"stop":1732533542540,"duration":1099}},{"uid":"661a6c8b493df767","reportUrl":"https://allegro.github.io/hermes/2272//#testresult/661a6c8b493df767","status":"broken","statusDetails":"Assertion condition defined as a Lambda expression in pl.allegro.tech.hermes.test.helper.client.integration.HermesInitHelper \nexpected: ACTIVE\n but was: PENDING within 10 seconds.","time":{"start":1732178897103,"stop":1732178907412,"duration":10309}}]},"tags":[]},"source":"4a2e637eefca8923.json","parameterValues":[]}